[cl-1-lodestar-geth] Mar-04 16:15:38.668[chain]            [32minfo[39m: Publishing execution payload envelope slot=34, blockRoot=0xc7fe78fb441737436a56315abbb7445976e60debe31d6b69fc80ffc000b2bc35, builderIndex=Infinity, isSelfBuild=true, dataColumns=0
[cl-1-lodestar-geth] Mar-04 16:15:38.673[chain]            [32minfo[39m: Published execution payload envelope slot=34, blockRoot=0xc7fe78fb441737436a56315abbb7445976e60debe31d6b69fc80ffc000b2bc35, builderIndex=Infinity, isSelfBuild=true, dataColumns=0, delaySec=0.6380000114440918, sentPeers=3
[cl-1-lodestar-geth] Mar-04 16:15:44.001[]                 [32minfo[39m: Synced - slot: 34 - head: 0xc7fe…bc35 - exec-block: valid/full(34 0x773b… bid:0x773b…) - finalized: 0x0000…0000:0 - peers: 3
[cl-1-lodestar-geth] Mar-04 16:15:56.000[]                 [32minfo[39m: Synced - slot: 35 - head: 0x56c1…9215 - exec-block: valid/full(35 0x59d9… bid:0x59d9…) - finalized: 0x0000…0000:0 - peers: 3
[cl-1-lodestar-geth] Mar-04 16:16:08.000[]                 [32minfo[39m: Synced - slot: 36 - head: 0x1f1b…dae3 - exec-block: valid/full(36 0xd61e… bid:0xd61e…) - finalized: 0x0000…0000:0 - peers: 3
[cl-1-lodestar-geth] Mar-04 16:16:20.001[]                 [32minfo[39m: Synced - slot: 37 - head: 0x0ef0…163c - exec-block: valid/full(37 0xa9ab… bid:0xa9ab…) - finalized: 0x0000…0000:0 - peers: 3
[cl-1-lodestar-geth] Mar-04 16:16:32.000[]                 [32minfo[39m: Synced - slot: 38 - head: 0x8982…f7d9 - exec-block: valid/full(38 0xeef3… bid:0xeef3…) - finalized: 0x0000…0000:0 - peers: 3
[cl-1-lodestar-geth] Mar-04 16:16:38.530[chain]            [32minfo[39m: Publishing block slot=39, blockRoot=0x9556189f321cd2a6809f4215064020bc0c588d0590c2ff4369a789beebca244c, bodyRoot=0xb87a4f2cb196e3b7452c018b39ffd5c5cae38b5a6b4bb11f39e8a97134bf7f05, broadcastValidation=gossip, blockLocallyProduced=true
[cl-1-lodestar-geth] Mar-04 16:16:38.636[api]              [32minfo[39m: Produced execution payload envelope slot=39, blockRoot=0x9556189f321cd2a6809f4215064020bc0c588d0590c2ff4369a789beebca244c, transactions=0, blockHash=0xb9883e250b608fa07e2128b2de2351e0fdcd6662791a6d6dd0e217f32cac9b96
[cl-1-lodestar-geth] Mar-04 16:16:38.663[chain]            [32minfo[39m: Publishing execution payload envelope slot=39, blockRoot=0x9556189f321cd2a6809f4215064020bc0c588d0590c2ff4369a789beebca244c, builderIndex=Infinity, isSelfBuild=true, dataColumns=0
[cl-1-lodestar-geth] Mar-04 16:16:38.671[chain]            [32minfo[39m: Published execution payload envelope slot=39, blockRoot=0x9556189f321cd2a6809f4215064020bc0c588d0590c2ff4369a789beebca244c, builderIndex=Infinity, isSelfBuild=true, dataColumns=0, delaySec=0.6410000324249268, sentPeers=3
[cl-1-lodestar-geth] Mar-04 16:16:44.000[]                 [32minfo[39m: Synced - slot: 39 - head: 0x9556…244c - exec-block: valid/full(39 0xb988… bid:0xb988…) - finalized: 0x0000…0000:0 - peers: 3
[cl-1-lodestar-geth] Mar-04 16:16:56.000[]                 [32minfo[39m: Synced - slot: 40 - head: 0xf300…1b50 - exec-block: valid/full(40 0xe23a… bid:0xe23a…) - finalized: 0x0000…0000:0 - peers: 3
[cl-1-lodestar-geth] Mar-04 16:17:08.000[]                 [32minfo[39m: Synced - slot: 41 - head: 0x8fb7…d236 - exec-block: valid/full(41 0x5cc4… bid:0x5cc4…) - finalized: 0x0000…0000:0 - peers: 3
[cl-1-lodestar-geth] Mar-04 16:17:20.001[]                 [32minfo[39m: Synced - slot: 42 - head: 0x54b7…5e1f - exec-block: valid/full(42 0x0953… bid:0x0953…) - finalized: 0x0000…0000:0 - peers: 3
[cl-1-lodestar-geth] Mar-04 16:17:32.003[]                 [32minfo[39m: Synced - slot: 43 - head: 0x8b8b…67f0 - exec-block: valid/full(43 0xb651… bid:0xb651…) - finalized: 0x0000…0000:0 - peers: 3
[cl-1-lodestar-geth] Mar-04 16:17:44.000[]                 [32minfo[39m: Synced - slot: 44 - head: 0x5de1…65e1 - exec-block: valid/full(44 0x9a64… bid:0x9a64…) - finalized: 0x0000…0000:0 - peers: 3
[cl-1-lodestar-geth] Mar-04 16:17:50.525[chain]            [32minfo[39m: Publishing block slot=45, blockRoot=0x9d192cc52a8f10b8c0734e1f2764e1d02ddeda4d68204fe91681c402f14ba5f3, bodyRoot=0x840ecf565dd1c61e60690af5ed53e5133f031a2ef8a784a8ba6ee1ee35480e73, broadcastValidation=gossip, blockLocallyProduced=true
[cl-1-lodestar-geth] Mar-04 16:17:50.638[api]              [32minfo[39m: Produced execution payload envelope slot=45, blockRoot=0x9d192cc52a8f10b8c0734e1f2764e1d02ddeda4d68204fe91681c402f14ba5f3, transactions=0, blockHash=0x780fbf89c4cdbd82d65d402e40f18b9df5d0e0e56d7567cf22956728bab8eb96
[cl-1-lodestar-geth] Mar-04 16:17:50.669[chain]            [32minfo[39m: Publishing execution payload envelope slot=45, blockRoot=0x9d192cc52a8f10b8c0734e1f2764e1d02ddeda4d68204fe91681c402f14ba5f3, builderIndex=Infinity, isSelfBuild=true, dataColumns=0
[cl-1-lodestar-geth] Mar-04 16:17:50.697[chain]            [32minfo[39m: Published execution payload envelope slot=45, blockRoot=0x9d192cc52a8f10b8c0734e1f2764e1d02ddeda4d68204fe91681c402f14ba5f3, builderIndex=Infinity, isSelfBuild=true, dataColumns=0, delaySec=0.6489999294281006, sentPeers=3
[cl-1-lodestar-geth] Mar-04 16:17:56.001[]                 [32minfo[39m: Synced - slot: 45 - head: 0x9d19…a5f3 - exec-block: valid/full(45 0x780f… bid:0x780f…) - finalized: 0x0000…0000:0 - peers: 3
[cl-1-lodestar-geth] Mar-04 16:18:02.521[chain]            [32minfo[39m: Publishing block slot=46, blockRoot=0x9b10fc7d2f24a8b81ce234768740eb88f92c09ae3d1feb39406563cf46d1392c, bodyRoot=0x22c41a3a9abe66e43e4e9d87e3871e823b09ed918f3e60c512d2eae1186cdc7d, broadcastValidation=gossip, blockLocallyProduced=true
[cl-1-lodestar-geth] Mar-04 16:18:02.621[api]              [32minfo[39m: Produced execution payload envelope slot=46, blockRoot=0x9b10fc7d2f24a8b81ce234768740eb88f92c09ae3d1feb39406563cf46d1392c, transactions=0, blockHash=0x309a34b9b5fe68093606c09033dd797d4f12d5b2d03943b97441c986fcb82b5c
[cl-1-lodestar-geth] Mar-04 16:18:02.655[chain]            [32minfo[39m: Publishing execution payload envelope slot=46, blockRoot=0x9b10fc7d2f24a8b81ce234768740eb88f92c09ae3d1feb39406563cf46d1392c, builderIndex=Infinity, isSelfBuild=true, dataColumns=0
[cl-1-lodestar-geth] Mar-04 16:18:02.662[chain]            [32minfo[39m: Published execution payload envelope slot=46, blockRoot=0x9b10fc7d2f24a8b81ce234768740eb88f92c09ae3d1feb39406563cf46d1392c, builderIndex=Infinity, isSelfBuild=true, dataColumns=0, delaySec=0.6319999694824219, sentPeers=3
[cl-1-lodestar-geth] Mar-04 16:18:08.000[]                 [32minfo[39m: Synced - slot: 46 - head: 0x9b10…392c - exec-block: valid/full(46 0x309a… bid:0x309a…) - finalized: 0x0000…0000:0 - peers: 3
[cl-1-lodestar-geth] Mar-04 16:18:20.001[]                 [32minfo[39m: Synced - slot: 47 - head: 0x0985…9743 - exec-block: valid/full(47 0x8fb8… bid:0x8fb8…) - finalized: 0x0000…0000:0 - peers: 3
[cl-1-lodestar-geth] Mar-04 16:18:32.001[]                 [32minfo[39m: Synced - slot: 48 - head: 0xe1f1…f4eb - exec-block: valid/full(48 0x3e3f… bid:0x3e3f…) - finalized: 0x0000…0000:0 - peers: 3
[cl-1-lodestar-geth] Mar-04 16:18:44.000[]                 [32minfo[39m: Synced - slot: 49 - head: 0x67d2…b87b - exec-block: valid/full(49 0x2dc5… bid:0x2dc5…) - finalized: 0x0000…0000:0 - peers: 3
[cl-1-lodestar-geth] Mar-04 16:18:56.000[]                 [32minfo[39m: Synced - slot: 50 - head: 0xa0d1…c436 - exec-block: valid/full(50 0x35ad… bid:0x35ad…) - finalized: 0x0000…0000:0 - peers: 3
[cl-1-lodestar-geth] Mar-04 16:19:08.003[]                 [32minfo[39m: Synced - slot: 51 - head: 0xe4d5…9107 - exec-block: valid/full(51 0x8c84… bid:0x8c84…) - finalized: 0x0000…0000:0 - peers: 3
[cl-1-lodestar-geth] Mar-04 16:19:20.000[]                 [32minfo[39m: Synced - slot: 52 - head: 0x5fec…e8aa - exec-block: valid/full(52 0xc4cf… bid:0xc4cf…) - finalized: 0x0000…0000:0 - peers: 3
[cl-1-lodestar-geth] Mar-04 16:19:32.000[]                 [32minfo[39m: Synced - slot: 53 - head: 0xcec8…b2f4 - exec-block: valid/full(53 0x3cca… bid:0x3cca…) - finalized: 0x0000…0000:0 - peers: 3
[cl-1-lodestar-geth] Mar-04 16:19:44.001[]                 [32minfo[39m: Synced - slot: 54 - head: 0x8da9…d9fb - exec-block: valid/full(54 0xe55e… bid:0xe55e…) - finalized: 0x0000…0000:0 - peers: 3
[cl-1-lodestar-geth] Mar-04 16:19:56.000[]                 [32minfo[39m: Synced - slot: 55 - head: 0x1a89…ab4f - exec-block: valid/full(55 0xe7df… bid:0xe7df…) - finalized: 0x0000…0000:0 - peers: 3
[cl-1-lodestar-geth] Mar-04 16:20:08.000[]                 [32minfo[39m: Synced - slot: 56 - head: 0x9cf8…c31f - exec-block: valid/full(56 0xb3da… bid:0xb3da…) - finalized: 0x0000…0000:0 - peers: 3
[cl-1-lodestar-geth] Mar-04 16:20:20.000[]                 [32minfo[39m: Synced - slot: 57 - head: 0x9075…d3c9 - exec-block: valid/full(57 0x8da4… bid:0x8da4…) - finalized: 0x0000…0000:0 - peers: 3
[cl-1-lodestar-geth] Mar-04 16:20:26.612[chain]            [32minfo[39m: Publishing block slot=58, blockRoot=0x88dae8019520e5aeb4cfcf9d971013a02a3a33188dc0cc2f5880044a4081d1b8, bodyRoot=0xdf05488fb516b591291994cb9bfc4b487e465d0a0b980107a72ea03f59e29158, broadcastValidation=gossip, blockLocallyProduced=true
[cl-1-lodestar-geth] Mar-04 16:20:26.764[api]              [32minfo[39m: Produced execution payload envelope slot=58, blockRoot=0x88dae8019520e5aeb4cfcf9d971013a02a3a33188dc0cc2f5880044a4081d1b8, transactions=0, blockHash=0xc155e8407ed65e00a0197c7512313c696f1bc4ceab00dd090b227141bc7cc2e8
[cl-1-lodestar-geth] Mar-04 16:20:26.782[chain]            [32minfo[39m: Publishing execution payload envelope slot=58, blockRoot=0x88dae8019520e5aeb4cfcf9d971013a02a3a33188dc0cc2f5880044a4081d1b8, builderIndex=Infinity, isSelfBuild=true, dataColumns=0
[cl-1-lodestar-geth] Mar-04 16:20:26.784[chain]            [32minfo[39m: Published execution payload envelope slot=58, blockRoot=0x88dae8019520e5aeb4cfcf9d971013a02a3a33188dc0cc2f5880044a4081d1b8, builderIndex=Infinity, isSelfBuild=true, dataColumns=0, delaySec=0.7660000324249268, sentPeers=3
[cl-1-lodestar-geth] Mar-04 16:20:32.000[]                 [32minfo[39m: Synced - slot: 58 - head: 0x88da…d1b8 - exec-block: valid/full(58 0xc155… bid:0xc155…) - finalized: 0x0000…0000:0 - peers: 3
[cl-1-lodestar-geth] Mar-04 16:20:44.000[]                 [32minfo[39m: Synced - slot: 59 - head: 0x5de6…2e86 - exec-block: valid/full(59 0xeea0… bid:0xeea0…) - finalized: 0x0000…0000:0 - peers: 3
[cl-1-lodestar-geth] Mar-04 16:20:56.001[]                 [32minfo[39m: Synced - slot: 60 - head: 0x88a4…b38d - exec-block: valid/full(60 0x3d65… bid:0x3d65…) - finalized: 0x0000…0000:0 - peers: 3
[cl-1-lodestar-geth] Mar-04 16:21:08.000[]                 [32minfo[39m: Synced - slot: 61 - head: 0xd878…a058 - exec-block: valid/full(61 0x3f42… bid:0x3f42…) - finalized: 0x0000…0000:0 - peers: 3
[cl-1-lodestar-geth] Mar-04 16:21:20.000[]                 [32minfo[39m: Synced - slot: 62 - head: 0xbe64…8f2c - exec-block: valid/full(62 0x3707… bid:0x3707…) - finalized: 0x0000…0000:0 - peers: 3
[cl-1-lodestar-geth] Mar-04 16:21:26.525[chain]            [32minfo[39m: Publishing block slot=63, blockRoot=0x30ec33706210186fe3fb006390df2d89ecd3bff5cedb65837de747767c98a2c3, bodyRoot=0x461fab5bd3163b5b85f05b47e641ffb9623f429823deb36bd9f3d5c6e647a0bd, broadcastValidation=gossip, blockLocallyProduced=true
[cl-1-lodestar-geth] Mar-04 16:21:26.626[api]              [32minfo[39m: Produced execution payload envelope slot=63, blockRoot=0x30ec33706210186fe3fb006390df2d89ecd3bff5cedb65837de747767c98a2c3, transactions=0, blockHash=0xb4b0aac53d4fac799d675bb49dd9d21f65a7c6b8a4ae6114c67bec505300d532
[cl-1-lodestar-geth] Mar-04 16:21:26.643[chain]            [32minfo[39m: Publishing execution payload envelope slot=63, blockRoot=0x30ec33706210186fe3fb006390df2d89ecd3bff5cedb65837de747767c98a2c3, builderIndex=Infinity, isSelfBuild=true, dataColumns=0
[cl-1-lodestar-geth] Mar-04 16:21:26.657[chain]            [32minfo[39m: Published execution payload envelope slot=63, blockRoot=0x30ec33706210186fe3fb006390df2d89ecd3bff5cedb65837de747767c98a2c3, builderIndex=Infinity, isSelfBuild=true, dataColumns=0, delaySec=0.6310000419616699, sentPeers=3
[cl-1-lodestar-geth] Mar-04 16:21:32.000[]                 [32minfo[39m: Synced - slot: 63 - head: 0x30ec…a2c3 - exec-block: valid/full(63 0xb4b0… bid:0xb4b0…) - finalized: 0x0000…0000:0 - peers: 3
[cl-1-lodestar-geth] Mar-04 16:21:38.671[chain]            [32minfo[39m: Publishing block slot=64, blockRoot=0xe3684b776a3a15624352e6b70fe2bdb1b9c675615ea4db797cb54caf5f9b11c1, bodyRoot=0xe36c4531b8d0b5fb80b754e7e4315fc49a655f40360b234a4281e34878fca259, broadcastValidation=gossip, blockLocallyProduced=true
[cl-1-lodestar-geth] Mar-04 16:21:38.805[api]              [32minfo[39m: Produced execution payload envelope slot=64, blockRoot=0xe3684b776a3a15624352e6b70fe2bdb1b9c675615ea4db797cb54caf5f9b11c1, transactions=0, blockHash=0x537388c59ec2021245d27dc7f438882a497a293f7df802ea449ed3631e581d33
[cl-1-lodestar-geth] Mar-04 16:21:38.839[chain]            [32minfo[39m: Publishing execution payload envelope slot=64, blockRoot=0xe3684b776a3a15624352e6b70fe2bdb1b9c675615ea4db797cb54caf5f9b11c1, builderIndex=Infinity, isSelfBuild=true, dataColumns=0
[cl-1-lodestar-geth] Mar-04 16:21:38.844[chain]            [32minfo[39m: Published execution payload envelope slot=64, blockRoot=0xe3684b776a3a15624352e6b70fe2bdb1b9c675615ea4db797cb54caf5f9b11c1, builderIndex=Infinity, isSelfBuild=true, dataColumns=0, delaySec=0.8139998912811279, sentPeers=3
[cl-1-lodestar-geth] Mar-04 16:21:44.000[]                 [32minfo[39m: Synced - slot: 64 - head: 0xe368…11c1 - exec-block: valid/full(64 0x5373… bid:0x5373…) - finalized: 0x0000…0000:0 - peers: 3
[cl-1-lodestar-geth] Mar-04 16:21:56.000[]                 [32minfo[39m: Synced - slot: 65 - head: 0xbb4e…8444 - exec-block: valid/full(65 0x729b… bid:0x729b…) - finalized: 0x0000…0000:0 - peers: 3
[cl-1-lodestar-geth] Mar-04 16:22:08.001[]                 [32minfo[39m: Synced - slot: 66 - head: 0x7b1a…4645 - exec-block: valid/full(66 0xa6d3… bid:0xa6d3…) - finalized: 0x0000…0000:0 - peers: 3
[cl-1-lodestar-geth] Mar-04 16:22:20.000[]                 [32minfo[39m: Synced - slot: 67 - head: 0xdd95…8ed8 - exec-block: valid/full(67 0x36ca… bid:0x36ca…) - finalized: 0x0000…0000:0 - peers: 3
[cl-1-lodestar-geth] Mar-04 16:22:32.000[]                 [32minfo[39m: Synced - slot: 68 - head: 0x7a65…0839 - exec-block: valid/full(68 0x9085… bid:0x9085…) - finalized: 0x0000…0000:0 - peers: 3
[cl-1-lodestar-geth] Mar-04 16:22:44.000[]                 [32minfo[39m: Synced - slot: 69 - head: 0x1f37…ada6 - exec-block: valid/full(69 0x2523… bid:0x2523…) - finalized: 0x0000…0000:0 - peers: 3
[cl-1-lodestar-geth] Mar-04 16:22:56.000[]                 [32minfo[39m: Synced - slot: 70 - head: 0x5d05…8828 - exec-block: valid/full(70 0x308c… bid:0x308c…) - finalized: 0x0000…0000:0 - peers: 3
[cl-1-lodestar-geth] Mar-04 16:23:08.000[]                 [32minfo[39m: Synced - slot: 71 - head: 0x0c79…61c6 - exec-block: valid/full(71 0x54b7… bid:0x54b7…) - finalized: 0x0000…0000:0 - peers: 3
[cl-1-lodestar-geth] Mar-04 16:23:14.533[chain]            [32minfo[39m: Publishing block slot=72, blockRoot=0x1e1f3fe7db18dee291f318a4fa6fbedacea584db2f2dcfbece36bf5db1df8ed7, bodyRoot=0x0f5fdf4d64315640a85928c2bfc65f326ba21a05f4489fe66f92ac11c0008109, broadcastValidation=gossip, blockLocallyProduced=true
[cl-1-lodestar-geth] Mar-04 16:23:14.634[api]              [32minfo[39m: Produced execution payload envelope slot=72, blockRoot=0x1e1f3fe7db18dee291f318a4fa6fbedacea584db2f2dcfbece36bf5db1df8ed7, transactions=0, blockHash=0x0986897e1caef84f2a1a4663ab3aa5dc6d91f0b860e56d6b145b43dec461f286
[cl-1-lodestar-geth] Mar-04 16:23:14.648[chain]            [32minfo[39m: Publishing execution payload envelope slot=72, blockRoot=0x1e1f3fe7db18dee291f318a4fa6fbedacea584db2f2dcfbece36bf5db1df8ed7, builderIndex=Infinity, isSelfBuild=true, dataColumns=0
[cl-1-lodestar-geth] Mar-04 16:23:14.655[chain]            [32minfo[39m: Published execution payload envelope slot=72, blockRoot=0x1e1f3fe7db18dee291f318a4fa6fbedacea584db2f2dcfbece36bf5db1df8ed7, builderIndex=Infinity, isSelfBuild=true, dataColumns=0, delaySec=0.6370000839233398, sentPeers=3
[cl-1-lodestar-geth] Mar-04 16:23:20.000[]                 [32minfo[39m: Synced - slot: 72 - head: 0x1e1f…8ed7 - exec-block: valid/full(72 0x0986… bid:0x0986…) - finalized: 0x0000…0000:0 - peers: 3
[cl-1-lodestar-geth] Mar-04 16:23:32.000[]                 [32minfo[39m: Synced - slot: 73 - head: 0x20e7…8522 - exec-block: valid/full(73 0x715d… bid:0x715d…) - finalized: 0x0000…0000:0 - peers: 3
[cl-1-lodestar-geth] Mar-04 16:23:38.527[chain]            [32minfo[39m: Publishing block slot=74, blockRoot=0xa160f34da0b280115befe9fe2c1c91c63326e918f7d3e0b86c40e4c7139b32a7, bodyRoot=0x0aaea4128d23953409d00658f5fc6015a95018b3fc25f29c6b278f87e74f2d73, broadcastValidation=gossip, blockLocallyProduced=true
[cl-1-lodestar-geth] Mar-04 16:23:38.629[api]              [32minfo[39m: Produced execution payload envelope slot=74, blockRoot=0xa160f34da0b280115befe9fe2c1c91c63326e918f7d3e0b86c40e4c7139b32a7, transactions=0, blockHash=0xee4946fc0f14426f8b2c2898a33a4e5c58b89a8c81e2c13c423859921ba310b5
[cl-1-lodestar-geth] Mar-04 16:23:38.644[chain]            [32minfo[39m: Publishing execution payload envelope slot=74, blockRoot=0xa160f34da0b280115befe9fe2c1c91c63326e918f7d3e0b86c40e4c7139b32a7, builderIndex=Infinity, isSelfBuild=true, dataColumns=0
[cl-1-lodestar-geth] Mar-04 16:23:38.646[chain]            [32minfo[39m: Published execution payload envelope slot=74, blockRoot=0xa160f34da0b280115befe9fe2c1c91c63326e918f7d3e0b86c40e4c7139b32a7, builderIndex=Infinity, isSelfBuild=true, dataColumns=0, delaySec=0.6359999179840088, sentPeers=3
[cl-1-lodestar-geth] Mar-04 16:23:44.001[]                 [32minfo[39m: Synced - slot: 74 - head: 0xa160…32a7 - exec-block: valid/full(74 0xee49… bid:0xee49…) - finalized: 0x0000…0000:0 - peers: 3
[cl-1-lodestar-geth] Mar-04 16:23:56.000[]                 [32minfo[39m: Synced - slot: 75 - head: 0x194c…9050 - exec-block: valid/full(75 0x212e… bid:0x212e…) - finalized: 0x0000…0000:0 - peers: 3
[cl-1-lodestar-geth] Mar-04 16:24:08.000[]                 [32minfo[39m: Synced - slot: 76 - head: 0xe8e7…7244 - exec-block: valid/full(76 0x046f… bid:0x046f…) - finalized: 0x0000…0000:0 - peers: 3
[cl-1-lodestar-geth] Mar-04 16:24:20.001[]                 [32minfo[39m: Synced - slot: 77 - head: 0x822f…913b - exec-block: valid/full(77 0x1dd9… bid:0x1dd9…) - finalized: 0x0000…0000:0 - peers: 3
[cl-1-lodestar-geth] Mar-04 16:24:32.001[]                 [32minfo[39m: Synced - slot: 78 - head: 0x330e…8171 - exec-block: valid/full(78 0x2260… bid:0x2260…) - finalized: 0x0000…0000:0 - peers: 3
[cl-1-lodestar-geth] Mar-04 16:24:38.528[chain]            [32minfo[39m: Publishing block slot=79, blockRoot=0xf79b35989391f22825ac8984aaa9e13ccb6c57262f02bd296891c907d945387d, bodyRoot=0x083705c20e65edd0ebf2d34f23412b00b8d8cf190beea970658ec0fa2aa0737f, broadcastValidation=gossip, blockLocallyProduced=true
[cl-1-lodestar-geth] Mar-04 16:24:38.602[api]              [32minfo[39m: Produced execution payload envelope slot=79, blockRoot=0xf79b35989391f22825ac8984aaa9e13ccb6c57262f02bd296891c907d945387d, transactions=0, blockHash=0x27fb6ad81a577344ec5340ce3a8fd54a302c9d8379a0167f3efd7e176f033a98
[cl-1-lodestar-geth] Mar-04 16:24:38.614[chain]            [32minfo[39m: Publishing execution payload envelope slot=79, blockRoot=0xf79b35989391f22825ac8984aaa9e13ccb6c57262f02bd296891c907d945387d, builderIndex=Infinity, isSelfBuild=true, dataColumns=0
[cl-1-lodestar-geth] Mar-04 16:24:38.617[chain]            [32minfo[39m: Published execution payload envelope slot=79, blockRoot=0xf79b35989391f22825ac8984aaa9e13ccb6c57262f02bd296891c907d945387d, builderIndex=Infinity, isSelfBuild=true, dataColumns=0, delaySec=0.6059999465942383, sentPeers=3
[cl-1-lodestar-geth] Mar-04 16:24:44.005[]                 [32minfo[39m: Synced - slot: 79 - head: 0xf79b…387d - exec-block: valid/full(79 0x27fb… bid:0x27fb…) - finalized: 0x0000…0000:0 - peers: 3
[cl-1-lodestar-geth] Mar-04 16:24:56.000[]                 [32minfo[39m: Synced - slot: 80 - head: 0x1b05…8646 - exec-block: valid/full(80 0xbbd3… bid:0xbbd3…) - finalized: 0x0000…0000:0 - peers: 3
[cl-1-lodestar-geth] Mar-04 16:25:08.000[]                 [32minfo[39m: Synced - slot: 81 - head: 0x3971…d671 - exec-block: valid/full(81 0x07d3… bid:0x07d3…) - finalized: 0x0000…0000:0 - peers: 3
[cl-1-lodestar-geth] Mar-04 16:25:20.002[]                 [32minfo[39m: Synced - slot: 82 - head: 0x1c41…affd - exec-block: valid/full(82 0xfb65… bid:0xfb65…) - finalized: 0x0000…0000:0 - peers: 3
[cl-1-lodestar-geth] Mar-04 16:25:26.528[chain]            [32minfo[39m: Publishing block slot=83, blockRoot=0x6b5a2156363d2166126b32ab2ff1ced08490500d8747c828aa0e8901c1bef1ae, bodyRoot=0x687f8e5bcb63d09cc88e1eee088093914096a9e6144dc8a09dc622e52f7412b4, broadcastValidation=gossip, blockLocallyProduced=true
[cl-1-lodestar-geth] Mar-04 16:25:26.609[api]              [32minfo[39m: Produced execution payload envelope slot=83, blockRoot=0x6b5a2156363d2166126b32ab2ff1ced08490500d8747c828aa0e8901c1bef1ae, transactions=0, blockHash=0x320854ea9c376fed338496953818852c1e9eac95de8c88c11795ff8b4c044504
[cl-1-lodestar-geth] Mar-04 16:25:26.623[chain]            [32minfo[39m: Publishing execution payload envelope slot=83, blockRoot=0x6b5a2156363d2166126b32ab2ff1ced08490500d8747c828aa0e8901c1bef1ae, builderIndex=Infinity, isSelfBuild=true, dataColumns=0
[cl-1-lodestar-geth] Mar-04 16:25:26.625[chain]            [32minfo[39m: Published execution payload envelope slot=83, blockRoot=0x6b5a2156363d2166126b32ab2ff1ced08490500d8747c828aa0e8901c1bef1ae, builderIndex=Infinity, isSelfBuild=true, dataColumns=0, delaySec=0.6140000820159912, sentPeers=3
[cl-1-lodestar-geth] Mar-04 16:25:32.000[]                 [32minfo[39m: Synced - slot: 83 - head: 0x6b5a…f1ae - exec-block: valid/full(83 0x3208… bid:0x3208…) - finalized: 0x0000…0000:0 - peers: 3
[cl-1-lodestar-geth] Mar-04 16:25:44.002[]                 [32minfo[39m: Synced - slot: 84 - head: 0x357a…6897 - exec-block: valid/full(84 0xc667… bid:0xc667…) - finalized: 0x0000…0000:0 - peers: 3
[cl-1-lodestar-geth] Mar-04 16:25:50.525[chain]            [32minfo[39m: Publishing block slot=85, blockRoot=0x219a25a56846e1142187367bf8d8bff500ed6f0cb68e50ac19bdd2a52d187b43, bodyRoot=0x89cc54705dd13ddc9cb5323ad07a7d41acea8bbd2a19495cf45ae0283be41d1f, broadcastValidation=gossip, blockLocallyProduced=true
[cl-1-lodestar-geth] Mar-04 16:25:50.615[api]              [32minfo[39m: Produced execution payload envelope slot=85, blockRoot=0x219a25a56846e1142187367bf8d8bff500ed6f0cb68e50ac19bdd2a52d187b43, transactions=0, blockHash=0x503f8a2b2d306a2c509b05d6d1105ae26594caf6d4d32804ff1a9db7b41fe582
[cl-1-lodestar-geth] Mar-04 16:25:50.622[chain]            [32minfo[39m: Publishing execution payload envelope slot=85, blockRoot=0x219a25a56846e1142187367bf8d8bff500ed6f0cb68e50ac19bdd2a52d187b43, builderIndex=Infinity, isSelfBuild=true, dataColumns=0
[cl-1-lodestar-geth] Mar-04 16:25:50.637[chain]            [32minfo[39m: Published execution payload envelope slot=85, blockRoot=0x219a25a56846e1142187367bf8d8bff500ed6f0cb68e50ac19bdd2a52d187b43, builderIndex=Infinity, isSelfBuild=true, dataColumns=0, delaySec=0.6170001029968262, sentPeers=3
[cl-1-lodestar-geth] Mar-04 16:25:56.000[]                 [32minfo[39m: Synced - slot: 85 - head: 0x219a…7b43 - exec-block: valid/full(85 0x503f… bid:0x503f…) - finalized: 0x0000…0000:0 - peers: 3
[cl-1-lodestar-geth] Mar-04 16:26:08.000[]                 [32minfo[39m: Synced - slot: 86 - head: 0xd0de…8145 - exec-block: valid/full(86 0x731b… bid:0x731b…) - finalized: 0x0000…0000:0 - peers: 3
[cl-1-lodestar-geth] Mar-04 16:26:20.000[]                 [32minfo[39m: Synced - slot: 87 - head: 0xf277…5b85 - exec-block: valid/full(87 0x787f… bid:0x787f…) - finalized: 0x0000…0000:0 - peers: 3
[cl-1-lodestar-geth] Mar-04 16:26:26.520[chain]            [32minfo[39m: Publishing block slot=88, blockRoot=0x1d5bc8b01bc27279846a209820984de00f91ec1cd8f73a9d38bdcb70a437db85, bodyRoot=0x82a422ef2ac72b1c96e183ca2d6c0a89bd2a9f1a00f6b484cb3d3a3a1e563284, broadcastValidation=gossip, blockLocallyProduced=true
[cl-1-lodestar-geth] Mar-04 16:26:26.636[api]              [32minfo[39m: Produced execution payload envelope slot=88, blockRoot=0x1d5bc8b01bc27279846a209820984de00f91ec1cd8f73a9d38bdcb70a437db85, transactions=0, blockHash=0x47dbaefb04a72827670c8da5973105a8905458830b4e908dba2475046e1a0035
[cl-1-lodestar-geth] Mar-04 16:26:26.647[chain]            [32minfo[39m: Publishing execution payload envelope slot=88, blockRoot=0x1d5bc8b01bc27279846a209820984de00f91ec1cd8f73a9d38bdcb70a437db85, builderIndex=Infinity, isSelfBuild=true, dataColumns=0
[cl-1-lodestar-geth] Mar-04 16:26:26.648[chain]            [32minfo[39m: Published execution payload envelope slot=88, blockRoot=0x1d5bc8b01bc27279846a209820984de00f91ec1cd8f73a9d38bdcb70a437db85, builderIndex=Infinity, isSelfBuild=true, dataColumns=0, delaySec=0.6389999389648438, sentPeers=3
[cl-1-lodestar-geth] Mar-04 16:26:32.000[]                 [32minfo[39m: Synced - slot: 88 - head: 0x1d5b…db85 - exec-block: valid/full(88 0x47db… bid:0x47db…) - finalized: 0x0000…0000:0 - peers: 3
[cl-1-lodestar-geth] Mar-04 16:26:44.000[]                 [32minfo[39m: Synced - slot: 89 - head: 0xc588…75a8 - exec-block: valid/full(89 0x12d2… bid:0x12d2…) - finalized: 0x0000…0000:0 - peers: 3
[cl-1-lodestar-geth] Mar-04 16:26:56.000[]                 [32minfo[39m: Synced - slot: 90 - head: 0x256d…34a7 - exec-block: valid/full(90 0xbe9d… bid:0xbe9d…) - finalized: 0x0000…0000:0 - peers: 3
[cl-1-lodestar-geth] Mar-04 16:27:08.000[]                 [32minfo[39m: Synced - slot: 91 - head: 0xea13…fc96 - exec-block: valid/full(91 0x3288… bid:0x3288…) - finalized: 0x0000…0000:0 - peers: 3
[cl-1-lodestar-geth] Mar-04 16:27:20.000[]                 [32minfo[39m: Synced - slot: 92 - head: 0xc6f1…96bd - exec-block: valid/full(92 0x1f80… bid:0x1f80…) - finalized: 0x0000…0000:0 - peers: 3
[cl-1-lodestar-geth] Mar-04 16:27:32.000[]                 [32minfo[39m: Synced - slot: 93 - head: 0xb670…18ed - exec-block: valid/full(93 0x3fae… bid:0x3fae…) - finalized: 0x0000…0000:0 - peers: 3
[cl-1-lodestar-geth] Mar-04 16:27:44.001[]                 [32minfo[39m: Synced - slot: 94 - head: 0xd8fb…52d2 - exec-block: valid/full(94 0x668b… bid:0x668b…) - finalized: 0x0000…0000:0 - peers: 3
[cl-1-lodestar-geth] Mar-04 16:27:56.000[]                 [32minfo[39m: Synced - slot: 95 - head: 0xdb95…ef79 - exec-block: valid/full(95 0x31f1… bid:0x31f1…) - finalized: 0x0000…0000:0 - peers: 3
[cl-1-lodestar-geth] Mar-04 16:28:02.000[network]          [32minfo[39m: Unsubscribing gossip topics of previous fork boundary fork=fulu, epoch=0
[cl-1-lodestar-geth] Mar-04 16:28:02.011[network]          [32minfo[39m: Unsubscribing from long lived attnets of previous fork boundary fork=fulu, epoch=0
[cl-1-lodestar-geth] Mar-04 16:28:02.015[network]          [32minfo[39m: Unsubscribing from random attnets of previous fork boundary fork=fulu, epoch=0
[cl-1-lodestar-geth] Mar-04 16:28:08.002[]                 [32minfo[39m: Synced - slot: 96 - head: 0x80aa…bba1 - exec-block: valid/full(96 0xe947… bid:0xe947…) - finalized: 0x0000…0000:0 - peers: 3
[cl-1-lodestar-geth] Mar-04 16:28:20.001[]                 [32minfo[39m: Synced - slot: 97 - head: 0x3d3b…84bf - exec-block: valid/full(97 0x72ad… bid:0x72ad…) - finalized: 0x0000…0000:0 - peers: 3
[cl-1-lodestar-geth] Mar-04 16:28:32.000[]                 [32minfo[39m: Synced - slot: 98 - head: 0x2778…024d - exec-block: valid/full(98 0x04cd… bid:0x04cd…) - finalized: 0x0000…0000:0 - peers: 3
[cl-1-lodestar-geth] Mar-04 16:28:44.000[]                 [32minfo[39m: Synced - slot: 99 - head: 0xd504…d9dc - exec-block: valid/full(99 0x640d… bid:0x640d…) - finalized: 0x0000…0000:0 - peers: 3
[cl-1-lodestar-geth] Mar-04 16:28:50.514[chain]            [32minfo[39m: Publishing block slot=100, blockRoot=0x0aae15c5768e032be3588ccf1796519935c1415ab002ea16d10657d9a6345ae0, bodyRoot=0x042311b2e1883e1c5601c72d46d60fbdbc7e64a9283d3b326da474b7d8b0e2c1, broadcastValidation=gossip, blockLocallyProduced=true
[cl-1-lodestar-geth] Mar-04 16:28:50.585[api]              [32minfo[39m: Produced execution payload envelope slot=100, blockRoot=0x0aae15c5768e032be3588ccf1796519935c1415ab002ea16d10657d9a6345ae0, transactions=0, blockHash=0xdd5055db3078dbcbb80b07ac16ad4026d18a543418cf3c5f18a54278c93755cb
[cl-1-lodestar-geth] Mar-04 16:28:50.603[chain]            [32minfo[39m: Publishing execution payload envelope slot=100, blockRoot=0x0aae15c5768e032be3588ccf1796519935c1415ab002ea16d10657d9a6345ae0, builderIndex=Infinity, isSelfBuild=true, dataColumns=0
[cl-1-lodestar-geth] Mar-04 16:28:50.610[chain]            [32minfo[39m: Published execution payload envelope slot=100, blockRoot=0x0aae15c5768e032be3588ccf1796519935c1415ab002ea16d10657d9a6345ae0, builderIndex=Infinity, isSelfBuild=true, dataColumns=0, delaySec=0.5880000591278076, sentPeers=3
[cl-1-lodestar-geth] Mar-04 16:28:56.000[]                 [32minfo[39m: Synced - slot: 100 - head: 0x0aae…5ae0 - exec-block: valid/full(100 0xdd50… bid:0xdd50…) - finalized: 0x0000…0000:0 - peers: 3
[cl-1-lodestar-geth] Mar-04 16:29:08.004[]                 [32minfo[39m: Synced - slot: 101 - head: 0xe769…19dc - exec-block: valid/full(101 0xfe7c… bid:0xfe7c…) - finalized: 0x0000…0000:0 - peers: 3
[cl-1-lodestar-geth] Mar-04 16:29:20.000[]                 [32minfo[39m: Synced - slot: 102 - head: 0x8ea6…4437 - exec-block: valid/full(102 0xc7c8… bid:0xc7c8…) - finalized: 0x0000…0000:0 - peers: 3
[cl-1-lodestar-geth] Mar-04 16:29:32.000[]                 [32minfo[39m: Synced - slot: 103 - head: 0x04f8…794f - exec-block: valid/full(103 0xcc58… bid:0xcc58…) - finalized: 0x0000…0000:0 - peers: 3
[cl-1-lodestar-geth] Mar-04 16:29:38.526[chain]            [32minfo[39m: Publishing block slot=104, blockRoot=0x0afb6d2d1db09d19abfd72904a07a082f220fcc180c228db4c941512d4aa3de7, bodyRoot=0x166b08b526bbe3a578751f7dfffdda59162f278d0a3cc6670e6f60b9a6e2c396, broadcastValidation=gossip, blockLocallyProduced=true
[cl-1-lodestar-geth] Mar-04 16:29:38.620[api]              [32minfo[39m: Produced execution payload envelope slot=104, blockRoot=0x0afb6d2d1db09d19abfd72904a07a082f220fcc180c228db4c941512d4aa3de7, transactions=0, blockHash=0x92c49ff788b37f5b9746c6cd889f8c38ff65cc0cafcd9376c8132682d9f39ba8
[cl-1-lodestar-geth] Mar-04 16:29:38.644[chain]            [32minfo[39m: Publishing execution payload envelope slot=104, blockRoot=0x0afb6d2d1db09d19abfd72904a07a082f220fcc180c228db4c941512d4aa3de7, builderIndex=Infinity, isSelfBuild=true, dataColumns=0
[cl-1-lodestar-geth] Mar-04 16:29:38.652[chain]            [32minfo[39m: Published execution payload envelope slot=104, blockRoot=0x0afb6d2d1db09d19abfd72904a07a082f220fcc180c228db4c941512d4aa3de7, builderIndex=Infinity, isSelfBuild=true, dataColumns=0, delaySec=0.6319999694824219, sentPeers=3
[cl-1-lodestar-geth] Mar-04 16:29:44.000[]                 [32minfo[39m: Synced - slot: 104 - head: 0x0afb…3de7 - exec-block: valid/full(104 0x92c4… bid:0x92c4…) - finalized: 0x0000…0000:0 - peers: 3
[cl-1-lodestar-geth] Mar-04 16:29:50.525[chain]            [32minfo[39m: Publishing block slot=105, blockRoot=0x4fdbeebc919b51ed71c585abcdcbc72b81b6cd4a3a9c1275b042e6bb2ae65ce7, bodyRoot=0x115a582bf15f8e6626779c8b8a2042056a80bc29d2f3f8f1f7b75d2504ac8b4c, broadcastValidation=gossip, blockLocallyProduced=true
[cl-1-lodestar-geth] Mar-04 16:29:50.601[api]              [32minfo[39m: Produced execution payload envelope slot=105, blockRoot=0x4fdbeebc919b51ed71c585abcdcbc72b81b6cd4a3a9c1275b042e6bb2ae65ce7, transactions=0, blockHash=0xd54e71fffd0ee12929d40b8706b8ce76b249bd6bbf7b079f980863d69fc68f81
[cl-1-lodestar-geth] Mar-04 16:29:50.611[chain]            [32minfo[39m: Publishing execution payload envelope slot=105, blockRoot=0x4fdbeebc919b51ed71c585abcdcbc72b81b6cd4a3a9c1275b042e6bb2ae65ce7, builderIndex=Infinity, isSelfBuild=true, dataColumns=0
[cl-1-lodestar-geth] Mar-04 16:29:50.616[chain]            [32minfo[39m: Published execution payload envelope slot=105, blockRoot=0x4fdbeebc919b51ed71c585abcdcbc72b81b6cd4a3a9c1275b042e6bb2ae65ce7, builderIndex=Infinity, isSelfBuild=true, dataColumns=0, delaySec=0.6019999980926514, sentPeers=3
[cl-1-lodestar-geth] Mar-04 16:29:56.000[]                 [32minfo[39m: Synced - slot: 105 - head: 0x4fdb…5ce7 - exec-block: valid/full(105 0xd54e… bid:0xd54e…) - finalized: 0x0000…0000:0 - peers: 3
[cl-1-lodestar-geth] Mar-04 16:30:08.000[]                 [32minfo[39m: Synced - slot: 106 - head: 0x7114…f579 - exec-block: valid/full(106 0x09a2… bid:0x09a2…) - finalized: 0x0000…0000:0 - peers: 3
[cl-1-lodestar-geth] Mar-04 16:30:14.522[chain]            [32minfo[39m: Publishing block slot=107, blockRoot=0xec84b4b32879afd865f261db584eb31e11a55e9cce309b735543ffef5942f8a7, bodyRoot=0x76ec7270a710b6d9dbc01ca0eb04db3872e1b01ef7c29132f5d3251add90426b, broadcastValidation=gossip, blockLocallyProduced=true
[cl-1-lodestar-geth] Mar-04 16:30:14.621[api]              [32minfo[39m: Produced execution payload envelope slot=107, blockRoot=0xec84b4b32879afd865f261db584eb31e11a55e9cce309b735543ffef5942f8a7, transactions=0, blockHash=0x0bef5525c9e7334ebf213d622bfe6a7b82e9c2f830b637a04e343ac6efd35466
[cl-1-lodestar-geth] Mar-04 16:30:14.672[chain]            [32minfo[39m: Publishing execution payload envelope slot=107, blockRoot=0xec84b4b32879afd865f261db584eb31e11a55e9cce309b735543ffef5942f8a7, builderIndex=Infinity, isSelfBuild=true, dataColumns=0
[cl-1-lodestar-geth] Mar-04 16:30:14.674[chain]            [32minfo[39m: Published execution payload envelope slot=107, blockRoot=0xec84b4b32879afd865f261db584eb31e11a55e9cce309b735543ffef5942f8a7, builderIndex=Infinity, isSelfBuild=true, dataColumns=0, delaySec=0.628000020980835, sentPeers=3
[cl-1-lodestar-geth] Mar-04 16:30:20.000[]                 [32minfo[39m: Synced - slot: 107 - head: 0xec84…f8a7 - exec-block: valid/full(107 0x0bef… bid:0x0bef…) - finalized: 0x0000…0000:0 - peers: 3
[cl-1-lodestar-geth] Mar-04 16:30:32.000[]                 [32minfo[39m: Synced - slot: 108 - head: 0xd3bb…1c0a - exec-block: valid/full(108 0xf3be… bid:0xf3be…) - finalized: 0x0000…0000:0 - peers: 3
[cl-1-lodestar-geth] Mar-04 16:30:44.001[]                 [32minfo[39m: Synced - slot: 109 - head: 0x66ac…6861 - exec-block: valid/full(109 0x68fa… bid:0x68fa…) - finalized: 0x0000…0000:0 - peers: 3
[cl-1-lodestar-geth] Mar-04 16:30:56.000[]                 [32minfo[39m: Synced - slot: 110 - head: 0xc571…b38e - exec-block: valid/full(110 0x7d93… bid:0x7d93…) - finalized: 0x0000…0000:0 - peers: 3
[cl-1-lodestar-geth] Mar-04 16:31:08.000[]                 [32minfo[39m: Synced - slot: 111 - head: 0xa55b…e20e - exec-block: valid/full(111 0x2993… bid:0x2993…) - finalized: 0x0000…0000:0 - peers: 3
[cl-1-lodestar-geth] Mar-04 16:31:14.520[chain]            [32minfo[39m: Publishing block slot=112, blockRoot=0x1d29d528917b9667954d383f3edf9d9c72116e1a2d9015b53dcb8063e9c13490, bodyRoot=0x261fd005146e121b13afc014216bf8d454ab2e5d9cbad257ea3cf0a541411a78, broadcastValidation=gossip, blockLocallyProduced=true
[cl-1-lodestar-geth] Mar-04 16:31:14.588[api]              [32minfo[39m: Produced execution payload envelope slot=112, blockRoot=0x1d29d528917b9667954d383f3edf9d9c72116e1a2d9015b53dcb8063e9c13490, transactions=0, blockHash=0xb2b8dd6a62bc1db5259f2e2f66fd632d4ca0e2d4d671eea1d6e7b83281d2dca5
[cl-1-lodestar-geth] Mar-04 16:31:14.603[chain]            [32minfo[39m: Publishing execution payload envelope slot=112, blockRoot=0x1d29d528917b9667954d383f3edf9d9c72116e1a2d9015b53dcb8063e9c13490, builderIndex=Infinity, isSelfBuild=true, dataColumns=0
[cl-1-lodestar-geth] Mar-04 16:31:14.607[chain]            [32minfo[39m: Published execution payload envelope slot=112, blockRoot=0x1d29d528917b9667954d383f3edf9d9c72116e1a2d9015b53dcb8063e9c13490, builderIndex=Infinity, isSelfBuild=true, dataColumns=0, delaySec=0.5910000801086426, sentPeers=3
[cl-1-lodestar-geth] Mar-04 16:31:20.000[]                 [32minfo[39m: Synced - slot: 112 - head: 0x1d29…3490 - exec-block: valid/full(112 0xb2b8… bid:0xb2b8…) - finalized: 0x0000…0000:0 - peers: 3
[cl-1-lodestar-geth] Mar-04 16:31:26.545[chain]            [32minfo[39m: Publishing block slot=113, blockRoot=0x2fb1682654922b070e03ce5a351c3bba9a15fbc267241d67be4488865740fa95, bodyRoot=0x3b20ef1b28ab60ad2dec27524084d09a92bce7201ff4b4eb8bc1d623ac8fa5ec, broadcastValidation=gossip, blockLocallyProduced=true
[cl-1-lodestar-geth] Mar-04 16:31:26.652[api]              [32minfo[39m: Produced execution payload envelope slot=113, blockRoot=0x2fb1682654922b070e03ce5a351c3bba9a15fbc267241d67be4488865740fa95, transactions=0, blockHash=0x66792ff4d6a1c3733abdc52f15efb5b59bf88515d7e870fb1d4fb9a338afdec4
[cl-1-lodestar-geth] Mar-04 16:31:26.698[chain]            [32minfo[39m: Publishing execution payload envelope slot=113, blockRoot=0x2fb1682654922b070e03ce5a351c3bba9a15fbc267241d67be4488865740fa95, builderIndex=Infinity, isSelfBuild=true, dataColumns=0
[cl-1-lodestar-geth] Mar-04 16:31:26.706[chain]            [32minfo[39m: Published execution payload envelope slot=113, blockRoot=0x2fb1682654922b070e03ce5a351c3bba9a15fbc267241d67be4488865740fa95, builderIndex=Infinity, isSelfBuild=true, dataColumns=0, delaySec=0.6649999618530273, sentPeers=3
[cl-1-lodestar-geth] Mar-04 16:31:32.001[]                 [32minfo[39m: Synced - slot: 113 - head: 0x2fb1…fa95 - exec-block: valid/full(113 0x6679… bid:0x6679…) - finalized: 0x0000…0000:0 - peers: 3
[cl-1-lodestar-geth] Mar-04 16:31:44.000[]                 [32minfo[39m: Synced - slot: 114 - head: 0x17c5…6850 - exec-block: valid/full(114 0xb65f… bid:0xb65f…) - finalized: 0x0000…0000:0 - peers: 3
[cl-1-lodestar-geth] Mar-04 16:31:56.001[]                 [32minfo[39m: Synced - slot: 115 - head: 0xc647…d7cb - exec-block: valid/full(115 0xd29a… bid:0xd29a…) - finalized: 0x0000…0000:0 - peers: 3
[cl-1-lodestar-geth] Mar-04 16:32:08.000[]                 [32minfo[39m: Synced - slot: 116 - head: 0xd533…8ee3 - exec-block: valid/full(116 0xff7e… bid:0xff7e…) - finalized: 0x0000…0000:0 - peers: 3
[cl-1-lodestar-geth] Mar-04 16:32:20.000[]                 [32minfo[39m: Synced - slot: 117 - head: 0x1742…ee94 - exec-block: valid/full(117 0x82d4… bid:0x82d4…) - finalized: 0x0000…0000:0 - peers: 3
[cl-1-lodestar-geth] Mar-04 16:32:32.000[]                 [32minfo[39m: Synced - slot: 118 - head: 0x3e8a…77cd - exec-block: valid/full(118 0xfd39… bid:0xfd39…) - finalized: 0x0000…0000:0 - peers: 3
[cl-1-lodestar-geth] Mar-04 16:32:38.524[chain]            [32minfo[39m: Publishing block slot=119, blockRoot=0x21c277eee90a0bfffe5f020486dc9ec92f06e03099cd56e870c51bd217ae9784, bodyRoot=0x95ebe1a21407da6ef35d4a1345d9a9382c15c99d214880dcf6df15f12de7cad2, broadcastValidation=gossip, blockLocallyProduced=true
[cl-1-lodestar-geth] Mar-04 16:32:38.656[api]              [32minfo[39m: Produced execution payload envelope slot=119, blockRoot=0x21c277eee90a0bfffe5f020486dc9ec92f06e03099cd56e870c51bd217ae9784, transactions=0, blockHash=0x812ff7c11e9f0ba0ff3b7dd0cd6824129d91f382296c0fb1776bed9effe41663
[cl-1-lodestar-geth] Mar-04 16:32:38.679[chain]            [32minfo[39m: Publishing execution payload envelope slot=119, blockRoot=0x21c277eee90a0bfffe5f020486dc9ec92f06e03099cd56e870c51bd217ae9784, builderIndex=Infinity, isSelfBuild=true, dataColumns=0
[cl-1-lodestar-geth] Mar-04 16:32:38.686[chain]            [32minfo[39m: Published execution payload envelope slot=119, blockRoot=0x21c277eee90a0bfffe5f020486dc9ec92f06e03099cd56e870c51bd217ae9784, builderIndex=Infinity, isSelfBuild=true, dataColumns=0, delaySec=0.6589999198913574, sentPeers=3
[cl-1-lodestar-geth] Mar-04 16:32:44.000[]                 [32minfo[39m: Synced - slot: 119 - head: 0x21c2…9784 - exec-block: valid/full(119 0x812f… bid:0x812f…) - finalized: 0x0000…0000:0 - peers: 3
[cl-1-lodestar-geth] Mar-04 16:32:50.524[chain]            [32minfo[39m: Publishing block slot=120, blockRoot=0x988400f6ec80ebcdffc5cc5a2390c3ffd3722894110d2803c440aa955680af83, bodyRoot=0x7f44116b22a7ee81981847bda370faa72b2a525db25f97ec7da64bf2038088a8, broadcastValidation=gossip, blockLocallyProduced=true
[cl-1-lodestar-geth] Mar-04 16:32:50.602[api]              [32minfo[39m: Produced execution payload envelope slot=120, blockRoot=0x988400f6ec80ebcdffc5cc5a2390c3ffd3722894110d2803c440aa955680af83, transactions=0, blockHash=0x714715e5bbaf6ad1467fb4ec233138736218f407f0badceea8baddbb678f5cf3
[cl-1-lodestar-geth] Mar-04 16:32:50.617[chain]            [32minfo[39m: Publishing execution payload envelope slot=120, blockRoot=0x988400f6ec80ebcdffc5cc5a2390c3ffd3722894110d2803c440aa955680af83, builderIndex=Infinity, isSelfBuild=true, dataColumns=0
[cl-1-lodestar-geth] Mar-04 16:32:50.620[chain]            [32minfo[39m: Published execution payload envelope slot=120, blockRoot=0x988400f6ec80ebcdffc5cc5a2390c3ffd3722894110d2803c440aa955680af83, builderIndex=Infinity, isSelfBuild=true, dataColumns=0, delaySec=0.6089999675750732, sentPeers=3
[cl-1-lodestar-geth] Mar-04 16:32:56.000[]                 [32minfo[39m: Synced - slot: 120 - head: 0x9884…af83 - exec-block: valid/full(120 0x7147… bid:0x7147…) - finalized: 0x0000…0000:0 - peers: 3
[cl-1-lodestar-geth] Mar-04 16:33:08.001[]                 [32minfo[39m: Synced - slot: 121 - head: 0xc829…9060 - exec-block: valid/full(121 0x55d9… bid:0x55d9…) - finalized: 0x0000…0000:0 - peers: 3
[cl-1-lodestar-geth] Mar-04 16:33:20.001[]                 [32minfo[39m: Synced - slot: 122 - head: 0x4f12…5141 - exec-block: valid/full(122 0x023f… bid:0x023f…) - finalized: 0x0000…0000:0 - peers: 3
[cl-1-lodestar-geth] Mar-04 16:33:32.000[]                 [32minfo[39m: Synced - slot: 123 - head: 0xb0b0…06ca - exec-block: valid/full(123 0x06a1… bid:0x06a1…) - finalized: 0x0000…0000:0 - peers: 3
[cl-1-lodestar-geth] Mar-04 16:33:44.000[]                 [32minfo[39m: Synced - slot: 124 - head: 0xab58…c95b - exec-block: valid/full(124 0xd54c… bid:0xd54c…) - finalized: 0x0000…0000:0 - peers: 3
[cl-1-lodestar-geth] Mar-04 16:33:56.001[]                 [32minfo[39m: Synced - slot: 125 - head: 0x50eb…25a6 - exec-block: valid/full(125 0xda17… bid:0xda17…) - finalized: 0x0000…0000:0 - peers: 3
[cl-1-lodestar-geth] Mar-04 16:34:08.000[]                 [32minfo[39m: Synced - slot: 126 - head: 0x11a3…8a32 - exec-block: valid/full(126 0x566b… bid:0x566b…) - finalized: 0x0000…0000:0 - peers: 3
[cl-1-lodestar-geth] Mar-04 16:34:20.001[]                 [32minfo[39m: Synced - slot: 127 - head: 0xe650…2633 - exec-block: valid/full(127 0xeba8… bid:0xeba8…) - finalized: 0x0000…0000:0 - peers: 3
[cl-1-lodestar-geth] Mar-04 16:34:32.001[]                 [32minfo[39m: Synced - slot: 128 - head: 0x1810…e187 - exec-block: valid/full(128 0x9608… bid:0x9608…) - finalized: 0xe368…11c1:2 - peers: 3
[cl-1-lodestar-geth] Mar-04 16:34:44.000[]                 [32minfo[39m: Synced - slot: 129 - head: 0x43a4…f300 - exec-block: valid/full(129 0xbb8d… bid:0xbb8d…) - finalized: 0xe368…11c1:2 - peers: 3
[cl-1-lodestar-geth] Mar-04 16:34:50.521[chain]            [32minfo[39m: Publishing block slot=130, blockRoot=0xa4c6dc98c2245c9d6bd24f546b680b9ac0621400f9e2451e2010cc9d9b0578b7, bodyRoot=0xd89d4db3774ee762a8fd5a49d6020b4c823e0ef693fd64be00476f5ca9a95ec7, broadcastValidation=gossip, blockLocallyProduced=true
[cl-1-lodestar-geth] Mar-04 16:34:50.593[api]              [32minfo[39m: Produced execution payload envelope slot=130, blockRoot=0xa4c6dc98c2245c9d6bd24f546b680b9ac0621400f9e2451e2010cc9d9b0578b7, transactions=0, blockHash=0x1ef744cfb3acd7b98d7b260aee734bf2dd3ec3fbfd55cb702d4eea830bac3f10
[cl-1-lodestar-geth] Mar-04 16:34:50.604[chain]            [32minfo[39m: Publishing execution payload envelope slot=130, blockRoot=0xa4c6dc98c2245c9d6bd24f546b680b9ac0621400f9e2451e2010cc9d9b0578b7, builderIndex=Infinity, isSelfBuild=true, dataColumns=0
[cl-1-lodestar-geth] Mar-04 16:34:50.607[chain]            [32minfo[39m: Published execution payload envelope slot=130, blockRoot=0xa4c6dc98c2245c9d6bd24f546b680b9ac0621400f9e2451e2010cc9d9b0578b7, builderIndex=Infinity, isSelfBuild=true, dataColumns=0, delaySec=0.5959999561309814, sentPeers=3
[cl-1-lodestar-geth] Mar-04 16:34:55.999[]                 [32minfo[39m: Synced - slot: 130 - head: 0xa4c6…78b7 - exec-block: valid/full(130 0x1ef7… bid:0x1ef7…) - finalized: 0xe368…11c1:2 - peers: 3
[cl-1-lodestar-geth] Mar-04 16:35:08.001[]                 [32minfo[39m: Synced - slot: 131 - head: 0x5f1b…8d21 - exec-block: valid/full(131 0x5f8c… bid:0x5f8c…) - finalized: 0xe368…11c1:2 - peers: 3
[cl-1-lodestar-geth] Mar-04 16:35:14.518[chain]            [32minfo[39m: Publishing block slot=132, blockRoot=0xd742e62f1c5d8ab4359ae11233d73ceb1729e062c5da9431eb586e85fe49bd22, bodyRoot=0x51de26da9cb18653fc08ad3aff327795113afd52591be8afba7d1ed353c8c333, broadcastValidation=gossip, blockLocallyProduced=true
[cl-1-lodestar-geth] Mar-04 16:35:14.615[api]              [32minfo[39m: Produced execution payload envelope slot=132, blockRoot=0xd742e62f1c5d8ab4359ae11233d73ceb1729e062c5da9431eb586e85fe49bd22, transactions=0, blockHash=0xfd53450124ebe717c4365866cd2a12e9bc59705d236715e43c67c736aa02f6b6
[cl-1-lodestar-geth] Mar-04 16:35:14.642[chain]            [32minfo[39m: Publishing execution payload envelope slot=132, blockRoot=0xd742e62f1c5d8ab4359ae11233d73ceb1729e062c5da9431eb586e85fe49bd22, builderIndex=Infinity, isSelfBuild=true, dataColumns=0
[cl-1-lodestar-geth] Mar-04 16:35:14.650[chain]            [32minfo[39m: Published execution payload envelope slot=132, blockRoot=0xd742e62f1c5d8ab4359ae11233d73ceb1729e062c5da9431eb586e85fe49bd22, builderIndex=Infinity, isSelfBuild=true, dataColumns=0, delaySec=0.6189999580383301, sentPeers=3
[cl-1-lodestar-geth] Mar-04 16:35:20.002[]                 [32minfo[39m: Synced - slot: 132 - head: 0xd742…bd22 - exec-block: valid/full(132 0xfd53… bid:0xfd53…) - finalized: 0xe368…11c1:2 - peers: 3
[cl-1-lodestar-geth] Mar-04 16:35:32.000[]                 [32minfo[39m: Synced - slot: 133 - head: 0xfeba…2896 - exec-block: valid/full(133 0xb1e0… bid:0xb1e0…) - finalized: 0xe368…11c1:2 - peers: 3
[cl-1-lodestar-geth] Mar-04 16:35:38.532[chain]            [32minfo[39m: Publishing block slot=134, blockRoot=0xa0ef32758604bac9d16851006180ee4dafc88dd3c4da6da6352a49b51a41783e, bodyRoot=0xe8c994a134262ca9531770922f6272db94b929627defc939ade5cf75afa97b24, broadcastValidation=gossip, blockLocallyProduced=true
[cl-1-lodestar-geth] Mar-04 16:35:38.609[api]              [32minfo[39m: Produced execution payload envelope slot=134, blockRoot=0xa0ef32758604bac9d16851006180ee4dafc88dd3c4da6da6352a49b51a41783e, transactions=0, blockHash=0x34c89e9e70343f1d9f883b5a82110bc44cb46aa2c54b76ee7033d31649d6e4da
[cl-1-lodestar-geth] Mar-04 16:35:38.631[chain]            [32minfo[39m: Publishing execution payload envelope slot=134, blockRoot=0xa0ef32758604bac9d16851006180ee4dafc88dd3c4da6da6352a49b51a41783e, builderIndex=Infinity, isSelfBuild=true, dataColumns=0
[cl-1-lodestar-geth] Mar-04 16:35:38.639[chain]            [32minfo[39m: Published execution payload envelope slot=134, blockRoot=0xa0ef32758604bac9d16851006180ee4dafc88dd3c4da6da6352a49b51a41783e, builderIndex=Infinity, isSelfBuild=true, dataColumns=0, delaySec=0.6140000820159912, sentPeers=3
[cl-1-lodestar-geth] Mar-04 16:35:44.001[]                 [32minfo[39m: Synced - slot: 134 - head: 0xa0ef…783e - exec-block: valid/full(134 0x34c8… bid:0x34c8…) - finalized: 0xe368…11c1:2 - peers: 3
[cl-1-lodestar-geth] Mar-04 16:35:56.000[]                 [32minfo[39m: Synced - slot: 135 - head: 0xbea0…f7b7 - exec-block: valid/full(135 0xbd6a… bid:0xbd6a…) - finalized: 0xe368…11c1:2 - peers: 3
[cl-1-lodestar-geth] Mar-04 16:36:08.000[]                 [32minfo[39m: Synced - slot: 136 - head: 0x982d…5594 - exec-block: valid/full(136 0x77ea… bid:0x77ea…) - finalized: 0xe368…11c1:2 - peers: 3
