[cl-2-lodestar-geth] Mar-04 16:16:08.000[]                 [32minfo[39m: Synced - slot: 36 - head: 0x1f1b…dae3 - exec-block: valid/full(36 0xd61e… bid:0xd61e…) - finalized: 0x0000…0000:0 - peers: 3
[cl-2-lodestar-geth] Mar-04 16:16:14.522[chain]            [32minfo[39m: Publishing block slot=37, blockRoot=0x0ef0743b8fab70e0085e43f0025f63a227d61588bf26b72ef5d4c22be3fd163c, bodyRoot=0x8323096efd0d8f6d4d5fe50d66d524269bb8d2816255402544baa25b7ed0bb9b, broadcastValidation=gossip, blockLocallyProduced=true
[cl-2-lodestar-geth] Mar-04 16:16:14.626[api]              [32minfo[39m: Produced execution payload envelope slot=37, blockRoot=0x0ef0743b8fab70e0085e43f0025f63a227d61588bf26b72ef5d4c22be3fd163c, transactions=0, blockHash=0xa9abd728b1284de55153b77253dc4582d1738aaadc2648ab25b8a40a333ccfe4
[cl-2-lodestar-geth] Mar-04 16:16:14.651[chain]            [32minfo[39m: Publishing execution payload envelope slot=37, blockRoot=0x0ef0743b8fab70e0085e43f0025f63a227d61588bf26b72ef5d4c22be3fd163c, builderIndex=Infinity, isSelfBuild=true, dataColumns=0
[cl-2-lodestar-geth] Mar-04 16:16:14.653[chain]            [32minfo[39m: Published execution payload envelope slot=37, blockRoot=0x0ef0743b8fab70e0085e43f0025f63a227d61588bf26b72ef5d4c22be3fd163c, builderIndex=Infinity, isSelfBuild=true, dataColumns=0, delaySec=0.6340000629425049, sentPeers=3
[cl-2-lodestar-geth] Mar-04 16:16:20.001[]                 [32minfo[39m: Synced - slot: 37 - head: 0x0ef0…163c - exec-block: valid/full(37 0xa9ab… bid:0xa9ab…) - finalized: 0x0000…0000:0 - peers: 3
[cl-2-lodestar-geth] Mar-04 16:16:32.000[]                 [32minfo[39m: Synced - slot: 38 - head: 0x8982…f7d9 - exec-block: valid/full(38 0xeef3… bid:0xeef3…) - finalized: 0x0000…0000:0 - peers: 3
[cl-2-lodestar-geth] Mar-04 16:16:44.000[]                 [32minfo[39m: Synced - slot: 39 - head: 0x9556…244c - exec-block: valid/full(39 0xb988… bid:0xb988…) - finalized: 0x0000…0000:0 - peers: 3
[cl-2-lodestar-geth] Mar-04 16:16:56.000[]                 [32minfo[39m: Synced - slot: 40 - head: 0xf300…1b50 - exec-block: valid/full(40 0xe23a… bid:0xe23a…) - finalized: 0x0000…0000:0 - peers: 3
[cl-2-lodestar-geth] Mar-04 16:17:02.525[chain]            [32minfo[39m: Publishing block slot=41, blockRoot=0x8fb7bdf4a1a4a68e3be55dda7223b457e977ae2b0b1d66c1e20158b17d91d236, bodyRoot=0x92bcc050af9a6a905b81d36f81c16e9cf990bfc6b83fa2c3469529561b9f7a93, broadcastValidation=gossip, blockLocallyProduced=true
[cl-2-lodestar-geth] Mar-04 16:17:02.594[api]              [32minfo[39m: Produced execution payload envelope slot=41, blockRoot=0x8fb7bdf4a1a4a68e3be55dda7223b457e977ae2b0b1d66c1e20158b17d91d236, transactions=0, blockHash=0x5cc4f4ceead8a94dcde9f930cdad418dc4c15fb02171b6bc4526a6ae86bbe731
[cl-2-lodestar-geth] Mar-04 16:17:02.607[chain]            [32minfo[39m: Publishing execution payload envelope slot=41, blockRoot=0x8fb7bdf4a1a4a68e3be55dda7223b457e977ae2b0b1d66c1e20158b17d91d236, builderIndex=Infinity, isSelfBuild=true, dataColumns=0
[cl-2-lodestar-geth] Mar-04 16:17:02.619[chain]            [32minfo[39m: Published execution payload envelope slot=41, blockRoot=0x8fb7bdf4a1a4a68e3be55dda7223b457e977ae2b0b1d66c1e20158b17d91d236, builderIndex=Infinity, isSelfBuild=true, dataColumns=0, delaySec=0.5969998836517334, sentPeers=3
[cl-2-lodestar-geth] Mar-04 16:17:08.005[]                 [32minfo[39m: Synced - slot: 41 - head: 0x8fb7…d236 - exec-block: valid/full(41 0x5cc4… bid:0x5cc4…) - finalized: 0x0000…0000:0 - peers: 3
[cl-2-lodestar-geth] Mar-04 16:17:14.580[chain]            [32minfo[39m: Publishing block slot=42, blockRoot=0x54b7d3da2d7761785d3a7c16ccbe979f59a18db94a33629b597fdf710fec5e1f, bodyRoot=0x6bb2841182bf0c85c7441b733a6b53830a0e5426279a4a751f9e5ffb475bedb7, broadcastValidation=gossip, blockLocallyProduced=true
[cl-2-lodestar-geth] Mar-04 16:17:14.649[api]              [32minfo[39m: Produced execution payload envelope slot=42, blockRoot=0x54b7d3da2d7761785d3a7c16ccbe979f59a18db94a33629b597fdf710fec5e1f, transactions=0, blockHash=0x095311a454cd6361bd70508b8aa4e0acabdbec06a7ce87448ab05dd4217193bb
[cl-2-lodestar-geth] Mar-04 16:17:14.658[chain]            [32minfo[39m: Publishing execution payload envelope slot=42, blockRoot=0x54b7d3da2d7761785d3a7c16ccbe979f59a18db94a33629b597fdf710fec5e1f, builderIndex=Infinity, isSelfBuild=true, dataColumns=0
[cl-2-lodestar-geth] Mar-04 16:17:14.659[chain]            [32minfo[39m: Published execution payload envelope slot=42, blockRoot=0x54b7d3da2d7761785d3a7c16ccbe979f59a18db94a33629b597fdf710fec5e1f, builderIndex=Infinity, isSelfBuild=true, dataColumns=0, delaySec=0.6519999504089355, sentPeers=3
[cl-2-lodestar-geth] Mar-04 16:17:20.000[]                 [32minfo[39m: Synced - slot: 42 - head: 0x54b7…5e1f - exec-block: valid/full(42 0x0953… bid:0x0953…) - finalized: 0x0000…0000:0 - peers: 3
[cl-2-lodestar-geth] Mar-04 16:17:26.523[chain]            [32minfo[39m: Publishing block slot=43, blockRoot=0x8b8b9032f4eefa8e518d0915c2007b80c1a8764aec2965aab59851dc7ae967f0, bodyRoot=0x6646f9c2cf1097704e47e757235e1dccabc0034b95de497352be4b5e2f26c33c, broadcastValidation=gossip, blockLocallyProduced=true
[cl-2-lodestar-geth] Mar-04 16:17:26.595[api]              [32minfo[39m: Produced execution payload envelope slot=43, blockRoot=0x8b8b9032f4eefa8e518d0915c2007b80c1a8764aec2965aab59851dc7ae967f0, transactions=0, blockHash=0xb6515f9eb0ae85e799e903a2be798984cb1d097afca1015a8e01948ed2ac074c
[cl-2-lodestar-geth] Mar-04 16:17:26.612[chain]            [32minfo[39m: Publishing execution payload envelope slot=43, blockRoot=0x8b8b9032f4eefa8e518d0915c2007b80c1a8764aec2965aab59851dc7ae967f0, builderIndex=Infinity, isSelfBuild=true, dataColumns=0
[cl-2-lodestar-geth] Mar-04 16:17:26.621[chain]            [32minfo[39m: Published execution payload envelope slot=43, blockRoot=0x8b8b9032f4eefa8e518d0915c2007b80c1a8764aec2965aab59851dc7ae967f0, builderIndex=Infinity, isSelfBuild=true, dataColumns=0, delaySec=0.5980000495910645, sentPeers=3
[cl-2-lodestar-geth] Mar-04 16:17:32.000[]                 [32minfo[39m: Synced - slot: 43 - head: 0x8b8b…67f0 - exec-block: valid/full(43 0xb651… bid:0xb651…) - finalized: 0x0000…0000:0 - peers: 3
[cl-2-lodestar-geth] Mar-04 16:17:44.000[]                 [32minfo[39m: Synced - slot: 44 - head: 0x5de1…65e1 - exec-block: valid/full(44 0x9a64… bid:0x9a64…) - finalized: 0x0000…0000:0 - peers: 3
[cl-2-lodestar-geth] Mar-04 16:17:56.000[]                 [32minfo[39m: Synced - slot: 45 - head: 0x9d19…a5f3 - exec-block: valid/full(45 0x780f… bid:0x780f…) - finalized: 0x0000…0000:0 - peers: 3
[cl-2-lodestar-geth] Mar-04 16:18:08.002[]                 [32minfo[39m: Synced - slot: 46 - head: 0x9b10…392c - exec-block: valid/full(46 0x309a… bid:0x309a…) - finalized: 0x0000…0000:0 - peers: 3
[cl-2-lodestar-geth] Mar-04 16:18:20.000[]                 [32minfo[39m: Synced - slot: 47 - head: 0x0985…9743 - exec-block: valid/full(47 0x8fb8… bid:0x8fb8…) - finalized: 0x0000…0000:0 - peers: 3
[cl-2-lodestar-geth] Mar-04 16:18:26.602[chain]            [32minfo[39m: Publishing block slot=48, blockRoot=0xe1f1a0f83c2ab994f3e05fa047ba0cf80c114cbda1f0f1c1734ce1955016f4eb, bodyRoot=0xb77935f2b96e3ebe5e54a5fedecc32791359383817789e94b0b8d2f8de49b94e, broadcastValidation=gossip, blockLocallyProduced=true
[cl-2-lodestar-geth] Mar-04 16:18:26.672[api]              [32minfo[39m: Produced execution payload envelope slot=48, blockRoot=0xe1f1a0f83c2ab994f3e05fa047ba0cf80c114cbda1f0f1c1734ce1955016f4eb, transactions=0, blockHash=0x3e3f7ac671402000f11db726603dff388fecefa73470c7222710b7aad96e836a
[cl-2-lodestar-geth] Mar-04 16:18:26.691[chain]            [32minfo[39m: Publishing execution payload envelope slot=48, blockRoot=0xe1f1a0f83c2ab994f3e05fa047ba0cf80c114cbda1f0f1c1734ce1955016f4eb, builderIndex=Infinity, isSelfBuild=true, dataColumns=0
[cl-2-lodestar-geth] Mar-04 16:18:26.692[chain]            [32minfo[39m: Published execution payload envelope slot=48, blockRoot=0xe1f1a0f83c2ab994f3e05fa047ba0cf80c114cbda1f0f1c1734ce1955016f4eb, builderIndex=Infinity, isSelfBuild=true, dataColumns=0, delaySec=0.6770000457763672, sentPeers=3
[cl-2-lodestar-geth] Mar-04 16:18:32.000[]                 [32minfo[39m: Synced - slot: 48 - head: 0xe1f1…f4eb - exec-block: valid/full(48 0x3e3f… bid:0x3e3f…) - finalized: 0x0000…0000:0 - peers: 3
[cl-2-lodestar-geth] Mar-04 16:18:44.000[]                 [32minfo[39m: Synced - slot: 49 - head: 0x67d2…b87b - exec-block: valid/full(49 0x2dc5… bid:0x2dc5…) - finalized: 0x0000…0000:0 - peers: 3
[cl-2-lodestar-geth] Mar-04 16:18:56.000[]                 [32minfo[39m: Synced - slot: 50 - head: 0xa0d1…c436 - exec-block: valid/full(50 0x35ad… bid:0x35ad…) - finalized: 0x0000…0000:0 - peers: 3
[cl-2-lodestar-geth] Mar-04 16:19:08.000[]                 [32minfo[39m: Synced - slot: 51 - head: 0xe4d5…9107 - exec-block: valid/full(51 0x8c84… bid:0x8c84…) - finalized: 0x0000…0000:0 - peers: 3
[cl-2-lodestar-geth] Mar-04 16:19:20.000[]                 [32minfo[39m: Synced - slot: 52 - head: 0x5fec…e8aa - exec-block: valid/full(52 0xc4cf… bid:0xc4cf…) - finalized: 0x0000…0000:0 - peers: 3
[cl-2-lodestar-geth] Mar-04 16:19:32.000[]                 [32minfo[39m: Synced - slot: 53 - head: 0xcec8…b2f4 - exec-block: valid/full(53 0x3cca… bid:0x3cca…) - finalized: 0x0000…0000:0 - peers: 3
[cl-2-lodestar-geth] Mar-04 16:19:44.000[]                 [32minfo[39m: Synced - slot: 54 - head: 0x8da9…d9fb - exec-block: valid/full(54 0xe55e… bid:0xe55e…) - finalized: 0x0000…0000:0 - peers: 3
[cl-2-lodestar-geth] Mar-04 16:19:56.000[]                 [32minfo[39m: Synced - slot: 55 - head: 0x1a89…ab4f - exec-block: valid/full(55 0xe7df… bid:0xe7df…) - finalized: 0x0000…0000:0 - peers: 3
[cl-2-lodestar-geth] Mar-04 16:20:08.000[]                 [32minfo[39m: Synced - slot: 56 - head: 0x9cf8…c31f - exec-block: valid/full(56 0xb3da… bid:0xb3da…) - finalized: 0x0000…0000:0 - peers: 3
[cl-2-lodestar-geth] Mar-04 16:20:14.530[chain]            [32minfo[39m: Publishing block slot=57, blockRoot=0x907514f32d47a52ae9002013c04196a67c51900715489d0e7765bcd33cbad3c9, bodyRoot=0x423a9d60754f15052c5a326d7a62922970c3bdfb7601434635b3599e00d36b81, broadcastValidation=gossip, blockLocallyProduced=true
[cl-2-lodestar-geth] Mar-04 16:20:14.628[api]              [32minfo[39m: Produced execution payload envelope slot=57, blockRoot=0x907514f32d47a52ae9002013c04196a67c51900715489d0e7765bcd33cbad3c9, transactions=0, blockHash=0x8da42b405ba4e2546e13b3475e1568b827b45555876769096e4e09baf1b08a31
[cl-2-lodestar-geth] Mar-04 16:20:14.643[chain]            [32minfo[39m: Publishing execution payload envelope slot=57, blockRoot=0x907514f32d47a52ae9002013c04196a67c51900715489d0e7765bcd33cbad3c9, builderIndex=Infinity, isSelfBuild=true, dataColumns=0
[cl-2-lodestar-geth] Mar-04 16:20:14.649[chain]            [32minfo[39m: Published execution payload envelope slot=57, blockRoot=0x907514f32d47a52ae9002013c04196a67c51900715489d0e7765bcd33cbad3c9, builderIndex=Infinity, isSelfBuild=true, dataColumns=0, delaySec=0.6310000419616699, sentPeers=3
[cl-2-lodestar-geth] Mar-04 16:20:20.002[]                 [32minfo[39m: Synced - slot: 57 - head: 0x9075…d3c9 - exec-block: valid/full(57 0x8da4… bid:0x8da4…) - finalized: 0x0000…0000:0 - peers: 3
[cl-2-lodestar-geth] Mar-04 16:20:32.001[]                 [32minfo[39m: Synced - slot: 58 - head: 0x88da…d1b8 - exec-block: valid/full(58 0xc155… bid:0xc155…) - finalized: 0x0000…0000:0 - peers: 3
[cl-2-lodestar-geth] Mar-04 16:20:38.531[chain]            [32minfo[39m: Publishing block slot=59, blockRoot=0x5de69fae3781dd96372bc1946f7a235815e45f21b160ecb1d23ca7508e502e86, bodyRoot=0xb021591084e8e302bbaced3afb14cb6b3be294c2cb389633484f43b797e78f09, broadcastValidation=gossip, blockLocallyProduced=true
[cl-2-lodestar-geth] Mar-04 16:20:38.628[api]              [32minfo[39m: Produced execution payload envelope slot=59, blockRoot=0x5de69fae3781dd96372bc1946f7a235815e45f21b160ecb1d23ca7508e502e86, transactions=0, blockHash=0xeea0e1caabc52f0be02c915b4b02c446cc7efdb1c1b1501e3ebbd7818bf7776b
[cl-2-lodestar-geth] Mar-04 16:20:38.664[chain]            [32minfo[39m: Publishing execution payload envelope slot=59, blockRoot=0x5de69fae3781dd96372bc1946f7a235815e45f21b160ecb1d23ca7508e502e86, builderIndex=Infinity, isSelfBuild=true, dataColumns=0
[cl-2-lodestar-geth] Mar-04 16:20:38.667[chain]            [32minfo[39m: Published execution payload envelope slot=59, blockRoot=0x5de69fae3781dd96372bc1946f7a235815e45f21b160ecb1d23ca7508e502e86, builderIndex=Infinity, isSelfBuild=true, dataColumns=0, delaySec=0.6419999599456787, sentPeers=3
[cl-2-lodestar-geth] Mar-04 16:20:44.000[]                 [32minfo[39m: Synced - slot: 59 - head: 0x5de6…2e86 - exec-block: valid/full(59 0xeea0… bid:0xeea0…) - finalized: 0x0000…0000:0 - peers: 3
[cl-2-lodestar-geth] Mar-04 16:20:50.528[chain]            [32minfo[39m: Publishing block slot=60, blockRoot=0x88a40a189bd8a8c3b28d83fe8537fad1076aea8bc3bd992cfd673657849ab38d, bodyRoot=0xaafcc25156a2ae5eae2cdcfca98b4646cdb20145a1b6c4e388dda8d5d89a29d9, broadcastValidation=gossip, blockLocallyProduced=true
[cl-2-lodestar-geth] Mar-04 16:20:50.598[api]              [32minfo[39m: Produced execution payload envelope slot=60, blockRoot=0x88a40a189bd8a8c3b28d83fe8537fad1076aea8bc3bd992cfd673657849ab38d, transactions=0, blockHash=0x3d655ea5a64d7f4877949b9fbf0db9da49941f7dec5dc84a7a2431b914696a4b
[cl-2-lodestar-geth] Mar-04 16:20:50.608[chain]            [32minfo[39m: Publishing execution payload envelope slot=60, blockRoot=0x88a40a189bd8a8c3b28d83fe8537fad1076aea8bc3bd992cfd673657849ab38d, builderIndex=Infinity, isSelfBuild=true, dataColumns=0
[cl-2-lodestar-geth] Mar-04 16:20:50.609[chain]            [32minfo[39m: Published execution payload envelope slot=60, blockRoot=0x88a40a189bd8a8c3b28d83fe8537fad1076aea8bc3bd992cfd673657849ab38d, builderIndex=Infinity, isSelfBuild=true, dataColumns=0, delaySec=0.6010000705718994, sentPeers=3
[cl-2-lodestar-geth] Mar-04 16:20:56.001[]                 [32minfo[39m: Synced - slot: 60 - head: 0x88a4…b38d - exec-block: valid/full(60 0x3d65… bid:0x3d65…) - finalized: 0x0000…0000:0 - peers: 3
[cl-2-lodestar-geth] Mar-04 16:21:08.000[]                 [32minfo[39m: Synced - slot: 61 - head: 0xd878…a058 - exec-block: valid/full(61 0x3f42… bid:0x3f42…) - finalized: 0x0000…0000:0 - peers: 3
[cl-2-lodestar-geth] Mar-04 16:21:20.001[]                 [32minfo[39m: Synced - slot: 62 - head: 0xbe64…8f2c - exec-block: valid/full(62 0x3707… bid:0x3707…) - finalized: 0x0000…0000:0 - peers: 3
[cl-2-lodestar-geth] Mar-04 16:21:32.002[]                 [32minfo[39m: Synced - slot: 63 - head: 0x30ec…a2c3 - exec-block: valid/full(63 0xb4b0… bid:0xb4b0…) - finalized: 0x0000…0000:0 - peers: 3
[cl-2-lodestar-geth] Mar-04 16:21:44.000[]                 [32minfo[39m: Synced - slot: 64 - head: 0xe368…11c1 - exec-block: valid/full(64 0x5373… bid:0x5373…) - finalized: 0x0000…0000:0 - peers: 3
[cl-2-lodestar-geth] Mar-04 16:21:56.001[]                 [32minfo[39m: Synced - slot: 65 - head: 0xbb4e…8444 - exec-block: valid/full(65 0x729b… bid:0x729b…) - finalized: 0x0000…0000:0 - peers: 3
[cl-2-lodestar-geth] Mar-04 16:22:08.001[]                 [32minfo[39m: Synced - slot: 66 - head: 0x7b1a…4645 - exec-block: valid/full(66 0xa6d3… bid:0xa6d3…) - finalized: 0x0000…0000:0 - peers: 3
[cl-2-lodestar-geth] Mar-04 16:22:20.000[]                 [32minfo[39m: Synced - slot: 67 - head: 0xdd95…8ed8 - exec-block: valid/full(67 0x36ca… bid:0x36ca…) - finalized: 0x0000…0000:0 - peers: 3
[cl-2-lodestar-geth] Mar-04 16:22:32.000[]                 [32minfo[39m: Synced - slot: 68 - head: 0x7a65…0839 - exec-block: valid/full(68 0x9085… bid:0x9085…) - finalized: 0x0000…0000:0 - peers: 3
[cl-2-lodestar-geth] Mar-04 16:22:44.000[]                 [32minfo[39m: Synced - slot: 69 - head: 0x1f37…ada6 - exec-block: valid/full(69 0x2523… bid:0x2523…) - finalized: 0x0000…0000:0 - peers: 3
[cl-2-lodestar-geth] Mar-04 16:22:56.002[]                 [32minfo[39m: Synced - slot: 70 - head: 0x5d05…8828 - exec-block: valid/full(70 0x308c… bid:0x308c…) - finalized: 0x0000…0000:0 - peers: 3
[cl-2-lodestar-geth] Mar-04 16:23:08.000[]                 [32minfo[39m: Synced - slot: 71 - head: 0x0c79…61c6 - exec-block: valid/full(71 0x54b7… bid:0x54b7…) - finalized: 0x0000…0000:0 - peers: 3
[cl-2-lodestar-geth] Mar-04 16:23:20.000[]                 [32minfo[39m: Synced - slot: 72 - head: 0x1e1f…8ed7 - exec-block: valid/full(72 0x0986… bid:0x0986…) - finalized: 0x0000…0000:0 - peers: 3
[cl-2-lodestar-geth] Mar-04 16:23:32.000[]                 [32minfo[39m: Synced - slot: 73 - head: 0x20e7…8522 - exec-block: valid/full(73 0x715d… bid:0x715d…) - finalized: 0x0000…0000:0 - peers: 3
[cl-2-lodestar-geth] Mar-04 16:23:44.001[]                 [32minfo[39m: Synced - slot: 74 - head: 0xa160…32a7 - exec-block: valid/full(74 0xee49… bid:0xee49…) - finalized: 0x0000…0000:0 - peers: 3
[cl-2-lodestar-geth] Mar-04 16:23:56.002[]                 [32minfo[39m: Synced - slot: 75 - head: 0x194c…9050 - exec-block: valid/full(75 0x212e… bid:0x212e…) - finalized: 0x0000…0000:0 - peers: 3
[cl-2-lodestar-geth] Mar-04 16:24:02.518[chain]            [32minfo[39m: Publishing block slot=76, blockRoot=0xe8e7166110bf9ed827cf3572a0df2851805b5fe4b1192511a332506c89ab7244, bodyRoot=0x3211dd95876519365f3aae6ad86fae32b670a63e35ff844f6060afd96b47ff83, broadcastValidation=gossip, blockLocallyProduced=true
[cl-2-lodestar-geth] Mar-04 16:24:02.587[api]              [32minfo[39m: Produced execution payload envelope slot=76, blockRoot=0xe8e7166110bf9ed827cf3572a0df2851805b5fe4b1192511a332506c89ab7244, transactions=0, blockHash=0x046f7095e20abc8275b76439aea4bd41384a900915510ceaeb8a51b80ddb2bfc
[cl-2-lodestar-geth] Mar-04 16:24:02.598[chain]            [32minfo[39m: Publishing execution payload envelope slot=76, blockRoot=0xe8e7166110bf9ed827cf3572a0df2851805b5fe4b1192511a332506c89ab7244, builderIndex=Infinity, isSelfBuild=true, dataColumns=0
[cl-2-lodestar-geth] Mar-04 16:24:02.599[chain]            [32minfo[39m: Published execution payload envelope slot=76, blockRoot=0xe8e7166110bf9ed827cf3572a0df2851805b5fe4b1192511a332506c89ab7244, builderIndex=Infinity, isSelfBuild=true, dataColumns=0, delaySec=0.5899999141693115, sentPeers=3
[cl-2-lodestar-geth] Mar-04 16:24:08.004[]                 [32minfo[39m: Synced - slot: 76 - head: 0xe8e7…7244 - exec-block: valid/full(76 0x046f… bid:0x046f…) - finalized: 0x0000…0000:0 - peers: 3
[cl-2-lodestar-geth] Mar-04 16:24:14.521[chain]            [32minfo[39m: Publishing block slot=77, blockRoot=0x822f8cfc0429c277c5b8a4010f479f9847c34746aaafbe2de258681fc3f1913b, bodyRoot=0xc9ab754435b589845f25ee5a64759aa4419267072853bbde0d15ff210a9f0c4d, broadcastValidation=gossip, blockLocallyProduced=true
[cl-2-lodestar-geth] Mar-04 16:24:14.610[api]              [32minfo[39m: Produced execution payload envelope slot=77, blockRoot=0x822f8cfc0429c277c5b8a4010f479f9847c34746aaafbe2de258681fc3f1913b, transactions=0, blockHash=0x1dd9b401666f1e20e87c46bc98bd2f17a4953b4e7de32a3f5000efe75a5da147
[cl-2-lodestar-geth] Mar-04 16:24:14.620[chain]            [32minfo[39m: Publishing execution payload envelope slot=77, blockRoot=0x822f8cfc0429c277c5b8a4010f479f9847c34746aaafbe2de258681fc3f1913b, builderIndex=Infinity, isSelfBuild=true, dataColumns=0
[cl-2-lodestar-geth] Mar-04 16:24:14.622[chain]            [32minfo[39m: Published execution payload envelope slot=77, blockRoot=0x822f8cfc0429c277c5b8a4010f479f9847c34746aaafbe2de258681fc3f1913b, builderIndex=Infinity, isSelfBuild=true, dataColumns=0, delaySec=0.6140000820159912, sentPeers=3
[cl-2-lodestar-geth] Mar-04 16:24:20.000[]                 [32minfo[39m: Synced - slot: 77 - head: 0x822f…913b - exec-block: valid/full(77 0x1dd9… bid:0x1dd9…) - finalized: 0x0000…0000:0 - peers: 3
[cl-2-lodestar-geth] Mar-04 16:24:32.000[]                 [32minfo[39m: Synced - slot: 78 - head: 0x330e…8171 - exec-block: valid/full(78 0x2260… bid:0x2260…) - finalized: 0x0000…0000:0 - peers: 3
[cl-2-lodestar-geth] Mar-04 16:24:44.000[]                 [32minfo[39m: Synced - slot: 79 - head: 0xf79b…387d - exec-block: valid/full(79 0x27fb… bid:0x27fb…) - finalized: 0x0000…0000:0 - peers: 3
[cl-2-lodestar-geth] Mar-04 16:24:56.000[]                 [32minfo[39m: Synced - slot: 80 - head: 0x1b05…8646 - exec-block: valid/full(80 0xbbd3… bid:0xbbd3…) - finalized: 0x0000…0000:0 - peers: 3
[cl-2-lodestar-geth] Mar-04 16:25:08.000[]                 [32minfo[39m: Synced - slot: 81 - head: 0x3971…d671 - exec-block: valid/full(81 0x07d3… bid:0x07d3…) - finalized: 0x0000…0000:0 - peers: 3
[cl-2-lodestar-geth] Mar-04 16:25:14.528[chain]            [32minfo[39m: Publishing block slot=82, blockRoot=0x1c41243e7ac23af64b1b90fc30d4d9d093a3b447f7cf93f2cef2a7124d8caffd, bodyRoot=0xc2c6c820db9ac02dd02a52d2ef3579f14f1c84136956e340620a076bed5b135d, broadcastValidation=gossip, blockLocallyProduced=true
[cl-2-lodestar-geth] Mar-04 16:25:14.626[api]              [32minfo[39m: Produced execution payload envelope slot=82, blockRoot=0x1c41243e7ac23af64b1b90fc30d4d9d093a3b447f7cf93f2cef2a7124d8caffd, transactions=0, blockHash=0xfb65317ddd4f7721e9572ecad4ff3bcebbbf2d3be93e85d55ec9c58509163113
[cl-2-lodestar-geth] Mar-04 16:25:14.648[chain]            [32minfo[39m: Publishing execution payload envelope slot=82, blockRoot=0x1c41243e7ac23af64b1b90fc30d4d9d093a3b447f7cf93f2cef2a7124d8caffd, builderIndex=Infinity, isSelfBuild=true, dataColumns=0
[cl-2-lodestar-geth] Mar-04 16:25:14.649[chain]            [32minfo[39m: Published execution payload envelope slot=82, blockRoot=0x1c41243e7ac23af64b1b90fc30d4d9d093a3b447f7cf93f2cef2a7124d8caffd, builderIndex=Infinity, isSelfBuild=true, dataColumns=0, delaySec=0.6329998970031738, sentPeers=3
[cl-2-lodestar-geth] Mar-04 16:25:20.001[]                 [32minfo[39m: Synced - slot: 82 - head: 0x1c41…affd - exec-block: valid/full(82 0xfb65… bid:0xfb65…) - finalized: 0x0000…0000:0 - peers: 3
[cl-2-lodestar-geth] Mar-04 16:25:32.000[]                 [32minfo[39m: Synced - slot: 83 - head: 0x6b5a…f1ae - exec-block: valid/full(83 0x3208… bid:0x3208…) - finalized: 0x0000…0000:0 - peers: 3
[cl-2-lodestar-geth] Mar-04 16:25:44.001[]                 [32minfo[39m: Synced - slot: 84 - head: 0x357a…6897 - exec-block: valid/full(84 0xc667… bid:0xc667…) - finalized: 0x0000…0000:0 - peers: 3
[cl-2-lodestar-geth] Mar-04 16:25:56.001[]                 [32minfo[39m: Synced - slot: 85 - head: 0x219a…7b43 - exec-block: valid/full(85 0x503f… bid:0x503f…) - finalized: 0x0000…0000:0 - peers: 3
[cl-2-lodestar-geth] Mar-04 16:26:08.000[]                 [32minfo[39m: Synced - slot: 86 - head: 0xd0de…8145 - exec-block: valid/full(86 0x731b… bid:0x731b…) - finalized: 0x0000…0000:0 - peers: 3
[cl-2-lodestar-geth] Mar-04 16:26:14.514[chain]            [32minfo[39m: Publishing block slot=87, blockRoot=0xf2773095ebab7a13864de0299e2259becccfff4cd5b9606af917dbf23ea85b85, bodyRoot=0xc8d247ce62c560beccf7cfcfb32a49e751b3ee99df810ab262a1fa40aeca0230, broadcastValidation=gossip, blockLocallyProduced=true
[cl-2-lodestar-geth] Mar-04 16:26:14.614[api]              [32minfo[39m: Produced execution payload envelope slot=87, blockRoot=0xf2773095ebab7a13864de0299e2259becccfff4cd5b9606af917dbf23ea85b85, transactions=0, blockHash=0x787f887920e45c6975abfa554e3a59308cd323bf54158c920bcaac2ef7c1de62
[cl-2-lodestar-geth] Mar-04 16:26:14.636[chain]            [32minfo[39m: Publishing execution payload envelope slot=87, blockRoot=0xf2773095ebab7a13864de0299e2259becccfff4cd5b9606af917dbf23ea85b85, builderIndex=Infinity, isSelfBuild=true, dataColumns=0
[cl-2-lodestar-geth] Mar-04 16:26:14.642[chain]            [32minfo[39m: Published execution payload envelope slot=87, blockRoot=0xf2773095ebab7a13864de0299e2259becccfff4cd5b9606af917dbf23ea85b85, builderIndex=Infinity, isSelfBuild=true, dataColumns=0, delaySec=0.6180000305175781, sentPeers=3
[cl-2-lodestar-geth] Mar-04 16:26:20.000[]                 [32minfo[39m: Synced - slot: 87 - head: 0xf277…5b85 - exec-block: valid/full(87 0x787f… bid:0x787f…) - finalized: 0x0000…0000:0 - peers: 3
[cl-2-lodestar-geth] Mar-04 16:26:32.004[]                 [32minfo[39m: Synced - slot: 88 - head: 0x1d5b…db85 - exec-block: valid/full(88 0x47db… bid:0x47db…) - finalized: 0x0000…0000:0 - peers: 3
[cl-2-lodestar-geth] Mar-04 16:26:44.000[]                 [32minfo[39m: Synced - slot: 89 - head: 0xc588…75a8 - exec-block: valid/full(89 0x12d2… bid:0x12d2…) - finalized: 0x0000…0000:0 - peers: 3
[cl-2-lodestar-geth] Mar-04 16:26:56.000[]                 [32minfo[39m: Synced - slot: 90 - head: 0x256d…34a7 - exec-block: valid/full(90 0xbe9d… bid:0xbe9d…) - finalized: 0x0000…0000:0 - peers: 3
[cl-2-lodestar-geth] Mar-04 16:27:02.528[chain]            [32minfo[39m: Publishing block slot=91, blockRoot=0xea13a92eab8b5e84518b108965c097f41a0f8806cfb66267e58e2e001ae1fc96, bodyRoot=0x6d9fa5ecc0dcd3b277022c34a0edd83d11c6fd5e73252dc9d94886bbdaaefc0c, broadcastValidation=gossip, blockLocallyProduced=true
[cl-2-lodestar-geth] Mar-04 16:27:02.605[api]              [32minfo[39m: Produced execution payload envelope slot=91, blockRoot=0xea13a92eab8b5e84518b108965c097f41a0f8806cfb66267e58e2e001ae1fc96, transactions=0, blockHash=0x3288dfb2648a6ecd14c80563e715e4f6c6ef1def270a12ffeae7d2bc2d14c4ee
[cl-2-lodestar-geth] Mar-04 16:27:02.628[chain]            [32minfo[39m: Publishing execution payload envelope slot=91, blockRoot=0xea13a92eab8b5e84518b108965c097f41a0f8806cfb66267e58e2e001ae1fc96, builderIndex=Infinity, isSelfBuild=true, dataColumns=0
[cl-2-lodestar-geth] Mar-04 16:27:02.634[chain]            [32minfo[39m: Published execution payload envelope slot=91, blockRoot=0xea13a92eab8b5e84518b108965c097f41a0f8806cfb66267e58e2e001ae1fc96, builderIndex=Infinity, isSelfBuild=true, dataColumns=0, delaySec=0.6089999675750732, sentPeers=3
[cl-2-lodestar-geth] Mar-04 16:27:08.002[]                 [32minfo[39m: Synced - slot: 91 - head: 0xea13…fc96 - exec-block: valid/full(91 0x3288… bid:0x3288…) - finalized: 0x0000…0000:0 - peers: 3
[cl-2-lodestar-geth] Mar-04 16:27:20.000[]                 [32minfo[39m: Synced - slot: 92 - head: 0xc6f1…96bd - exec-block: valid/full(92 0x1f80… bid:0x1f80…) - finalized: 0x0000…0000:0 - peers: 3
[cl-2-lodestar-geth] Mar-04 16:27:32.000[]                 [32minfo[39m: Synced - slot: 93 - head: 0xb670…18ed - exec-block: valid/full(93 0x3fae… bid:0x3fae…) - finalized: 0x0000…0000:0 - peers: 3
[cl-2-lodestar-geth] Mar-04 16:27:38.521[chain]            [32minfo[39m: Publishing block slot=94, blockRoot=0xd8fb4d962c8c4cd59457c0d3df2723da9c5176c281e29916716969f8a06e52d2, bodyRoot=0xaefc1d4378b964f7d8e5f0ce5501c891842d7a52a4a8b8494a9e04654506f2c0, broadcastValidation=gossip, blockLocallyProduced=true
[cl-2-lodestar-geth] Mar-04 16:27:38.624[api]              [32minfo[39m: Produced execution payload envelope slot=94, blockRoot=0xd8fb4d962c8c4cd59457c0d3df2723da9c5176c281e29916716969f8a06e52d2, transactions=0, blockHash=0x668b40d9f92aab79cd2feecb1e923e6b491b72d212639c2c65acd60317e57e50
[cl-2-lodestar-geth] Mar-04 16:27:38.663[chain]            [32minfo[39m: Publishing execution payload envelope slot=94, blockRoot=0xd8fb4d962c8c4cd59457c0d3df2723da9c5176c281e29916716969f8a06e52d2, builderIndex=Infinity, isSelfBuild=true, dataColumns=0
[cl-2-lodestar-geth] Mar-04 16:27:38.671[chain]            [32minfo[39m: Published execution payload envelope slot=94, blockRoot=0xd8fb4d962c8c4cd59457c0d3df2723da9c5176c281e29916716969f8a06e52d2, builderIndex=Infinity, isSelfBuild=true, dataColumns=0, delaySec=0.6349999904632568, sentPeers=3
[cl-2-lodestar-geth] Mar-04 16:27:44.000[]                 [32minfo[39m: Synced - slot: 94 - head: 0xd8fb…52d2 - exec-block: valid/full(94 0x668b… bid:0x668b…) - finalized: 0x0000…0000:0 - peers: 3
[cl-2-lodestar-geth] Mar-04 16:27:50.537[chain]            [32minfo[39m: Publishing block slot=95, blockRoot=0xdb950b8fb22b34189edf61e0e4eb089baee82961092dfa461acbb4b8e763ef79, bodyRoot=0x9d64693f2a9ce671e6a2ec8e93bbd7c06f1eabadec6a2ba9c8359d0fcf3d4462, broadcastValidation=gossip, blockLocallyProduced=true
[cl-2-lodestar-geth] Mar-04 16:27:50.638[api]              [32minfo[39m: Produced execution payload envelope slot=95, blockRoot=0xdb950b8fb22b34189edf61e0e4eb089baee82961092dfa461acbb4b8e763ef79, transactions=0, blockHash=0x31f1cd6930f7c2919b7bf97d71ffb0eab2cf60144ba68d08cd506bc88190275b
[cl-2-lodestar-geth] Mar-04 16:27:50.648[chain]            [32minfo[39m: Publishing execution payload envelope slot=95, blockRoot=0xdb950b8fb22b34189edf61e0e4eb089baee82961092dfa461acbb4b8e763ef79, builderIndex=Infinity, isSelfBuild=true, dataColumns=0
[cl-2-lodestar-geth] Mar-04 16:27:50.650[chain]            [32minfo[39m: Published execution payload envelope slot=95, blockRoot=0xdb950b8fb22b34189edf61e0e4eb089baee82961092dfa461acbb4b8e763ef79, builderIndex=Infinity, isSelfBuild=true, dataColumns=0, delaySec=0.6400001049041748, sentPeers=3
[cl-2-lodestar-geth] Mar-04 16:27:56.001[]                 [32minfo[39m: Synced - slot: 95 - head: 0xdb95…ef79 - exec-block: valid/full(95 0x31f1… bid:0x31f1…) - finalized: 0x0000…0000:0 - peers: 3
[cl-2-lodestar-geth] Mar-04 16:28:02.001[network]          [32minfo[39m: Unsubscribing gossip topics of previous fork boundary fork=fulu, epoch=0
[cl-2-lodestar-geth] Mar-04 16:28:02.008[network]          [32minfo[39m: Unsubscribing from long lived attnets of previous fork boundary fork=fulu, epoch=0
[cl-2-lodestar-geth] Mar-04 16:28:02.015[network]          [32minfo[39m: Unsubscribing from random attnets of previous fork boundary fork=fulu, epoch=0
[cl-2-lodestar-geth] Mar-04 16:28:08.000[]                 [32minfo[39m: Synced - slot: 96 - head: 0x80aa…bba1 - exec-block: valid/full(96 0xe947… bid:0xe947…) - finalized: 0x0000…0000:0 - peers: 3
[cl-2-lodestar-geth] Mar-04 16:28:20.002[]                 [32minfo[39m: Synced - slot: 97 - head: 0x3d3b…84bf - exec-block: valid/full(97 0x72ad… bid:0x72ad…) - finalized: 0x0000…0000:0 - peers: 3
[cl-2-lodestar-geth] Mar-04 16:28:32.000[]                 [32minfo[39m: Synced - slot: 98 - head: 0x2778…024d - exec-block: valid/full(98 0x04cd… bid:0x04cd…) - finalized: 0x0000…0000:0 - peers: 3
[cl-2-lodestar-geth] Mar-04 16:28:44.001[]                 [32minfo[39m: Synced - slot: 99 - head: 0xd504…d9dc - exec-block: valid/full(99 0x640d… bid:0x640d…) - finalized: 0x0000…0000:0 - peers: 3
[cl-2-lodestar-geth] Mar-04 16:28:56.000[]                 [32minfo[39m: Synced - slot: 100 - head: 0x0aae…5ae0 - exec-block: valid/full(100 0xdd50… bid:0xdd50…) - finalized: 0x0000…0000:0 - peers: 3
[cl-2-lodestar-geth] Mar-04 16:29:02.523[chain]            [32minfo[39m: Publishing block slot=101, blockRoot=0xe769c9d488dac1cf1352c7914936869a8abe6858f635541cc5d01a70956d19dc, bodyRoot=0x2ef47145262b8cbd6077a54e9468356975994d337928b98b6d18b4845d800165, broadcastValidation=gossip, blockLocallyProduced=true
[cl-2-lodestar-geth] Mar-04 16:29:02.617[api]              [32minfo[39m: Produced execution payload envelope slot=101, blockRoot=0xe769c9d488dac1cf1352c7914936869a8abe6858f635541cc5d01a70956d19dc, transactions=0, blockHash=0xfe7c8cf1bfba70499b3e3c65aaba88afd748f46715437615bd6f878d87cac61e
[cl-2-lodestar-geth] Mar-04 16:29:02.640[chain]            [32minfo[39m: Publishing execution payload envelope slot=101, blockRoot=0xe769c9d488dac1cf1352c7914936869a8abe6858f635541cc5d01a70956d19dc, builderIndex=Infinity, isSelfBuild=true, dataColumns=0
[cl-2-lodestar-geth] Mar-04 16:29:02.648[chain]            [32minfo[39m: Published execution payload envelope slot=101, blockRoot=0xe769c9d488dac1cf1352c7914936869a8abe6858f635541cc5d01a70956d19dc, builderIndex=Infinity, isSelfBuild=true, dataColumns=0, delaySec=0.621999979019165, sentPeers=3
[cl-2-lodestar-geth] Mar-04 16:29:08.000[]                 [32minfo[39m: Synced - slot: 101 - head: 0xe769…19dc - exec-block: valid/full(101 0xfe7c… bid:0xfe7c…) - finalized: 0x0000…0000:0 - peers: 3
[cl-2-lodestar-geth] Mar-04 16:29:14.527[chain]            [32minfo[39m: Publishing block slot=102, blockRoot=0x8ea6265034034a4d752c7a68868fefb1d01c2ce0fd8a7201563398dd47644437, bodyRoot=0x4f0c8900667aad1d8e6b249aaee7fe63774fbf09a4e49379f22766e4b3e8d666, broadcastValidation=gossip, blockLocallyProduced=true
[cl-2-lodestar-geth] Mar-04 16:29:14.617[api]              [32minfo[39m: Produced execution payload envelope slot=102, blockRoot=0x8ea6265034034a4d752c7a68868fefb1d01c2ce0fd8a7201563398dd47644437, transactions=0, blockHash=0xc7c8edaed500225a07364375636b810b7fa349c3c2cfef67564a13bd70ec1228
[cl-2-lodestar-geth] Mar-04 16:29:14.637[chain]            [32minfo[39m: Publishing execution payload envelope slot=102, blockRoot=0x8ea6265034034a4d752c7a68868fefb1d01c2ce0fd8a7201563398dd47644437, builderIndex=Infinity, isSelfBuild=true, dataColumns=0
[cl-2-lodestar-geth] Mar-04 16:29:14.643[chain]            [32minfo[39m: Published execution payload envelope slot=102, blockRoot=0x8ea6265034034a4d752c7a68868fefb1d01c2ce0fd8a7201563398dd47644437, builderIndex=Infinity, isSelfBuild=true, dataColumns=0, delaySec=0.625, sentPeers=3
[cl-2-lodestar-geth] Mar-04 16:29:20.000[]                 [32minfo[39m: Synced - slot: 102 - head: 0x8ea6…4437 - exec-block: valid/full(102 0xc7c8… bid:0xc7c8…) - finalized: 0x0000…0000:0 - peers: 3
[cl-2-lodestar-geth] Mar-04 16:29:32.001[]                 [32minfo[39m: Synced - slot: 103 - head: 0x04f8…794f - exec-block: valid/full(103 0xcc58… bid:0xcc58…) - finalized: 0x0000…0000:0 - peers: 3
[cl-2-lodestar-geth] Mar-04 16:29:44.000[]                 [32minfo[39m: Synced - slot: 104 - head: 0x0afb…3de7 - exec-block: valid/full(104 0x92c4… bid:0x92c4…) - finalized: 0x0000…0000:0 - peers: 3
[cl-2-lodestar-geth] Mar-04 16:29:56.000[]                 [32minfo[39m: Synced - slot: 105 - head: 0x4fdb…5ce7 - exec-block: valid/full(105 0xd54e… bid:0xd54e…) - finalized: 0x0000…0000:0 - peers: 3
[cl-2-lodestar-geth] Mar-04 16:30:08.004[]                 [32minfo[39m: Synced - slot: 106 - head: 0x7114…f579 - exec-block: valid/full(106 0x09a2… bid:0x09a2…) - finalized: 0x0000…0000:0 - peers: 3
[cl-2-lodestar-geth] Mar-04 16:30:20.000[]                 [32minfo[39m: Synced - slot: 107 - head: 0xec84…f8a7 - exec-block: valid/full(107 0x0bef… bid:0x0bef…) - finalized: 0x0000…0000:0 - peers: 3
[cl-2-lodestar-geth] Mar-04 16:30:32.000[]                 [32minfo[39m: Synced - slot: 108 - head: 0xd3bb…1c0a - exec-block: valid/full(108 0xf3be… bid:0xf3be…) - finalized: 0x0000…0000:0 - peers: 3
[cl-2-lodestar-geth] Mar-04 16:30:38.519[chain]            [32minfo[39m: Publishing block slot=109, blockRoot=0x66ac975ad45c76c60ce4b4ed3b00e336ec48645373018a44bb7b4cdce0d76861, bodyRoot=0xc964d17a17c662e55e195db1294c73eb0dc48ee0d862f200af07696af092e574, broadcastValidation=gossip, blockLocallyProduced=true
[cl-2-lodestar-geth] Mar-04 16:30:38.613[api]              [32minfo[39m: Produced execution payload envelope slot=109, blockRoot=0x66ac975ad45c76c60ce4b4ed3b00e336ec48645373018a44bb7b4cdce0d76861, transactions=0, blockHash=0x68fa96c2da62dd50d9b7490e9bd6a5403fe4e69459596f6f305aca2c8c1a4e13
[cl-2-lodestar-geth] Mar-04 16:30:38.631[chain]            [32minfo[39m: Publishing execution payload envelope slot=109, blockRoot=0x66ac975ad45c76c60ce4b4ed3b00e336ec48645373018a44bb7b4cdce0d76861, builderIndex=Infinity, isSelfBuild=true, dataColumns=0
[cl-2-lodestar-geth] Mar-04 16:30:38.646[chain]            [32minfo[39m: Published execution payload envelope slot=109, blockRoot=0x66ac975ad45c76c60ce4b4ed3b00e336ec48645373018a44bb7b4cdce0d76861, builderIndex=Infinity, isSelfBuild=true, dataColumns=0, delaySec=0.6210000514984131, sentPeers=3
[cl-2-lodestar-geth] Mar-04 16:30:44.001[]                 [32minfo[39m: Synced - slot: 109 - head: 0x66ac…6861 - exec-block: valid/full(109 0x68fa… bid:0x68fa…) - finalized: 0x0000…0000:0 - peers: 3
[cl-2-lodestar-geth] Mar-04 16:30:56.000[]                 [32minfo[39m: Synced - slot: 110 - head: 0xc571…b38e - exec-block: valid/full(110 0x7d93… bid:0x7d93…) - finalized: 0x0000…0000:0 - peers: 3
[cl-2-lodestar-geth] Mar-04 16:31:02.526[chain]            [32minfo[39m: Publishing block slot=111, blockRoot=0xa55b20b585c7ac533712e66c84a490d6e07adbeca2458c5543756d9c0322e20e, bodyRoot=0xb60cc2dc5776e1943becc01a92e849aea7e4ef87d1982e053edfe633b03ee0bc, broadcastValidation=gossip, blockLocallyProduced=true
[cl-2-lodestar-geth] Mar-04 16:31:02.597[api]              [32minfo[39m: Produced execution payload envelope slot=111, blockRoot=0xa55b20b585c7ac533712e66c84a490d6e07adbeca2458c5543756d9c0322e20e, transactions=0, blockHash=0x2993ac07c3d4a94486b401109359155368ed5af2daf7b9d77ae576fc86693659
[cl-2-lodestar-geth] Mar-04 16:31:02.614[chain]            [32minfo[39m: Publishing execution payload envelope slot=111, blockRoot=0xa55b20b585c7ac533712e66c84a490d6e07adbeca2458c5543756d9c0322e20e, builderIndex=Infinity, isSelfBuild=true, dataColumns=0
[cl-2-lodestar-geth] Mar-04 16:31:02.615[chain]            [32minfo[39m: Published execution payload envelope slot=111, blockRoot=0xa55b20b585c7ac533712e66c84a490d6e07adbeca2458c5543756d9c0322e20e, builderIndex=Infinity, isSelfBuild=true, dataColumns=0, delaySec=0.6029999256134033, sentPeers=3
[cl-2-lodestar-geth] Mar-04 16:31:08.000[]                 [32minfo[39m: Synced - slot: 111 - head: 0xa55b…e20e - exec-block: valid/full(111 0x2993… bid:0x2993…) - finalized: 0x0000…0000:0 - peers: 3
[cl-2-lodestar-geth] Mar-04 16:31:20.000[]                 [32minfo[39m: Synced - slot: 112 - head: 0x1d29…3490 - exec-block: valid/full(112 0xb2b8… bid:0xb2b8…) - finalized: 0x0000…0000:0 - peers: 3
[cl-2-lodestar-geth] Mar-04 16:31:32.000[]                 [32minfo[39m: Synced - slot: 113 - head: 0x2fb1…fa95 - exec-block: valid/full(113 0x6679… bid:0x6679…) - finalized: 0x0000…0000:0 - peers: 3
[cl-2-lodestar-geth] Mar-04 16:31:38.584[chain]            [32minfo[39m: Publishing block slot=114, blockRoot=0x17c5ccf033051136ca6c87238fdc82ccec14842f90b9551e48d4f4685f1d6850, bodyRoot=0xbccdad2bbe40ed43aef34dfcd531f5264d9dd3990226bbd300520cad75e6a34f, broadcastValidation=gossip, blockLocallyProduced=true
[cl-2-lodestar-geth] Mar-04 16:31:38.659[api]              [32minfo[39m: Produced execution payload envelope slot=114, blockRoot=0x17c5ccf033051136ca6c87238fdc82ccec14842f90b9551e48d4f4685f1d6850, transactions=0, blockHash=0xb65fe941b716f8cd391b8672f8291f2fa9b934edbb998ef6ef83f0de3c280686
[cl-2-lodestar-geth] Mar-04 16:31:38.671[chain]            [32minfo[39m: Publishing execution payload envelope slot=114, blockRoot=0x17c5ccf033051136ca6c87238fdc82ccec14842f90b9551e48d4f4685f1d6850, builderIndex=Infinity, isSelfBuild=true, dataColumns=0
[cl-2-lodestar-geth] Mar-04 16:31:38.672[chain]            [32minfo[39m: Published execution payload envelope slot=114, blockRoot=0x17c5ccf033051136ca6c87238fdc82ccec14842f90b9551e48d4f4685f1d6850, builderIndex=Infinity, isSelfBuild=true, dataColumns=0, delaySec=0.6619999408721924, sentPeers=3
[cl-2-lodestar-geth] Mar-04 16:31:44.000[]                 [32minfo[39m: Synced - slot: 114 - head: 0x17c5…6850 - exec-block: valid/full(114 0xb65f… bid:0xb65f…) - finalized: 0x0000…0000:0 - peers: 3
[cl-2-lodestar-geth] Mar-04 16:31:50.526[chain]            [32minfo[39m: Publishing block slot=115, blockRoot=0xc647d8631aac57eb1833ac9c5474d8b21fe8cf5b57d79f29a22ddc20f994d7cb, bodyRoot=0x4022823f82317763325d23bfb7608220706930edf6db6085e3abc745ad0be34a, broadcastValidation=gossip, blockLocallyProduced=true
[cl-2-lodestar-geth] Mar-04 16:31:50.594[api]              [32minfo[39m: Produced execution payload envelope slot=115, blockRoot=0xc647d8631aac57eb1833ac9c5474d8b21fe8cf5b57d79f29a22ddc20f994d7cb, transactions=0, blockHash=0xd29a6e96235719745af836aa45cb0ec07020b9b561e7b6293d46953d3659d82f
[cl-2-lodestar-geth] Mar-04 16:31:50.616[chain]            [32minfo[39m: Publishing execution payload envelope slot=115, blockRoot=0xc647d8631aac57eb1833ac9c5474d8b21fe8cf5b57d79f29a22ddc20f994d7cb, builderIndex=Infinity, isSelfBuild=true, dataColumns=0
[cl-2-lodestar-geth] Mar-04 16:31:50.624[chain]            [32minfo[39m: Published execution payload envelope slot=115, blockRoot=0xc647d8631aac57eb1833ac9c5474d8b21fe8cf5b57d79f29a22ddc20f994d7cb, builderIndex=Infinity, isSelfBuild=true, dataColumns=0, delaySec=0.5999999046325684, sentPeers=3
[cl-2-lodestar-geth] Mar-04 16:31:56.000[]                 [32minfo[39m: Synced - slot: 115 - head: 0xc647…d7cb - exec-block: valid/full(115 0xd29a… bid:0xd29a…) - finalized: 0x0000…0000:0 - peers: 3
[cl-2-lodestar-geth] Mar-04 16:32:08.000[]                 [32minfo[39m: Synced - slot: 116 - head: 0xd533…8ee3 - exec-block: valid/full(116 0xff7e… bid:0xff7e…) - finalized: 0x0000…0000:0 - peers: 3
[cl-2-lodestar-geth] Mar-04 16:32:20.000[]                 [32minfo[39m: Synced - slot: 117 - head: 0x1742…ee94 - exec-block: valid/full(117 0x82d4… bid:0x82d4…) - finalized: 0x0000…0000:0 - peers: 3
[cl-2-lodestar-geth] Mar-04 16:32:32.004[]                 [32minfo[39m: Synced - slot: 118 - head: 0x3e8a…77cd - exec-block: valid/full(118 0xfd39… bid:0xfd39…) - finalized: 0x0000…0000:0 - peers: 3
[cl-2-lodestar-geth] Mar-04 16:32:44.000[]                 [32minfo[39m: Synced - slot: 119 - head: 0x21c2…9784 - exec-block: valid/full(119 0x812f… bid:0x812f…) - finalized: 0x0000…0000:0 - peers: 3
[cl-2-lodestar-geth] Mar-04 16:32:56.000[]                 [32minfo[39m: Synced - slot: 120 - head: 0x9884…af83 - exec-block: valid/full(120 0x7147… bid:0x7147…) - finalized: 0x0000…0000:0 - peers: 3
[cl-2-lodestar-geth] Mar-04 16:33:08.000[]                 [32minfo[39m: Synced - slot: 121 - head: 0xc829…9060 - exec-block: valid/full(121 0x55d9… bid:0x55d9…) - finalized: 0x0000…0000:0 - peers: 3
[cl-2-lodestar-geth] Mar-04 16:33:14.531[chain]            [32minfo[39m: Publishing block slot=122, blockRoot=0x4f12fc241420809e21cf21175983d0902090c105fcbeca47f2fbc50055135141, bodyRoot=0x1c766629c1299c2045e684168cfe877acb1ddbf100582397f828993e07a6046b, broadcastValidation=gossip, blockLocallyProduced=true
[cl-2-lodestar-geth] Mar-04 16:33:14.605[api]              [32minfo[39m: Produced execution payload envelope slot=122, blockRoot=0x4f12fc241420809e21cf21175983d0902090c105fcbeca47f2fbc50055135141, transactions=0, blockHash=0x023f3c8916cbecaaba50e1c1b79bf2cc4aef95f04fa89b39a92a358b3453ace2
[cl-2-lodestar-geth] Mar-04 16:33:14.625[chain]            [32minfo[39m: Publishing execution payload envelope slot=122, blockRoot=0x4f12fc241420809e21cf21175983d0902090c105fcbeca47f2fbc50055135141, builderIndex=Infinity, isSelfBuild=true, dataColumns=0
[cl-2-lodestar-geth] Mar-04 16:33:14.626[chain]            [32minfo[39m: Published execution payload envelope slot=122, blockRoot=0x4f12fc241420809e21cf21175983d0902090c105fcbeca47f2fbc50055135141, builderIndex=Infinity, isSelfBuild=true, dataColumns=0, delaySec=0.6089999675750732, sentPeers=3
[cl-2-lodestar-geth] Mar-04 16:33:20.000[]                 [32minfo[39m: Synced - slot: 122 - head: 0x4f12…5141 - exec-block: valid/full(122 0x023f… bid:0x023f…) - finalized: 0x0000…0000:0 - peers: 3
[cl-2-lodestar-geth] Mar-04 16:33:32.000[]                 [32minfo[39m: Synced - slot: 123 - head: 0xb0b0…06ca - exec-block: valid/full(123 0x06a1… bid:0x06a1…) - finalized: 0x0000…0000:0 - peers: 3
[cl-2-lodestar-geth] Mar-04 16:33:44.000[]                 [32minfo[39m: Synced - slot: 124 - head: 0xab58…c95b - exec-block: valid/full(124 0xd54c… bid:0xd54c…) - finalized: 0x0000…0000:0 - peers: 3
[cl-2-lodestar-geth] Mar-04 16:33:56.000[]                 [32minfo[39m: Synced - slot: 125 - head: 0x50eb…25a6 - exec-block: valid/full(125 0xda17… bid:0xda17…) - finalized: 0x0000…0000:0 - peers: 3
[cl-2-lodestar-geth] Mar-04 16:34:08.000[]                 [32minfo[39m: Synced - slot: 126 - head: 0x11a3…8a32 - exec-block: valid/full(126 0x566b… bid:0x566b…) - finalized: 0x0000…0000:0 - peers: 3
[cl-2-lodestar-geth] Mar-04 16:34:20.000[]                 [32minfo[39m: Synced - slot: 127 - head: 0xe650…2633 - exec-block: valid/full(127 0xeba8… bid:0xeba8…) - finalized: 0x0000…0000:0 - peers: 3
[cl-2-lodestar-geth] Mar-04 16:34:32.000[]                 [32minfo[39m: Synced - slot: 128 - head: 0x1810…e187 - exec-block: valid/full(128 0x9608… bid:0x9608…) - finalized: 0xe368…11c1:2 - peers: 3
[cl-2-lodestar-geth] Mar-04 16:34:38.605[chain]            [32minfo[39m: Publishing block slot=129, blockRoot=0x43a49a3cd6a8e7027cadfa70f1d7a49b224e34450b65d59fa8c71310c5f2f300, bodyRoot=0x2884917a5421a6eff61ca52de4a16a08a38f30c12841eb392bb797254acbfa99, broadcastValidation=gossip, blockLocallyProduced=true
[cl-2-lodestar-geth] Mar-04 16:34:38.683[api]              [32minfo[39m: Produced execution payload envelope slot=129, blockRoot=0x43a49a3cd6a8e7027cadfa70f1d7a49b224e34450b65d59fa8c71310c5f2f300, transactions=0, blockHash=0xbb8d0b087e1bd930c470b2d971c61d6eae0835380629cda9c50ec998addf8e85
[cl-2-lodestar-geth] Mar-04 16:34:38.695[chain]            [32minfo[39m: Publishing execution payload envelope slot=129, blockRoot=0x43a49a3cd6a8e7027cadfa70f1d7a49b224e34450b65d59fa8c71310c5f2f300, builderIndex=Infinity, isSelfBuild=true, dataColumns=0
[cl-2-lodestar-geth] Mar-04 16:34:38.696[chain]            [32minfo[39m: Published execution payload envelope slot=129, blockRoot=0x43a49a3cd6a8e7027cadfa70f1d7a49b224e34450b65d59fa8c71310c5f2f300, builderIndex=Infinity, isSelfBuild=true, dataColumns=0, delaySec=0.684999942779541, sentPeers=3
[cl-2-lodestar-geth] Mar-04 16:34:44.000[]                 [32minfo[39m: Synced - slot: 129 - head: 0x43a4…f300 - exec-block: valid/full(129 0xbb8d… bid:0xbb8d…) - finalized: 0xe368…11c1:2 - peers: 3
[cl-2-lodestar-geth] Mar-04 16:34:56.000[]                 [32minfo[39m: Synced - slot: 130 - head: 0xa4c6…78b7 - exec-block: valid/full(130 0x1ef7… bid:0x1ef7…) - finalized: 0xe368…11c1:2 - peers: 3
[cl-2-lodestar-geth] Mar-04 16:35:02.519[chain]            [32minfo[39m: Publishing block slot=131, blockRoot=0x5f1bd6a4ba799b567baa70bc709c8afcba30cba905a534a0e9ec7b1503048d21, bodyRoot=0x6d76dcc1806d9769c90ec5e9ad32380e27d6c5798db3e65bef586b66931bcaa9, broadcastValidation=gossip, blockLocallyProduced=true
[cl-2-lodestar-geth] Mar-04 16:35:02.594[api]              [32minfo[39m: Produced execution payload envelope slot=131, blockRoot=0x5f1bd6a4ba799b567baa70bc709c8afcba30cba905a534a0e9ec7b1503048d21, transactions=0, blockHash=0x5f8c516b890cba5b46d63bf377653815b006354811bd78102fa43abb511925e8
[cl-2-lodestar-geth] Mar-04 16:35:02.604[chain]            [32minfo[39m: Publishing execution payload envelope slot=131, blockRoot=0x5f1bd6a4ba799b567baa70bc709c8afcba30cba905a534a0e9ec7b1503048d21, builderIndex=Infinity, isSelfBuild=true, dataColumns=0
[cl-2-lodestar-geth] Mar-04 16:35:02.611[chain]            [32minfo[39m: Published execution payload envelope slot=131, blockRoot=0x5f1bd6a4ba799b567baa70bc709c8afcba30cba905a534a0e9ec7b1503048d21, builderIndex=Infinity, isSelfBuild=true, dataColumns=0, delaySec=0.5959999561309814, sentPeers=3
[cl-2-lodestar-geth] Mar-04 16:35:08.000[]                 [32minfo[39m: Synced - slot: 131 - head: 0x5f1b…8d21 - exec-block: valid/full(131 0x5f8c… bid:0x5f8c…) - finalized: 0xe368…11c1:2 - peers: 3
[cl-2-lodestar-geth] Mar-04 16:35:20.001[]                 [32minfo[39m: Synced - slot: 132 - head: 0xd742…bd22 - exec-block: valid/full(132 0xfd53… bid:0xfd53…) - finalized: 0xe368…11c1:2 - peers: 3
[cl-2-lodestar-geth] Mar-04 16:35:32.000[]                 [32minfo[39m: Synced - slot: 133 - head: 0xfeba…2896 - exec-block: valid/full(133 0xb1e0… bid:0xb1e0…) - finalized: 0xe368…11c1:2 - peers: 3
[cl-2-lodestar-geth] Mar-04 16:35:44.001[]                 [32minfo[39m: Synced - slot: 134 - head: 0xa0ef…783e - exec-block: valid/full(134 0x34c8… bid:0x34c8…) - finalized: 0xe368…11c1:2 - peers: 3
[cl-2-lodestar-geth] Mar-04 16:35:56.001[]                 [32minfo[39m: Synced - slot: 135 - head: 0xbea0…f7b7 - exec-block: valid/full(135 0xbd6a… bid:0xbd6a…) - finalized: 0xe368…11c1:2 - peers: 3
[cl-2-lodestar-geth] Mar-04 16:36:08.000[]                 [32minfo[39m: Synced - slot: 136 - head: 0x982d…5594 - exec-block: valid/full(136 0x77ea… bid:0x77ea…) - finalized: 0xe368…11c1:2 - peers: 3
