[cl-3-lodestar-geth] Mar-04 16:17:44.000[]                 [32minfo[39m: Synced - slot: 44 - head: 0x5de1…65e1 - exec-block: valid/full(44 0x9a64… bid:0x9a64…) - finalized: 0x0000…0000:0 - peers: 3
[cl-3-lodestar-geth] Mar-04 16:17:56.000[]                 [32minfo[39m: Synced - slot: 45 - head: 0x9d19…a5f3 - exec-block: valid/full(45 0x780f… bid:0x780f…) - finalized: 0x0000…0000:0 - peers: 3
[cl-3-lodestar-geth] Mar-04 16:18:08.000[]                 [32minfo[39m: Synced - slot: 46 - head: 0x9b10…392c - exec-block: valid/full(46 0x309a… bid:0x309a…) - finalized: 0x0000…0000:0 - peers: 3
[cl-3-lodestar-geth] Mar-04 16:18:14.526[chain]            [32minfo[39m: Publishing block slot=47, blockRoot=0x098512a0d336ab2444dc5ebafa6525829917399db76b5761566b5f93e2a99743, bodyRoot=0x717cbb61b421949b7328f94652265b3134ffee96e0b51b0db3b8cf4aeb30fb13, broadcastValidation=gossip, blockLocallyProduced=true
[cl-3-lodestar-geth] Mar-04 16:18:14.595[api]              [32minfo[39m: Produced execution payload envelope slot=47, blockRoot=0x098512a0d336ab2444dc5ebafa6525829917399db76b5761566b5f93e2a99743, transactions=0, blockHash=0x8fb80bf7e6321fe719d30361103e654cad192517aac9fca1a5f903687b04396d
[cl-3-lodestar-geth] Mar-04 16:18:14.604[chain]            [32minfo[39m: Publishing execution payload envelope slot=47, blockRoot=0x098512a0d336ab2444dc5ebafa6525829917399db76b5761566b5f93e2a99743, builderIndex=Infinity, isSelfBuild=true, dataColumns=0
[cl-3-lodestar-geth] Mar-04 16:18:14.605[chain]            [32minfo[39m: Published execution payload envelope slot=47, blockRoot=0x098512a0d336ab2444dc5ebafa6525829917399db76b5761566b5f93e2a99743, builderIndex=Infinity, isSelfBuild=true, dataColumns=0, delaySec=0.5969998836517334, sentPeers=3
[cl-3-lodestar-geth] Mar-04 16:18:20.002[]                 [32minfo[39m: Synced - slot: 47 - head: 0x0985…9743 - exec-block: valid/full(47 0x8fb8… bid:0x8fb8…) - finalized: 0x0000…0000:0 - peers: 3
[cl-3-lodestar-geth] Mar-04 16:18:32.005[]                 [32minfo[39m: Synced - slot: 48 - head: 0xe1f1…f4eb - exec-block: valid/full(48 0x3e3f… bid:0x3e3f…) - finalized: 0x0000…0000:0 - peers: 3
[cl-3-lodestar-geth] Mar-04 16:18:38.600[chain]            [32minfo[39m: Publishing block slot=49, blockRoot=0x67d239eed493c860a671a2b0fbaad04792e156885e85481a7fb36d4586efb87b, bodyRoot=0xe511d622db1c1c2abc77418af2fde347df778d9b6d3eb7e5ae1197773789263d, broadcastValidation=gossip, blockLocallyProduced=true
[cl-3-lodestar-geth] Mar-04 16:18:38.708[api]              [32minfo[39m: Produced execution payload envelope slot=49, blockRoot=0x67d239eed493c860a671a2b0fbaad04792e156885e85481a7fb36d4586efb87b, transactions=0, blockHash=0x2dc599cfaae0661857ec69bba6cb15b72cac99a5b7e541604ca50779cb24f5b5
[cl-3-lodestar-geth] Mar-04 16:18:38.732[chain]            [32minfo[39m: Publishing execution payload envelope slot=49, blockRoot=0x67d239eed493c860a671a2b0fbaad04792e156885e85481a7fb36d4586efb87b, builderIndex=Infinity, isSelfBuild=true, dataColumns=0
[cl-3-lodestar-geth] Mar-04 16:18:38.738[chain]            [32minfo[39m: Published execution payload envelope slot=49, blockRoot=0x67d239eed493c860a671a2b0fbaad04792e156885e85481a7fb36d4586efb87b, builderIndex=Infinity, isSelfBuild=true, dataColumns=0, delaySec=0.7139999866485596, sentPeers=3
[cl-3-lodestar-geth] Mar-04 16:18:44.000[]                 [32minfo[39m: Synced - slot: 49 - head: 0x67d2…b87b - exec-block: valid/full(49 0x2dc5… bid:0x2dc5…) - finalized: 0x0000…0000:0 - peers: 3
[cl-3-lodestar-geth] Mar-04 16:18:56.002[]                 [32minfo[39m: Synced - slot: 50 - head: 0xa0d1…c436 - exec-block: valid/full(50 0x35ad… bid:0x35ad…) - finalized: 0x0000…0000:0 - peers: 3
[cl-3-lodestar-geth] Mar-04 16:19:02.525[chain]            [32minfo[39m: Publishing block slot=51, blockRoot=0xe4d596e8f72cf425ee1842c1ae810f28bfc0f253c2438c1de953687b935c9107, bodyRoot=0x652b092fcec19020746ad9f9f3319f1a0e9641d8052e1f7029c1ba5834e05d4e, broadcastValidation=gossip, blockLocallyProduced=true
[cl-3-lodestar-geth] Mar-04 16:19:02.598[api]              [32minfo[39m: Produced execution payload envelope slot=51, blockRoot=0xe4d596e8f72cf425ee1842c1ae810f28bfc0f253c2438c1de953687b935c9107, transactions=0, blockHash=0x8c84d63afc53dd7e95c8822a4450c26514c055077d256179b2f9529d83faf440
[cl-3-lodestar-geth] Mar-04 16:19:02.615[chain]            [32minfo[39m: Publishing execution payload envelope slot=51, blockRoot=0xe4d596e8f72cf425ee1842c1ae810f28bfc0f253c2438c1de953687b935c9107, builderIndex=Infinity, isSelfBuild=true, dataColumns=0
[cl-3-lodestar-geth] Mar-04 16:19:02.620[chain]            [32minfo[39m: Published execution payload envelope slot=51, blockRoot=0xe4d596e8f72cf425ee1842c1ae810f28bfc0f253c2438c1de953687b935c9107, builderIndex=Infinity, isSelfBuild=true, dataColumns=0, delaySec=0.6019999980926514, sentPeers=3
[cl-3-lodestar-geth] Mar-04 16:19:08.001[]                 [32minfo[39m: Synced - slot: 51 - head: 0xe4d5…9107 - exec-block: valid/full(51 0x8c84… bid:0x8c84…) - finalized: 0x0000…0000:0 - peers: 3
[cl-3-lodestar-geth] Mar-04 16:19:20.002[]                 [32minfo[39m: Synced - slot: 52 - head: 0x5fec…e8aa - exec-block: valid/full(52 0xc4cf… bid:0xc4cf…) - finalized: 0x0000…0000:0 - peers: 3
[cl-3-lodestar-geth] Mar-04 16:19:26.529[chain]            [32minfo[39m: Publishing block slot=53, blockRoot=0xcec8ad2494c932894132f6da14d2789958b382c7597d385f30616d7d8972b2f4, bodyRoot=0xf36ad480ae7035b3a0f61f9cca05f92ab56fa509739f42900faf18439939a137, broadcastValidation=gossip, blockLocallyProduced=true
[cl-3-lodestar-geth] Mar-04 16:19:26.636[api]              [32minfo[39m: Produced execution payload envelope slot=53, blockRoot=0xcec8ad2494c932894132f6da14d2789958b382c7597d385f30616d7d8972b2f4, transactions=0, blockHash=0x3cca5580baf31af483a4adffba25ba8852d1b484fe5d399b77c62196f4b0db9d
[cl-3-lodestar-geth] Mar-04 16:19:26.655[chain]            [32minfo[39m: Publishing execution payload envelope slot=53, blockRoot=0xcec8ad2494c932894132f6da14d2789958b382c7597d385f30616d7d8972b2f4, builderIndex=Infinity, isSelfBuild=true, dataColumns=0
[cl-3-lodestar-geth] Mar-04 16:19:26.666[chain]            [32minfo[39m: Published execution payload envelope slot=53, blockRoot=0xcec8ad2494c932894132f6da14d2789958b382c7597d385f30616d7d8972b2f4, builderIndex=Infinity, isSelfBuild=true, dataColumns=0, delaySec=0.6419999599456787, sentPeers=3
[cl-3-lodestar-geth] Mar-04 16:19:32.000[]                 [32minfo[39m: Synced - slot: 53 - head: 0xcec8…b2f4 - exec-block: valid/full(53 0x3cca… bid:0x3cca…) - finalized: 0x0000…0000:0 - peers: 3
[cl-3-lodestar-geth] Mar-04 16:19:38.524[chain]            [32minfo[39m: Publishing block slot=54, blockRoot=0x8da93bd74a716a012d0e8b1eed1451fb6a227bc2ee89744637b67b7ab517d9fb, bodyRoot=0xdb31fa390fe3fb3236cee0be0cdb65bd4ed4a304cba29e0f1d7b6510bff97dff, broadcastValidation=gossip, blockLocallyProduced=true
[cl-3-lodestar-geth] Mar-04 16:19:38.611[api]              [32minfo[39m: Produced execution payload envelope slot=54, blockRoot=0x8da93bd74a716a012d0e8b1eed1451fb6a227bc2ee89744637b67b7ab517d9fb, transactions=0, blockHash=0xe55eb509a3dc6327a50d453f182196d779ec59e95891bd87427bb7adb0c436c1
[cl-3-lodestar-geth] Mar-04 16:19:38.629[chain]            [32minfo[39m: Publishing execution payload envelope slot=54, blockRoot=0x8da93bd74a716a012d0e8b1eed1451fb6a227bc2ee89744637b67b7ab517d9fb, builderIndex=Infinity, isSelfBuild=true, dataColumns=0
[cl-3-lodestar-geth] Mar-04 16:19:38.634[chain]            [32minfo[39m: Published execution payload envelope slot=54, blockRoot=0x8da93bd74a716a012d0e8b1eed1451fb6a227bc2ee89744637b67b7ab517d9fb, builderIndex=Infinity, isSelfBuild=true, dataColumns=0, delaySec=0.6189999580383301, sentPeers=3
[cl-3-lodestar-geth] Mar-04 16:19:44.000[]                 [32minfo[39m: Synced - slot: 54 - head: 0x8da9…d9fb - exec-block: valid/full(54 0xe55e… bid:0xe55e…) - finalized: 0x0000…0000:0 - peers: 3
[cl-3-lodestar-geth] Mar-04 16:19:56.000[]                 [32minfo[39m: Synced - slot: 55 - head: 0x1a89…ab4f - exec-block: valid/full(55 0xe7df… bid:0xe7df…) - finalized: 0x0000…0000:0 - peers: 3
[cl-3-lodestar-geth] Mar-04 16:20:02.535[chain]            [32minfo[39m: Publishing block slot=56, blockRoot=0x9cf800db6f60b49f274616fba711891228bf6ea5ca94943edf8f8916473cc31f, bodyRoot=0xab788d1c9d70407a0b3672ccc979486297ee7047ed2a83b0c0db325d01fde42b, broadcastValidation=gossip, blockLocallyProduced=true
[cl-3-lodestar-geth] Mar-04 16:20:02.606[api]              [32minfo[39m: Produced execution payload envelope slot=56, blockRoot=0x9cf800db6f60b49f274616fba711891228bf6ea5ca94943edf8f8916473cc31f, transactions=0, blockHash=0xb3da7e97b6234649c54e6f6ef0d929b6cb8a9a72a03ad04fd4686b67a82defa6
[cl-3-lodestar-geth] Mar-04 16:20:02.617[chain]            [32minfo[39m: Publishing execution payload envelope slot=56, blockRoot=0x9cf800db6f60b49f274616fba711891228bf6ea5ca94943edf8f8916473cc31f, builderIndex=Infinity, isSelfBuild=true, dataColumns=0
[cl-3-lodestar-geth] Mar-04 16:20:02.618[chain]            [32minfo[39m: Published execution payload envelope slot=56, blockRoot=0x9cf800db6f60b49f274616fba711891228bf6ea5ca94943edf8f8916473cc31f, builderIndex=Infinity, isSelfBuild=true, dataColumns=0, delaySec=0.6099998950958252, sentPeers=3
[cl-3-lodestar-geth] Mar-04 16:20:08.000[]                 [32minfo[39m: Synced - slot: 56 - head: 0x9cf8…c31f - exec-block: valid/full(56 0xb3da… bid:0xb3da…) - finalized: 0x0000…0000:0 - peers: 3
[cl-3-lodestar-geth] Mar-04 16:20:20.001[]                 [32minfo[39m: Synced - slot: 57 - head: 0x9075…d3c9 - exec-block: valid/full(57 0x8da4… bid:0x8da4…) - finalized: 0x0000…0000:0 - peers: 3
[cl-3-lodestar-geth] Mar-04 16:20:32.000[]                 [32minfo[39m: Synced - slot: 58 - head: 0x88da…d1b8 - exec-block: valid/full(58 0xc155… bid:0xc155…) - finalized: 0x0000…0000:0 - peers: 3
[cl-3-lodestar-geth] Mar-04 16:20:44.000[]                 [32minfo[39m: Synced - slot: 59 - head: 0x5de6…2e86 - exec-block: valid/full(59 0xeea0… bid:0xeea0…) - finalized: 0x0000…0000:0 - peers: 3
[cl-3-lodestar-geth] Mar-04 16:20:56.001[]                 [32minfo[39m: Synced - slot: 60 - head: 0x88a4…b38d - exec-block: valid/full(60 0x3d65… bid:0x3d65…) - finalized: 0x0000…0000:0 - peers: 3
[cl-3-lodestar-geth] Mar-04 16:21:08.000[]                 [32minfo[39m: Synced - slot: 61 - head: 0xd878…a058 - exec-block: valid/full(61 0x3f42… bid:0x3f42…) - finalized: 0x0000…0000:0 - peers: 3
[cl-3-lodestar-geth] Mar-04 16:21:20.001[]                 [32minfo[39m: Synced - slot: 62 - head: 0xbe64…8f2c - exec-block: valid/full(62 0x3707… bid:0x3707…) - finalized: 0x0000…0000:0 - peers: 3
[cl-3-lodestar-geth] Mar-04 16:21:32.000[]                 [32minfo[39m: Synced - slot: 63 - head: 0x30ec…a2c3 - exec-block: valid/full(63 0xb4b0… bid:0xb4b0…) - finalized: 0x0000…0000:0 - peers: 3
[cl-3-lodestar-geth] Mar-04 16:21:44.000[]                 [32minfo[39m: Synced - slot: 64 - head: 0xe368…11c1 - exec-block: valid/full(64 0x5373… bid:0x5373…) - finalized: 0x0000…0000:0 - peers: 3
[cl-3-lodestar-geth] Mar-04 16:21:56.001[]                 [32minfo[39m: Synced - slot: 65 - head: 0xbb4e…8444 - exec-block: valid/full(65 0x729b… bid:0x729b…) - finalized: 0x0000…0000:0 - peers: 3
[cl-3-lodestar-geth] Mar-04 16:22:02.534[chain]            [32minfo[39m: Publishing block slot=66, blockRoot=0x7b1aa0b43dc8590e97ce3bba6742deff16a97f59b528dcb8d78cedb290f04645, bodyRoot=0x10e734fe2a6d79190a4cbec2abcc160c38a9074dcb924b10debca3d7876e789d, broadcastValidation=gossip, blockLocallyProduced=true
[cl-3-lodestar-geth] Mar-04 16:22:02.633[api]              [32minfo[39m: Produced execution payload envelope slot=66, blockRoot=0x7b1aa0b43dc8590e97ce3bba6742deff16a97f59b528dcb8d78cedb290f04645, transactions=0, blockHash=0xa6d3afc28f4f7421f4a923d64a513ffdb83da76d2899002dee938da4def918d3
[cl-3-lodestar-geth] Mar-04 16:22:02.649[chain]            [32minfo[39m: Publishing execution payload envelope slot=66, blockRoot=0x7b1aa0b43dc8590e97ce3bba6742deff16a97f59b528dcb8d78cedb290f04645, builderIndex=Infinity, isSelfBuild=true, dataColumns=0
[cl-3-lodestar-geth] Mar-04 16:22:02.656[chain]            [32minfo[39m: Published execution payload envelope slot=66, blockRoot=0x7b1aa0b43dc8590e97ce3bba6742deff16a97f59b528dcb8d78cedb290f04645, builderIndex=Infinity, isSelfBuild=true, dataColumns=0, delaySec=0.6380000114440918, sentPeers=3
[cl-3-lodestar-geth] Mar-04 16:22:08.002[]                 [32minfo[39m: Synced - slot: 66 - head: 0x7b1a…4645 - exec-block: valid/full(66 0xa6d3… bid:0xa6d3…) - finalized: 0x0000…0000:0 - peers: 3
[cl-3-lodestar-geth] Mar-04 16:22:20.000[]                 [32minfo[39m: Synced - slot: 67 - head: 0xdd95…8ed8 - exec-block: valid/full(67 0x36ca… bid:0x36ca…) - finalized: 0x0000…0000:0 - peers: 3
[cl-3-lodestar-geth] Mar-04 16:22:32.002[]                 [32minfo[39m: Synced - slot: 68 - head: 0x7a65…0839 - exec-block: valid/full(68 0x9085… bid:0x9085…) - finalized: 0x0000…0000:0 - peers: 3
[cl-3-lodestar-geth] Mar-04 16:22:44.000[]                 [32minfo[39m: Synced - slot: 69 - head: 0x1f37…ada6 - exec-block: valid/full(69 0x2523… bid:0x2523…) - finalized: 0x0000…0000:0 - peers: 3
[cl-3-lodestar-geth] Mar-04 16:22:50.547[chain]            [32minfo[39m: Publishing block slot=70, blockRoot=0x5d052eb3e86ef5a74458bc7c7747a9186a7c857e8f9963c8dfef682fd3738828, bodyRoot=0x625eee5774657c2c80b362b2eec47491405f957d6ff77f17e74df27ad811210c, broadcastValidation=gossip, blockLocallyProduced=true
[cl-3-lodestar-geth] Mar-04 16:22:50.634[api]              [32minfo[39m: Produced execution payload envelope slot=70, blockRoot=0x5d052eb3e86ef5a74458bc7c7747a9186a7c857e8f9963c8dfef682fd3738828, transactions=0, blockHash=0x308ccae2f9ffd1f2069966ac20b2d68b151b08be469010031f7b4c261e792d66
[cl-3-lodestar-geth] Mar-04 16:22:50.667[chain]            [32minfo[39m: Publishing execution payload envelope slot=70, blockRoot=0x5d052eb3e86ef5a74458bc7c7747a9186a7c857e8f9963c8dfef682fd3738828, builderIndex=Infinity, isSelfBuild=true, dataColumns=0
[cl-3-lodestar-geth] Mar-04 16:22:50.669[chain]            [32minfo[39m: Published execution payload envelope slot=70, blockRoot=0x5d052eb3e86ef5a74458bc7c7747a9186a7c857e8f9963c8dfef682fd3738828, builderIndex=Infinity, isSelfBuild=true, dataColumns=0, delaySec=0.6400001049041748, sentPeers=3
[cl-3-lodestar-geth] Mar-04 16:22:56.001[]                 [32minfo[39m: Synced - slot: 70 - head: 0x5d05…8828 - exec-block: valid/full(70 0x308c… bid:0x308c…) - finalized: 0x0000…0000:0 - peers: 3
[cl-3-lodestar-geth] Mar-04 16:23:08.000[]                 [32minfo[39m: Synced - slot: 71 - head: 0x0c79…61c6 - exec-block: valid/full(71 0x54b7… bid:0x54b7…) - finalized: 0x0000…0000:0 - peers: 3
[cl-3-lodestar-geth] Mar-04 16:23:20.001[]                 [32minfo[39m: Synced - slot: 72 - head: 0x1e1f…8ed7 - exec-block: valid/full(72 0x0986… bid:0x0986…) - finalized: 0x0000…0000:0 - peers: 3
[cl-3-lodestar-geth] Mar-04 16:23:32.000[]                 [32minfo[39m: Synced - slot: 73 - head: 0x20e7…8522 - exec-block: valid/full(73 0x715d… bid:0x715d…) - finalized: 0x0000…0000:0 - peers: 3
[cl-3-lodestar-geth] Mar-04 16:23:44.000[]                 [32minfo[39m: Synced - slot: 74 - head: 0xa160…32a7 - exec-block: valid/full(74 0xee49… bid:0xee49…) - finalized: 0x0000…0000:0 - peers: 3
[cl-3-lodestar-geth] Mar-04 16:23:50.523[chain]            [32minfo[39m: Publishing block slot=75, blockRoot=0x194c1385a55883f618b59563c20b003b294cfcd1a306e8bc15e6aa7d81929050, bodyRoot=0x250b8e1d0a49b013ca5cbaf4b4374347e91375838fdd7224a05630b6feb58afb, broadcastValidation=gossip, blockLocallyProduced=true
[cl-3-lodestar-geth] Mar-04 16:23:50.615[api]              [32minfo[39m: Produced execution payload envelope slot=75, blockRoot=0x194c1385a55883f618b59563c20b003b294cfcd1a306e8bc15e6aa7d81929050, transactions=0, blockHash=0x212e346af7fc63ed701a00280763ad509022bf36492a5b5c86a019c82a35e640
[cl-3-lodestar-geth] Mar-04 16:23:50.649[chain]            [32minfo[39m: Publishing execution payload envelope slot=75, blockRoot=0x194c1385a55883f618b59563c20b003b294cfcd1a306e8bc15e6aa7d81929050, builderIndex=Infinity, isSelfBuild=true, dataColumns=0
[cl-3-lodestar-geth] Mar-04 16:23:50.651[chain]            [32minfo[39m: Published execution payload envelope slot=75, blockRoot=0x194c1385a55883f618b59563c20b003b294cfcd1a306e8bc15e6aa7d81929050, builderIndex=Infinity, isSelfBuild=true, dataColumns=0, delaySec=0.6210000514984131, sentPeers=3
[cl-3-lodestar-geth] Mar-04 16:23:56.000[]                 [32minfo[39m: Synced - slot: 75 - head: 0x194c…9050 - exec-block: valid/full(75 0x212e… bid:0x212e…) - finalized: 0x0000…0000:0 - peers: 3
[cl-3-lodestar-geth] Mar-04 16:24:08.000[]                 [32minfo[39m: Synced - slot: 76 - head: 0xe8e7…7244 - exec-block: valid/full(76 0x046f… bid:0x046f…) - finalized: 0x0000…0000:0 - peers: 3
[cl-3-lodestar-geth] Mar-04 16:24:20.000[]                 [32minfo[39m: Synced - slot: 77 - head: 0x822f…913b - exec-block: valid/full(77 0x1dd9… bid:0x1dd9…) - finalized: 0x0000…0000:0 - peers: 3
[cl-3-lodestar-geth] Mar-04 16:24:32.000[]                 [32minfo[39m: Synced - slot: 78 - head: 0x330e…8171 - exec-block: valid/full(78 0x2260… bid:0x2260…) - finalized: 0x0000…0000:0 - peers: 3
[cl-3-lodestar-geth] Mar-04 16:24:44.000[]                 [32minfo[39m: Synced - slot: 79 - head: 0xf79b…387d - exec-block: valid/full(79 0x27fb… bid:0x27fb…) - finalized: 0x0000…0000:0 - peers: 3
[cl-3-lodestar-geth] Mar-04 16:24:50.529[chain]            [32minfo[39m: Publishing block slot=80, blockRoot=0x1b05f0672a7774727e440825385c55e2238eb0690c3bc496fa49d5365fdb8646, bodyRoot=0xc07f89dc34f327b78414459c6b0c0f52c6844aa0f9755718d42e09ab8d2e9163, broadcastValidation=gossip, blockLocallyProduced=true
[cl-3-lodestar-geth] Mar-04 16:24:50.645[api]              [32minfo[39m: Produced execution payload envelope slot=80, blockRoot=0x1b05f0672a7774727e440825385c55e2238eb0690c3bc496fa49d5365fdb8646, transactions=0, blockHash=0xbbd354575c06795566cd72c13b7bf415462270119da8cde9941fb7dbc7f61e08
[cl-3-lodestar-geth] Mar-04 16:24:50.668[chain]            [32minfo[39m: Publishing execution payload envelope slot=80, blockRoot=0x1b05f0672a7774727e440825385c55e2238eb0690c3bc496fa49d5365fdb8646, builderIndex=Infinity, isSelfBuild=true, dataColumns=0
[cl-3-lodestar-geth] Mar-04 16:24:50.673[chain]            [32minfo[39m: Published execution payload envelope slot=80, blockRoot=0x1b05f0672a7774727e440825385c55e2238eb0690c3bc496fa49d5365fdb8646, builderIndex=Infinity, isSelfBuild=true, dataColumns=0, delaySec=0.6519999504089355, sentPeers=3
[cl-3-lodestar-geth] Mar-04 16:24:56.001[]                 [32minfo[39m: Synced - slot: 80 - head: 0x1b05…8646 - exec-block: valid/full(80 0xbbd3… bid:0xbbd3…) - finalized: 0x0000…0000:0 - peers: 3
[cl-3-lodestar-geth] Mar-04 16:25:02.530[chain]            [32minfo[39m: Publishing block slot=81, blockRoot=0x39719dc327e29b5a9d763e47918c45bd15b55160c24005f0c2812920a59cd671, bodyRoot=0xbe7bad0f44aaf59885059dbe643d0e3cb53d7528e00c36a6a05f2e0fd9b732a6, broadcastValidation=gossip, blockLocallyProduced=true
[cl-3-lodestar-geth] Mar-04 16:25:02.621[api]              [32minfo[39m: Produced execution payload envelope slot=81, blockRoot=0x39719dc327e29b5a9d763e47918c45bd15b55160c24005f0c2812920a59cd671, transactions=0, blockHash=0x07d3077ab037ba6ac6263ce4b32d61179510357a401b6456049ad518eea7e2ee
[cl-3-lodestar-geth] Mar-04 16:25:02.635[chain]            [32minfo[39m: Publishing execution payload envelope slot=81, blockRoot=0x39719dc327e29b5a9d763e47918c45bd15b55160c24005f0c2812920a59cd671, builderIndex=Infinity, isSelfBuild=true, dataColumns=0
[cl-3-lodestar-geth] Mar-04 16:25:02.637[chain]            [32minfo[39m: Published execution payload envelope slot=81, blockRoot=0x39719dc327e29b5a9d763e47918c45bd15b55160c24005f0c2812920a59cd671, builderIndex=Infinity, isSelfBuild=true, dataColumns=0, delaySec=0.622999906539917, sentPeers=3
[cl-3-lodestar-geth] Mar-04 16:25:08.000[]                 [32minfo[39m: Synced - slot: 81 - head: 0x3971…d671 - exec-block: valid/full(81 0x07d3… bid:0x07d3…) - finalized: 0x0000…0000:0 - peers: 3
[cl-3-lodestar-geth] Mar-04 16:25:20.002[]                 [32minfo[39m: Synced - slot: 82 - head: 0x1c41…affd - exec-block: valid/full(82 0xfb65… bid:0xfb65…) - finalized: 0x0000…0000:0 - peers: 3
[cl-3-lodestar-geth] Mar-04 16:25:32.001[]                 [32minfo[39m: Synced - slot: 83 - head: 0x6b5a…f1ae - exec-block: valid/full(83 0x3208… bid:0x3208…) - finalized: 0x0000…0000:0 - peers: 3
[cl-3-lodestar-geth] Mar-04 16:25:44.000[]                 [32minfo[39m: Synced - slot: 84 - head: 0x357a…6897 - exec-block: valid/full(84 0xc667… bid:0xc667…) - finalized: 0x0000…0000:0 - peers: 3
[cl-3-lodestar-geth] Mar-04 16:25:56.000[]                 [32minfo[39m: Synced - slot: 85 - head: 0x219a…7b43 - exec-block: valid/full(85 0x503f… bid:0x503f…) - finalized: 0x0000…0000:0 - peers: 3
[cl-3-lodestar-geth] Mar-04 16:26:08.002[]                 [32minfo[39m: Synced - slot: 86 - head: 0xd0de…8145 - exec-block: valid/full(86 0x731b… bid:0x731b…) - finalized: 0x0000…0000:0 - peers: 3
[cl-3-lodestar-geth] Mar-04 16:26:20.000[]                 [32minfo[39m: Synced - slot: 87 - head: 0xf277…5b85 - exec-block: valid/full(87 0x787f… bid:0x787f…) - finalized: 0x0000…0000:0 - peers: 3
[cl-3-lodestar-geth] Mar-04 16:26:32.000[]                 [32minfo[39m: Synced - slot: 88 - head: 0x1d5b…db85 - exec-block: valid/full(88 0x47db… bid:0x47db…) - finalized: 0x0000…0000:0 - peers: 3
[cl-3-lodestar-geth] Mar-04 16:26:44.000[]                 [32minfo[39m: Synced - slot: 89 - head: 0xc588…75a8 - exec-block: valid/full(89 0x12d2… bid:0x12d2…) - finalized: 0x0000…0000:0 - peers: 3
[cl-3-lodestar-geth] Mar-04 16:26:56.000[]                 [32minfo[39m: Synced - slot: 90 - head: 0x256d…34a7 - exec-block: valid/full(90 0xbe9d… bid:0xbe9d…) - finalized: 0x0000…0000:0 - peers: 3
[cl-3-lodestar-geth] Mar-04 16:27:08.000[]                 [32minfo[39m: Synced - slot: 91 - head: 0xea13…fc96 - exec-block: valid/full(91 0x3288… bid:0x3288…) - finalized: 0x0000…0000:0 - peers: 3
[cl-3-lodestar-geth] Mar-04 16:27:14.534[chain]            [32minfo[39m: Publishing block slot=92, blockRoot=0xc6f1b82c6e32a11266f00444ce33e95e05ed13c3fd156260b0f5e75609e996bd, bodyRoot=0x4c53fb615a7e36ea272a7530e72a2e289195f5c2223936ec70a8679ca563cf1c, broadcastValidation=gossip, blockLocallyProduced=true
[cl-3-lodestar-geth] Mar-04 16:27:14.635[api]              [32minfo[39m: Produced execution payload envelope slot=92, blockRoot=0xc6f1b82c6e32a11266f00444ce33e95e05ed13c3fd156260b0f5e75609e996bd, transactions=0, blockHash=0x1f80eb9c59f4883c77115a6a10886dc3c77876a85a85f15573fe0c9896e2f483
[cl-3-lodestar-geth] Mar-04 16:27:14.657[chain]            [32minfo[39m: Publishing execution payload envelope slot=92, blockRoot=0xc6f1b82c6e32a11266f00444ce33e95e05ed13c3fd156260b0f5e75609e996bd, builderIndex=Infinity, isSelfBuild=true, dataColumns=0
[cl-3-lodestar-geth] Mar-04 16:27:14.663[chain]            [32minfo[39m: Published execution payload envelope slot=92, blockRoot=0xc6f1b82c6e32a11266f00444ce33e95e05ed13c3fd156260b0f5e75609e996bd, builderIndex=Infinity, isSelfBuild=true, dataColumns=0, delaySec=0.6380000114440918, sentPeers=3
[cl-3-lodestar-geth] Mar-04 16:27:20.001[]                 [32minfo[39m: Synced - slot: 92 - head: 0xc6f1…96bd - exec-block: valid/full(92 0x1f80… bid:0x1f80…) - finalized: 0x0000…0000:0 - peers: 3
[cl-3-lodestar-geth] Mar-04 16:27:26.521[chain]            [32minfo[39m: Publishing block slot=93, blockRoot=0xb670eabeffbe2c9a5871991305787fbe6b7858dc89ba5b794252e3f8190f18ed, bodyRoot=0xcf43f997f0009a46b3d45b7e008f08dde3176d01e5a465553db2d2cbdf446c49, broadcastValidation=gossip, blockLocallyProduced=true
[cl-3-lodestar-geth] Mar-04 16:27:26.603[api]              [32minfo[39m: Produced execution payload envelope slot=93, blockRoot=0xb670eabeffbe2c9a5871991305787fbe6b7858dc89ba5b794252e3f8190f18ed, transactions=0, blockHash=0x3faef549c6d8d69117ca20d2ba3dd3909c6fd5a5608715317f02965f40f93ef6
[cl-3-lodestar-geth] Mar-04 16:27:26.612[chain]            [32minfo[39m: Publishing execution payload envelope slot=93, blockRoot=0xb670eabeffbe2c9a5871991305787fbe6b7858dc89ba5b794252e3f8190f18ed, builderIndex=Infinity, isSelfBuild=true, dataColumns=0
[cl-3-lodestar-geth] Mar-04 16:27:26.618[chain]            [32minfo[39m: Published execution payload envelope slot=93, blockRoot=0xb670eabeffbe2c9a5871991305787fbe6b7858dc89ba5b794252e3f8190f18ed, builderIndex=Infinity, isSelfBuild=true, dataColumns=0, delaySec=0.6059999465942383, sentPeers=3
[cl-3-lodestar-geth] Mar-04 16:27:32.000[]                 [32minfo[39m: Synced - slot: 93 - head: 0xb670…18ed - exec-block: valid/full(93 0x3fae… bid:0x3fae…) - finalized: 0x0000…0000:0 - peers: 3
[cl-3-lodestar-geth] Mar-04 16:27:44.001[]                 [32minfo[39m: Synced - slot: 94 - head: 0xd8fb…52d2 - exec-block: valid/full(94 0x668b… bid:0x668b…) - finalized: 0x0000…0000:0 - peers: 3
[cl-3-lodestar-geth] Mar-04 16:27:56.009[]                 [32minfo[39m: Synced - slot: 95 - head: 0xdb95…ef79 - exec-block: valid/full(95 0x31f1… bid:0x31f1…) - finalized: 0x0000…0000:0 - peers: 3
[cl-3-lodestar-geth] Mar-04 16:28:02.001[network]          [32minfo[39m: Unsubscribing gossip topics of previous fork boundary fork=fulu, epoch=0
[cl-3-lodestar-geth] Mar-04 16:28:02.015[network]          [32minfo[39m: Unsubscribing from long lived attnets of previous fork boundary fork=fulu, epoch=0
[cl-3-lodestar-geth] Mar-04 16:28:02.017[network]          [32minfo[39m: Unsubscribing from random attnets of previous fork boundary fork=fulu, epoch=0
[cl-3-lodestar-geth] Mar-04 16:28:02.805[chain]            [32minfo[39m: Publishing block slot=96, blockRoot=0x80aac46a1ead85406448e3d90db922fb982241a5dc927a065f179313dbedbba1, bodyRoot=0xc90128362aa27d6736c914a4375e385748104becd8e064e6d678491d0b533075, broadcastValidation=gossip, blockLocallyProduced=true
[cl-3-lodestar-geth] Mar-04 16:28:02.919[api]              [32minfo[39m: Produced execution payload envelope slot=96, blockRoot=0x80aac46a1ead85406448e3d90db922fb982241a5dc927a065f179313dbedbba1, transactions=0, blockHash=0xe947a28fab27bf578b62ac12cc51ca0f78f9f0b8d38177bd6ba066c7bc6d999d
[cl-3-lodestar-geth] Mar-04 16:28:02.929[chain]            [32minfo[39m: Publishing execution payload envelope slot=96, blockRoot=0x80aac46a1ead85406448e3d90db922fb982241a5dc927a065f179313dbedbba1, builderIndex=Infinity, isSelfBuild=true, dataColumns=0
[cl-3-lodestar-geth] Mar-04 16:28:02.930[chain]            [32minfo[39m: Published execution payload envelope slot=96, blockRoot=0x80aac46a1ead85406448e3d90db922fb982241a5dc927a065f179313dbedbba1, builderIndex=Infinity, isSelfBuild=true, dataColumns=0, delaySec=0.9240000247955322, sentPeers=3
[cl-3-lodestar-geth] Mar-04 16:28:08.000[]                 [32minfo[39m: Synced - slot: 96 - head: 0x80aa…bba1 - exec-block: valid/full(96 0xe947… bid:0xe947…) - finalized: 0x0000…0000:0 - peers: 3
[cl-3-lodestar-geth] Mar-04 16:28:20.002[]                 [32minfo[39m: Synced - slot: 97 - head: 0x3d3b…84bf - exec-block: valid/full(97 0x72ad… bid:0x72ad…) - finalized: 0x0000…0000:0 - peers: 3
[cl-3-lodestar-geth] Mar-04 16:28:26.519[chain]            [32minfo[39m: Publishing block slot=98, blockRoot=0x277852b0f28505aeae6d181d234a1c7274e7cf37abccb0825d5707236915024d, bodyRoot=0xca5be5e14864f7b2d199912c62e2f5a3029bd2d0ba6c626b0fbb2e44a7ddaa34, broadcastValidation=gossip, blockLocallyProduced=true
[cl-3-lodestar-geth] Mar-04 16:28:26.629[api]              [32minfo[39m: Produced execution payload envelope slot=98, blockRoot=0x277852b0f28505aeae6d181d234a1c7274e7cf37abccb0825d5707236915024d, transactions=0, blockHash=0x04cd7bf554cd3e004d075b874233f3450c607c8cd6a646cead7d152634abead3
[cl-3-lodestar-geth] Mar-04 16:28:26.648[chain]            [32minfo[39m: Publishing execution payload envelope slot=98, blockRoot=0x277852b0f28505aeae6d181d234a1c7274e7cf37abccb0825d5707236915024d, builderIndex=Infinity, isSelfBuild=true, dataColumns=0
[cl-3-lodestar-geth] Mar-04 16:28:26.651[chain]            [32minfo[39m: Published execution payload envelope slot=98, blockRoot=0x277852b0f28505aeae6d181d234a1c7274e7cf37abccb0825d5707236915024d, builderIndex=Infinity, isSelfBuild=true, dataColumns=0, delaySec=0.6359999179840088, sentPeers=3
[cl-3-lodestar-geth] Mar-04 16:28:32.000[]                 [32minfo[39m: Synced - slot: 98 - head: 0x2778…024d - exec-block: valid/full(98 0x04cd… bid:0x04cd…) - finalized: 0x0000…0000:0 - peers: 3
[cl-3-lodestar-geth] Mar-04 16:28:38.520[chain]            [32minfo[39m: Publishing block slot=99, blockRoot=0xd504072799500906cd2fc6e55df68bd705db58781658937795c7a95bc80ed9dc, bodyRoot=0xca4a2dd36b5fddd1cec595f21584f1bdd817f85b4fbe66063c4777f200a6758d, broadcastValidation=gossip, blockLocallyProduced=true
[cl-3-lodestar-geth] Mar-04 16:28:38.621[api]              [32minfo[39m: Produced execution payload envelope slot=99, blockRoot=0xd504072799500906cd2fc6e55df68bd705db58781658937795c7a95bc80ed9dc, transactions=0, blockHash=0x640da563f5653e4f9eb4561169e5209fa716086e96ff2aa629109f6ebfef0046
[cl-3-lodestar-geth] Mar-04 16:28:38.657[chain]            [32minfo[39m: Publishing execution payload envelope slot=99, blockRoot=0xd504072799500906cd2fc6e55df68bd705db58781658937795c7a95bc80ed9dc, builderIndex=Infinity, isSelfBuild=true, dataColumns=0
[cl-3-lodestar-geth] Mar-04 16:28:38.658[chain]            [32minfo[39m: Published execution payload envelope slot=99, blockRoot=0xd504072799500906cd2fc6e55df68bd705db58781658937795c7a95bc80ed9dc, builderIndex=Infinity, isSelfBuild=true, dataColumns=0, delaySec=0.628000020980835, sentPeers=3
[cl-3-lodestar-geth] Mar-04 16:28:44.001[]                 [32minfo[39m: Synced - slot: 99 - head: 0xd504…d9dc - exec-block: valid/full(99 0x640d… bid:0x640d…) - finalized: 0x0000…0000:0 - peers: 3
[cl-3-lodestar-geth] Mar-04 16:28:56.001[]                 [32minfo[39m: Synced - slot: 100 - head: 0x0aae…5ae0 - exec-block: valid/full(100 0xdd50… bid:0xdd50…) - finalized: 0x0000…0000:0 - peers: 3
[cl-3-lodestar-geth] Mar-04 16:29:08.001[]                 [32minfo[39m: Synced - slot: 101 - head: 0xe769…19dc - exec-block: valid/full(101 0xfe7c… bid:0xfe7c…) - finalized: 0x0000…0000:0 - peers: 3
[cl-3-lodestar-geth] Mar-04 16:29:20.000[]                 [32minfo[39m: Synced - slot: 102 - head: 0x8ea6…4437 - exec-block: valid/full(102 0xc7c8… bid:0xc7c8…) - finalized: 0x0000…0000:0 - peers: 3
[cl-3-lodestar-geth] Mar-04 16:29:26.524[chain]            [32minfo[39m: Publishing block slot=103, blockRoot=0x04f87cb680a7cc3453e22522b8565c6c036432c57a777c3eb622105d9dc1794f, bodyRoot=0xe35fd213f5c9d4bee02b27f1b8857dc4d0fe1cdfe49a235e315d5a04d3219253, broadcastValidation=gossip, blockLocallyProduced=true
[cl-3-lodestar-geth] Mar-04 16:29:26.590[api]              [32minfo[39m: Produced execution payload envelope slot=103, blockRoot=0x04f87cb680a7cc3453e22522b8565c6c036432c57a777c3eb622105d9dc1794f, transactions=0, blockHash=0xcc58eb5496de302c9b7e94e70d7e4ebf56cc91d722ec9f51457520c2e71d529f
[cl-3-lodestar-geth] Mar-04 16:29:26.605[chain]            [32minfo[39m: Publishing execution payload envelope slot=103, blockRoot=0x04f87cb680a7cc3453e22522b8565c6c036432c57a777c3eb622105d9dc1794f, builderIndex=Infinity, isSelfBuild=true, dataColumns=0
[cl-3-lodestar-geth] Mar-04 16:29:26.611[chain]            [32minfo[39m: Published execution payload envelope slot=103, blockRoot=0x04f87cb680a7cc3453e22522b8565c6c036432c57a777c3eb622105d9dc1794f, builderIndex=Infinity, isSelfBuild=true, dataColumns=0, delaySec=0.5950000286102295, sentPeers=3
[cl-3-lodestar-geth] Mar-04 16:29:32.001[]                 [32minfo[39m: Synced - slot: 103 - head: 0x04f8…794f - exec-block: valid/full(103 0xcc58… bid:0xcc58…) - finalized: 0x0000…0000:0 - peers: 3
[cl-3-lodestar-geth] Mar-04 16:29:44.000[]                 [32minfo[39m: Synced - slot: 104 - head: 0x0afb…3de7 - exec-block: valid/full(104 0x92c4… bid:0x92c4…) - finalized: 0x0000…0000:0 - peers: 3
[cl-3-lodestar-geth] Mar-04 16:29:56.002[]                 [32minfo[39m: Synced - slot: 105 - head: 0x4fdb…5ce7 - exec-block: valid/full(105 0xd54e… bid:0xd54e…) - finalized: 0x0000…0000:0 - peers: 3
[cl-3-lodestar-geth] Mar-04 16:30:02.547[chain]            [32minfo[39m: Publishing block slot=106, blockRoot=0x7114ea560a35731e07322de9762527d453dbad922c9e09128804beb03d25f579, bodyRoot=0x509051dac0396f6880236fa47d4d4f601f350122cd6f9d1ed06c96a7c11bd45e, broadcastValidation=gossip, blockLocallyProduced=true
[cl-3-lodestar-geth] Mar-04 16:30:02.643[api]              [32minfo[39m: Produced execution payload envelope slot=106, blockRoot=0x7114ea560a35731e07322de9762527d453dbad922c9e09128804beb03d25f579, transactions=0, blockHash=0x09a2f857c7c2f6e55a3da9a5e7f91133cddc25e84b60c255c8b14e43968cdba0
[cl-3-lodestar-geth] Mar-04 16:30:02.657[chain]            [32minfo[39m: Publishing execution payload envelope slot=106, blockRoot=0x7114ea560a35731e07322de9762527d453dbad922c9e09128804beb03d25f579, builderIndex=Infinity, isSelfBuild=true, dataColumns=0
[cl-3-lodestar-geth] Mar-04 16:30:02.660[chain]            [32minfo[39m: Published execution payload envelope slot=106, blockRoot=0x7114ea560a35731e07322de9762527d453dbad922c9e09128804beb03d25f579, builderIndex=Infinity, isSelfBuild=true, dataColumns=0, delaySec=0.6449999809265137, sentPeers=3
[cl-3-lodestar-geth] Mar-04 16:30:08.000[]                 [32minfo[39m: Synced - slot: 106 - head: 0x7114…f579 - exec-block: valid/full(106 0x09a2… bid:0x09a2…) - finalized: 0x0000…0000:0 - peers: 3
[cl-3-lodestar-geth] Mar-04 16:30:20.000[]                 [32minfo[39m: Synced - slot: 107 - head: 0xec84…f8a7 - exec-block: valid/full(107 0x0bef… bid:0x0bef…) - finalized: 0x0000…0000:0 - peers: 3
[cl-3-lodestar-geth] Mar-04 16:30:26.523[chain]            [32minfo[39m: Publishing block slot=108, blockRoot=0xd3bb4e7b253d6cc646b795f126d5a85553096a474ea0af5c7ee4a05773481c0a, bodyRoot=0xe019abad04fb1d698532986e2799d0c8c7852f5b4fdfab45677e7ba962fef82d, broadcastValidation=gossip, blockLocallyProduced=true
[cl-3-lodestar-geth] Mar-04 16:30:26.622[api]              [32minfo[39m: Produced execution payload envelope slot=108, blockRoot=0xd3bb4e7b253d6cc646b795f126d5a85553096a474ea0af5c7ee4a05773481c0a, transactions=0, blockHash=0xf3bed9d59b7757b44691612448419e4604cef5f2dc1f53ed49f69964c0e41c2a
[cl-3-lodestar-geth] Mar-04 16:30:26.657[chain]            [32minfo[39m: Publishing execution payload envelope slot=108, blockRoot=0xd3bb4e7b253d6cc646b795f126d5a85553096a474ea0af5c7ee4a05773481c0a, builderIndex=Infinity, isSelfBuild=true, dataColumns=0
[cl-3-lodestar-geth] Mar-04 16:30:26.663[chain]            [32minfo[39m: Published execution payload envelope slot=108, blockRoot=0xd3bb4e7b253d6cc646b795f126d5a85553096a474ea0af5c7ee4a05773481c0a, builderIndex=Infinity, isSelfBuild=true, dataColumns=0, delaySec=0.625, sentPeers=3
[cl-3-lodestar-geth] Mar-04 16:30:32.001[]                 [32minfo[39m: Synced - slot: 108 - head: 0xd3bb…1c0a - exec-block: valid/full(108 0xf3be… bid:0xf3be…) - finalized: 0x0000…0000:0 - peers: 3
[cl-3-lodestar-geth] Mar-04 16:30:44.001[]                 [32minfo[39m: Synced - slot: 109 - head: 0x66ac…6861 - exec-block: valid/full(109 0x68fa… bid:0x68fa…) - finalized: 0x0000…0000:0 - peers: 3
[cl-3-lodestar-geth] Mar-04 16:30:56.001[]                 [32minfo[39m: Synced - slot: 110 - head: 0xc571…b38e - exec-block: valid/full(110 0x7d93… bid:0x7d93…) - finalized: 0x0000…0000:0 - peers: 3
[cl-3-lodestar-geth] Mar-04 16:31:08.000[]                 [32minfo[39m: Synced - slot: 111 - head: 0xa55b…e20e - exec-block: valid/full(111 0x2993… bid:0x2993…) - finalized: 0x0000…0000:0 - peers: 3
[cl-3-lodestar-geth] Mar-04 16:31:20.000[]                 [32minfo[39m: Synced - slot: 112 - head: 0x1d29…3490 - exec-block: valid/full(112 0xb2b8… bid:0xb2b8…) - finalized: 0x0000…0000:0 - peers: 3
[cl-3-lodestar-geth] Mar-04 16:31:32.001[]                 [32minfo[39m: Synced - slot: 113 - head: 0x2fb1…fa95 - exec-block: valid/full(113 0x6679… bid:0x6679…) - finalized: 0x0000…0000:0 - peers: 3
[cl-3-lodestar-geth] Mar-04 16:31:44.001[]                 [32minfo[39m: Synced - slot: 114 - head: 0x17c5…6850 - exec-block: valid/full(114 0xb65f… bid:0xb65f…) - finalized: 0x0000…0000:0 - peers: 3
[cl-3-lodestar-geth] Mar-04 16:31:56.000[]                 [32minfo[39m: Synced - slot: 115 - head: 0xc647…d7cb - exec-block: valid/full(115 0xd29a… bid:0xd29a…) - finalized: 0x0000…0000:0 - peers: 3
[cl-3-lodestar-geth] Mar-04 16:32:08.000[]                 [32minfo[39m: Synced - slot: 116 - head: 0xd533…8ee3 - exec-block: valid/full(116 0xff7e… bid:0xff7e…) - finalized: 0x0000…0000:0 - peers: 3
[cl-3-lodestar-geth] Mar-04 16:32:20.000[]                 [32minfo[39m: Synced - slot: 117 - head: 0x1742…ee94 - exec-block: valid/full(117 0x82d4… bid:0x82d4…) - finalized: 0x0000…0000:0 - peers: 3
[cl-3-lodestar-geth] Mar-04 16:32:26.534[chain]            [32minfo[39m: Publishing block slot=118, blockRoot=0x3e8a8754d5ea37d78a4c1a729365d0e03c917c5efb97c6fffe1eb1692fc677cd, bodyRoot=0x957a567c98b84359b8fe6a2bb04009910ad4c9ffa4847abe60b24efa6c40ca48, broadcastValidation=gossip, blockLocallyProduced=true
[cl-3-lodestar-geth] Mar-04 16:32:26.604[api]              [32minfo[39m: Produced execution payload envelope slot=118, blockRoot=0x3e8a8754d5ea37d78a4c1a729365d0e03c917c5efb97c6fffe1eb1692fc677cd, transactions=0, blockHash=0xfd39e7949947b0eb32d10cefc62d71095a0fe2fe4e3d88dda1843b8178dbc9b3
[cl-3-lodestar-geth] Mar-04 16:32:26.621[chain]            [32minfo[39m: Publishing execution payload envelope slot=118, blockRoot=0x3e8a8754d5ea37d78a4c1a729365d0e03c917c5efb97c6fffe1eb1692fc677cd, builderIndex=Infinity, isSelfBuild=true, dataColumns=0
[cl-3-lodestar-geth] Mar-04 16:32:26.624[chain]            [32minfo[39m: Published execution payload envelope slot=118, blockRoot=0x3e8a8754d5ea37d78a4c1a729365d0e03c917c5efb97c6fffe1eb1692fc677cd, builderIndex=Infinity, isSelfBuild=true, dataColumns=0, delaySec=0.6089999675750732, sentPeers=3
[cl-3-lodestar-geth] Mar-04 16:32:32.000[]                 [32minfo[39m: Synced - slot: 118 - head: 0x3e8a…77cd - exec-block: valid/full(118 0xfd39… bid:0xfd39…) - finalized: 0x0000…0000:0 - peers: 3
[cl-3-lodestar-geth] Mar-04 16:32:44.001[]                 [32minfo[39m: Synced - slot: 119 - head: 0x21c2…9784 - exec-block: valid/full(119 0x812f… bid:0x812f…) - finalized: 0x0000…0000:0 - peers: 3
[cl-3-lodestar-geth] Mar-04 16:32:56.001[]                 [32minfo[39m: Synced - slot: 120 - head: 0x9884…af83 - exec-block: valid/full(120 0x7147… bid:0x7147…) - finalized: 0x0000…0000:0 - peers: 3
[cl-3-lodestar-geth] Mar-04 16:33:02.534[chain]            [32minfo[39m: Publishing block slot=121, blockRoot=0xc82979a45a2b578640daf1c0341b889a5f5113e80ae6432f576f2d9335fa9060, bodyRoot=0x10054be9cf66eb5af60d060540009f4f4261d0b24e697fcb3b31397fd4bd6399, broadcastValidation=gossip, blockLocallyProduced=true
[cl-3-lodestar-geth] Mar-04 16:33:02.605[api]              [32minfo[39m: Produced execution payload envelope slot=121, blockRoot=0xc82979a45a2b578640daf1c0341b889a5f5113e80ae6432f576f2d9335fa9060, transactions=0, blockHash=0x55d9a5ffd6323a9a47a28b28a24163ea0eaf46478af94411b3b4e3b6332a6cb3
[cl-3-lodestar-geth] Mar-04 16:33:02.624[chain]            [32minfo[39m: Publishing execution payload envelope slot=121, blockRoot=0xc82979a45a2b578640daf1c0341b889a5f5113e80ae6432f576f2d9335fa9060, builderIndex=Infinity, isSelfBuild=true, dataColumns=0
[cl-3-lodestar-geth] Mar-04 16:33:02.629[chain]            [32minfo[39m: Published execution payload envelope slot=121, blockRoot=0xc82979a45a2b578640daf1c0341b889a5f5113e80ae6432f576f2d9335fa9060, builderIndex=Infinity, isSelfBuild=true, dataColumns=0, delaySec=0.6099998950958252, sentPeers=3
[cl-3-lodestar-geth] Mar-04 16:33:08.001[]                 [32minfo[39m: Synced - slot: 121 - head: 0xc829…9060 - exec-block: valid/full(121 0x55d9… bid:0x55d9…) - finalized: 0x0000…0000:0 - peers: 3
[cl-3-lodestar-geth] Mar-04 16:33:20.000[]                 [32minfo[39m: Synced - slot: 122 - head: 0x4f12…5141 - exec-block: valid/full(122 0x023f… bid:0x023f…) - finalized: 0x0000…0000:0 - peers: 3
[cl-3-lodestar-geth] Mar-04 16:33:26.598[chain]            [32minfo[39m: Publishing block slot=123, blockRoot=0xb0b09e510e528f5ac3809a78bb9d0e140b295ab03f46aa0c0e1feefdab7b06ca, bodyRoot=0x035fa2bda43b62916bff1fb0195b595fde45e540f5bee71ceab66fdac2d83f25, broadcastValidation=gossip, blockLocallyProduced=true
[cl-3-lodestar-geth] Mar-04 16:33:26.668[api]              [32minfo[39m: Produced execution payload envelope slot=123, blockRoot=0xb0b09e510e528f5ac3809a78bb9d0e140b295ab03f46aa0c0e1feefdab7b06ca, transactions=0, blockHash=0x06a13c58596be17bb41428993c6fd954ddea9063d4cc0f374940fa974d41d589
[cl-3-lodestar-geth] Mar-04 16:33:26.685[chain]            [32minfo[39m: Publishing execution payload envelope slot=123, blockRoot=0xb0b09e510e528f5ac3809a78bb9d0e140b295ab03f46aa0c0e1feefdab7b06ca, builderIndex=Infinity, isSelfBuild=true, dataColumns=0
[cl-3-lodestar-geth] Mar-04 16:33:26.686[chain]            [32minfo[39m: Published execution payload envelope slot=123, blockRoot=0xb0b09e510e528f5ac3809a78bb9d0e140b295ab03f46aa0c0e1feefdab7b06ca, builderIndex=Infinity, isSelfBuild=true, dataColumns=0, delaySec=0.6719999313354492, sentPeers=3
[cl-3-lodestar-geth] Mar-04 16:33:32.000[]                 [32minfo[39m: Synced - slot: 123 - head: 0xb0b0…06ca - exec-block: valid/full(123 0x06a1… bid:0x06a1…) - finalized: 0x0000…0000:0 - peers: 3
[cl-3-lodestar-geth] Mar-04 16:33:44.000[]                 [32minfo[39m: Synced - slot: 124 - head: 0xab58…c95b - exec-block: valid/full(124 0xd54c… bid:0xd54c…) - finalized: 0x0000…0000:0 - peers: 3
[cl-3-lodestar-geth] Mar-04 16:33:50.527[chain]            [32minfo[39m: Publishing block slot=125, blockRoot=0x50eb4fd3004a3f309a775f34c23c7dd25c6785e6321cd4f131fa40cc5e6d25a6, bodyRoot=0x93737385793d548ec079a6233787b51b0a1757f58fa26bebf535197c2f2f6bf4, broadcastValidation=gossip, blockLocallyProduced=true
[cl-3-lodestar-geth] Mar-04 16:33:50.597[api]              [32minfo[39m: Produced execution payload envelope slot=125, blockRoot=0x50eb4fd3004a3f309a775f34c23c7dd25c6785e6321cd4f131fa40cc5e6d25a6, transactions=0, blockHash=0xda1746cad67f2defc7cc18087fb93426ee3b476f5bf6dde273d989cb96b91c06
[cl-3-lodestar-geth] Mar-04 16:33:50.615[chain]            [32minfo[39m: Publishing execution payload envelope slot=125, blockRoot=0x50eb4fd3004a3f309a775f34c23c7dd25c6785e6321cd4f131fa40cc5e6d25a6, builderIndex=Infinity, isSelfBuild=true, dataColumns=0
[cl-3-lodestar-geth] Mar-04 16:33:50.619[chain]            [32minfo[39m: Published execution payload envelope slot=125, blockRoot=0x50eb4fd3004a3f309a775f34c23c7dd25c6785e6321cd4f131fa40cc5e6d25a6, builderIndex=Infinity, isSelfBuild=true, dataColumns=0, delaySec=0.6019999980926514, sentPeers=3
[cl-3-lodestar-geth] Mar-04 16:33:56.000[]                 [32minfo[39m: Synced - slot: 125 - head: 0x50eb…25a6 - exec-block: valid/full(125 0xda17… bid:0xda17…) - finalized: 0x0000…0000:0 - peers: 3
[cl-3-lodestar-geth] Mar-04 16:34:08.002[]                 [32minfo[39m: Synced - slot: 126 - head: 0x11a3…8a32 - exec-block: valid/full(126 0x566b… bid:0x566b…) - finalized: 0x0000…0000:0 - peers: 3
[cl-3-lodestar-geth] Mar-04 16:34:20.000[]                 [32minfo[39m: Synced - slot: 127 - head: 0xe650…2633 - exec-block: valid/full(127 0xeba8… bid:0xeba8…) - finalized: 0x0000…0000:0 - peers: 3
[cl-3-lodestar-geth] Mar-04 16:34:26.711[chain]            [32minfo[39m: Publishing block slot=128, blockRoot=0x18102d8549b33ef87c202b4144d5bc87e20f5152a1e8f9e892285dc8530ae187, bodyRoot=0xe5acd637573bf6876e36cdf0d1eaa2c25ef725fb4eb04105cdb6f7e61b630038, broadcastValidation=gossip, blockLocallyProduced=true
[cl-3-lodestar-geth] Mar-04 16:34:26.826[api]              [32minfo[39m: Produced execution payload envelope slot=128, blockRoot=0x18102d8549b33ef87c202b4144d5bc87e20f5152a1e8f9e892285dc8530ae187, transactions=0, blockHash=0x96082b323d2a7353a0d2ff7d39f25175b8bf12db2e789867eb8fc665257f3e69
[cl-3-lodestar-geth] Mar-04 16:34:26.891[chain]            [32minfo[39m: Publishing execution payload envelope slot=128, blockRoot=0x18102d8549b33ef87c202b4144d5bc87e20f5152a1e8f9e892285dc8530ae187, builderIndex=Infinity, isSelfBuild=true, dataColumns=0
[cl-3-lodestar-geth] Mar-04 16:34:26.894[chain]            [32minfo[39m: Published execution payload envelope slot=128, blockRoot=0x18102d8549b33ef87c202b4144d5bc87e20f5152a1e8f9e892285dc8530ae187, builderIndex=Infinity, isSelfBuild=true, dataColumns=0, delaySec=0.8640000820159912, sentPeers=3
[cl-3-lodestar-geth] Mar-04 16:34:32.000[]                 [32minfo[39m: Synced - slot: 128 - head: 0x1810…e187 - exec-block: valid/full(128 0x9608… bid:0x9608…) - finalized: 0xe368…11c1:2 - peers: 3
[cl-3-lodestar-geth] Mar-04 16:34:44.000[]                 [32minfo[39m: Synced - slot: 129 - head: 0x43a4…f300 - exec-block: valid/full(129 0xbb8d… bid:0xbb8d…) - finalized: 0xe368…11c1:2 - peers: 3
[cl-3-lodestar-geth] Mar-04 16:34:56.001[]                 [32minfo[39m: Synced - slot: 130 - head: 0xa4c6…78b7 - exec-block: valid/full(130 0x1ef7… bid:0x1ef7…) - finalized: 0xe368…11c1:2 - peers: 3
[cl-3-lodestar-geth] Mar-04 16:35:08.001[]                 [32minfo[39m: Synced - slot: 131 - head: 0x5f1b…8d21 - exec-block: valid/full(131 0x5f8c… bid:0x5f8c…) - finalized: 0xe368…11c1:2 - peers: 3
[cl-3-lodestar-geth] Mar-04 16:35:20.000[]                 [32minfo[39m: Synced - slot: 132 - head: 0xd742…bd22 - exec-block: valid/full(132 0xfd53… bid:0xfd53…) - finalized: 0xe368…11c1:2 - peers: 3
[cl-3-lodestar-geth] Mar-04 16:35:26.519[chain]            [32minfo[39m: Publishing block slot=133, blockRoot=0xfebac34b0acf881f04ac126ae2f878515cb5f33ffd1a5e703080bacecd372896, bodyRoot=0x0f683ef4d11a95243de81158d6d06da7574e641a7f880ae622e7b6200d46ad3e, broadcastValidation=gossip, blockLocallyProduced=true
[cl-3-lodestar-geth] Mar-04 16:35:26.589[api]              [32minfo[39m: Produced execution payload envelope slot=133, blockRoot=0xfebac34b0acf881f04ac126ae2f878515cb5f33ffd1a5e703080bacecd372896, transactions=0, blockHash=0xb1e0e1e3f923e9ea4557fad745e1ed10e5ec28bbcffee7ae6660435a4e2f11ae
[cl-3-lodestar-geth] Mar-04 16:35:26.616[chain]            [32minfo[39m: Publishing execution payload envelope slot=133, blockRoot=0xfebac34b0acf881f04ac126ae2f878515cb5f33ffd1a5e703080bacecd372896, builderIndex=Infinity, isSelfBuild=true, dataColumns=0
[cl-3-lodestar-geth] Mar-04 16:35:26.635[chain]            [32minfo[39m: Published execution payload envelope slot=133, blockRoot=0xfebac34b0acf881f04ac126ae2f878515cb5f33ffd1a5e703080bacecd372896, builderIndex=Infinity, isSelfBuild=true, dataColumns=0, delaySec=0.5959999561309814, sentPeers=3
[cl-3-lodestar-geth] Mar-04 16:35:32.000[]                 [32minfo[39m: Synced - slot: 133 - head: 0xfeba…2896 - exec-block: valid/full(133 0xb1e0… bid:0xb1e0…) - finalized: 0xe368…11c1:2 - peers: 3
[cl-3-lodestar-geth] Mar-04 16:35:44.001[]                 [32minfo[39m: Synced - slot: 134 - head: 0xa0ef…783e - exec-block: valid/full(134 0x34c8… bid:0x34c8…) - finalized: 0xe368…11c1:2 - peers: 3
[cl-3-lodestar-geth] Mar-04 16:35:50.519[chain]            [32minfo[39m: Publishing block slot=135, blockRoot=0xbea07686eeb7271a548027ab0bb0c9a3bf5d0ee60a71abc7db4698e0fb08f7b7, bodyRoot=0x04355eb405374ab5ec3c3afc458c243b0271e8ececc266c1280ea53517700844, broadcastValidation=gossip, blockLocallyProduced=true
[cl-3-lodestar-geth] Mar-04 16:35:50.594[api]              [32minfo[39m: Produced execution payload envelope slot=135, blockRoot=0xbea07686eeb7271a548027ab0bb0c9a3bf5d0ee60a71abc7db4698e0fb08f7b7, transactions=0, blockHash=0xbd6acb5924dfb6339566915eb90e4bd60f5b4e28da101d1fc38b4ea63b953702
[cl-3-lodestar-geth] Mar-04 16:35:50.605[chain]            [32minfo[39m: Publishing execution payload envelope slot=135, blockRoot=0xbea07686eeb7271a548027ab0bb0c9a3bf5d0ee60a71abc7db4698e0fb08f7b7, builderIndex=Infinity, isSelfBuild=true, dataColumns=0
[cl-3-lodestar-geth] Mar-04 16:35:50.608[chain]            [32minfo[39m: Published execution payload envelope slot=135, blockRoot=0xbea07686eeb7271a548027ab0bb0c9a3bf5d0ee60a71abc7db4698e0fb08f7b7, builderIndex=Infinity, isSelfBuild=true, dataColumns=0, delaySec=0.5959999561309814, sentPeers=3
[cl-3-lodestar-geth] Mar-04 16:35:56.000[]                 [32minfo[39m: Synced - slot: 135 - head: 0xbea0…f7b7 - exec-block: valid/full(135 0xbd6a… bid:0xbd6a…) - finalized: 0xe368…11c1:2 - peers: 3
[cl-3-lodestar-geth] Mar-04 16:36:08.002[]                 [32minfo[39m: Synced - slot: 136 - head: 0x982d…5594 - exec-block: valid/full(136 0x77ea… bid:0x77ea…) - finalized: 0xe368…11c1:2 - peers: 3
