[cl-4-lodestar-geth] Mar-04 16:16:56.000[]                 [32minfo[39m: Synced - slot: 40 - head: 0xf300…1b50 - exec-block: valid/full(40 0xe23a… bid:0xe23a…) - finalized: 0x0000…0000:0 - peers: 3
[cl-4-lodestar-geth] Mar-04 16:17:08.001[]                 [32minfo[39m: Synced - slot: 41 - head: 0x8fb7…d236 - exec-block: valid/full(41 0x5cc4… bid:0x5cc4…) - finalized: 0x0000…0000:0 - peers: 3
[cl-4-lodestar-geth] Mar-04 16:17:20.000[]                 [32minfo[39m: Synced - slot: 42 - head: 0x54b7…5e1f - exec-block: valid/full(42 0x0953… bid:0x0953…) - finalized: 0x0000…0000:0 - peers: 3
[cl-4-lodestar-geth] Mar-04 16:17:32.001[]                 [32minfo[39m: Synced - slot: 43 - head: 0x8b8b…67f0 - exec-block: valid/full(43 0xb651… bid:0xb651…) - finalized: 0x0000…0000:0 - peers: 3
[cl-4-lodestar-geth] Mar-04 16:17:38.538[chain]            [32minfo[39m: Publishing block slot=44, blockRoot=0x5de185613bc3a2f21fc5291b0b9f7603130e58fd928643aee15ee6d0a9ef65e1, bodyRoot=0xc177a33e6169daaede41883bc62e281d72b0a91a74d8109aeb95c355f745a60a, broadcastValidation=gossip, blockLocallyProduced=true
[cl-4-lodestar-geth] Mar-04 16:17:38.637[api]              [32minfo[39m: Produced execution payload envelope slot=44, blockRoot=0x5de185613bc3a2f21fc5291b0b9f7603130e58fd928643aee15ee6d0a9ef65e1, transactions=0, blockHash=0x9a64c00c25a7c5ce10d65db739320b51f54e16f63e2411b22cd75598cec9eba2
[cl-4-lodestar-geth] Mar-04 16:17:38.662[chain]            [32minfo[39m: Publishing execution payload envelope slot=44, blockRoot=0x5de185613bc3a2f21fc5291b0b9f7603130e58fd928643aee15ee6d0a9ef65e1, builderIndex=Infinity, isSelfBuild=true, dataColumns=0
[cl-4-lodestar-geth] Mar-04 16:17:38.667[chain]            [32minfo[39m: Published execution payload envelope slot=44, blockRoot=0x5de185613bc3a2f21fc5291b0b9f7603130e58fd928643aee15ee6d0a9ef65e1, builderIndex=Infinity, isSelfBuild=true, dataColumns=0, delaySec=0.6480000019073486, sentPeers=3
[cl-4-lodestar-geth] Mar-04 16:17:44.000[]                 [32minfo[39m: Synced - slot: 44 - head: 0x5de1…65e1 - exec-block: valid/full(44 0x9a64… bid:0x9a64…) - finalized: 0x0000…0000:0 - peers: 3
[cl-4-lodestar-geth] Mar-04 16:17:56.001[]                 [32minfo[39m: Synced - slot: 45 - head: 0x9d19…a5f3 - exec-block: valid/full(45 0x780f… bid:0x780f…) - finalized: 0x0000…0000:0 - peers: 3
[cl-4-lodestar-geth] Mar-04 16:18:08.000[]                 [32minfo[39m: Synced - slot: 46 - head: 0x9b10…392c - exec-block: valid/full(46 0x309a… bid:0x309a…) - finalized: 0x0000…0000:0 - peers: 3
[cl-4-lodestar-geth] Mar-04 16:18:20.000[]                 [32minfo[39m: Synced - slot: 47 - head: 0x0985…9743 - exec-block: valid/full(47 0x8fb8… bid:0x8fb8…) - finalized: 0x0000…0000:0 - peers: 3
[cl-4-lodestar-geth] Mar-04 16:18:32.000[]                 [32minfo[39m: Synced - slot: 48 - head: 0xe1f1…f4eb - exec-block: valid/full(48 0x3e3f… bid:0x3e3f…) - finalized: 0x0000…0000:0 - peers: 3
[cl-4-lodestar-geth] Mar-04 16:18:44.000[]                 [32minfo[39m: Synced - slot: 49 - head: 0x67d2…b87b - exec-block: valid/full(49 0x2dc5… bid:0x2dc5…) - finalized: 0x0000…0000:0 - peers: 3
[cl-4-lodestar-geth] Mar-04 16:18:50.526[chain]            [32minfo[39m: Publishing block slot=50, blockRoot=0xa0d182dccf690e91752e5ecec6049c831d8e31b2cdee744a0647f30d1cc0c436, bodyRoot=0xec3026dfae5d7ea61e6d833d7efe894fce0f06b5b18ccb8eb24ff03c055ed7a1, broadcastValidation=gossip, blockLocallyProduced=true
[cl-4-lodestar-geth] Mar-04 16:18:50.623[api]              [32minfo[39m: Produced execution payload envelope slot=50, blockRoot=0xa0d182dccf690e91752e5ecec6049c831d8e31b2cdee744a0647f30d1cc0c436, transactions=0, blockHash=0x35ad75ed12748a460aa4fdd954a29f9f5d37d7ce7dc2137a62411f173db25a47
[cl-4-lodestar-geth] Mar-04 16:18:50.647[chain]            [32minfo[39m: Publishing execution payload envelope slot=50, blockRoot=0xa0d182dccf690e91752e5ecec6049c831d8e31b2cdee744a0647f30d1cc0c436, builderIndex=Infinity, isSelfBuild=true, dataColumns=0
[cl-4-lodestar-geth] Mar-04 16:18:50.653[chain]            [32minfo[39m: Published execution payload envelope slot=50, blockRoot=0xa0d182dccf690e91752e5ecec6049c831d8e31b2cdee744a0647f30d1cc0c436, builderIndex=Infinity, isSelfBuild=true, dataColumns=0, delaySec=0.6289999485015869, sentPeers=3
[cl-4-lodestar-geth] Mar-04 16:18:56.000[]                 [32minfo[39m: Synced - slot: 50 - head: 0xa0d1…c436 - exec-block: valid/full(50 0x35ad… bid:0x35ad…) - finalized: 0x0000…0000:0 - peers: 3
[cl-4-lodestar-geth] Mar-04 16:19:08.000[]                 [32minfo[39m: Synced - slot: 51 - head: 0xe4d5…9107 - exec-block: valid/full(51 0x8c84… bid:0x8c84…) - finalized: 0x0000…0000:0 - peers: 3
[cl-4-lodestar-geth] Mar-04 16:19:14.528[chain]            [32minfo[39m: Publishing block slot=52, blockRoot=0x5fec9c6792ada8491defbc04f6cc2871ee1f67b5940fd182b704d3ade38be8aa, bodyRoot=0x958e2a889d9f1f5b1673b5673c168d115ea73437315713585f0ef0e092ac3b2e, broadcastValidation=gossip, blockLocallyProduced=true
[cl-4-lodestar-geth] Mar-04 16:19:14.599[api]              [32minfo[39m: Produced execution payload envelope slot=52, blockRoot=0x5fec9c6792ada8491defbc04f6cc2871ee1f67b5940fd182b704d3ade38be8aa, transactions=0, blockHash=0xc4cf874c4d165750ee8a98b6faf2242920c5bfb76ef874b48ff802caec039c39
[cl-4-lodestar-geth] Mar-04 16:19:14.611[chain]            [32minfo[39m: Publishing execution payload envelope slot=52, blockRoot=0x5fec9c6792ada8491defbc04f6cc2871ee1f67b5940fd182b704d3ade38be8aa, builderIndex=Infinity, isSelfBuild=true, dataColumns=0
[cl-4-lodestar-geth] Mar-04 16:19:14.613[chain]            [32minfo[39m: Published execution payload envelope slot=52, blockRoot=0x5fec9c6792ada8491defbc04f6cc2871ee1f67b5940fd182b704d3ade38be8aa, builderIndex=Infinity, isSelfBuild=true, dataColumns=0, delaySec=0.6019999980926514, sentPeers=3
[cl-4-lodestar-geth] Mar-04 16:19:20.005[]                 [32minfo[39m: Synced - slot: 52 - head: 0x5fec…e8aa - exec-block: valid/full(52 0xc4cf… bid:0xc4cf…) - finalized: 0x0000…0000:0 - peers: 3
[cl-4-lodestar-geth] Mar-04 16:19:32.000[]                 [32minfo[39m: Synced - slot: 53 - head: 0xcec8…b2f4 - exec-block: valid/full(53 0x3cca… bid:0x3cca…) - finalized: 0x0000…0000:0 - peers: 3
[cl-4-lodestar-geth] Mar-04 16:19:44.000[]                 [32minfo[39m: Synced - slot: 54 - head: 0x8da9…d9fb - exec-block: valid/full(54 0xe55e… bid:0xe55e…) - finalized: 0x0000…0000:0 - peers: 3
[cl-4-lodestar-geth] Mar-04 16:19:50.534[chain]            [32minfo[39m: Publishing block slot=55, blockRoot=0x1a892ee91e0284d07cdd2faa69bd4fa12d627fe49ebf1e59f3da8d23bb96ab4f, bodyRoot=0x13901ba3b2d318fa645d63cbd4fa88669df4e67ba7314550d7ee6f4c5b6836fe, broadcastValidation=gossip, blockLocallyProduced=true
[cl-4-lodestar-geth] Mar-04 16:19:50.633[api]              [32minfo[39m: Produced execution payload envelope slot=55, blockRoot=0x1a892ee91e0284d07cdd2faa69bd4fa12d627fe49ebf1e59f3da8d23bb96ab4f, transactions=0, blockHash=0xe7df73a39d1cd4ae855f4a28d6fe7798fe96b989edc743d4d0ec8090b63d6385
[cl-4-lodestar-geth] Mar-04 16:19:50.645[chain]            [32minfo[39m: Publishing execution payload envelope slot=55, blockRoot=0x1a892ee91e0284d07cdd2faa69bd4fa12d627fe49ebf1e59f3da8d23bb96ab4f, builderIndex=Infinity, isSelfBuild=true, dataColumns=0
[cl-4-lodestar-geth] Mar-04 16:19:50.646[chain]            [32minfo[39m: Published execution payload envelope slot=55, blockRoot=0x1a892ee91e0284d07cdd2faa69bd4fa12d627fe49ebf1e59f3da8d23bb96ab4f, builderIndex=Infinity, isSelfBuild=true, dataColumns=0, delaySec=0.6349999904632568, sentPeers=3
[cl-4-lodestar-geth] Mar-04 16:19:56.000[]                 [32minfo[39m: Synced - slot: 55 - head: 0x1a89…ab4f - exec-block: valid/full(55 0xe7df… bid:0xe7df…) - finalized: 0x0000…0000:0 - peers: 3
[cl-4-lodestar-geth] Mar-04 16:20:08.001[]                 [32minfo[39m: Synced - slot: 56 - head: 0x9cf8…c31f - exec-block: valid/full(56 0xb3da… bid:0xb3da…) - finalized: 0x0000…0000:0 - peers: 3
[cl-4-lodestar-geth] Mar-04 16:20:20.001[]                 [32minfo[39m: Synced - slot: 57 - head: 0x9075…d3c9 - exec-block: valid/full(57 0x8da4… bid:0x8da4…) - finalized: 0x0000…0000:0 - peers: 3
[cl-4-lodestar-geth] Mar-04 16:20:32.000[]                 [32minfo[39m: Synced - slot: 58 - head: 0x88da…d1b8 - exec-block: valid/full(58 0xc155… bid:0xc155…) - finalized: 0x0000…0000:0 - peers: 3
[cl-4-lodestar-geth] Mar-04 16:20:44.000[]                 [32minfo[39m: Synced - slot: 59 - head: 0x5de6…2e86 - exec-block: valid/full(59 0xeea0… bid:0xeea0…) - finalized: 0x0000…0000:0 - peers: 3
[cl-4-lodestar-geth] Mar-04 16:20:56.002[]                 [32minfo[39m: Synced - slot: 60 - head: 0x88a4…b38d - exec-block: valid/full(60 0x3d65… bid:0x3d65…) - finalized: 0x0000…0000:0 - peers: 3
[cl-4-lodestar-geth] Mar-04 16:21:02.521[chain]            [32minfo[39m: Publishing block slot=61, blockRoot=0xd87894af03719ea2bb6395a841cedb1789f0a97143c03ba7ee929bfcd1e1a058, bodyRoot=0x4b03a7090f69d1377821eb79d0c789b1d20ed22906ccc7cd24d0895618d43256, broadcastValidation=gossip, blockLocallyProduced=true
[cl-4-lodestar-geth] Mar-04 16:21:02.613[api]              [32minfo[39m: Produced execution payload envelope slot=61, blockRoot=0xd87894af03719ea2bb6395a841cedb1789f0a97143c03ba7ee929bfcd1e1a058, transactions=0, blockHash=0x3f42ced25da49dc6d63886e24f6b7c4067a665762922d88836ec7ef4babc4817
[cl-4-lodestar-geth] Mar-04 16:21:02.657[chain]            [32minfo[39m: Publishing execution payload envelope slot=61, blockRoot=0xd87894af03719ea2bb6395a841cedb1789f0a97143c03ba7ee929bfcd1e1a058, builderIndex=Infinity, isSelfBuild=true, dataColumns=0
[cl-4-lodestar-geth] Mar-04 16:21:02.677[chain]            [32minfo[39m: Published execution payload envelope slot=61, blockRoot=0xd87894af03719ea2bb6395a841cedb1789f0a97143c03ba7ee929bfcd1e1a058, builderIndex=Infinity, isSelfBuild=true, dataColumns=0, delaySec=0.6210000514984131, sentPeers=3
[cl-4-lodestar-geth] Mar-04 16:21:08.000[]                 [32minfo[39m: Synced - slot: 61 - head: 0xd878…a058 - exec-block: valid/full(61 0x3f42… bid:0x3f42…) - finalized: 0x0000…0000:0 - peers: 3
[cl-4-lodestar-geth] Mar-04 16:21:14.522[chain]            [32minfo[39m: Publishing block slot=62, blockRoot=0xbe64180eed44794288efc1f5105d5ac6241df26309001667d12176da35aa8f2c, bodyRoot=0xe355735c28215e3a1d7ebf8971c43d3a4944563fa6d55f4d73de525b9740035e, broadcastValidation=gossip, blockLocallyProduced=true
[cl-4-lodestar-geth] Mar-04 16:21:14.623[api]              [32minfo[39m: Produced execution payload envelope slot=62, blockRoot=0xbe64180eed44794288efc1f5105d5ac6241df26309001667d12176da35aa8f2c, transactions=0, blockHash=0x37071832ce9a59a954d6c8c89fa1e0be2d70d90781bfbb718386f341e8d85d5c
[cl-4-lodestar-geth] Mar-04 16:21:14.654[chain]            [32minfo[39m: Publishing execution payload envelope slot=62, blockRoot=0xbe64180eed44794288efc1f5105d5ac6241df26309001667d12176da35aa8f2c, builderIndex=Infinity, isSelfBuild=true, dataColumns=0
[cl-4-lodestar-geth] Mar-04 16:21:14.667[chain]            [32minfo[39m: Published execution payload envelope slot=62, blockRoot=0xbe64180eed44794288efc1f5105d5ac6241df26309001667d12176da35aa8f2c, builderIndex=Infinity, isSelfBuild=true, dataColumns=0, delaySec=0.6289999485015869, sentPeers=3
[cl-4-lodestar-geth] Mar-04 16:21:20.001[]                 [32minfo[39m: Synced - slot: 62 - head: 0xbe64…8f2c - exec-block: valid/full(62 0x3707… bid:0x3707…) - finalized: 0x0000…0000:0 - peers: 3
[cl-4-lodestar-geth] Mar-04 16:21:32.002[]                 [32minfo[39m: Synced - slot: 63 - head: 0x30ec…a2c3 - exec-block: valid/full(63 0xb4b0… bid:0xb4b0…) - finalized: 0x0000…0000:0 - peers: 3
[cl-4-lodestar-geth] Mar-04 16:21:44.000[]                 [32minfo[39m: Synced - slot: 64 - head: 0xe368…11c1 - exec-block: valid/full(64 0x5373… bid:0x5373…) - finalized: 0x0000…0000:0 - peers: 3
[cl-4-lodestar-geth] Mar-04 16:21:50.530[chain]            [32minfo[39m: Publishing block slot=65, blockRoot=0xbb4ed42fd913e824a898a7a563dcda39c4bd8322f952fbb9cba52f8e9a698444, bodyRoot=0x6ca78d765f58d3cc52dec9bcb5cedd5c180b7be5679a99b28f821eb7f446332a, broadcastValidation=gossip, blockLocallyProduced=true
[cl-4-lodestar-geth] Mar-04 16:21:50.612[api]              [32minfo[39m: Produced execution payload envelope slot=65, blockRoot=0xbb4ed42fd913e824a898a7a563dcda39c4bd8322f952fbb9cba52f8e9a698444, transactions=0, blockHash=0x729bb79dfda4a9017e8d91ad85b53a18adc9345a30a97b7428a2e9d1b0eb7257
[cl-4-lodestar-geth] Mar-04 16:21:50.624[chain]            [32minfo[39m: Publishing execution payload envelope slot=65, blockRoot=0xbb4ed42fd913e824a898a7a563dcda39c4bd8322f952fbb9cba52f8e9a698444, builderIndex=Infinity, isSelfBuild=true, dataColumns=0
[cl-4-lodestar-geth] Mar-04 16:21:50.631[chain]            [32minfo[39m: Published execution payload envelope slot=65, blockRoot=0xbb4ed42fd913e824a898a7a563dcda39c4bd8322f952fbb9cba52f8e9a698444, builderIndex=Infinity, isSelfBuild=true, dataColumns=0, delaySec=0.6150000095367432, sentPeers=3
[cl-4-lodestar-geth] Mar-04 16:21:56.000[]                 [32minfo[39m: Synced - slot: 65 - head: 0xbb4e…8444 - exec-block: valid/full(65 0x729b… bid:0x729b…) - finalized: 0x0000…0000:0 - peers: 3
[cl-4-lodestar-geth] Mar-04 16:22:08.001[]                 [32minfo[39m: Synced - slot: 66 - head: 0x7b1a…4645 - exec-block: valid/full(66 0xa6d3… bid:0xa6d3…) - finalized: 0x0000…0000:0 - peers: 3
[cl-4-lodestar-geth] Mar-04 16:22:14.524[chain]            [32minfo[39m: Publishing block slot=67, blockRoot=0xdd9545bca4897584a8818a0db868538716baca8de9cd0c9f3edb482ce7e08ed8, bodyRoot=0x36aa9e0cf2529c4cc220bb885b76f2740299b8b0145a85481bfda6b3a00b28c2, broadcastValidation=gossip, blockLocallyProduced=true
[cl-4-lodestar-geth] Mar-04 16:22:14.630[api]              [32minfo[39m: Produced execution payload envelope slot=67, blockRoot=0xdd9545bca4897584a8818a0db868538716baca8de9cd0c9f3edb482ce7e08ed8, transactions=0, blockHash=0x36ca5cf199eefded5e43ba5215d41d17c38fdcdb9553000096c6ba4c4653a0b3
[cl-4-lodestar-geth] Mar-04 16:22:14.652[chain]            [32minfo[39m: Publishing execution payload envelope slot=67, blockRoot=0xdd9545bca4897584a8818a0db868538716baca8de9cd0c9f3edb482ce7e08ed8, builderIndex=Infinity, isSelfBuild=true, dataColumns=0
[cl-4-lodestar-geth] Mar-04 16:22:14.655[chain]            [32minfo[39m: Published execution payload envelope slot=67, blockRoot=0xdd9545bca4897584a8818a0db868538716baca8de9cd0c9f3edb482ce7e08ed8, builderIndex=Infinity, isSelfBuild=true, dataColumns=0, delaySec=0.6340000629425049, sentPeers=3
[cl-4-lodestar-geth] Mar-04 16:22:20.000[]                 [32minfo[39m: Synced - slot: 67 - head: 0xdd95…8ed8 - exec-block: valid/full(67 0x36ca… bid:0x36ca…) - finalized: 0x0000…0000:0 - peers: 3
[cl-4-lodestar-geth] Mar-04 16:22:26.523[chain]            [32minfo[39m: Publishing block slot=68, blockRoot=0x7a65554ff8f807152410e5847bef3ee07d779cd11c3c7b4cce42924048940839, bodyRoot=0x24be07291d9f9ecdf7f7e633ef56212387063ae9edfc24930296190b03b39410, broadcastValidation=gossip, blockLocallyProduced=true
[cl-4-lodestar-geth] Mar-04 16:22:26.595[api]              [32minfo[39m: Produced execution payload envelope slot=68, blockRoot=0x7a65554ff8f807152410e5847bef3ee07d779cd11c3c7b4cce42924048940839, transactions=0, blockHash=0x9085cf86cf0596ef46e812fb6b64e553979196d91a96c76fc9004bae87bfd7c6
[cl-4-lodestar-geth] Mar-04 16:22:26.628[chain]            [32minfo[39m: Publishing execution payload envelope slot=68, blockRoot=0x7a65554ff8f807152410e5847bef3ee07d779cd11c3c7b4cce42924048940839, builderIndex=Infinity, isSelfBuild=true, dataColumns=0
[cl-4-lodestar-geth] Mar-04 16:22:26.636[chain]            [32minfo[39m: Published execution payload envelope slot=68, blockRoot=0x7a65554ff8f807152410e5847bef3ee07d779cd11c3c7b4cce42924048940839, builderIndex=Infinity, isSelfBuild=true, dataColumns=0, delaySec=0.5969998836517334, sentPeers=3
[cl-4-lodestar-geth] Mar-04 16:22:32.000[]                 [32minfo[39m: Synced - slot: 68 - head: 0x7a65…0839 - exec-block: valid/full(68 0x9085… bid:0x9085…) - finalized: 0x0000…0000:0 - peers: 3
[cl-4-lodestar-geth] Mar-04 16:22:38.542[chain]            [32minfo[39m: Publishing block slot=69, blockRoot=0x1f37965ad6a526310cef68e2eaf73d9292498a6f253ec02821718789889aada6, bodyRoot=0x3aae4d9701d958f2230073e99c3658875d8ab7644383c2b9171c1e39ca07c842, broadcastValidation=gossip, blockLocallyProduced=true
[cl-4-lodestar-geth] Mar-04 16:22:38.627[api]              [32minfo[39m: Produced execution payload envelope slot=69, blockRoot=0x1f37965ad6a526310cef68e2eaf73d9292498a6f253ec02821718789889aada6, transactions=0, blockHash=0x252378660a0347b489f57bd18b9dd5e1f009eaadb535e96f9fd0b5d455f25071
[cl-4-lodestar-geth] Mar-04 16:22:38.642[chain]            [32minfo[39m: Publishing execution payload envelope slot=69, blockRoot=0x1f37965ad6a526310cef68e2eaf73d9292498a6f253ec02821718789889aada6, builderIndex=Infinity, isSelfBuild=true, dataColumns=0
[cl-4-lodestar-geth] Mar-04 16:22:38.644[chain]            [32minfo[39m: Published execution payload envelope slot=69, blockRoot=0x1f37965ad6a526310cef68e2eaf73d9292498a6f253ec02821718789889aada6, builderIndex=Infinity, isSelfBuild=true, dataColumns=0, delaySec=0.6310000419616699, sentPeers=3
[cl-4-lodestar-geth] Mar-04 16:22:44.000[]                 [32minfo[39m: Synced - slot: 69 - head: 0x1f37…ada6 - exec-block: valid/full(69 0x2523… bid:0x2523…) - finalized: 0x0000…0000:0 - peers: 3
[cl-4-lodestar-geth] Mar-04 16:22:56.000[]                 [32minfo[39m: Synced - slot: 70 - head: 0x5d05…8828 - exec-block: valid/full(70 0x308c… bid:0x308c…) - finalized: 0x0000…0000:0 - peers: 3
[cl-4-lodestar-geth] Mar-04 16:23:02.530[chain]            [32minfo[39m: Publishing block slot=71, blockRoot=0x0c7923dad8c71d89a09e4800d9b4579583de9cfcb629a21f817ab332088161c6, bodyRoot=0xf3b82ffb3659842d5d078e1e3003f1b16619997b570f7c2c72ab382d2f6cf72b, broadcastValidation=gossip, blockLocallyProduced=true
[cl-4-lodestar-geth] Mar-04 16:23:02.606[api]              [32minfo[39m: Produced execution payload envelope slot=71, blockRoot=0x0c7923dad8c71d89a09e4800d9b4579583de9cfcb629a21f817ab332088161c6, transactions=0, blockHash=0x54b77063e31e101417dfc5716fa7ab2fcc54c8038027ddc47a415a99dcee3e7f
[cl-4-lodestar-geth] Mar-04 16:23:02.620[chain]            [32minfo[39m: Publishing execution payload envelope slot=71, blockRoot=0x0c7923dad8c71d89a09e4800d9b4579583de9cfcb629a21f817ab332088161c6, builderIndex=Infinity, isSelfBuild=true, dataColumns=0
[cl-4-lodestar-geth] Mar-04 16:23:02.622[chain]            [32minfo[39m: Published execution payload envelope slot=71, blockRoot=0x0c7923dad8c71d89a09e4800d9b4579583de9cfcb629a21f817ab332088161c6, builderIndex=Infinity, isSelfBuild=true, dataColumns=0, delaySec=0.6089999675750732, sentPeers=3
[cl-4-lodestar-geth] Mar-04 16:23:08.001[]                 [32minfo[39m: Synced - slot: 71 - head: 0x0c79…61c6 - exec-block: valid/full(71 0x54b7… bid:0x54b7…) - finalized: 0x0000…0000:0 - peers: 3
[cl-4-lodestar-geth] Mar-04 16:23:20.000[]                 [32minfo[39m: Synced - slot: 72 - head: 0x1e1f…8ed7 - exec-block: valid/full(72 0x0986… bid:0x0986…) - finalized: 0x0000…0000:0 - peers: 3
[cl-4-lodestar-geth] Mar-04 16:23:26.522[chain]            [32minfo[39m: Publishing block slot=73, blockRoot=0x20e790f445f0a1ae3adb5757350e521d903b639d55147ed9ef73a1496bef8522, bodyRoot=0xb4029e9f9eb2563c8f5b25ec21c310581e57dbbfc6f57c75b73c7ab6e8a0a6c8, broadcastValidation=gossip, blockLocallyProduced=true
[cl-4-lodestar-geth] Mar-04 16:23:26.611[api]              [32minfo[39m: Produced execution payload envelope slot=73, blockRoot=0x20e790f445f0a1ae3adb5757350e521d903b639d55147ed9ef73a1496bef8522, transactions=0, blockHash=0x715d5d40bac2d52efe82560ee3d306e23a5af28ff9f0729dd9f3a7659afaabca
[cl-4-lodestar-geth] Mar-04 16:23:26.623[chain]            [32minfo[39m: Publishing execution payload envelope slot=73, blockRoot=0x20e790f445f0a1ae3adb5757350e521d903b639d55147ed9ef73a1496bef8522, builderIndex=Infinity, isSelfBuild=true, dataColumns=0
[cl-4-lodestar-geth] Mar-04 16:23:26.631[chain]            [32minfo[39m: Published execution payload envelope slot=73, blockRoot=0x20e790f445f0a1ae3adb5757350e521d903b639d55147ed9ef73a1496bef8522, builderIndex=Infinity, isSelfBuild=true, dataColumns=0, delaySec=0.6140000820159912, sentPeers=3
[cl-4-lodestar-geth] Mar-04 16:23:32.000[]                 [32minfo[39m: Synced - slot: 73 - head: 0x20e7…8522 - exec-block: valid/full(73 0x715d… bid:0x715d…) - finalized: 0x0000…0000:0 - peers: 3
[cl-4-lodestar-geth] Mar-04 16:23:44.001[]                 [32minfo[39m: Synced - slot: 74 - head: 0xa160…32a7 - exec-block: valid/full(74 0xee49… bid:0xee49…) - finalized: 0x0000…0000:0 - peers: 3
[cl-4-lodestar-geth] Mar-04 16:23:56.000[]                 [32minfo[39m: Synced - slot: 75 - head: 0x194c…9050 - exec-block: valid/full(75 0x212e… bid:0x212e…) - finalized: 0x0000…0000:0 - peers: 3
[cl-4-lodestar-geth] Mar-04 16:24:08.001[]                 [32minfo[39m: Synced - slot: 76 - head: 0xe8e7…7244 - exec-block: valid/full(76 0x046f… bid:0x046f…) - finalized: 0x0000…0000:0 - peers: 3
[cl-4-lodestar-geth] Mar-04 16:24:20.001[]                 [32minfo[39m: Synced - slot: 77 - head: 0x822f…913b - exec-block: valid/full(77 0x1dd9… bid:0x1dd9…) - finalized: 0x0000…0000:0 - peers: 3
[cl-4-lodestar-geth] Mar-04 16:24:26.530[chain]            [32minfo[39m: Publishing block slot=78, blockRoot=0x330e4f33b59f35c5e8ae45e5a7d65135d0e5a3b21fb35c486a55b85167778171, bodyRoot=0x4e71574d53ddf8c491935fb4cff740cb0636b846762e66508a6b3ded51d94506, broadcastValidation=gossip, blockLocallyProduced=true
[cl-4-lodestar-geth] Mar-04 16:24:26.607[api]              [32minfo[39m: Produced execution payload envelope slot=78, blockRoot=0x330e4f33b59f35c5e8ae45e5a7d65135d0e5a3b21fb35c486a55b85167778171, transactions=0, blockHash=0x2260c9c3160a70a180bd0c70c130756c6de94185574a0468728d48be94c98824
[cl-4-lodestar-geth] Mar-04 16:24:26.621[chain]            [32minfo[39m: Publishing execution payload envelope slot=78, blockRoot=0x330e4f33b59f35c5e8ae45e5a7d65135d0e5a3b21fb35c486a55b85167778171, builderIndex=Infinity, isSelfBuild=true, dataColumns=0
[cl-4-lodestar-geth] Mar-04 16:24:26.621[chain]            [32minfo[39m: Published execution payload envelope slot=78, blockRoot=0x330e4f33b59f35c5e8ae45e5a7d65135d0e5a3b21fb35c486a55b85167778171, builderIndex=Infinity, isSelfBuild=true, dataColumns=0, delaySec=0.6099998950958252, sentPeers=3
[cl-4-lodestar-geth] Mar-04 16:24:32.000[]                 [32minfo[39m: Synced - slot: 78 - head: 0x330e…8171 - exec-block: valid/full(78 0x2260… bid:0x2260…) - finalized: 0x0000…0000:0 - peers: 3
[cl-4-lodestar-geth] Mar-04 16:24:44.002[]                 [32minfo[39m: Synced - slot: 79 - head: 0xf79b…387d - exec-block: valid/full(79 0x27fb… bid:0x27fb…) - finalized: 0x0000…0000:0 - peers: 3
[cl-4-lodestar-geth] Mar-04 16:24:56.001[]                 [32minfo[39m: Synced - slot: 80 - head: 0x1b05…8646 - exec-block: valid/full(80 0xbbd3… bid:0xbbd3…) - finalized: 0x0000…0000:0 - peers: 3
[cl-4-lodestar-geth] Mar-04 16:25:08.000[]                 [32minfo[39m: Synced - slot: 81 - head: 0x3971…d671 - exec-block: valid/full(81 0x07d3… bid:0x07d3…) - finalized: 0x0000…0000:0 - peers: 3
[cl-4-lodestar-geth] Mar-04 16:25:20.000[]                 [32minfo[39m: Synced - slot: 82 - head: 0x1c41…affd - exec-block: valid/full(82 0xfb65… bid:0xfb65…) - finalized: 0x0000…0000:0 - peers: 3
[cl-4-lodestar-geth] Mar-04 16:25:32.000[]                 [32minfo[39m: Synced - slot: 83 - head: 0x6b5a…f1ae - exec-block: valid/full(83 0x3208… bid:0x3208…) - finalized: 0x0000…0000:0 - peers: 3
[cl-4-lodestar-geth] Mar-04 16:25:38.525[chain]            [32minfo[39m: Publishing block slot=84, blockRoot=0x357a17960dfce126f616d69575214f39270256763b5cbcb99138612202386897, bodyRoot=0xd83f042c659dfa0e2a6b80989eb25364cb1a77181b3b9170a4969a9c8a577417, broadcastValidation=gossip, blockLocallyProduced=true
[cl-4-lodestar-geth] Mar-04 16:25:38.608[api]              [32minfo[39m: Produced execution payload envelope slot=84, blockRoot=0x357a17960dfce126f616d69575214f39270256763b5cbcb99138612202386897, transactions=0, blockHash=0xc66701b9b4b0616a4206c7697509ab7b8665413a7839b96e6618b2b21cfc9c83
[cl-4-lodestar-geth] Mar-04 16:25:38.628[chain]            [32minfo[39m: Publishing execution payload envelope slot=84, blockRoot=0x357a17960dfce126f616d69575214f39270256763b5cbcb99138612202386897, builderIndex=Infinity, isSelfBuild=true, dataColumns=0
[cl-4-lodestar-geth] Mar-04 16:25:38.629[chain]            [32minfo[39m: Published execution payload envelope slot=84, blockRoot=0x357a17960dfce126f616d69575214f39270256763b5cbcb99138612202386897, builderIndex=Infinity, isSelfBuild=true, dataColumns=0, delaySec=0.6119999885559082, sentPeers=3
[cl-4-lodestar-geth] Mar-04 16:25:44.000[]                 [32minfo[39m: Synced - slot: 84 - head: 0x357a…6897 - exec-block: valid/full(84 0xc667… bid:0xc667…) - finalized: 0x0000…0000:0 - peers: 3
[cl-4-lodestar-geth] Mar-04 16:25:56.000[]                 [32minfo[39m: Synced - slot: 85 - head: 0x219a…7b43 - exec-block: valid/full(85 0x503f… bid:0x503f…) - finalized: 0x0000…0000:0 - peers: 3
[cl-4-lodestar-geth] Mar-04 16:26:02.551[chain]            [32minfo[39m: Publishing block slot=86, blockRoot=0xd0de0463ceedf3b48a029dcddee51aa62baf3feb3b9be18fa3dcda0b7e748145, bodyRoot=0xfa4728ee0793dccb2c1245cc4746b8c5344fbe15c746d579a3fe761d9808f018, broadcastValidation=gossip, blockLocallyProduced=true
[cl-4-lodestar-geth] Mar-04 16:26:02.639[api]              [32minfo[39m: Produced execution payload envelope slot=86, blockRoot=0xd0de0463ceedf3b48a029dcddee51aa62baf3feb3b9be18fa3dcda0b7e748145, transactions=0, blockHash=0x731bb3a5ee832b9f6c8c9b6112ef7c0b45f9b8825dd5caad1fe8a9aecb076232
[cl-4-lodestar-geth] Mar-04 16:26:02.667[chain]            [32minfo[39m: Publishing execution payload envelope slot=86, blockRoot=0xd0de0463ceedf3b48a029dcddee51aa62baf3feb3b9be18fa3dcda0b7e748145, builderIndex=Infinity, isSelfBuild=true, dataColumns=0
[cl-4-lodestar-geth] Mar-04 16:26:02.668[chain]            [32minfo[39m: Published execution payload envelope slot=86, blockRoot=0xd0de0463ceedf3b48a029dcddee51aa62baf3feb3b9be18fa3dcda0b7e748145, builderIndex=Infinity, isSelfBuild=true, dataColumns=0, delaySec=0.6459999084472656, sentPeers=3
[cl-4-lodestar-geth] Mar-04 16:26:08.001[]                 [32minfo[39m: Synced - slot: 86 - head: 0xd0de…8145 - exec-block: valid/full(86 0x731b… bid:0x731b…) - finalized: 0x0000…0000:0 - peers: 3
[cl-4-lodestar-geth] Mar-04 16:26:20.000[]                 [32minfo[39m: Synced - slot: 87 - head: 0xf277…5b85 - exec-block: valid/full(87 0x787f… bid:0x787f…) - finalized: 0x0000…0000:0 - peers: 3
[cl-4-lodestar-geth] Mar-04 16:26:32.000[]                 [32minfo[39m: Synced - slot: 88 - head: 0x1d5b…db85 - exec-block: valid/full(88 0x47db… bid:0x47db…) - finalized: 0x0000…0000:0 - peers: 3
[cl-4-lodestar-geth] Mar-04 16:26:38.535[chain]            [32minfo[39m: Publishing block slot=89, blockRoot=0xc5880ff7be8b4c8166e148ad2d1e8b2aede8c38996199b01cc4dd48a8d5875a8, bodyRoot=0x3ad75ea99ffb4ce228cf6767326b9b93ea26825d77b52a8d2a944d0e37bb6b29, broadcastValidation=gossip, blockLocallyProduced=true
[cl-4-lodestar-geth] Mar-04 16:26:38.647[api]              [32minfo[39m: Produced execution payload envelope slot=89, blockRoot=0xc5880ff7be8b4c8166e148ad2d1e8b2aede8c38996199b01cc4dd48a8d5875a8, transactions=0, blockHash=0x12d203873fa67ffd4aa670af73028c47422a1bbdf05a766951e3490e49eaff40
[cl-4-lodestar-geth] Mar-04 16:26:38.689[chain]            [32minfo[39m: Publishing execution payload envelope slot=89, blockRoot=0xc5880ff7be8b4c8166e148ad2d1e8b2aede8c38996199b01cc4dd48a8d5875a8, builderIndex=Infinity, isSelfBuild=true, dataColumns=0
[cl-4-lodestar-geth] Mar-04 16:26:38.690[chain]            [32minfo[39m: Published execution payload envelope slot=89, blockRoot=0xc5880ff7be8b4c8166e148ad2d1e8b2aede8c38996199b01cc4dd48a8d5875a8, builderIndex=Infinity, isSelfBuild=true, dataColumns=0, delaySec=0.6549999713897705, sentPeers=3
[cl-4-lodestar-geth] Mar-04 16:26:44.001[]                 [32minfo[39m: Synced - slot: 89 - head: 0xc588…75a8 - exec-block: valid/full(89 0x12d2… bid:0x12d2…) - finalized: 0x0000…0000:0 - peers: 3
[cl-4-lodestar-geth] Mar-04 16:26:50.521[chain]            [32minfo[39m: Publishing block slot=90, blockRoot=0x256d47057adc9211ef75177b8b03cc9c23ab09d56738f933e9a11a3179f034a7, bodyRoot=0x4cf78abd8b3d6170274408c9a5a5130e242733c3438b43f4882c7644f38e430b, broadcastValidation=gossip, blockLocallyProduced=true
[cl-4-lodestar-geth] Mar-04 16:26:50.625[api]              [32minfo[39m: Produced execution payload envelope slot=90, blockRoot=0x256d47057adc9211ef75177b8b03cc9c23ab09d56738f933e9a11a3179f034a7, transactions=0, blockHash=0xbe9d8cbe7c0c8a4fe2b8b1fab9e2979b72d5c6e6e48636208b50f22914b243fd
[cl-4-lodestar-geth] Mar-04 16:26:50.660[chain]            [32minfo[39m: Publishing execution payload envelope slot=90, blockRoot=0x256d47057adc9211ef75177b8b03cc9c23ab09d56738f933e9a11a3179f034a7, builderIndex=Infinity, isSelfBuild=true, dataColumns=0
[cl-4-lodestar-geth] Mar-04 16:26:50.661[chain]            [32minfo[39m: Published execution payload envelope slot=90, blockRoot=0x256d47057adc9211ef75177b8b03cc9c23ab09d56738f933e9a11a3179f034a7, builderIndex=Infinity, isSelfBuild=true, dataColumns=0, delaySec=0.6329998970031738, sentPeers=3
[cl-4-lodestar-geth] Mar-04 16:26:56.000[]                 [32minfo[39m: Synced - slot: 90 - head: 0x256d…34a7 - exec-block: valid/full(90 0xbe9d… bid:0xbe9d…) - finalized: 0x0000…0000:0 - peers: 3
[cl-4-lodestar-geth] Mar-04 16:27:08.000[]                 [32minfo[39m: Synced - slot: 91 - head: 0xea13…fc96 - exec-block: valid/full(91 0x3288… bid:0x3288…) - finalized: 0x0000…0000:0 - peers: 3
[cl-4-lodestar-geth] Mar-04 16:27:20.001[]                 [32minfo[39m: Synced - slot: 92 - head: 0xc6f1…96bd - exec-block: valid/full(92 0x1f80… bid:0x1f80…) - finalized: 0x0000…0000:0 - peers: 3
[cl-4-lodestar-geth] Mar-04 16:27:32.000[]                 [32minfo[39m: Synced - slot: 93 - head: 0xb670…18ed - exec-block: valid/full(93 0x3fae… bid:0x3fae…) - finalized: 0x0000…0000:0 - peers: 3
[cl-4-lodestar-geth] Mar-04 16:27:44.000[]                 [32minfo[39m: Synced - slot: 94 - head: 0xd8fb…52d2 - exec-block: valid/full(94 0x668b… bid:0x668b…) - finalized: 0x0000…0000:0 - peers: 3
[cl-4-lodestar-geth] Mar-04 16:27:56.001[]                 [32minfo[39m: Synced - slot: 95 - head: 0xdb95…ef79 - exec-block: valid/full(95 0x31f1… bid:0x31f1…) - finalized: 0x0000…0000:0 - peers: 3
[cl-4-lodestar-geth] Mar-04 16:28:02.001[network]          [32minfo[39m: Unsubscribing gossip topics of previous fork boundary fork=fulu, epoch=0
[cl-4-lodestar-geth] Mar-04 16:28:02.018[network]          [32minfo[39m: Unsubscribing from long lived attnets of previous fork boundary fork=fulu, epoch=0
[cl-4-lodestar-geth] Mar-04 16:28:02.022[network]          [32minfo[39m: Unsubscribing from random attnets of previous fork boundary fork=fulu, epoch=0
[cl-4-lodestar-geth] Mar-04 16:28:08.000[]                 [32minfo[39m: Synced - slot: 96 - head: 0x80aa…bba1 - exec-block: valid/full(96 0xe947… bid:0xe947…) - finalized: 0x0000…0000:0 - peers: 3
[cl-4-lodestar-geth] Mar-04 16:28:14.521[chain]            [32minfo[39m: Publishing block slot=97, blockRoot=0x3d3bcddda8e9a01278b6fe1144fad6980e8d3fd8bb01cfa9438d1a9772ff84bf, bodyRoot=0xa87927c88d2ede14870a9564a9a9da9759285d35b99f0e5a4b1f8bd17afd88f3, broadcastValidation=gossip, blockLocallyProduced=true
[cl-4-lodestar-geth] Mar-04 16:28:14.599[api]              [32minfo[39m: Produced execution payload envelope slot=97, blockRoot=0x3d3bcddda8e9a01278b6fe1144fad6980e8d3fd8bb01cfa9438d1a9772ff84bf, transactions=0, blockHash=0x72ad643edfa0af6232c699c758e5c808686e10b311bda111e2be22f38c784ac4
[cl-4-lodestar-geth] Mar-04 16:28:14.617[chain]            [32minfo[39m: Publishing execution payload envelope slot=97, blockRoot=0x3d3bcddda8e9a01278b6fe1144fad6980e8d3fd8bb01cfa9438d1a9772ff84bf, builderIndex=Infinity, isSelfBuild=true, dataColumns=0
[cl-4-lodestar-geth] Mar-04 16:28:14.620[chain]            [32minfo[39m: Published execution payload envelope slot=97, blockRoot=0x3d3bcddda8e9a01278b6fe1144fad6980e8d3fd8bb01cfa9438d1a9772ff84bf, builderIndex=Infinity, isSelfBuild=true, dataColumns=0, delaySec=0.6040000915527344, sentPeers=3
[cl-4-lodestar-geth] Mar-04 16:28:20.000[]                 [32minfo[39m: Synced - slot: 97 - head: 0x3d3b…84bf - exec-block: valid/full(97 0x72ad… bid:0x72ad…) - finalized: 0x0000…0000:0 - peers: 3
[cl-4-lodestar-geth] Mar-04 16:28:32.001[]                 [32minfo[39m: Synced - slot: 98 - head: 0x2778…024d - exec-block: valid/full(98 0x04cd… bid:0x04cd…) - finalized: 0x0000…0000:0 - peers: 3
[cl-4-lodestar-geth] Mar-04 16:28:44.000[]                 [32minfo[39m: Synced - slot: 99 - head: 0xd504…d9dc - exec-block: valid/full(99 0x640d… bid:0x640d…) - finalized: 0x0000…0000:0 - peers: 3
[cl-4-lodestar-geth] Mar-04 16:28:56.000[]                 [32minfo[39m: Synced - slot: 100 - head: 0x0aae…5ae0 - exec-block: valid/full(100 0xdd50… bid:0xdd50…) - finalized: 0x0000…0000:0 - peers: 3
[cl-4-lodestar-geth] Mar-04 16:29:08.000[]                 [32minfo[39m: Synced - slot: 101 - head: 0xe769…19dc - exec-block: valid/full(101 0xfe7c… bid:0xfe7c…) - finalized: 0x0000…0000:0 - peers: 3
[cl-4-lodestar-geth] Mar-04 16:29:20.000[]                 [32minfo[39m: Synced - slot: 102 - head: 0x8ea6…4437 - exec-block: valid/full(102 0xc7c8… bid:0xc7c8…) - finalized: 0x0000…0000:0 - peers: 3
[cl-4-lodestar-geth] Mar-04 16:29:32.001[]                 [32minfo[39m: Synced - slot: 103 - head: 0x04f8…794f - exec-block: valid/full(103 0xcc58… bid:0xcc58…) - finalized: 0x0000…0000:0 - peers: 3
[cl-4-lodestar-geth] Mar-04 16:29:44.000[]                 [32minfo[39m: Synced - slot: 104 - head: 0x0afb…3de7 - exec-block: valid/full(104 0x92c4… bid:0x92c4…) - finalized: 0x0000…0000:0 - peers: 3
[cl-4-lodestar-geth] Mar-04 16:29:56.001[]                 [32minfo[39m: Synced - slot: 105 - head: 0x4fdb…5ce7 - exec-block: valid/full(105 0xd54e… bid:0xd54e…) - finalized: 0x0000…0000:0 - peers: 3
[cl-4-lodestar-geth] Mar-04 16:30:08.000[]                 [32minfo[39m: Synced - slot: 106 - head: 0x7114…f579 - exec-block: valid/full(106 0x09a2… bid:0x09a2…) - finalized: 0x0000…0000:0 - peers: 3
[cl-4-lodestar-geth] Mar-04 16:30:20.002[]                 [32minfo[39m: Synced - slot: 107 - head: 0xec84…f8a7 - exec-block: valid/full(107 0x0bef… bid:0x0bef…) - finalized: 0x0000…0000:0 - peers: 3
[cl-4-lodestar-geth] Mar-04 16:30:32.000[]                 [32minfo[39m: Synced - slot: 108 - head: 0xd3bb…1c0a - exec-block: valid/full(108 0xf3be… bid:0xf3be…) - finalized: 0x0000…0000:0 - peers: 3
[cl-4-lodestar-geth] Mar-04 16:30:44.001[]                 [32minfo[39m: Synced - slot: 109 - head: 0x66ac…6861 - exec-block: valid/full(109 0x68fa… bid:0x68fa…) - finalized: 0x0000…0000:0 - peers: 3
[cl-4-lodestar-geth] Mar-04 16:30:50.528[chain]            [32minfo[39m: Publishing block slot=110, blockRoot=0xc571bed7392e37bf7ce73e0abf6a035fad0de78d9657a5289928f2c1932eb38e, bodyRoot=0xe18c765b94b9fd677cd255992173a61506fee8c0de98098ffa0a395cb6e6da53, broadcastValidation=gossip, blockLocallyProduced=true
[cl-4-lodestar-geth] Mar-04 16:30:50.600[api]              [32minfo[39m: Produced execution payload envelope slot=110, blockRoot=0xc571bed7392e37bf7ce73e0abf6a035fad0de78d9657a5289928f2c1932eb38e, transactions=0, blockHash=0x7d9342dced67694e2a20b7d6b7e1f52069e2553d75c205401b8dae3e5b9a9617
[cl-4-lodestar-geth] Mar-04 16:30:50.610[chain]            [32minfo[39m: Publishing execution payload envelope slot=110, blockRoot=0xc571bed7392e37bf7ce73e0abf6a035fad0de78d9657a5289928f2c1932eb38e, builderIndex=Infinity, isSelfBuild=true, dataColumns=0
[cl-4-lodestar-geth] Mar-04 16:30:50.611[chain]            [32minfo[39m: Published execution payload envelope slot=110, blockRoot=0xc571bed7392e37bf7ce73e0abf6a035fad0de78d9657a5289928f2c1932eb38e, builderIndex=Infinity, isSelfBuild=true, dataColumns=0, delaySec=0.6019999980926514, sentPeers=3
[cl-4-lodestar-geth] Mar-04 16:30:56.000[]                 [32minfo[39m: Synced - slot: 110 - head: 0xc571…b38e - exec-block: valid/full(110 0x7d93… bid:0x7d93…) - finalized: 0x0000…0000:0 - peers: 3
[cl-4-lodestar-geth] Mar-04 16:31:08.000[]                 [32minfo[39m: Synced - slot: 111 - head: 0xa55b…e20e - exec-block: valid/full(111 0x2993… bid:0x2993…) - finalized: 0x0000…0000:0 - peers: 3
[cl-4-lodestar-geth] Mar-04 16:31:20.002[]                 [32minfo[39m: Synced - slot: 112 - head: 0x1d29…3490 - exec-block: valid/full(112 0xb2b8… bid:0xb2b8…) - finalized: 0x0000…0000:0 - peers: 3
[cl-4-lodestar-geth] Mar-04 16:31:32.000[]                 [32minfo[39m: Synced - slot: 113 - head: 0x2fb1…fa95 - exec-block: valid/full(113 0x6679… bid:0x6679…) - finalized: 0x0000…0000:0 - peers: 3
[cl-4-lodestar-geth] Mar-04 16:31:44.000[]                 [32minfo[39m: Synced - slot: 114 - head: 0x17c5…6850 - exec-block: valid/full(114 0xb65f… bid:0xb65f…) - finalized: 0x0000…0000:0 - peers: 3
[cl-4-lodestar-geth] Mar-04 16:31:56.000[]                 [32minfo[39m: Synced - slot: 115 - head: 0xc647…d7cb - exec-block: valid/full(115 0xd29a… bid:0xd29a…) - finalized: 0x0000…0000:0 - peers: 3
[cl-4-lodestar-geth] Mar-04 16:32:02.598[chain]            [32minfo[39m: Publishing block slot=116, blockRoot=0xd5337a9d01616703c1c6b5ddefd965ee1010f02612cc2bcf581fd4e8925e8ee3, bodyRoot=0x59e98178f2e7cf4204abf0ec78ca292a266281cf66f71eab1dc75a6b0b80a2c8, broadcastValidation=gossip, blockLocallyProduced=true
[cl-4-lodestar-geth] Mar-04 16:32:02.701[api]              [32minfo[39m: Produced execution payload envelope slot=116, blockRoot=0xd5337a9d01616703c1c6b5ddefd965ee1010f02612cc2bcf581fd4e8925e8ee3, transactions=0, blockHash=0xff7e6a0dc742b6d0f539bcd4e5dcd30628b7d092d7c4d6662f1abd47045fb479
[cl-4-lodestar-geth] Mar-04 16:32:02.725[chain]            [32minfo[39m: Publishing execution payload envelope slot=116, blockRoot=0xd5337a9d01616703c1c6b5ddefd965ee1010f02612cc2bcf581fd4e8925e8ee3, builderIndex=Infinity, isSelfBuild=true, dataColumns=0
[cl-4-lodestar-geth] Mar-04 16:32:02.728[chain]            [32minfo[39m: Published execution payload envelope slot=116, blockRoot=0xd5337a9d01616703c1c6b5ddefd965ee1010f02612cc2bcf581fd4e8925e8ee3, builderIndex=Infinity, isSelfBuild=true, dataColumns=0, delaySec=0.7060000896453857, sentPeers=3
[cl-4-lodestar-geth] Mar-04 16:32:08.000[]                 [32minfo[39m: Synced - slot: 116 - head: 0xd533…8ee3 - exec-block: valid/full(116 0xff7e… bid:0xff7e…) - finalized: 0x0000…0000:0 - peers: 3
[cl-4-lodestar-geth] Mar-04 16:32:14.522[chain]            [32minfo[39m: Publishing block slot=117, blockRoot=0x1742c47df9fe100c2f794aefa36babca30f188c315d1dad1054e39ad0c70ee94, bodyRoot=0xe459c3d51f593a93d620fd081422ccca4d42de44b57e1868fcdf3a79a933bbe2, broadcastValidation=gossip, blockLocallyProduced=true
[cl-4-lodestar-geth] Mar-04 16:32:14.591[api]              [32minfo[39m: Produced execution payload envelope slot=117, blockRoot=0x1742c47df9fe100c2f794aefa36babca30f188c315d1dad1054e39ad0c70ee94, transactions=0, blockHash=0x82d45865756b886873b44fbbdc5e74f70511f27886d8796c7afd3180a0509648
[cl-4-lodestar-geth] Mar-04 16:32:14.604[chain]            [32minfo[39m: Publishing execution payload envelope slot=117, blockRoot=0x1742c47df9fe100c2f794aefa36babca30f188c315d1dad1054e39ad0c70ee94, builderIndex=Infinity, isSelfBuild=true, dataColumns=0
[cl-4-lodestar-geth] Mar-04 16:32:14.612[chain]            [32minfo[39m: Published execution payload envelope slot=117, blockRoot=0x1742c47df9fe100c2f794aefa36babca30f188c315d1dad1054e39ad0c70ee94, builderIndex=Infinity, isSelfBuild=true, dataColumns=0, delaySec=0.5950000286102295, sentPeers=3
[cl-4-lodestar-geth] Mar-04 16:32:20.000[]                 [32minfo[39m: Synced - slot: 117 - head: 0x1742…ee94 - exec-block: valid/full(117 0x82d4… bid:0x82d4…) - finalized: 0x0000…0000:0 - peers: 3
[cl-4-lodestar-geth] Mar-04 16:32:32.000[]                 [32minfo[39m: Synced - slot: 118 - head: 0x3e8a…77cd - exec-block: valid/full(118 0xfd39… bid:0xfd39…) - finalized: 0x0000…0000:0 - peers: 3
[cl-4-lodestar-geth] Mar-04 16:32:44.001[]                 [32minfo[39m: Synced - slot: 119 - head: 0x21c2…9784 - exec-block: valid/full(119 0x812f… bid:0x812f…) - finalized: 0x0000…0000:0 - peers: 3
[cl-4-lodestar-geth] Mar-04 16:32:56.000[]                 [32minfo[39m: Synced - slot: 120 - head: 0x9884…af83 - exec-block: valid/full(120 0x7147… bid:0x7147…) - finalized: 0x0000…0000:0 - peers: 3
[cl-4-lodestar-geth] Mar-04 16:33:08.000[]                 [32minfo[39m: Synced - slot: 121 - head: 0xc829…9060 - exec-block: valid/full(121 0x55d9… bid:0x55d9…) - finalized: 0x0000…0000:0 - peers: 3
[cl-4-lodestar-geth] Mar-04 16:33:20.003[]                 [32minfo[39m: Synced - slot: 122 - head: 0x4f12…5141 - exec-block: valid/full(122 0x023f… bid:0x023f…) - finalized: 0x0000…0000:0 - peers: 3
[cl-4-lodestar-geth] Mar-04 16:33:32.000[]                 [32minfo[39m: Synced - slot: 123 - head: 0xb0b0…06ca - exec-block: valid/full(123 0x06a1… bid:0x06a1…) - finalized: 0x0000…0000:0 - peers: 3
[cl-4-lodestar-geth] Mar-04 16:33:38.527[chain]            [32minfo[39m: Publishing block slot=124, blockRoot=0xab58a53a3314632b44488d842691c8e6110b4f53e50923f0d0c6dd558943c95b, bodyRoot=0xf0bb1466a045dfadcebe5d680b2db1d063d7263ce7142d52c12dbf588a5ea315, broadcastValidation=gossip, blockLocallyProduced=true
[cl-4-lodestar-geth] Mar-04 16:33:38.625[api]              [32minfo[39m: Produced execution payload envelope slot=124, blockRoot=0xab58a53a3314632b44488d842691c8e6110b4f53e50923f0d0c6dd558943c95b, transactions=0, blockHash=0xd54c49429a3c5a84182b5782deafcafd78fc55e8faa8fa783edb71982640dd25
[cl-4-lodestar-geth] Mar-04 16:33:38.644[chain]            [32minfo[39m: Publishing execution payload envelope slot=124, blockRoot=0xab58a53a3314632b44488d842691c8e6110b4f53e50923f0d0c6dd558943c95b, builderIndex=Infinity, isSelfBuild=true, dataColumns=0
[cl-4-lodestar-geth] Mar-04 16:33:38.648[chain]            [32minfo[39m: Published execution payload envelope slot=124, blockRoot=0xab58a53a3314632b44488d842691c8e6110b4f53e50923f0d0c6dd558943c95b, builderIndex=Infinity, isSelfBuild=true, dataColumns=0, delaySec=0.6289999485015869, sentPeers=3
[cl-4-lodestar-geth] Mar-04 16:33:44.000[]                 [32minfo[39m: Synced - slot: 124 - head: 0xab58…c95b - exec-block: valid/full(124 0xd54c… bid:0xd54c…) - finalized: 0x0000…0000:0 - peers: 3
[cl-4-lodestar-geth] Mar-04 16:33:56.001[]                 [32minfo[39m: Synced - slot: 125 - head: 0x50eb…25a6 - exec-block: valid/full(125 0xda17… bid:0xda17…) - finalized: 0x0000…0000:0 - peers: 3
[cl-4-lodestar-geth] Mar-04 16:34:02.595[chain]            [32minfo[39m: Publishing block slot=126, blockRoot=0x11a383da939e3559127effd03d4d1b66c37f481f95ab82b108f35e71b10c8a32, bodyRoot=0x08b5f88e5615aa20ed22e562e78c96425abe97c5d063f05a1bab0452e279359a, broadcastValidation=gossip, blockLocallyProduced=true
[cl-4-lodestar-geth] Mar-04 16:34:02.695[api]              [32minfo[39m: Produced execution payload envelope slot=126, blockRoot=0x11a383da939e3559127effd03d4d1b66c37f481f95ab82b108f35e71b10c8a32, transactions=0, blockHash=0x566bf61a902deeb0f9573b0821d518b49e73d5b667b707fc44526330eb309f44
[cl-4-lodestar-geth] Mar-04 16:34:02.717[chain]            [32minfo[39m: Publishing execution payload envelope slot=126, blockRoot=0x11a383da939e3559127effd03d4d1b66c37f481f95ab82b108f35e71b10c8a32, builderIndex=Infinity, isSelfBuild=true, dataColumns=0
[cl-4-lodestar-geth] Mar-04 16:34:02.719[chain]            [32minfo[39m: Published execution payload envelope slot=126, blockRoot=0x11a383da939e3559127effd03d4d1b66c37f481f95ab82b108f35e71b10c8a32, builderIndex=Infinity, isSelfBuild=true, dataColumns=0, delaySec=0.6970000267028809, sentPeers=3
[cl-4-lodestar-geth] Mar-04 16:34:08.001[]                 [32minfo[39m: Synced - slot: 126 - head: 0x11a3…8a32 - exec-block: valid/full(126 0x566b… bid:0x566b…) - finalized: 0x0000…0000:0 - peers: 3
[cl-4-lodestar-geth] Mar-04 16:34:14.524[chain]            [32minfo[39m: Publishing block slot=127, blockRoot=0xe6507db680943764947c05e88359f60e0c178e7d0de8fd6eb02741eb6d8f2633, bodyRoot=0x0efad514f1a0f86cd6a7ff6df6ac8e48d38775e0cf81d7a7614fe82eebd416f1, broadcastValidation=gossip, blockLocallyProduced=true
[cl-4-lodestar-geth] Mar-04 16:34:14.596[api]              [32minfo[39m: Produced execution payload envelope slot=127, blockRoot=0xe6507db680943764947c05e88359f60e0c178e7d0de8fd6eb02741eb6d8f2633, transactions=0, blockHash=0xeba84aabf840e156f1797f85e513cf710e08e5f3e4b563e0a697f07185ae634c
[cl-4-lodestar-geth] Mar-04 16:34:14.608[chain]            [32minfo[39m: Publishing execution payload envelope slot=127, blockRoot=0xe6507db680943764947c05e88359f60e0c178e7d0de8fd6eb02741eb6d8f2633, builderIndex=Infinity, isSelfBuild=true, dataColumns=0
[cl-4-lodestar-geth] Mar-04 16:34:14.608[chain]            [32minfo[39m: Published execution payload envelope slot=127, blockRoot=0xe6507db680943764947c05e88359f60e0c178e7d0de8fd6eb02741eb6d8f2633, builderIndex=Infinity, isSelfBuild=true, dataColumns=0, delaySec=0.5989999771118164, sentPeers=3
[cl-4-lodestar-geth] Mar-04 16:34:20.001[]                 [32minfo[39m: Synced - slot: 127 - head: 0xe650…2633 - exec-block: valid/full(127 0xeba8… bid:0xeba8…) - finalized: 0x0000…0000:0 - peers: 3
[cl-4-lodestar-geth] Mar-04 16:34:32.001[]                 [32minfo[39m: Synced - slot: 128 - head: 0x1810…e187 - exec-block: valid/full(128 0x9608… bid:0x9608…) - finalized: 0xe368…11c1:2 - peers: 3
[cl-4-lodestar-geth] Mar-04 16:34:44.000[]                 [32minfo[39m: Synced - slot: 129 - head: 0x43a4…f300 - exec-block: valid/full(129 0xbb8d… bid:0xbb8d…) - finalized: 0xe368…11c1:2 - peers: 3
[cl-4-lodestar-geth] Mar-04 16:34:56.001[]                 [32minfo[39m: Synced - slot: 130 - head: 0xa4c6…78b7 - exec-block: valid/full(130 0x1ef7… bid:0x1ef7…) - finalized: 0xe368…11c1:2 - peers: 3
[cl-4-lodestar-geth] Mar-04 16:35:08.000[]                 [32minfo[39m: Synced - slot: 131 - head: 0x5f1b…8d21 - exec-block: valid/full(131 0x5f8c… bid:0x5f8c…) - finalized: 0xe368…11c1:2 - peers: 3
[cl-4-lodestar-geth] Mar-04 16:35:20.000[]                 [32minfo[39m: Synced - slot: 132 - head: 0xd742…bd22 - exec-block: valid/full(132 0xfd53… bid:0xfd53…) - finalized: 0xe368…11c1:2 - peers: 3
[cl-4-lodestar-geth] Mar-04 16:35:32.001[]                 [32minfo[39m: Synced - slot: 133 - head: 0xfeba…2896 - exec-block: valid/full(133 0xb1e0… bid:0xb1e0…) - finalized: 0xe368…11c1:2 - peers: 3
[cl-4-lodestar-geth] Mar-04 16:35:44.000[]                 [32minfo[39m: Synced - slot: 134 - head: 0xa0ef…783e - exec-block: valid/full(134 0x34c8… bid:0x34c8…) - finalized: 0xe368…11c1:2 - peers: 3
[cl-4-lodestar-geth] Mar-04 16:35:56.000[]                 [32minfo[39m: Synced - slot: 135 - head: 0xbea0…f7b7 - exec-block: valid/full(135 0xbd6a… bid:0xbd6a…) - finalized: 0xe368…11c1:2 - peers: 3
[cl-4-lodestar-geth] Mar-04 16:36:02.535[chain]            [32minfo[39m: Publishing block slot=136, blockRoot=0x982d162296ecd5b2f0d70c4de7cbf6bf0a6188d7fdd6e0206e40b13ebe565594, bodyRoot=0xad7e0bb98895817a9bdaff25a2c1a743bfd032f63779507c9358dfc06ef9a023, broadcastValidation=gossip, blockLocallyProduced=true
[cl-4-lodestar-geth] Mar-04 16:36:02.638[api]              [32minfo[39m: Produced execution payload envelope slot=136, blockRoot=0x982d162296ecd5b2f0d70c4de7cbf6bf0a6188d7fdd6e0206e40b13ebe565594, transactions=0, blockHash=0x77ea08bc187d6d8f1014454c30a33388cf5cb084d3242da43778abbe4cba0ab6
[cl-4-lodestar-geth] Mar-04 16:36:02.659[chain]            [32minfo[39m: Publishing execution payload envelope slot=136, blockRoot=0x982d162296ecd5b2f0d70c4de7cbf6bf0a6188d7fdd6e0206e40b13ebe565594, builderIndex=Infinity, isSelfBuild=true, dataColumns=0
[cl-4-lodestar-geth] Mar-04 16:36:02.663[chain]            [32minfo[39m: Published execution payload envelope slot=136, blockRoot=0x982d162296ecd5b2f0d70c4de7cbf6bf0a6188d7fdd6e0206e40b13ebe565594, builderIndex=Infinity, isSelfBuild=true, dataColumns=0, delaySec=0.6440000534057617, sentPeers=3
[cl-4-lodestar-geth] Mar-04 16:36:08.001[]                 [32minfo[39m: Synced - slot: 136 - head: 0x982d…5594 - exec-block: valid/full(136 0x77ea… bid:0x77ea…) - finalized: 0xe368…11c1:2 - peers: 3
