[vc-3-geth-lodestar] Mar-04 16:30:38.715[]                 [32minfo[39m: Published attestations slot=109, head=0x66ac6861, count=4
[vc-3-geth-lodestar] Mar-04 16:30:38.785[]                 [32minfo[39m: Published SyncCommitteeMessage slot=109, count=128
[vc-3-geth-lodestar] Mar-04 16:30:44.062[]                 [32minfo[39m: Published SyncCommitteeContribution slot=109, index=1, count=4
[vc-3-geth-lodestar] Mar-04 16:30:44.062[]                 [32minfo[39m: Published aggregateAndProofs slot=109, index=0, participants=12, count=4
[vc-3-geth-lodestar] Mar-04 16:30:44.066[]                 [32minfo[39m: Published SyncCommitteeContribution slot=109, index=3, count=7
[vc-3-geth-lodestar] Mar-04 16:30:44.067[]                 [32minfo[39m: Published SyncCommitteeContribution slot=109, index=2, count=2
[vc-3-geth-lodestar] Mar-04 16:30:44.067[]                 [32minfo[39m: Published SyncCommitteeContribution slot=109, index=0, count=5
[vc-3-geth-lodestar] Mar-04 16:30:50.685[]                 [32minfo[39m: Published attestations slot=110, head=0xc571b38e, count=4
[vc-3-geth-lodestar] Mar-04 16:30:50.861[]                 [32minfo[39m: Published SyncCommitteeMessage slot=110, count=128
[vc-3-geth-lodestar] Mar-04 16:30:56.069[]                 [32minfo[39m: Published SyncCommitteeContribution slot=110, index=1, count=4
[vc-3-geth-lodestar] Mar-04 16:30:56.069[]                 [32minfo[39m: Published aggregateAndProofs slot=110, index=0, participants=14, count=4
[vc-3-geth-lodestar] Mar-04 16:30:56.069[]                 [32minfo[39m: Published SyncCommitteeContribution slot=110, index=3, count=6
[vc-3-geth-lodestar] Mar-04 16:30:56.069[]                 [32minfo[39m: Published SyncCommitteeContribution slot=110, index=2, count=3
[vc-3-geth-lodestar] Mar-04 16:30:56.069[]                 [32minfo[39m: Published SyncCommitteeContribution slot=110, index=0, count=5
[vc-3-geth-lodestar] Mar-04 16:31:02.709[]                 [32minfo[39m: Published attestations slot=111, head=0xa55be20e, count=3
[vc-3-geth-lodestar] Mar-04 16:31:02.742[]                 [32minfo[39m: Published SyncCommitteeMessage slot=111, count=128
[vc-3-geth-lodestar] Mar-04 16:31:08.046[]                 [32minfo[39m: Published SyncCommitteeContribution slot=111, index=1, count=3
[vc-3-geth-lodestar] Mar-04 16:31:08.046[]                 [32minfo[39m: Published aggregateAndProofs slot=111, index=0, participants=11, count=3
[vc-3-geth-lodestar] Mar-04 16:31:08.106[]                 [32minfo[39m: Published SyncCommitteeContribution slot=111, index=3, count=6
[vc-3-geth-lodestar] Mar-04 16:31:08.110[]                 [32minfo[39m: Published SyncCommitteeContribution slot=111, index=2, count=4
[vc-3-geth-lodestar] Mar-04 16:31:08.111[]                 [32minfo[39m: Published SyncCommitteeContribution slot=111, index=0, count=3
[vc-3-geth-lodestar] Mar-04 16:31:14.881[]                 [32minfo[39m: Published SyncCommitteeMessage slot=112, count=128
[vc-3-geth-lodestar] Mar-04 16:31:14.961[]                 [32minfo[39m: Published attestations slot=112, head=0x1d293490, count=7
[vc-3-geth-lodestar] Mar-04 16:31:20.051[]                 [32minfo[39m: Published SyncCommitteeContribution slot=112, index=1, count=4
[vc-3-geth-lodestar] Mar-04 16:31:20.051[]                 [32minfo[39m: Published SyncCommitteeContribution slot=112, index=3, count=6
[vc-3-geth-lodestar] Mar-04 16:31:20.074[]                 [32minfo[39m: Published SyncCommitteeContribution slot=112, index=2, count=2
[vc-3-geth-lodestar] Mar-04 16:31:20.075[]                 [32minfo[39m: Published SyncCommitteeContribution slot=112, index=0, count=1
[vc-3-geth-lodestar] Mar-04 16:31:20.078[]                 [32minfo[39m: Published aggregateAndProofs slot=112, index=0, participants=13, count=7
[vc-3-geth-lodestar] Mar-04 16:31:26.786[]                 [32minfo[39m: Published attestations slot=113, head=0x2fb1fa95, count=2
[vc-3-geth-lodestar] Mar-04 16:31:26.821[]                 [32minfo[39m: Published SyncCommitteeMessage slot=113, count=128
[vc-3-geth-lodestar] Mar-04 16:31:32.069[]                 [32minfo[39m: Published SyncCommitteeContribution slot=113, index=1, count=6
[vc-3-geth-lodestar] Mar-04 16:31:32.074[]                 [32minfo[39m: Published aggregateAndProofs slot=113, index=0, participants=16, count=2
[vc-3-geth-lodestar] Mar-04 16:31:32.144[]                 [32minfo[39m: Published SyncCommitteeContribution slot=113, index=3, count=9
[vc-3-geth-lodestar] Mar-04 16:31:32.145[]                 [32minfo[39m: Published SyncCommitteeContribution slot=113, index=2, count=2
[vc-3-geth-lodestar] Mar-04 16:31:32.146[]                 [32minfo[39m: Published SyncCommitteeContribution slot=113, index=0, count=1
[vc-3-geth-lodestar] Mar-04 16:31:38.783[]                 [32minfo[39m: Published attestations slot=114, head=0x17c56850, count=2
[vc-3-geth-lodestar] Mar-04 16:31:38.969[]                 [32minfo[39m: Published SyncCommitteeMessage slot=114, count=128
[vc-3-geth-lodestar] Mar-04 16:31:44.043[]                 [32minfo[39m: Published SyncCommitteeContribution slot=114, index=1, count=5
[vc-3-geth-lodestar] Mar-04 16:31:44.044[]                 [32minfo[39m: Published aggregateAndProofs slot=114, index=0, participants=15, count=2
[vc-3-geth-lodestar] Mar-04 16:31:44.097[]                 [32minfo[39m: Published SyncCommitteeContribution slot=114, index=3, count=7
[vc-3-geth-lodestar] Mar-04 16:31:44.097[]                 [32minfo[39m: Published SyncCommitteeContribution slot=114, index=2, count=5
[vc-3-geth-lodestar] Mar-04 16:31:50.696[]                 [32minfo[39m: Published attestations slot=115, head=0xc647d7cb, count=3
[vc-3-geth-lodestar] Mar-04 16:31:50.754[]                 [32minfo[39m: Published SyncCommitteeMessage slot=115, count=128
[vc-3-geth-lodestar] Mar-04 16:31:56.059[]                 [32minfo[39m: Published SyncCommitteeContribution slot=115, index=1, count=6
[vc-3-geth-lodestar] Mar-04 16:31:56.062[]                 [32minfo[39m: Published aggregateAndProofs slot=115, index=0, participants=11, count=3
[vc-3-geth-lodestar] Mar-04 16:31:56.072[]                 [32minfo[39m: Published SyncCommitteeContribution slot=115, index=3, count=6
[vc-3-geth-lodestar] Mar-04 16:31:56.072[]                 [32minfo[39m: Published SyncCommitteeContribution slot=115, index=2, count=6
[vc-3-geth-lodestar] Mar-04 16:31:56.125[]                 [32minfo[39m: Published SyncCommitteeContribution slot=115, index=0, count=3
[vc-3-geth-lodestar] Mar-04 16:32:02.875[]                 [32minfo[39m: Published attestations slot=116, head=0xd5338ee3, count=6
[vc-3-geth-lodestar] Mar-04 16:32:03.075[]                 [32minfo[39m: Published SyncCommitteeMessage slot=116, count=128
[vc-3-geth-lodestar] Mar-04 16:32:08.053[]                 [32minfo[39m: Published aggregateAndProofs slot=116, index=0, participants=14, count=6
[vc-3-geth-lodestar] Mar-04 16:32:08.086[]                 [32minfo[39m: Published SyncCommitteeContribution slot=116, index=1, count=7
[vc-3-geth-lodestar] Mar-04 16:32:08.087[]                 [32minfo[39m: Published SyncCommitteeContribution slot=116, index=3, count=2
[vc-3-geth-lodestar] Mar-04 16:32:08.087[]                 [32minfo[39m: Published SyncCommitteeContribution slot=116, index=2, count=1
[vc-3-geth-lodestar] Mar-04 16:32:08.088[]                 [32minfo[39m: Published SyncCommitteeContribution slot=116, index=0, count=3
[vc-3-geth-lodestar] Mar-04 16:32:14.654[]                 [32minfo[39m: Published attestations slot=117, head=0x1742ee94, count=4
[vc-3-geth-lodestar] Mar-04 16:32:14.771[]                 [32minfo[39m: Published SyncCommitteeMessage slot=117, count=128
[vc-3-geth-lodestar] Mar-04 16:32:20.045[]                 [32minfo[39m: Published SyncCommitteeContribution slot=117, index=1, count=1
[vc-3-geth-lodestar] Mar-04 16:32:20.047[]                 [32minfo[39m: Published SyncCommitteeContribution slot=117, index=3, count=4
[vc-3-geth-lodestar] Mar-04 16:32:20.050[]                 [32minfo[39m: Published aggregateAndProofs slot=117, index=0, participants=8, count=4
[vc-3-geth-lodestar] Mar-04 16:32:20.094[]                 [32minfo[39m: Published SyncCommitteeContribution slot=117, index=2, count=3
[vc-3-geth-lodestar] Mar-04 16:32:20.095[]                 [32minfo[39m: Published SyncCommitteeContribution slot=117, index=0, count=2
[vc-3-geth-lodestar] Mar-04 16:32:26.625[]                 [32minfo[39m: Published block and execution payload envelope slot=118, validator=0xb9a90c0c, graffiti=undefined, consensusBlockValue=0.00101 ETH, blockRoot=0x3e8a8754d5ea37d78a4c1a729365d0e03c917c5efb97c6fffe1eb1692fc677cd
[vc-3-geth-lodestar] Mar-04 16:32:26.766[]                 [32minfo[39m: Published attestations slot=118, head=0x3e8a77cd, count=1
[vc-3-geth-lodestar] Mar-04 16:32:26.775[]                 [32minfo[39m: Published SyncCommitteeMessage slot=118, count=128
[vc-3-geth-lodestar] Mar-04 16:32:32.067[]                 [32minfo[39m: Published SyncCommitteeContribution slot=118, index=1, count=7
[vc-3-geth-lodestar] Mar-04 16:32:32.071[]                 [32minfo[39m: Published aggregateAndProofs slot=118, index=0, participants=6, count=1
[vc-3-geth-lodestar] Mar-04 16:32:32.109[]                 [32minfo[39m: Published SyncCommitteeContribution slot=118, index=3, count=5
[vc-3-geth-lodestar] Mar-04 16:32:32.110[]                 [32minfo[39m: Published SyncCommitteeContribution slot=118, index=2, count=3
[vc-3-geth-lodestar] Mar-04 16:32:32.114[]                 [32minfo[39m: Published SyncCommitteeContribution slot=118, index=0, count=3
[vc-3-geth-lodestar] Mar-04 16:32:38.796[]                 [32minfo[39m: Published attestations slot=119, head=0x21c29784, count=4
[vc-3-geth-lodestar] Mar-04 16:32:38.883[]                 [32minfo[39m: Published SyncCommitteeMessage slot=119, count=128
[vc-3-geth-lodestar] Mar-04 16:32:44.041[]                 [32minfo[39m: Published aggregateAndProofs slot=119, index=0, participants=16, count=4
[vc-3-geth-lodestar] Mar-04 16:32:44.075[]                 [32minfo[39m: Published SyncCommitteeContribution slot=119, index=1, count=8
[vc-3-geth-lodestar] Mar-04 16:32:44.078[]                 [32minfo[39m: Published SyncCommitteeContribution slot=119, index=3, count=4
[vc-3-geth-lodestar] Mar-04 16:32:44.084[]                 [32minfo[39m: Published SyncCommitteeContribution slot=119, index=2, count=4
[vc-3-geth-lodestar] Mar-04 16:32:50.686[]                 [32minfo[39m: Published attestations slot=120, head=0x9884af83, count=4
[vc-3-geth-lodestar] Mar-04 16:32:50.778[]                 [32minfo[39m: Published SyncCommitteeMessage slot=120, count=128
[vc-3-geth-lodestar] Mar-04 16:32:56.035[]                 [32minfo[39m: Published aggregateAndProofs slot=120, index=0, participants=12, count=4
[vc-3-geth-lodestar] Mar-04 16:32:56.077[]                 [32minfo[39m: Published SyncCommitteeContribution slot=120, index=1, count=9
[vc-3-geth-lodestar] Mar-04 16:32:56.081[]                 [32minfo[39m: Published SyncCommitteeContribution slot=120, index=3, count=4
[vc-3-geth-lodestar] Mar-04 16:32:56.082[]                 [32minfo[39m: Published SyncCommitteeContribution slot=120, index=2, count=2
[vc-3-geth-lodestar] Mar-04 16:32:56.082[]                 [32minfo[39m: Published SyncCommitteeContribution slot=120, index=0, count=3
[vc-3-geth-lodestar] Mar-04 16:33:02.630[]                 [32minfo[39m: Published block and execution payload envelope slot=121, validator=0x90068eb2, graffiti=undefined, consensusBlockValue=0.00101 ETH, blockRoot=0xc82979a45a2b578640daf1c0341b889a5f5113e80ae6432f576f2d9335fa9060
[vc-3-geth-lodestar] Mar-04 16:33:02.662[]                 [32minfo[39m: Published attestations slot=121, head=0xc8299060, count=4
[vc-3-geth-lodestar] Mar-04 16:33:02.779[]                 [32minfo[39m: Published SyncCommitteeMessage slot=121, count=128
[vc-3-geth-lodestar] Mar-04 16:33:08.036[]                 [32minfo[39m: Published SyncCommitteeContribution slot=121, index=1, count=5
[vc-3-geth-lodestar] Mar-04 16:33:08.036[]                 [32minfo[39m: Published SyncCommitteeContribution slot=121, index=3, count=2
[vc-3-geth-lodestar] Mar-04 16:33:08.040[]                 [32minfo[39m: Published aggregateAndProofs slot=121, index=0, participants=16, count=4
[vc-3-geth-lodestar] Mar-04 16:33:08.061[]                 [32minfo[39m: Published SyncCommitteeContribution slot=121, index=2, count=7
[vc-3-geth-lodestar] Mar-04 16:33:08.063[]                 [32minfo[39m: Published SyncCommitteeContribution slot=121, index=0, count=4
[vc-3-geth-lodestar] Mar-04 16:33:14.753[]                 [32minfo[39m: Published SyncCommitteeMessage slot=122, count=128
[vc-3-geth-lodestar] Mar-04 16:33:14.758[]                 [32minfo[39m: Published attestations slot=122, head=0x4f125141, count=5
[vc-3-geth-lodestar] Mar-04 16:33:20.048[]                 [32minfo[39m: Published SyncCommitteeContribution slot=122, index=1, count=5
[vc-3-geth-lodestar] Mar-04 16:33:20.052[]                 [32minfo[39m: Published SyncCommitteeContribution slot=122, index=3, count=6
[vc-3-geth-lodestar] Mar-04 16:33:20.088[]                 [32minfo[39m: Published SyncCommitteeContribution slot=122, index=2, count=7
[vc-3-geth-lodestar] Mar-04 16:33:20.088[]                 [32minfo[39m: Published SyncCommitteeContribution slot=122, index=0, count=3
[vc-3-geth-lodestar] Mar-04 16:33:20.113[]                 [32minfo[39m: Published aggregateAndProofs slot=122, index=0, participants=10, count=5
[vc-3-geth-lodestar] Mar-04 16:33:26.688[]                 [32minfo[39m: Published block and execution payload envelope slot=123, validator=0x844b0cdd, graffiti=undefined, consensusBlockValue=0.00101 ETH, blockRoot=0xb0b09e510e528f5ac3809a78bb9d0e140b295ab03f46aa0c0e1feefdab7b06ca
[vc-3-geth-lodestar] Mar-04 16:33:26.738[]                 [32minfo[39m: Published attestations slot=123, head=0xb0b006ca, count=4
[vc-3-geth-lodestar] Mar-04 16:33:26.841[]                 [32minfo[39m: Published SyncCommitteeMessage slot=123, count=128
[vc-3-geth-lodestar] Mar-04 16:33:32.047[]                 [32minfo[39m: Published SyncCommitteeContribution slot=123, index=1, count=6
[vc-3-geth-lodestar] Mar-04 16:33:32.052[]                 [32minfo[39m: Published aggregateAndProofs slot=123, index=0, participants=16, count=4
[vc-3-geth-lodestar] Mar-04 16:33:32.093[]                 [32minfo[39m: Published SyncCommitteeContribution slot=123, index=3, count=5
[vc-3-geth-lodestar] Mar-04 16:33:32.094[]                 [32minfo[39m: Published SyncCommitteeContribution slot=123, index=2, count=4
[vc-3-geth-lodestar] Mar-04 16:33:32.095[]                 [32minfo[39m: Published SyncCommitteeContribution slot=123, index=0, count=2
[vc-3-geth-lodestar] Mar-04 16:33:38.650[]                 [32minfo[39m: Published attestations slot=124, head=0xab58c95b, count=4
[vc-3-geth-lodestar] Mar-04 16:33:38.797[]                 [32minfo[39m: Published SyncCommitteeMessage slot=124, count=128
[vc-3-geth-lodestar] Mar-04 16:33:44.047[]                 [32minfo[39m: Published SyncCommitteeContribution slot=124, index=1, count=6
[vc-3-geth-lodestar] Mar-04 16:33:44.048[]                 [32minfo[39m: Published SyncCommitteeContribution slot=124, index=3, count=2
[vc-3-geth-lodestar] Mar-04 16:33:44.077[]                 [32minfo[39m: Published SyncCommitteeContribution slot=124, index=2, count=4
[vc-3-geth-lodestar] Mar-04 16:33:44.079[]                 [32minfo[39m: Published SyncCommitteeContribution slot=124, index=0, count=3
[vc-3-geth-lodestar] Mar-04 16:33:44.079[]                 [32minfo[39m: Published aggregateAndProofs slot=124, index=0, participants=10, count=4
[vc-3-geth-lodestar] Mar-04 16:33:50.620[]                 [32minfo[39m: Published block and execution payload envelope slot=125, validator=0x93a20974, graffiti=undefined, consensusBlockValue=0.00101 ETH, blockRoot=0x50eb4fd3004a3f309a775f34c23c7dd25c6785e6321cd4f131fa40cc5e6d25a6
[vc-3-geth-lodestar] Mar-04 16:33:50.739[]                 [32minfo[39m: Published SyncCommitteeMessage slot=125, count=128
[vc-3-geth-lodestar] Mar-04 16:33:50.770[]                 [32minfo[39m: Published attestations slot=125, head=0x50eb25a6, count=7
[vc-3-geth-lodestar] Mar-04 16:33:56.045[]                 [32minfo[39m: Published SyncCommitteeContribution slot=125, index=1, count=5
[vc-3-geth-lodestar] Mar-04 16:33:56.056[]                 [32minfo[39m: Published SyncCommitteeContribution slot=125, index=3, count=7
[vc-3-geth-lodestar] Mar-04 16:33:56.058[]                 [32minfo[39m: Published SyncCommitteeContribution slot=125, index=2, count=2
[vc-3-geth-lodestar] Mar-04 16:33:56.058[]                 [32minfo[39m: Published SyncCommitteeContribution slot=125, index=0, count=2
[vc-3-geth-lodestar] Mar-04 16:33:56.108[]                 [32minfo[39m: Published aggregateAndProofs slot=125, index=0, participants=16, count=7
[vc-3-geth-lodestar] Mar-04 16:34:02.730[]                 [32minfo[39m: Published attestations slot=126, head=0x11a38a32, count=4
[vc-3-geth-lodestar] Mar-04 16:34:02.824[]                 [32minfo[39m: Published SyncCommitteeMessage slot=126, count=128
[vc-3-geth-lodestar] Mar-04 16:34:08.046[]                 [32minfo[39m: Published SyncCommitteeContribution slot=126, index=1, count=2
[vc-3-geth-lodestar] Mar-04 16:34:08.047[]                 [32minfo[39m: Published SyncCommitteeContribution slot=126, index=3, count=5
[vc-3-geth-lodestar] Mar-04 16:34:08.047[]                 [32minfo[39m: Published aggregateAndProofs slot=126, index=0, participants=16, count=4
[vc-3-geth-lodestar] Mar-04 16:34:08.086[]                 [32minfo[39m: Published SyncCommitteeContribution slot=126, index=2, count=7
[vc-3-geth-lodestar] Mar-04 16:34:08.086[]                 [32minfo[39m: Published SyncCommitteeContribution slot=126, index=0, count=3
[vc-3-geth-lodestar] Mar-04 16:34:14.776[]                 [32minfo[39m: Published SyncCommitteeMessage slot=127, count=128
[vc-3-geth-lodestar] Mar-04 16:34:14.777[]                 [32minfo[39m: Published attestations slot=127, head=0xe6502633, count=5
[vc-3-geth-lodestar] Mar-04 16:34:20.035[]                 [32minfo[39m: Published SyncCommitteeContribution slot=127, index=1, count=6
[vc-3-geth-lodestar] Mar-04 16:34:20.094[]                 [32minfo[39m: Published SyncCommitteeContribution slot=127, index=3, count=6
[vc-3-geth-lodestar] Mar-04 16:34:20.095[]                 [32minfo[39m: Published SyncCommitteeContribution slot=127, index=2, count=3
[vc-3-geth-lodestar] Mar-04 16:34:20.095[]                 [32minfo[39m: Published SyncCommitteeContribution slot=127, index=0, count=1
[vc-3-geth-lodestar] Mar-04 16:34:20.095[]                 [32minfo[39m: Published aggregateAndProofs slot=127, index=0, participants=16, count=5
[vc-3-geth-lodestar] Mar-04 16:34:26.927[]                 [32minfo[39m: Published block and execution payload envelope slot=128, validator=0xb54c6622, graffiti=undefined, consensusBlockValue=0.00101 ETH, blockRoot=0x18102d8549b33ef87c202b4144d5bc87e20f5152a1e8f9e892285dc8530ae187
[vc-3-geth-lodestar] Mar-04 16:34:26.981[]                 [32minfo[39m: Published attestations slot=128, head=0x1810e187, count=3
[vc-3-geth-lodestar] Mar-04 16:34:27.037[]                 [32minfo[39m: Published SyncCommitteeMessage slot=128, count=128
[vc-3-geth-lodestar] Mar-04 16:34:32.052[]                 [32minfo[39m: Published SyncCommitteeContribution slot=128, index=1, count=3
[vc-3-geth-lodestar] Mar-04 16:34:32.057[]                 [32minfo[39m: Published SyncCommitteeContribution slot=128, index=3, count=3
[vc-3-geth-lodestar] Mar-04 16:34:32.058[]                 [32minfo[39m: Published SyncCommitteeContribution slot=128, index=2, count=4
[vc-3-geth-lodestar] Mar-04 16:34:32.076[]                 [32minfo[39m: Published SyncCommitteeContribution slot=128, index=0, count=3
[vc-3-geth-lodestar] Mar-04 16:34:32.078[]                 [32minfo[39m: Published aggregateAndProofs slot=128, index=0, participants=16, count=3
[vc-3-geth-lodestar] Mar-04 16:34:38.941[]                 [32minfo[39m: Published SyncCommitteeMessage slot=129, count=128
[vc-3-geth-lodestar] Mar-04 16:34:38.941[]                 [32minfo[39m: Published attestations slot=129, head=0x43a4f300, count=5
[vc-3-geth-lodestar] Mar-04 16:34:44.039[]                 [32minfo[39m: Published SyncCommitteeContribution slot=129, index=1, count=7
[vc-3-geth-lodestar] Mar-04 16:34:44.058[]                 [32minfo[39m: Published SyncCommitteeContribution slot=129, index=3, count=6
[vc-3-geth-lodestar] Mar-04 16:34:44.058[]                 [32minfo[39m: Published SyncCommitteeContribution slot=129, index=2, count=5
[vc-3-geth-lodestar] Mar-04 16:34:44.061[]                 [32minfo[39m: Published SyncCommitteeContribution slot=129, index=0, count=2
[vc-3-geth-lodestar] Mar-04 16:34:44.088[]                 [32minfo[39m: Published aggregateAndProofs slot=129, index=0, participants=16, count=5
[vc-3-geth-lodestar] Mar-04 16:34:50.755[]                 [32minfo[39m: Published SyncCommitteeMessage slot=130, count=128
[vc-3-geth-lodestar] Mar-04 16:34:50.755[]                 [32minfo[39m: Published attestations slot=130, head=0xa4c678b7, count=6
[vc-3-geth-lodestar] Mar-04 16:34:56.057[]                 [32minfo[39m: Published SyncCommitteeContribution slot=130, index=1, count=1
[vc-3-geth-lodestar] Mar-04 16:34:56.057[]                 [32minfo[39m: Published SyncCommitteeContribution slot=130, index=3, count=2
[vc-3-geth-lodestar] Mar-04 16:34:56.058[]                 [32minfo[39m: Published SyncCommitteeContribution slot=130, index=2, count=5
[vc-3-geth-lodestar] Mar-04 16:34:56.084[]                 [32minfo[39m: Published SyncCommitteeContribution slot=130, index=0, count=5
[vc-3-geth-lodestar] Mar-04 16:34:56.085[]                 [32minfo[39m: Published aggregateAndProofs slot=130, index=0, participants=16, count=6
[vc-3-geth-lodestar] Mar-04 16:35:02.729[]                 [32minfo[39m: Published attestations slot=131, head=0x5f1b8d21, count=3
[vc-3-geth-lodestar] Mar-04 16:35:02.863[]                 [32minfo[39m: Published SyncCommitteeMessage slot=131, count=128
[vc-3-geth-lodestar] Mar-04 16:35:08.098[]                 [32minfo[39m: Published SyncCommitteeContribution slot=131, index=1, count=1
[vc-3-geth-lodestar] Mar-04 16:35:08.103[]                 [32minfo[39m: Published SyncCommitteeContribution slot=131, index=3, count=3
[vc-3-geth-lodestar] Mar-04 16:35:08.103[]                 [32minfo[39m: Published SyncCommitteeContribution slot=131, index=0, count=1
[vc-3-geth-lodestar] Mar-04 16:35:08.104[]                 [32minfo[39m: Published aggregateAndProofs slot=131, index=0, participants=14, count=3
[vc-3-geth-lodestar] Mar-04 16:35:14.699[]                 [32minfo[39m: Published attestations slot=132, head=0xd742bd22, count=3
[vc-3-geth-lodestar] Mar-04 16:35:14.875[]                 [32minfo[39m: Published SyncCommitteeMessage slot=132, count=128
[vc-3-geth-lodestar] Mar-04 16:35:20.067[]                 [32minfo[39m: Published SyncCommitteeContribution slot=132, index=1, count=3
[vc-3-geth-lodestar] Mar-04 16:35:20.068[]                 [32minfo[39m: Published SyncCommitteeContribution slot=132, index=3, count=9
[vc-3-geth-lodestar] Mar-04 16:35:20.069[]                 [32minfo[39m: Published aggregateAndProofs slot=132, index=0, participants=16, count=3
[vc-3-geth-lodestar] Mar-04 16:35:20.095[]                 [32minfo[39m: Published SyncCommitteeContribution slot=132, index=2, count=8
[vc-3-geth-lodestar] Mar-04 16:35:20.095[]                 [32minfo[39m: Published SyncCommitteeContribution slot=132, index=0, count=1
[vc-3-geth-lodestar] Mar-04 16:35:26.637[]                 [32minfo[39m: Published block and execution payload envelope slot=133, validator=0xb9aea7d9, graffiti=undefined, consensusBlockValue=0.00101 ETH, blockRoot=0xfebac34b0acf881f04ac126ae2f878515cb5f33ffd1a5e703080bacecd372896
[vc-3-geth-lodestar] Mar-04 16:35:26.694[]                 [32minfo[39m: Published attestations slot=133, head=0xfeba2896, count=4
[vc-3-geth-lodestar] Mar-04 16:35:26.835[]                 [32minfo[39m: Published SyncCommitteeMessage slot=133, count=128
[vc-3-geth-lodestar] Mar-04 16:35:32.071[]                 [32minfo[39m: Published SyncCommitteeContribution slot=133, index=1, count=3
[vc-3-geth-lodestar] Mar-04 16:35:32.071[]                 [32minfo[39m: Published SyncCommitteeContribution slot=133, index=3, count=4
[vc-3-geth-lodestar] Mar-04 16:35:32.072[]                 [32minfo[39m: Published SyncCommitteeContribution slot=133, index=2, count=4
[vc-3-geth-lodestar] Mar-04 16:35:32.103[]                 [32minfo[39m: Published SyncCommitteeContribution slot=133, index=0, count=5
[vc-3-geth-lodestar] Mar-04 16:35:32.104[]                 [32minfo[39m: Published aggregateAndProofs slot=133, index=0, participants=16, count=4
[vc-3-geth-lodestar] Mar-04 16:35:38.785[]                 [32minfo[39m: Published attestations slot=134, head=0xa0ef783e, count=3
[vc-3-geth-lodestar] Mar-04 16:35:39.009[]                 [32minfo[39m: Published SyncCommitteeMessage slot=134, count=128
[vc-3-geth-lodestar] Mar-04 16:35:44.046[]                 [32minfo[39m: Published SyncCommitteeContribution slot=134, index=1, count=5
[vc-3-geth-lodestar] Mar-04 16:35:44.047[]                 [32minfo[39m: Published aggregateAndProofs slot=134, index=0, participants=16, count=3
[vc-3-geth-lodestar] Mar-04 16:35:44.092[]                 [32minfo[39m: Published SyncCommitteeContribution slot=134, index=3, count=4
[vc-3-geth-lodestar] Mar-04 16:35:44.094[]                 [32minfo[39m: Published SyncCommitteeContribution slot=134, index=2, count=5
[vc-3-geth-lodestar] Mar-04 16:35:44.095[]                 [32minfo[39m: Published SyncCommitteeContribution slot=134, index=0, count=1
[vc-3-geth-lodestar] Mar-04 16:35:50.608[]                 [32minfo[39m: Published block and execution payload envelope slot=135, validator=0x9531d052, graffiti=undefined, consensusBlockValue=0.00101 ETH, blockRoot=0xbea07686eeb7271a548027ab0bb0c9a3bf5d0ee60a71abc7db4698e0fb08f7b7
[vc-3-geth-lodestar] Mar-04 16:35:50.712[]                 [32minfo[39m: Published attestations slot=135, head=0xbea0f7b7, count=2
[vc-3-geth-lodestar] Mar-04 16:35:50.784[]                 [32minfo[39m: Published SyncCommitteeMessage slot=135, count=128
[vc-3-geth-lodestar] Mar-04 16:35:56.050[]                 [32minfo[39m: Published SyncCommitteeContribution slot=135, index=1, count=8
[vc-3-geth-lodestar] Mar-04 16:35:56.051[]                 [32minfo[39m: Published aggregateAndProofs slot=135, index=0, participants=15, count=2
[vc-3-geth-lodestar] Mar-04 16:35:56.057[]                 [32minfo[39m: Published SyncCommitteeContribution slot=135, index=3, count=9
[vc-3-geth-lodestar] Mar-04 16:35:56.057[]                 [32minfo[39m: Published SyncCommitteeContribution slot=135, index=2, count=3
[vc-3-geth-lodestar] Mar-04 16:35:56.097[]                 [32minfo[39m: Published SyncCommitteeContribution slot=135, index=0, count=3
[vc-3-geth-lodestar] Mar-04 16:36:02.733[]                 [32minfo[39m: Published attestations slot=136, head=0x982d5594, count=4
[vc-3-geth-lodestar] Mar-04 16:36:02.912[]                 [32minfo[39m: Published SyncCommitteeMessage slot=136, count=128
[vc-3-geth-lodestar] Mar-04 16:36:08.038[]                 [32minfo[39m: Published SyncCommitteeContribution slot=136, index=1, count=4
[vc-3-geth-lodestar] Mar-04 16:36:08.038[]                 [32minfo[39m: Published SyncCommitteeContribution slot=136, index=3, count=3
[vc-3-geth-lodestar] Mar-04 16:36:08.039[]                 [32minfo[39m: Published aggregateAndProofs slot=136, index=0, participants=16, count=4
[vc-3-geth-lodestar] Mar-04 16:36:08.084[]                 [32minfo[39m: Published SyncCommitteeContribution slot=136, index=2, count=1
[vc-3-geth-lodestar] Mar-04 16:36:08.085[]                 [32minfo[39m: Published SyncCommitteeContribution slot=136, index=0, count=3
