[vc-4-geth-lodestar] Mar-04 16:30:32.083[]                 [32minfo[39m: Published SyncCommitteeContribution slot=108, index=1, count=6
[vc-4-geth-lodestar] Mar-04 16:30:32.083[]                 [32minfo[39m: Published SyncCommitteeContribution slot=108, index=0, count=6
[vc-4-geth-lodestar] Mar-04 16:30:38.787[]                 [32minfo[39m: Published SyncCommitteeMessage slot=109, count=128
[vc-4-geth-lodestar] Mar-04 16:30:38.788[]                 [32minfo[39m: Published attestations slot=109, head=0x66ac…6861, count=5
[vc-4-geth-lodestar] Mar-04 16:30:44.040[]                 [32minfo[39m: Published SyncCommitteeContribution slot=109, index=3, count=3
[vc-4-geth-lodestar] Mar-04 16:30:44.045[]                 [32minfo[39m: Published aggregateAndProofs slot=109, index=0, participants=16, count=5
[vc-4-geth-lodestar] Mar-04 16:30:44.058[]                 [32minfo[39m: Published SyncCommitteeContribution slot=109, index=1, count=5
[vc-4-geth-lodestar] Mar-04 16:30:44.059[]                 [32minfo[39m: Published SyncCommitteeContribution slot=109, index=0, count=5
[vc-4-geth-lodestar] Mar-04 16:30:44.059[]                 [32minfo[39m: Published SyncCommitteeContribution slot=109, index=2, count=4
[vc-4-geth-lodestar] Mar-04 16:30:50.612[]                 [32minfo[39m: Published block and execution payload envelope slot=110, validator=0x960b…ab7e, graffiti=undefined, consensusBlockValue=0.00101 ETH, blockRoot=0xc571bed7392e37bf7ce73e0abf6a035fad0de78d9657a5289928f2c1932eb38e
[vc-4-geth-lodestar] Mar-04 16:30:50.667[]                 [32minfo[39m: Published attestations slot=110, head=0xc571…b38e, count=4
[vc-4-geth-lodestar] Mar-04 16:30:50.766[]                 [32minfo[39m: Published SyncCommitteeMessage slot=110, count=128
[vc-4-geth-lodestar] Mar-04 16:30:56.035[]                 [32minfo[39m: Published SyncCommitteeContribution slot=110, index=3, count=2
[vc-4-geth-lodestar] Mar-04 16:30:56.035[]                 [32minfo[39m: Published SyncCommitteeContribution slot=110, index=1, count=2
[vc-4-geth-lodestar] Mar-04 16:30:56.035[]                 [32minfo[39m: Published aggregateAndProofs slot=110, index=0, participants=12, count=4
[vc-4-geth-lodestar] Mar-04 16:30:56.136[]                 [32minfo[39m: Published SyncCommitteeContribution slot=110, index=0, count=4
[vc-4-geth-lodestar] Mar-04 16:30:56.137[]                 [32minfo[39m: Published SyncCommitteeContribution slot=110, index=2, count=7
[vc-4-geth-lodestar] Mar-04 16:31:02.789[]                 [32minfo[39m: Published SyncCommitteeMessage slot=111, count=128
[vc-4-geth-lodestar] Mar-04 16:31:08.049[]                 [32minfo[39m: Published SyncCommitteeContribution slot=111, index=3, count=4
[vc-4-geth-lodestar] Mar-04 16:31:08.049[]                 [32minfo[39m: Published SyncCommitteeContribution slot=111, index=1, count=6
[vc-4-geth-lodestar] Mar-04 16:31:08.101[]                 [32minfo[39m: Published SyncCommitteeContribution slot=111, index=0, count=4
[vc-4-geth-lodestar] Mar-04 16:31:08.101[]                 [32minfo[39m: Published SyncCommitteeContribution slot=111, index=2, count=5
[vc-4-geth-lodestar] Mar-04 16:31:14.865[]                 [32minfo[39m: Published attestations slot=112, head=0x1d29…3490, count=1
[vc-4-geth-lodestar] Mar-04 16:31:14.884[]                 [32minfo[39m: Published SyncCommitteeMessage slot=112, count=128
[vc-4-geth-lodestar] Mar-04 16:31:20.054[]                 [32minfo[39m: Published SyncCommitteeContribution slot=112, index=3, count=5
[vc-4-geth-lodestar] Mar-04 16:31:20.055[]                 [32minfo[39m: Published SyncCommitteeContribution slot=112, index=1, count=1
[vc-4-geth-lodestar] Mar-04 16:31:20.055[]                 [32minfo[39m: Published aggregateAndProofs slot=112, index=0, participants=13, count=1
[vc-4-geth-lodestar] Mar-04 16:31:20.101[]                 [32minfo[39m: Published SyncCommitteeContribution slot=112, index=0, count=5
[vc-4-geth-lodestar] Mar-04 16:31:20.103[]                 [32minfo[39m: Published SyncCommitteeContribution slot=112, index=2, count=4
[vc-4-geth-lodestar] Mar-04 16:31:26.754[]                 [32minfo[39m: Published SyncCommitteeMessage slot=113, count=128
[vc-4-geth-lodestar] Mar-04 16:31:26.782[]                 [32minfo[39m: Published attestations slot=113, head=0x2fb1…fa95, count=5
[vc-4-geth-lodestar] Mar-04 16:31:32.071[]                 [32minfo[39m: Published SyncCommitteeContribution slot=113, index=3, count=6
[vc-4-geth-lodestar] Mar-04 16:31:32.102[]                 [32minfo[39m: Published SyncCommitteeContribution slot=113, index=0, count=8
[vc-4-geth-lodestar] Mar-04 16:31:32.103[]                 [32minfo[39m: Published SyncCommitteeContribution slot=113, index=2, count=6
[vc-4-geth-lodestar] Mar-04 16:31:32.117[]                 [32minfo[39m: Published aggregateAndProofs slot=113, index=0, participants=16, count=5
[vc-4-geth-lodestar] Mar-04 16:31:38.964[]                 [32minfo[39m: Published SyncCommitteeMessage slot=114, count=128
[vc-4-geth-lodestar] Mar-04 16:31:38.965[]                 [32minfo[39m: Published attestations slot=114, head=0x17c5…6850, count=5
[vc-4-geth-lodestar] Mar-04 16:31:44.037[]                 [32minfo[39m: Published SyncCommitteeContribution slot=114, index=3, count=2
[vc-4-geth-lodestar] Mar-04 16:31:44.038[]                 [32minfo[39m: Published SyncCommitteeContribution slot=114, index=1, count=4
[vc-4-geth-lodestar] Mar-04 16:31:44.039[]                 [32minfo[39m: Published SyncCommitteeContribution slot=114, index=0, count=5
[vc-4-geth-lodestar] Mar-04 16:31:44.069[]                 [32minfo[39m: Published SyncCommitteeContribution slot=114, index=2, count=4
[vc-4-geth-lodestar] Mar-04 16:31:44.072[]                 [32minfo[39m: Published aggregateAndProofs slot=114, index=0, participants=16, count=5
[vc-4-geth-lodestar] Mar-04 16:31:50.725[]                 [32minfo[39m: Published SyncCommitteeMessage slot=115, count=128
[vc-4-geth-lodestar] Mar-04 16:31:50.801[]                 [32minfo[39m: Published attestations slot=115, head=0xc647…d7cb, count=6
[vc-4-geth-lodestar] Mar-04 16:31:56.034[]                 [32minfo[39m: Published SyncCommitteeContribution slot=115, index=1, count=3
[vc-4-geth-lodestar] Mar-04 16:31:56.038[]                 [32minfo[39m: Published SyncCommitteeContribution slot=115, index=0, count=8
[vc-4-geth-lodestar] Mar-04 16:31:56.084[]                 [32minfo[39m: Published SyncCommitteeContribution slot=115, index=2, count=4
[vc-4-geth-lodestar] Mar-04 16:31:56.085[]                 [32minfo[39m: Published aggregateAndProofs slot=115, index=0, participants=16, count=6
[vc-4-geth-lodestar] Mar-04 16:32:02.728[]                 [32minfo[39m: Published block and execution payload envelope slot=116, validator=0x971e…fdc5, graffiti=undefined, consensusBlockValue=0.00101 ETH, blockRoot=0xd5337a9d01616703c1c6b5ddefd965ee1010f02612cc2bcf581fd4e8925e8ee3
[vc-4-geth-lodestar] Mar-04 16:32:02.835[]                 [32minfo[39m: Published attestations slot=116, head=0xd533…8ee3, count=4
[vc-4-geth-lodestar] Mar-04 16:32:03.005[]                 [32minfo[39m: Published SyncCommitteeMessage slot=116, count=128
[vc-4-geth-lodestar] Mar-04 16:32:08.056[]                 [32minfo[39m: Published SyncCommitteeContribution slot=116, index=3, count=1
[vc-4-geth-lodestar] Mar-04 16:32:08.060[]                 [32minfo[39m: Published SyncCommitteeContribution slot=116, index=1, count=4
[vc-4-geth-lodestar] Mar-04 16:32:08.060[]                 [32minfo[39m: Published aggregateAndProofs slot=116, index=0, participants=16, count=4
[vc-4-geth-lodestar] Mar-04 16:32:08.089[]                 [32minfo[39m: Published SyncCommitteeContribution slot=116, index=0, count=4
[vc-4-geth-lodestar] Mar-04 16:32:08.089[]                 [32minfo[39m: Published SyncCommitteeContribution slot=116, index=2, count=3
[vc-4-geth-lodestar] Mar-04 16:32:14.614[]                 [32minfo[39m: Published block and execution payload envelope slot=117, validator=0xae14…5fa1, graffiti=undefined, consensusBlockValue=0.00101 ETH, blockRoot=0x1742c47df9fe100c2f794aefa36babca30f188c315d1dad1054e39ad0c70ee94
[vc-4-geth-lodestar] Mar-04 16:32:14.738[]                 [32minfo[39m: Published SyncCommitteeMessage slot=117, count=128
[vc-4-geth-lodestar] Mar-04 16:32:14.740[]                 [32minfo[39m: Published attestations slot=117, head=0x1742…ee94, count=6
[vc-4-geth-lodestar] Mar-04 16:32:20.048[]                 [32minfo[39m: Published SyncCommitteeContribution slot=117, index=3, count=1
[vc-4-geth-lodestar] Mar-04 16:32:20.048[]                 [32minfo[39m: Published SyncCommitteeContribution slot=117, index=1, count=2
[vc-4-geth-lodestar] Mar-04 16:32:20.048[]                 [32minfo[39m: Published SyncCommitteeContribution slot=117, index=0, count=5
[vc-4-geth-lodestar] Mar-04 16:32:20.084[]                 [32minfo[39m: Published SyncCommitteeContribution slot=117, index=2, count=7
[vc-4-geth-lodestar] Mar-04 16:32:20.087[]                 [32minfo[39m: Published aggregateAndProofs slot=117, index=0, participants=16, count=6
[vc-4-geth-lodestar] Mar-04 16:32:26.754[]                 [32minfo[39m: Published attestations slot=118, head=0x3e8a…77cd, count=4
[vc-4-geth-lodestar] Mar-04 16:32:26.797[]                 [32minfo[39m: Published SyncCommitteeMessage slot=118, count=128
[vc-4-geth-lodestar] Mar-04 16:32:32.038[]                 [32minfo[39m: Published SyncCommitteeContribution slot=118, index=3, count=4
[vc-4-geth-lodestar] Mar-04 16:32:32.041[]                 [32minfo[39m: Published SyncCommitteeContribution slot=118, index=1, count=2
[vc-4-geth-lodestar] Mar-04 16:32:32.043[]                 [32minfo[39m: Published aggregateAndProofs slot=118, index=0, participants=15, count=4
[vc-4-geth-lodestar] Mar-04 16:32:32.097[]                 [32minfo[39m: Published SyncCommitteeContribution slot=118, index=0, count=8
[vc-4-geth-lodestar] Mar-04 16:32:32.098[]                 [32minfo[39m: Published SyncCommitteeContribution slot=118, index=2, count=3
[vc-4-geth-lodestar] Mar-04 16:32:38.849[]                 [32minfo[39m: Published attestations slot=119, head=0x21c2…9784, count=3
[vc-4-geth-lodestar] Mar-04 16:32:39.031[]                 [32minfo[39m: Published SyncCommitteeMessage slot=119, count=128
[vc-4-geth-lodestar] Mar-04 16:32:44.066[]                 [32minfo[39m: Published SyncCommitteeContribution slot=119, index=3, count=4
[vc-4-geth-lodestar] Mar-04 16:32:44.067[]                 [32minfo[39m: Published SyncCommitteeContribution slot=119, index=1, count=3
[vc-4-geth-lodestar] Mar-04 16:32:44.068[]                 [32minfo[39m: Published aggregateAndProofs slot=119, index=0, participants=16, count=3
[vc-4-geth-lodestar] Mar-04 16:32:44.068[]                 [32minfo[39m: Published SyncCommitteeContribution slot=119, index=0, count=9
[vc-4-geth-lodestar] Mar-04 16:32:44.103[]                 [32minfo[39m: Published SyncCommitteeContribution slot=119, index=2, count=4
[vc-4-geth-lodestar] Mar-04 16:32:50.694[]                 [32minfo[39m: Published attestations slot=120, head=0x9884…af83, count=4
[vc-4-geth-lodestar] Mar-04 16:32:50.768[]                 [32minfo[39m: Published SyncCommitteeMessage slot=120, count=128
[vc-4-geth-lodestar] Mar-04 16:32:56.048[]                 [32minfo[39m: Published SyncCommitteeContribution slot=120, index=3, count=3
[vc-4-geth-lodestar] Mar-04 16:32:56.049[]                 [32minfo[39m: Published SyncCommitteeContribution slot=120, index=1, count=1
[vc-4-geth-lodestar] Mar-04 16:32:56.049[]                 [32minfo[39m: Published SyncCommitteeContribution slot=120, index=0, count=3
[vc-4-geth-lodestar] Mar-04 16:32:56.053[]                 [32minfo[39m: Published aggregateAndProofs slot=120, index=0, participants=16, count=4
[vc-4-geth-lodestar] Mar-04 16:32:56.071[]                 [32minfo[39m: Published SyncCommitteeContribution slot=120, index=2, count=3
[vc-4-geth-lodestar] Mar-04 16:33:02.765[]                 [32minfo[39m: Published attestations slot=121, head=0xc829…9060, count=3
[vc-4-geth-lodestar] Mar-04 16:33:02.909[]                 [32minfo[39m: Published SyncCommitteeMessage slot=121, count=128
[vc-4-geth-lodestar] Mar-04 16:33:08.048[]                 [32minfo[39m: Published SyncCommitteeContribution slot=121, index=3, count=2
[vc-4-geth-lodestar] Mar-04 16:33:08.049[]                 [32minfo[39m: Published SyncCommitteeContribution slot=121, index=1, count=3
[vc-4-geth-lodestar] Mar-04 16:33:08.049[]                 [32minfo[39m: Published SyncCommitteeContribution slot=121, index=0, count=3
[vc-4-geth-lodestar] Mar-04 16:33:08.049[]                 [32minfo[39m: Published aggregateAndProofs slot=121, index=0, participants=16, count=3
[vc-4-geth-lodestar] Mar-04 16:33:08.106[]                 [32minfo[39m: Published SyncCommitteeContribution slot=121, index=2, count=6
[vc-4-geth-lodestar] Mar-04 16:33:14.769[]                 [32minfo[39m: Published SyncCommitteeMessage slot=122, count=128
[vc-4-geth-lodestar] Mar-04 16:33:14.771[]                 [32minfo[39m: Published attestations slot=122, head=0x4f12…5141, count=6
[vc-4-geth-lodestar] Mar-04 16:33:20.064[]                 [32minfo[39m: Published SyncCommitteeContribution slot=122, index=3, count=7
[vc-4-geth-lodestar] Mar-04 16:33:20.067[]                 [32minfo[39m: Published SyncCommitteeContribution slot=122, index=1, count=3
[vc-4-geth-lodestar] Mar-04 16:33:20.079[]                 [32minfo[39m: Published SyncCommitteeContribution slot=122, index=0, count=5
[vc-4-geth-lodestar] Mar-04 16:33:20.079[]                 [32minfo[39m: Published SyncCommitteeContribution slot=122, index=2, count=4
[vc-4-geth-lodestar] Mar-04 16:33:20.093[]                 [32minfo[39m: Published aggregateAndProofs slot=122, index=0, participants=13, count=6
[vc-4-geth-lodestar] Mar-04 16:33:26.781[]                 [32minfo[39m: Published attestations slot=123, head=0xb0b0…06ca, count=4
[vc-4-geth-lodestar] Mar-04 16:33:27.041[]                 [32minfo[39m: Published SyncCommitteeMessage slot=123, count=128
[vc-4-geth-lodestar] Mar-04 16:33:32.051[]                 [32minfo[39m: Published SyncCommitteeContribution slot=123, index=3, count=4
[vc-4-geth-lodestar] Mar-04 16:33:32.051[]                 [32minfo[39m: Published SyncCommitteeContribution slot=123, index=1, count=1
[vc-4-geth-lodestar] Mar-04 16:33:32.052[]                 [32minfo[39m: Published aggregateAndProofs slot=123, index=0, participants=15, count=4
[vc-4-geth-lodestar] Mar-04 16:33:32.075[]                 [32minfo[39m: Published SyncCommitteeContribution slot=123, index=0, count=5
[vc-4-geth-lodestar] Mar-04 16:33:32.076[]                 [32minfo[39m: Published SyncCommitteeContribution slot=123, index=2, count=4
[vc-4-geth-lodestar] Mar-04 16:33:38.649[]                 [32minfo[39m: Published block and execution payload envelope slot=124, validator=0x91dd…aba3, graffiti=undefined, consensusBlockValue=0.00101 ETH, blockRoot=0xab58a53a3314632b44488d842691c8e6110b4f53e50923f0d0c6dd558943c95b
[vc-4-geth-lodestar] Mar-04 16:33:38.735[]                 [32minfo[39m: Published attestations slot=124, head=0xab58…c95b, count=3
[vc-4-geth-lodestar] Mar-04 16:33:38.801[]                 [32minfo[39m: Published SyncCommitteeMessage slot=124, count=128
[vc-4-geth-lodestar] Mar-04 16:33:44.059[]                 [32minfo[39m: Published SyncCommitteeContribution slot=124, index=3, count=1
[vc-4-geth-lodestar] Mar-04 16:33:44.061[]                 [32minfo[39m: Published SyncCommitteeContribution slot=124, index=1, count=8
[vc-4-geth-lodestar] Mar-04 16:33:44.061[]                 [32minfo[39m: Published SyncCommitteeContribution slot=124, index=0, count=7
[vc-4-geth-lodestar] Mar-04 16:33:44.062[]                 [32minfo[39m: Published SyncCommitteeContribution slot=124, index=2, count=5
[vc-4-geth-lodestar] Mar-04 16:33:44.105[]                 [32minfo[39m: Published aggregateAndProofs slot=124, index=0, participants=13, count=3
[vc-4-geth-lodestar] Mar-04 16:33:50.733[]                 [32minfo[39m: Published attestations slot=125, head=0x50eb…25a6, count=3
[vc-4-geth-lodestar] Mar-04 16:33:50.844[]                 [32minfo[39m: Published SyncCommitteeMessage slot=125, count=128
[vc-4-geth-lodestar] Mar-04 16:33:56.055[]                 [32minfo[39m: Published SyncCommitteeContribution slot=125, index=3, count=1
[vc-4-geth-lodestar] Mar-04 16:33:56.059[]                 [32minfo[39m: Published SyncCommitteeContribution slot=125, index=1, count=4
[vc-4-geth-lodestar] Mar-04 16:33:56.061[]                 [32minfo[39m: Published aggregateAndProofs slot=125, index=0, participants=16, count=3
[vc-4-geth-lodestar] Mar-04 16:33:56.062[]                 [32minfo[39m: Published SyncCommitteeContribution slot=125, index=0, count=9
[vc-4-geth-lodestar] Mar-04 16:33:56.077[]                 [32minfo[39m: Published SyncCommitteeContribution slot=125, index=2, count=9
[vc-4-geth-lodestar] Mar-04 16:34:02.720[]                 [32minfo[39m: Published block and execution payload envelope slot=126, validator=0xa7e6…6ffb, graffiti=undefined, consensusBlockValue=0.00101 ETH, blockRoot=0x11a383da939e3559127effd03d4d1b66c37f481f95ab82b108f35e71b10c8a32
[vc-4-geth-lodestar] Mar-04 16:34:02.780[]                 [32minfo[39m: Published attestations slot=126, head=0x11a3…8a32, count=3
[vc-4-geth-lodestar] Mar-04 16:34:02.871[]                 [32minfo[39m: Published SyncCommitteeMessage slot=126, count=128
[vc-4-geth-lodestar] Mar-04 16:34:08.048[]                 [32minfo[39m: Published SyncCommitteeContribution slot=126, index=3, count=2
[vc-4-geth-lodestar] Mar-04 16:34:08.048[]                 [32minfo[39m: Published SyncCommitteeContribution slot=126, index=1, count=1
[vc-4-geth-lodestar] Mar-04 16:34:08.051[]                 [32minfo[39m: Published aggregateAndProofs slot=126, index=0, participants=16, count=3
[vc-4-geth-lodestar] Mar-04 16:34:08.068[]                 [32minfo[39m: Published SyncCommitteeContribution slot=126, index=0, count=14
[vc-4-geth-lodestar] Mar-04 16:34:08.069[]                 [32minfo[39m: Published SyncCommitteeContribution slot=126, index=2, count=2
[vc-4-geth-lodestar] Mar-04 16:34:14.609[]                 [32minfo[39m: Published block and execution payload envelope slot=127, validator=0x8a5a…b6ec, graffiti=undefined, consensusBlockValue=0.00101 ETH, blockRoot=0xe6507db680943764947c05e88359f60e0c178e7d0de8fd6eb02741eb6d8f2633
[vc-4-geth-lodestar] Mar-04 16:34:14.687[]                 [32minfo[39m: Published attestations slot=127, head=0xe650…2633, count=4
[vc-4-geth-lodestar] Mar-04 16:34:14.767[]                 [32minfo[39m: Published SyncCommitteeMessage slot=127, count=128
[vc-4-geth-lodestar] Mar-04 16:34:20.055[]                 [32minfo[39m: Published SyncCommitteeContribution slot=127, index=3, count=4
[vc-4-geth-lodestar] Mar-04 16:34:20.055[]                 [32minfo[39m: Published SyncCommitteeContribution slot=127, index=1, count=1
[vc-4-geth-lodestar] Mar-04 16:34:20.055[]                 [32minfo[39m: Published aggregateAndProofs slot=127, index=0, participants=16, count=4
[vc-4-geth-lodestar] Mar-04 16:34:20.088[]                 [32minfo[39m: Published SyncCommitteeContribution slot=127, index=0, count=6
[vc-4-geth-lodestar] Mar-04 16:34:20.088[]                 [32minfo[39m: Published SyncCommitteeContribution slot=127, index=2, count=6
[vc-4-geth-lodestar] Mar-04 16:34:27.153[]                 [32minfo[39m: Published attestations slot=128, head=0x1810…e187, count=5
[vc-4-geth-lodestar] Mar-04 16:34:27.296[]                 [32minfo[39m: Published SyncCommitteeMessage slot=128, count=128
[vc-4-geth-lodestar] Mar-04 16:34:32.079[]                 [32minfo[39m: Published SyncCommitteeContribution slot=128, index=3, count=2
[vc-4-geth-lodestar] Mar-04 16:34:32.089[]                 [32minfo[39m: Published aggregateAndProofs slot=128, index=0, participants=16, count=5
[vc-4-geth-lodestar] Mar-04 16:34:32.089[]                 [32minfo[39m: Published SyncCommitteeContribution slot=128, index=1, count=7
[vc-4-geth-lodestar] Mar-04 16:34:32.089[]                 [32minfo[39m: Published SyncCommitteeContribution slot=128, index=0, count=3
[vc-4-geth-lodestar] Mar-04 16:34:32.091[]                 [32minfo[39m: Published SyncCommitteeContribution slot=128, index=2, count=5
[vc-4-geth-lodestar] Mar-04 16:34:38.861[]                 [32minfo[39m: Published attestations slot=129, head=0x43a4…f300, count=5
[vc-4-geth-lodestar] Mar-04 16:34:38.898[]                 [32minfo[39m: Published SyncCommitteeMessage slot=129, count=128
[vc-4-geth-lodestar] Mar-04 16:34:44.051[]                 [32minfo[39m: Published SyncCommitteeContribution slot=129, index=3, count=2
[vc-4-geth-lodestar] Mar-04 16:34:44.056[]                 [32minfo[39m: Published aggregateAndProofs slot=129, index=0, participants=15, count=5
[vc-4-geth-lodestar] Mar-04 16:34:44.092[]                 [32minfo[39m: Published SyncCommitteeContribution slot=129, index=1, count=7
[vc-4-geth-lodestar] Mar-04 16:34:44.096[]                 [32minfo[39m: Published SyncCommitteeContribution slot=129, index=0, count=2
[vc-4-geth-lodestar] Mar-04 16:34:44.096[]                 [32minfo[39m: Published SyncCommitteeContribution slot=129, index=2, count=4
[vc-4-geth-lodestar] Mar-04 16:34:50.660[]                 [32minfo[39m: Published attestations slot=130, head=0xa4c6…78b7, count=4
[vc-4-geth-lodestar] Mar-04 16:34:50.836[]                 [32minfo[39m: Published SyncCommitteeMessage slot=130, count=128
[vc-4-geth-lodestar] Mar-04 16:34:56.058[]                 [32minfo[39m: Published SyncCommitteeContribution slot=130, index=3, count=2
[vc-4-geth-lodestar] Mar-04 16:34:56.059[]                 [32minfo[39m: Published SyncCommitteeContribution slot=130, index=1, count=2
[vc-4-geth-lodestar] Mar-04 16:34:56.060[]                 [32minfo[39m: Published aggregateAndProofs slot=130, index=0, participants=14, count=4
[vc-4-geth-lodestar] Mar-04 16:34:56.083[]                 [32minfo[39m: Published SyncCommitteeContribution slot=130, index=0, count=4
[vc-4-geth-lodestar] Mar-04 16:34:56.083[]                 [32minfo[39m: Published SyncCommitteeContribution slot=130, index=2, count=1
[vc-4-geth-lodestar] Mar-04 16:35:02.728[]                 [32minfo[39m: Published attestations slot=131, head=0x5f1b…8d21, count=3
[vc-4-geth-lodestar] Mar-04 16:35:02.731[]                 [32minfo[39m: Published SyncCommitteeMessage slot=131, count=128
[vc-4-geth-lodestar] Mar-04 16:35:08.043[]                 [32minfo[39m: Published SyncCommitteeContribution slot=131, index=3, count=5
[vc-4-geth-lodestar] Mar-04 16:35:08.043[]                 [32minfo[39m: Published aggregateAndProofs slot=131, index=0, participants=14, count=3
[vc-4-geth-lodestar] Mar-04 16:35:08.056[]                 [32minfo[39m: Published SyncCommitteeContribution slot=131, index=1, count=4
[vc-4-geth-lodestar] Mar-04 16:35:08.056[]                 [32minfo[39m: Published SyncCommitteeContribution slot=131, index=0, count=4
[vc-4-geth-lodestar] Mar-04 16:35:08.081[]                 [32minfo[39m: Published SyncCommitteeContribution slot=131, index=2, count=8
[vc-4-geth-lodestar] Mar-04 16:35:14.745[]                 [32minfo[39m: Published SyncCommitteeMessage slot=132, count=128
[vc-4-geth-lodestar] Mar-04 16:35:14.752[]                 [32minfo[39m: Published attestations slot=132, head=0xd742…bd22, count=5
[vc-4-geth-lodestar] Mar-04 16:35:20.059[]                 [32minfo[39m: Published SyncCommitteeContribution slot=132, index=3, count=4
[vc-4-geth-lodestar] Mar-04 16:35:20.059[]                 [32minfo[39m: Published SyncCommitteeContribution slot=132, index=1, count=3
[vc-4-geth-lodestar] Mar-04 16:35:20.062[]                 [32minfo[39m: Published SyncCommitteeContribution slot=132, index=0, count=6
[vc-4-geth-lodestar] Mar-04 16:35:20.063[]                 [32minfo[39m: Published SyncCommitteeContribution slot=132, index=2, count=5
[vc-4-geth-lodestar] Mar-04 16:35:20.128[]                 [32minfo[39m: Published aggregateAndProofs slot=132, index=0, participants=16, count=5
[vc-4-geth-lodestar] Mar-04 16:35:26.790[]                 [32minfo[39m: Published attestations slot=133, head=0xfeba…2896, count=2
[vc-4-geth-lodestar] Mar-04 16:35:26.950[]                 [32minfo[39m: Published SyncCommitteeMessage slot=133, count=128
[vc-4-geth-lodestar] Mar-04 16:35:32.086[]                 [32minfo[39m: Published SyncCommitteeContribution slot=133, index=3, count=5
[vc-4-geth-lodestar] Mar-04 16:35:32.088[]                 [32minfo[39m: Published aggregateAndProofs slot=133, index=0, participants=16, count=2
[vc-4-geth-lodestar] Mar-04 16:35:32.126[]                 [32minfo[39m: Published SyncCommitteeContribution slot=133, index=1, count=5
[vc-4-geth-lodestar] Mar-04 16:35:32.128[]                 [32minfo[39m: Published SyncCommitteeContribution slot=133, index=0, count=5
[vc-4-geth-lodestar] Mar-04 16:35:32.128[]                 [32minfo[39m: Published SyncCommitteeContribution slot=133, index=2, count=6
[vc-4-geth-lodestar] Mar-04 16:35:38.811[]                 [32minfo[39m: Published attestations slot=134, head=0xa0ef…783e, count=3
[vc-4-geth-lodestar] Mar-04 16:35:38.877[]                 [32minfo[39m: Published SyncCommitteeMessage slot=134, count=128
[vc-4-geth-lodestar] Mar-04 16:35:44.059[]                 [32minfo[39m: Published SyncCommitteeContribution slot=134, index=3, count=3
[vc-4-geth-lodestar] Mar-04 16:35:44.062[]                 [32minfo[39m: Published SyncCommitteeContribution slot=134, index=1, count=3
[vc-4-geth-lodestar] Mar-04 16:35:44.062[]                 [32minfo[39m: Published aggregateAndProofs slot=134, index=0, participants=16, count=3
[vc-4-geth-lodestar] Mar-04 16:35:44.102[]                 [32minfo[39m: Published SyncCommitteeContribution slot=134, index=0, count=5
[vc-4-geth-lodestar] Mar-04 16:35:50.714[]                 [32minfo[39m: Published SyncCommitteeMessage slot=135, count=128
[vc-4-geth-lodestar] Mar-04 16:35:50.715[]                 [32minfo[39m: Published attestations slot=135, head=0xbea0…f7b7, count=6
[vc-4-geth-lodestar] Mar-04 16:35:56.050[]                 [32minfo[39m: Published SyncCommitteeContribution slot=135, index=3, count=6
[vc-4-geth-lodestar] Mar-04 16:35:56.064[]                 [32minfo[39m: Published SyncCommitteeContribution slot=135, index=1, count=6
[vc-4-geth-lodestar] Mar-04 16:35:56.067[]                 [32minfo[39m: Published SyncCommitteeContribution slot=135, index=0, count=4
[vc-4-geth-lodestar] Mar-04 16:35:56.068[]                 [32minfo[39m: Published SyncCommitteeContribution slot=135, index=2, count=3
[vc-4-geth-lodestar] Mar-04 16:35:56.089[]                 [32minfo[39m: Published aggregateAndProofs slot=135, index=0, participants=14, count=6
[vc-4-geth-lodestar] Mar-04 16:36:02.663[]                 [32minfo[39m: Published block and execution payload envelope slot=136, validator=0xa038…1814, graffiti=undefined, consensusBlockValue=0.00101 ETH, blockRoot=0x982d162296ecd5b2f0d70c4de7cbf6bf0a6188d7fdd6e0206e40b13ebe565594
[vc-4-geth-lodestar] Mar-04 16:36:02.807[]                 [32minfo[39m: Published attestations slot=136, head=0x982d…5594, count=1
[vc-4-geth-lodestar] Mar-04 16:36:02.881[]                 [32minfo[39m: Published SyncCommitteeMessage slot=136, count=128
[vc-4-geth-lodestar] Mar-04 16:36:08.044[]                 [32minfo[39m: Published SyncCommitteeContribution slot=136, index=3, count=1
[vc-4-geth-lodestar] Mar-04 16:36:08.044[]                 [32minfo[39m: Published SyncCommitteeContribution slot=136, index=1, count=6
[vc-4-geth-lodestar] Mar-04 16:36:08.044[]                 [32minfo[39m: Published aggregateAndProofs slot=136, index=0, participants=16, count=1
[vc-4-geth-lodestar] Mar-04 16:36:08.082[]                 [32minfo[39m: Published SyncCommitteeContribution slot=136, index=0, count=8
[vc-4-geth-lodestar] Mar-04 16:36:08.082[]                 [32minfo[39m: Published SyncCommitteeContribution slot=136, index=2, count=4
