[cl-3-lodestar-geth] Mar-04 14:53:40.064[chain]            [32minfo[39m: Publishing block slot=9, blockRoot=0x8db55c8fbce19c2f85f8a03034f8979927c92f66fd6d102fbda1909744c016e8, bodyRoot=0x5d94e06b200ba319e9a96c2859df48fd50307f4d434c77ceb21f3f3fe2b24b3b, broadcastValidation=gossip, blockLocallyProduced=true
[cl-3-lodestar-geth] Mar-04 14:53:46.000[]                 [32minfo[39m: Synced - slot: 9 - head: 0x8db5…16e8 - exec-block: valid/full(8 0x18f8…) - finalized: 0x0000…0000:0 - peers: 3
[cl-3-lodestar-geth] Mar-04 14:53:58.000[]                 [32minfo[39m: Synced - slot: 10 - head: 0x92c5…cd2d - exec-block: valid/full(9 0xbc32…) - finalized: 0x0000…0000:0 - peers: 3
[cl-3-lodestar-geth] Mar-04 14:54:10.000[]                 [32minfo[39m: Synced - slot: 11 - head: 0x0019…97cb - exec-block: valid/full(10 0xe8b8…) - finalized: 0x0000…0000:0 - peers: 3
[cl-3-lodestar-geth] Mar-04 14:54:16.010[api]              [32minfo[39m: Selected engine block: no builder block produced reason=builder_disabled, slot=12, parentSlot=11, parentBlockRoot=0x00193bfb4283343c2d185865ec9b5608e20391c1b4b8e0a595f1ee1c7d1097cb, fork=fulu, builderSelection=executiononly, isBuilderEnabled=false, isEngineEnabled=true, strictFeeRecipientCheck=false, builderBoostFactor=0, durationMs=6, executionPayloadValue=0.00000 ETH, consensusBlockValue=0.00101 ETH, blockTotalValue=0.00101 ETH
[cl-3-lodestar-geth] Mar-04 14:54:16.073[chain]            [32minfo[39m: Publishing block slot=12, blockRoot=0x2f34fa8099d28dbdad4d28da08da14c9dcbf45a9de28cefd8d705bfd2c588824, bodyRoot=0x1a41fbddab5d1c68be81089d30cc15b022aefa565452b9832f5a4a140366ffdc, broadcastValidation=gossip, blockLocallyProduced=true
[cl-3-lodestar-geth] Mar-04 14:54:22.002[]                 [32minfo[39m: Synced - slot: 12 - head: 0x2f34…8824 - exec-block: valid/full(11 0x4cd6…) - finalized: 0x0000…0000:0 - peers: 3
[cl-3-lodestar-geth] Mar-04 14:54:28.010[api]              [32minfo[39m: Selected engine block: no builder block produced reason=builder_disabled, slot=13, parentSlot=12, parentBlockRoot=0x2f34fa8099d28dbdad4d28da08da14c9dcbf45a9de28cefd8d705bfd2c588824, fork=fulu, builderSelection=executiononly, isBuilderEnabled=false, isEngineEnabled=true, strictFeeRecipientCheck=false, builderBoostFactor=0, durationMs=6, executionPayloadValue=0.00000 ETH, consensusBlockValue=0.00101 ETH, blockTotalValue=0.00101 ETH
[cl-3-lodestar-geth] Mar-04 14:54:28.062[chain]            [32minfo[39m: Publishing block slot=13, blockRoot=0x8116c1b2f62a6ebf7bd799dee430c9f43ccef1de3f2012efc4eed48f180e38d0, bodyRoot=0x4724ab87a570819dbe995aaca369884b17341446e9341293358e77d1850bc460, broadcastValidation=gossip, blockLocallyProduced=true
[cl-3-lodestar-geth] Mar-04 14:54:34.000[]                 [32minfo[39m: Synced - slot: 13 - head: 0x8116…38d0 - exec-block: valid/full(12 0x3333…) - finalized: 0x0000…0000:0 - peers: 3
[cl-3-lodestar-geth] Mar-04 14:54:40.017[api]              [32minfo[39m: Selected engine block: no builder block produced reason=builder_disabled, slot=14, parentSlot=13, parentBlockRoot=0x8116c1b2f62a6ebf7bd799dee430c9f43ccef1de3f2012efc4eed48f180e38d0, fork=fulu, builderSelection=executiononly, isBuilderEnabled=false, isEngineEnabled=true, strictFeeRecipientCheck=false, builderBoostFactor=0, durationMs=12, executionPayloadValue=0.00000 ETH, consensusBlockValue=0.00101 ETH, blockTotalValue=0.00101 ETH
[cl-3-lodestar-geth] Mar-04 14:54:40.067[chain]            [32minfo[39m: Publishing block slot=14, blockRoot=0x7045f26d3a2ba5bdb0ca7f4dffbc02e477d4a3770b0c269f4d84ab1c6b36d545, bodyRoot=0xd7a0b25e02283776deedd37d4d10ab955c3599f7a0c143bb5104ef259658b5c0, broadcastValidation=gossip, blockLocallyProduced=true
[cl-3-lodestar-geth] Mar-04 14:54:46.000[]                 [32minfo[39m: Synced - slot: 14 - head: 0x7045…d545 - exec-block: valid/full(13 0x2452…) - finalized: 0x0000…0000:0 - peers: 3
[cl-3-lodestar-geth] Mar-04 14:54:58.000[]                 [32minfo[39m: Synced - slot: 15 - head: 0x741a…c7b6 - exec-block: valid/full(14 0x77a1…) - finalized: 0x0000…0000:0 - peers: 3
[cl-3-lodestar-geth] Mar-04 14:55:10.000[]                 [32minfo[39m: Synced - slot: 16 - head: 0x7b1b…239e - exec-block: valid/full(15 0xdf2e…) - finalized: 0x0000…0000:0 - peers: 3
[cl-3-lodestar-geth] Mar-04 14:55:22.000[]                 [32minfo[39m: Synced - slot: 17 - head: 0xca4f…2052 - exec-block: valid/full(16 0x2900…) - finalized: 0x0000…0000:0 - peers: 3
[cl-3-lodestar-geth] Mar-04 14:55:28.011[api]              [32minfo[39m: Selected engine block: no builder block produced reason=builder_disabled, slot=18, parentSlot=17, parentBlockRoot=0xca4fb6b0fb151eea9fbeae5ab34e933ac43afec254549ac0f2cd031c3e562052, fork=fulu, builderSelection=executiononly, isBuilderEnabled=false, isEngineEnabled=true, strictFeeRecipientCheck=false, builderBoostFactor=0, durationMs=6, executionPayloadValue=0.00000 ETH, consensusBlockValue=0.00101 ETH, blockTotalValue=0.00101 ETH
[cl-3-lodestar-geth] Mar-04 14:55:28.061[chain]            [32minfo[39m: Publishing block slot=18, blockRoot=0xb87db022dfef115ca5c48c979adeea34de8393075ddc81dd8f03221a9dacfd13, bodyRoot=0x16f71561e94f9c2590db5dd1355020df966ab159dac8bf43d38fe60c4a7f0e3e, broadcastValidation=gossip, blockLocallyProduced=true
[cl-3-lodestar-geth] Mar-04 14:55:34.000[]                 [32minfo[39m: Synced - slot: 18 - head: 0xb87d…fd13 - exec-block: valid/full(17 0xa8bb…) - finalized: 0x0000…0000:0 - peers: 3
[cl-3-lodestar-geth] Mar-04 14:55:46.000[]                 [32minfo[39m: Synced - slot: 19 - head: 0x3c68…5a64 - exec-block: valid/full(18 0xe80e…) - finalized: 0x0000…0000:0 - peers: 3
[cl-3-lodestar-geth] Mar-04 14:55:52.011[api]              [32minfo[39m: Selected engine block: no builder block produced reason=builder_disabled, slot=20, parentSlot=19, parentBlockRoot=0x3c681b3753e08a61c0806f8fdfd9f3d367041f38652663fa61dab805be105a64, fork=fulu, builderSelection=executiononly, isBuilderEnabled=false, isEngineEnabled=true, strictFeeRecipientCheck=false, builderBoostFactor=0, durationMs=7, executionPayloadValue=0.00000 ETH, consensusBlockValue=0.00101 ETH, blockTotalValue=0.00101 ETH
[cl-3-lodestar-geth] Mar-04 14:55:52.064[chain]            [32minfo[39m: Publishing block slot=20, blockRoot=0xb0a87ec10595c3e6434ca37c0eaa0b135ff27284eb86c5d567b4392136f8ed24, bodyRoot=0xf097405bb340a5dae86b396985aa236746b5503f6819c90da4728125dc306ceb, broadcastValidation=gossip, blockLocallyProduced=true
[cl-3-lodestar-geth] Mar-04 14:55:58.000[]                 [32minfo[39m: Synced - slot: 20 - head: 0xb0a8…ed24 - exec-block: valid/full(19 0x0cdf…) - finalized: 0x0000…0000:0 - peers: 3
[cl-3-lodestar-geth] Mar-04 14:56:10.000[]                 [32minfo[39m: Synced - slot: 21 - head: 0x3df0…ba65 - exec-block: valid/full(20 0x65a4…) - finalized: 0x0000…0000:0 - peers: 3
[cl-3-lodestar-geth] Mar-04 14:56:22.000[]                 [32minfo[39m: Synced - slot: 22 - head: 0x7fce…9c75 - exec-block: valid/full(21 0x96ff…) - finalized: 0x0000…0000:0 - peers: 3
[cl-3-lodestar-geth] Mar-04 14:56:34.000[]                 [32minfo[39m: Synced - slot: 23 - head: 0x2b32…c040 - exec-block: valid/full(22 0xcbb9…) - finalized: 0x0000…0000:0 - peers: 3
[cl-3-lodestar-geth] Mar-04 14:56:40.011[api]              [32minfo[39m: Selected engine block: no builder block produced reason=builder_disabled, slot=24, parentSlot=23, parentBlockRoot=0x2b3256f186148f268be08c2cd1330aa531c12d4d51d0e56ee48599b8ebecc040, fork=fulu, builderSelection=executiononly, isBuilderEnabled=false, isEngineEnabled=true, strictFeeRecipientCheck=false, builderBoostFactor=0, durationMs=7, executionPayloadValue=0.00000 ETH, consensusBlockValue=0.00101 ETH, blockTotalValue=0.00101 ETH
[cl-3-lodestar-geth] Mar-04 14:56:40.083[chain]            [32minfo[39m: Publishing block slot=24, blockRoot=0x519e76a88a26d05d2350b5ed7542f3fe2e72d2ffee89c7213336afaf9829e6a8, bodyRoot=0x1ad346a3c8acc96ff62b60cd1314623d1ce44fa634b81c14189639182d0077c5, broadcastValidation=gossip, blockLocallyProduced=true
[cl-3-lodestar-geth] Mar-04 14:56:46.001[]                 [32minfo[39m: Synced - slot: 24 - head: 0x519e…e6a8 - exec-block: valid/full(23 0x54b9…) - finalized: 0x0000…0000:0 - peers: 3
[cl-3-lodestar-geth] Mar-04 14:56:58.000[]                 [32minfo[39m: Synced - slot: 25 - head: 0xe93c…6e49 - exec-block: valid/full(24 0xd484…) - finalized: 0x0000…0000:0 - peers: 3
[cl-3-lodestar-geth] Mar-04 14:57:10.000[]                 [32minfo[39m: Synced - slot: 26 - head: 0x5f65…70ee - exec-block: valid/full(25 0x4e30…) - finalized: 0x0000…0000:0 - peers: 3
[cl-3-lodestar-geth] Mar-04 14:57:16.011[api]              [32minfo[39m: Selected engine block: no builder block produced reason=builder_disabled, slot=27, parentSlot=26, parentBlockRoot=0x5f65881f4b926ee8f606378062813bfb53485f766915af16e20a5a2b430d70ee, fork=fulu, builderSelection=executiononly, isBuilderEnabled=false, isEngineEnabled=true, strictFeeRecipientCheck=false, builderBoostFactor=0, durationMs=6, executionPayloadValue=0.00000 ETH, consensusBlockValue=0.00101 ETH, blockTotalValue=0.00101 ETH
[cl-3-lodestar-geth] Mar-04 14:57:16.060[chain]            [32minfo[39m: Publishing block slot=27, blockRoot=0xe9ce4d13b7cccaaf8b34768091e4656c1543fbfc86eecdbd95c7175b4740f5a5, bodyRoot=0x3d049c0f60a0af8bd0ef1c61425bd10538dac9f7cdc515d6f36bc87ec0b3b470, broadcastValidation=gossip, blockLocallyProduced=true
[cl-3-lodestar-geth] Mar-04 14:57:22.000[]                 [32minfo[39m: Synced - slot: 27 - head: 0xe9ce…f5a5 - exec-block: valid/full(26 0x04f1…) - finalized: 0x0000…0000:0 - peers: 3
[cl-3-lodestar-geth] Mar-04 14:57:34.000[]                 [32minfo[39m: Synced - slot: 28 - head: 0x94c8…686f - exec-block: valid/full(27 0x07ad…) - finalized: 0x0000…0000:0 - peers: 3
[cl-3-lodestar-geth] Mar-04 14:57:46.000[]                 [32minfo[39m: Synced - slot: 29 - head: 0xaea9…5e64 - exec-block: valid/full(28 0xfb2c…) - finalized: 0x0000…0000:0 - peers: 3
[cl-3-lodestar-geth] Mar-04 14:57:58.001[]                 [32minfo[39m: Synced - slot: 30 - head: 0x105b…aa56 - exec-block: valid/full(29 0x69b5…) - finalized: 0x0000…0000:0 - peers: 3
[cl-3-lodestar-geth] Mar-04 14:58:10.000[]                 [32minfo[39m: Synced - slot: 31 - head: 0xeffb…130c - exec-block: valid/full(30 0x2a66…) - finalized: 0x0000…0000:0 - peers: 3
[cl-3-lodestar-geth] Mar-04 14:58:22.010[]                 [32minfo[39m: Synced - slot: 32 - head: 0xd310…500b - exec-block: valid/full(31 0xa508… bid:0xa508…) - finalized: 0x0000…0000:0 - peers: 3
[cl-3-lodestar-geth] Mar-04 14:58:28.525[chain]            [32minfo[39m: Publishing block slot=33, blockRoot=0x7f6d48c87f90c4bdf7bfa69e0a138dff2440dfedf6a5e0d39bbb08b83cf4f142, bodyRoot=0x382e506489277de8150a217b58b8b7460bdad6038c3fd1873c58a82191dc13c3, broadcastValidation=gossip, blockLocallyProduced=true
[cl-3-lodestar-geth] Mar-04 14:58:28.595[api]              [32minfo[39m: Produced execution payload envelope slot=33, blockRoot=0x7f6d48c87f90c4bdf7bfa69e0a138dff2440dfedf6a5e0d39bbb08b83cf4f142, transactions=0, blockHash=0x9e0eea54cc0a9f6589eaaa5c147ef3e383dae06ee5d722ab28789a8302dd431e
[cl-3-lodestar-geth] Mar-04 14:58:28.606[chain]            [32minfo[39m: Publishing execution payload envelope slot=33, blockRoot=0x7f6d48c87f90c4bdf7bfa69e0a138dff2440dfedf6a5e0d39bbb08b83cf4f142, builderIndex=Infinity, isSelfBuild=true, dataColumns=0
[cl-3-lodestar-geth] Mar-04 14:58:28.610[chain]            [32minfo[39m: Published execution payload envelope slot=33, blockRoot=0x7f6d48c87f90c4bdf7bfa69e0a138dff2440dfedf6a5e0d39bbb08b83cf4f142, builderIndex=Infinity, isSelfBuild=true, dataColumns=0, delaySec=0.5989999771118164, sentPeers=3
[cl-3-lodestar-geth] Mar-04 14:58:34.000[]                 [32minfo[39m: Synced - slot: 33 - head: 0x7f6d…f142 - exec-block: valid/full(32 0x9e0e… bid:0x9e0e…) - finalized: 0x0000…0000:0 - peers: 3
[cl-3-lodestar-geth] Mar-04 14:58:46.000[]                 [32minfo[39m: Synced - slot: 34 - head: 0x409e…1dcf - exec-block: valid/full(33 0x7eaa… bid:0x7eaa…) - finalized: 0x0000…0000:0 - peers: 3
[cl-3-lodestar-geth] Mar-04 14:58:58.000[]                 [32minfo[39m: Synced - slot: 35 - head: 0x3b30…b58e - exec-block: valid/full(34 0x38b1… bid:0x38b1…) - finalized: 0x0000…0000:0 - peers: 3
[cl-3-lodestar-geth] Mar-04 14:59:10.000[]                 [32minfo[39m: Synced - slot: 36 - head: 0xd6f4…0167 - exec-block: valid/full(35 0x8232… bid:0x8232…) - finalized: 0x0000…0000:0 - peers: 3
[cl-3-lodestar-geth] Mar-04 14:59:22.000[]                 [32minfo[39m: Synced - slot: 37 - head: 0xe08e…9ee2 - exec-block: valid/full(36 0xd7b7… bid:0xd7b7…) - finalized: 0x0000…0000:0 - peers: 3
[cl-3-lodestar-geth] Mar-04 14:59:34.000[]                 [32minfo[39m: Synced - slot: 38 - head: 0x793a…aef7 - exec-block: valid/full(37 0xdfb4… bid:0xdfb4…) - finalized: 0x0000…0000:0 - peers: 3
[cl-3-lodestar-geth] Mar-04 14:59:46.005[]                 [32minfo[39m: Synced - slot: 39 - head: 0x0f0f…7456 - exec-block: valid/full(38 0x576d… bid:0x576d…) - finalized: 0x0000…0000:0 - peers: 3
[cl-3-lodestar-geth] Mar-04 14:59:58.000[]                 [32minfo[39m: Synced - slot: 40 - head: 0xf662…962a - exec-block: valid/full(39 0x2ea5… bid:0x2ea5…) - finalized: 0x0000…0000:0 - peers: 3
[cl-3-lodestar-geth] Mar-04 15:00:10.003[]                 [32minfo[39m: Synced - slot: 41 - head: 0x4c4e…9f59 - exec-block: valid/full(40 0x08f1… bid:0x08f1…) - finalized: 0x0000…0000:0 - peers: 3
[cl-3-lodestar-geth] Mar-04 15:00:16.518[chain]            [32minfo[39m: Publishing block slot=42, blockRoot=0x6374e7f325ab864b4415009d29278d82420978da2efecfad8eeb7153ca2b0da7, bodyRoot=0xb707e5db5a11b7062e3547676ac7154d2fc0b41b3fef37aa8deeb88de0663aad, broadcastValidation=gossip, blockLocallyProduced=true
[cl-3-lodestar-geth] Mar-04 15:00:16.581[api]              [32minfo[39m: Produced execution payload envelope slot=42, blockRoot=0x6374e7f325ab864b4415009d29278d82420978da2efecfad8eeb7153ca2b0da7, transactions=0, blockHash=0x851bf5513d48e35bc5e9e6145aa58c66dd044e1c0549f5199119b727b5e71808
[cl-3-lodestar-geth] Mar-04 15:00:16.595[chain]            [32minfo[39m: Publishing execution payload envelope slot=42, blockRoot=0x6374e7f325ab864b4415009d29278d82420978da2efecfad8eeb7153ca2b0da7, builderIndex=Infinity, isSelfBuild=true, dataColumns=0
[cl-3-lodestar-geth] Mar-04 15:00:16.597[chain]            [32minfo[39m: Published execution payload envelope slot=42, blockRoot=0x6374e7f325ab864b4415009d29278d82420978da2efecfad8eeb7153ca2b0da7, builderIndex=Infinity, isSelfBuild=true, dataColumns=0, delaySec=0.5859999656677246, sentPeers=3
[cl-3-lodestar-geth] Mar-04 15:00:22.000[]                 [32minfo[39m: Synced - slot: 42 - head: 0x6374…0da7 - exec-block: valid/full(41 0x851b… bid:0x851b…) - finalized: 0x0000…0000:0 - peers: 3
[cl-3-lodestar-geth] Mar-04 15:00:34.000[]                 [32minfo[39m: Synced - slot: 43 - head: 0xac78…6ce9 - exec-block: valid/full(42 0x4578… bid:0x4578…) - finalized: 0x0000…0000:0 - peers: 3
[cl-3-lodestar-geth] Mar-04 15:00:46.001[]                 [32minfo[39m: Synced - slot: 44 - head: 0xd3a3…607b - exec-block: valid/full(43 0x521e… bid:0x521e…) - finalized: 0x0000…0000:0 - peers: 3
[cl-3-lodestar-geth] Mar-04 15:00:58.000[]                 [32minfo[39m: Synced - slot: 45 - head: 0x224e…022e - exec-block: valid/full(44 0x953c… bid:0x953c…) - finalized: 0x0000…0000:0 - peers: 3
[cl-3-lodestar-geth] Mar-04 15:01:04.519[chain]            [32minfo[39m: Publishing block slot=46, blockRoot=0xfa3297ec473c7313f12d4a1ab37a193b1775d1ebd494bb28218e12ab26bb4c79, bodyRoot=0xf3c05ccb70d4bab0652cdf3ed9a126b86f04c5bf0592ab8a72d6343405f0693a, broadcastValidation=gossip, blockLocallyProduced=true
[cl-3-lodestar-geth] Mar-04 15:01:04.584[api]              [32minfo[39m: Produced execution payload envelope slot=46, blockRoot=0xfa3297ec473c7313f12d4a1ab37a193b1775d1ebd494bb28218e12ab26bb4c79, transactions=0, blockHash=0xa13fa5fc337ff9de76f8038a7f9f54ae102d8df45a7d38467eefb22f7a0234b3
[cl-3-lodestar-geth] Mar-04 15:01:04.600[chain]            [32minfo[39m: Publishing execution payload envelope slot=46, blockRoot=0xfa3297ec473c7313f12d4a1ab37a193b1775d1ebd494bb28218e12ab26bb4c79, builderIndex=Infinity, isSelfBuild=true, dataColumns=0
[cl-3-lodestar-geth] Mar-04 15:01:04.601[chain]            [32minfo[39m: Published execution payload envelope slot=46, blockRoot=0xfa3297ec473c7313f12d4a1ab37a193b1775d1ebd494bb28218e12ab26bb4c79, builderIndex=Infinity, isSelfBuild=true, dataColumns=0, delaySec=0.5889999866485596, sentPeers=3
[cl-3-lodestar-geth] Mar-04 15:01:10.000[]                 [32minfo[39m: Synced - slot: 46 - head: 0xfa32…4c79 - exec-block: valid/full(45 0xa13f… bid:0xa13f…) - finalized: 0x0000…0000:0 - peers: 3
[cl-3-lodestar-geth] Mar-04 15:01:22.000[]                 [32minfo[39m: Synced - slot: 47 - head: 0xde10…80de - exec-block: valid/full(46 0xb4cc… bid:0xb4cc…) - finalized: 0x0000…0000:0 - peers: 3
[cl-3-lodestar-geth] Mar-04 15:01:34.000[]                 [32minfo[39m: Synced - slot: 48 - head: 0x4bfd…3850 - exec-block: valid/full(47 0x5542… bid:0x5542…) - finalized: 0x0000…0000:0 - peers: 3
[cl-3-lodestar-geth] Mar-04 15:01:46.000[]                 [32minfo[39m: Synced - slot: 49 - head: 0x0623…be2e - exec-block: valid/full(48 0xda55… bid:0xda55…) - finalized: 0x0000…0000:0 - peers: 3
[cl-3-lodestar-geth] Mar-04 15:01:58.001[]                 [32minfo[39m: Synced - slot: 50 - head: 0x077d…8bee - exec-block: valid/full(49 0x730e… bid:0x730e…) - finalized: 0x0000…0000:0 - peers: 3
[cl-3-lodestar-geth] Mar-04 15:02:10.000[]                 [32minfo[39m: Synced - slot: 51 - head: 0x2eca…c428 - exec-block: valid/full(50 0x4657… bid:0x4657…) - finalized: 0x0000…0000:0 - peers: 3
[cl-3-lodestar-geth] Mar-04 15:02:22.000[]                 [32minfo[39m: Synced - slot: 52 - head: 0x6148…ba46 - exec-block: valid/full(51 0x6cad… bid:0x6cad…) - finalized: 0x0000…0000:0 - peers: 3
[cl-3-lodestar-geth] Mar-04 15:02:34.000[]                 [32minfo[39m: Synced - slot: 53 - head: 0xc5be…6cdd - exec-block: valid/full(52 0x52cd… bid:0x52cd…) - finalized: 0x0000…0000:0 - peers: 3
[cl-3-lodestar-geth] Mar-04 15:02:40.522[chain]            [32minfo[39m: Publishing block slot=54, blockRoot=0xc6a8cc0afcef87a2bf96177c51581af5e0194b5748b0720e1702d87ffff7e7c3, bodyRoot=0x7a66fbb444cce6ee7b94cac7ef4539a2fc7fa11e301287f45362ca500cf11d90, broadcastValidation=gossip, blockLocallyProduced=true
[cl-3-lodestar-geth] Mar-04 15:02:40.606[api]              [32minfo[39m: Produced execution payload envelope slot=54, blockRoot=0xc6a8cc0afcef87a2bf96177c51581af5e0194b5748b0720e1702d87ffff7e7c3, transactions=0, blockHash=0x29ad198b6b6380394aab5c81bc0b70a55754d21b3b5278c222129f817683337b
[cl-3-lodestar-geth] Mar-04 15:02:40.614[chain]            [32minfo[39m: Publishing execution payload envelope slot=54, blockRoot=0xc6a8cc0afcef87a2bf96177c51581af5e0194b5748b0720e1702d87ffff7e7c3, builderIndex=Infinity, isSelfBuild=true, dataColumns=0
[cl-3-lodestar-geth] Mar-04 15:02:40.616[chain]            [32minfo[39m: Published execution payload envelope slot=54, blockRoot=0xc6a8cc0afcef87a2bf96177c51581af5e0194b5748b0720e1702d87ffff7e7c3, builderIndex=Infinity, isSelfBuild=true, dataColumns=0, delaySec=0.6089999675750732, sentPeers=3
[cl-3-lodestar-geth] Mar-04 15:02:46.000[]                 [32minfo[39m: Synced - slot: 54 - head: 0xc6a8…e7c3 - exec-block: valid/full(53 0x29ad… bid:0x29ad…) - finalized: 0x0000…0000:0 - peers: 3
[cl-3-lodestar-geth] Mar-04 15:02:58.007[]                 [32minfo[39m: Synced - slot: 55 - head: 0x7bbf…1b03 - exec-block: valid/full(54 0xb9e9… bid:0xb9e9…) - finalized: 0x0000…0000:0 - peers: 3
[cl-3-lodestar-geth] Mar-04 15:03:10.001[]                 [32minfo[39m: Synced - slot: 56 - head: 0x8b96…471e - exec-block: valid/full(55 0xf605… bid:0xf605…) - finalized: 0x0000…0000:0 - peers: 3
[cl-3-lodestar-geth] Mar-04 15:03:16.517[chain]            [32minfo[39m: Publishing block slot=57, blockRoot=0x3332c03fa48e81a8f33a5477a698905afc35b7bd49e6b33f5a9ce70e41d7a117, bodyRoot=0x04a3048696f643fd1a5517f65777a441ad29f98eb78de020650fc5eba040d3b3, broadcastValidation=gossip, blockLocallyProduced=true
[cl-3-lodestar-geth] Mar-04 15:03:16.583[api]              [32minfo[39m: Produced execution payload envelope slot=57, blockRoot=0x3332c03fa48e81a8f33a5477a698905afc35b7bd49e6b33f5a9ce70e41d7a117, transactions=0, blockHash=0x7002faf5f725968d7ddb70891bdb135d45a9e377779e8ea815376613d7cdc15c
[cl-3-lodestar-geth] Mar-04 15:03:16.591[chain]            [32minfo[39m: Publishing execution payload envelope slot=57, blockRoot=0x3332c03fa48e81a8f33a5477a698905afc35b7bd49e6b33f5a9ce70e41d7a117, builderIndex=Infinity, isSelfBuild=true, dataColumns=0
[cl-3-lodestar-geth] Mar-04 15:03:16.593[chain]            [32minfo[39m: Published execution payload envelope slot=57, blockRoot=0x3332c03fa48e81a8f33a5477a698905afc35b7bd49e6b33f5a9ce70e41d7a117, builderIndex=Infinity, isSelfBuild=true, dataColumns=0, delaySec=0.5850000381469727, sentPeers=3
[cl-3-lodestar-geth] Mar-04 15:03:22.000[]                 [32minfo[39m: Synced - slot: 57 - head: 0x3332…a117 - exec-block: valid/full(56 0x7002… bid:0x7002…) - finalized: 0x0000…0000:0 - peers: 3
[cl-3-lodestar-geth] Mar-04 15:03:34.000[]                 [32minfo[39m: Synced - slot: 58 - head: 0x56d3…dede - exec-block: valid/full(57 0x443e… bid:0x443e…) - finalized: 0x0000…0000:0 - peers: 3
[cl-3-lodestar-geth] Mar-04 15:03:46.008[]                 [32minfo[39m: Synced - slot: 59 - head: 0x2b07…292a - exec-block: valid/full(58 0xa79b… bid:0xa79b…) - finalized: 0x0000…0000:0 - peers: 3
[cl-3-lodestar-geth] Mar-04 15:03:58.001[]                 [32minfo[39m: Synced - slot: 60 - head: 0xe5f4…4618 - exec-block: valid/full(59 0x3071… bid:0x3071…) - finalized: 0x0000…0000:0 - peers: 3
[cl-3-lodestar-geth] Mar-04 15:04:10.000[]                 [32minfo[39m: Synced - slot: 61 - head: 0x74b4…e82c - exec-block: valid/full(60 0x910c… bid:0x910c…) - finalized: 0x0000…0000:0 - peers: 3
[cl-3-lodestar-geth] Mar-04 15:04:16.520[chain]            [32minfo[39m: Publishing block slot=62, blockRoot=0x21763ab2f9c093ce0d3f0cd032490d79a6ea7f5dac6142082ea304a38a6e64c0, bodyRoot=0x567cf8febbf51568cb97be463b815c4cf212fec4bfc63fdf169478ddc6ef3426, broadcastValidation=gossip, blockLocallyProduced=true
[cl-3-lodestar-geth] Mar-04 15:04:16.595[api]              [32minfo[39m: Produced execution payload envelope slot=62, blockRoot=0x21763ab2f9c093ce0d3f0cd032490d79a6ea7f5dac6142082ea304a38a6e64c0, transactions=0, blockHash=0x0314122726b38355bb7d3c1839c30b974f1174da8f9108347b2231921d8a82f7
[cl-3-lodestar-geth] Mar-04 15:04:16.607[chain]            [32minfo[39m: Publishing execution payload envelope slot=62, blockRoot=0x21763ab2f9c093ce0d3f0cd032490d79a6ea7f5dac6142082ea304a38a6e64c0, builderIndex=Infinity, isSelfBuild=true, dataColumns=0
[cl-3-lodestar-geth] Mar-04 15:04:16.608[chain]            [32minfo[39m: Published execution payload envelope slot=62, blockRoot=0x21763ab2f9c093ce0d3f0cd032490d79a6ea7f5dac6142082ea304a38a6e64c0, builderIndex=Infinity, isSelfBuild=true, dataColumns=0, delaySec=0.5989999771118164, sentPeers=3
[cl-3-lodestar-geth] Mar-04 15:04:22.001[]                 [32minfo[39m: Synced - slot: 62 - head: 0x2176…64c0 - exec-block: valid/full(61 0x0314… bid:0x0314…) - finalized: 0x0000…0000:0 - peers: 3
[cl-3-lodestar-geth] Mar-04 15:04:34.001[]                 [32minfo[39m: Synced - slot: 63 - head: 0x9b98…c81e - exec-block: valid/full(62 0x7166… bid:0x7166…) - finalized: 0x0000…0000:0 - peers: 3
[cl-3-lodestar-geth] Mar-04 15:04:46.002[]                 [32minfo[39m: Synced - slot: 64 - head: 0xe80d…3b75 - exec-block: valid/full(63 0xe4cd… bid:0xe4cd…) - finalized: 0x0000…0000:0 - peers: 3
[cl-3-lodestar-geth] Mar-04 15:04:58.000[]                 [32minfo[39m: Synced - slot: 65 - head: 0xc655…e080 - exec-block: valid/full(64 0xe2af… bid:0xe2af…) - finalized: 0x0000…0000:0 - peers: 3
[cl-3-lodestar-geth] Mar-04 15:05:10.003[]                 [32minfo[39m: Synced - slot: 66 - head: 0xe3a1…236e - exec-block: valid/full(65 0x4565… bid:0x4565…) - finalized: 0x0000…0000:0 - peers: 3
[cl-3-lodestar-geth] Mar-04 15:05:16.516[chain]            [32minfo[39m: Publishing block slot=67, blockRoot=0x8b910e9c788740a6b4da3b61e1edc870265e223ce40df8166ba80d70a7ce228c, bodyRoot=0x04e436248a3c22e0844839f70adf31ce2171691260d969519d68f3020fd9a992, broadcastValidation=gossip, blockLocallyProduced=true
[cl-3-lodestar-geth] Mar-04 15:05:16.581[api]              [32minfo[39m: Produced execution payload envelope slot=67, blockRoot=0x8b910e9c788740a6b4da3b61e1edc870265e223ce40df8166ba80d70a7ce228c, transactions=0, blockHash=0x19e638b101cd1e7652a893488c8a1eb5a26f8f21afeaf587979e16cff078d4af
[cl-3-lodestar-geth] Mar-04 15:05:16.594[chain]            [32minfo[39m: Publishing execution payload envelope slot=67, blockRoot=0x8b910e9c788740a6b4da3b61e1edc870265e223ce40df8166ba80d70a7ce228c, builderIndex=Infinity, isSelfBuild=true, dataColumns=0
[cl-3-lodestar-geth] Mar-04 15:05:16.595[chain]            [32minfo[39m: Published execution payload envelope slot=67, blockRoot=0x8b910e9c788740a6b4da3b61e1edc870265e223ce40df8166ba80d70a7ce228c, builderIndex=Infinity, isSelfBuild=true, dataColumns=0, delaySec=0.5840001106262207, sentPeers=3
[cl-3-lodestar-geth] Mar-04 15:05:22.001[]                 [32minfo[39m: Synced - slot: 67 - head: 0x8b91…228c - exec-block: valid/full(66 0x19e6… bid:0x19e6…) - finalized: 0x0000…0000:0 - peers: 3
[cl-3-lodestar-geth] Mar-04 15:05:34.000[]                 [32minfo[39m: Synced - slot: 68 - head: 0x3e9f…6585 - exec-block: valid/full(67 0xc71f… bid:0xc71f…) - finalized: 0x0000…0000:0 - peers: 3
[cl-3-lodestar-geth] Mar-04 15:05:46.004[]                 [32minfo[39m: Synced - slot: 69 - head: 0xecfa…4a62 - exec-block: valid/full(68 0x3310… bid:0x3310…) - finalized: 0x0000…0000:0 - peers: 3
[cl-3-lodestar-geth] Mar-04 15:05:52.518[chain]            [32minfo[39m: Publishing block slot=70, blockRoot=0xf73e13f5d42a6e6667097567e7f6054dd5763d895f94b3b43f16c12c68118db3, bodyRoot=0x8aa90198ce8e7a124ce7b06a16551c977e77389130f34b788d2299495d551efb, broadcastValidation=gossip, blockLocallyProduced=true
[cl-3-lodestar-geth] Mar-04 15:05:52.585[api]              [32minfo[39m: Produced execution payload envelope slot=70, blockRoot=0xf73e13f5d42a6e6667097567e7f6054dd5763d895f94b3b43f16c12c68118db3, transactions=0, blockHash=0xbef9062717631bbcf9ae36794b7c10e9d451a3ed0866721f68e245d24fd192e1
[cl-3-lodestar-geth] Mar-04 15:05:52.598[chain]            [32minfo[39m: Publishing execution payload envelope slot=70, blockRoot=0xf73e13f5d42a6e6667097567e7f6054dd5763d895f94b3b43f16c12c68118db3, builderIndex=Infinity, isSelfBuild=true, dataColumns=0
[cl-3-lodestar-geth] Mar-04 15:05:52.599[chain]            [32minfo[39m: Published execution payload envelope slot=70, blockRoot=0xf73e13f5d42a6e6667097567e7f6054dd5763d895f94b3b43f16c12c68118db3, builderIndex=Infinity, isSelfBuild=true, dataColumns=0, delaySec=0.5880000591278076, sentPeers=3
[cl-3-lodestar-geth] Mar-04 15:05:58.000[]                 [32minfo[39m: Synced - slot: 70 - head: 0xf73e…8db3 - exec-block: valid/full(69 0xbef9… bid:0xbef9…) - finalized: 0x0000…0000:0 - peers: 3
[cl-3-lodestar-geth] Mar-04 15:06:04.535[chain]            [32minfo[39m: Publishing block slot=71, blockRoot=0xade7b4375fcdb1a5a9c3f29c14dd0febcf81256858bb6bc7f3b1ed220178528a, bodyRoot=0xc358fa3af57b6a83a6cb16a3602e0a96e8e905fff83464ddaacdbc9e3bc7dd05, broadcastValidation=gossip, blockLocallyProduced=true
[cl-3-lodestar-geth] Mar-04 15:06:04.600[api]              [32minfo[39m: Produced execution payload envelope slot=71, blockRoot=0xade7b4375fcdb1a5a9c3f29c14dd0febcf81256858bb6bc7f3b1ed220178528a, transactions=0, blockHash=0xa4702922215b0bfc7b62efcbee646e36b67d681f25095b5b69a217b01f57ee84
[cl-3-lodestar-geth] Mar-04 15:06:04.613[chain]            [32minfo[39m: Publishing execution payload envelope slot=71, blockRoot=0xade7b4375fcdb1a5a9c3f29c14dd0febcf81256858bb6bc7f3b1ed220178528a, builderIndex=Infinity, isSelfBuild=true, dataColumns=0
[cl-3-lodestar-geth] Mar-04 15:06:04.616[chain]            [32minfo[39m: Published execution payload envelope slot=71, blockRoot=0xade7b4375fcdb1a5a9c3f29c14dd0febcf81256858bb6bc7f3b1ed220178528a, builderIndex=Infinity, isSelfBuild=true, dataColumns=0, delaySec=0.6029999256134033, sentPeers=3
[cl-3-lodestar-geth] Mar-04 15:06:10.001[]                 [32minfo[39m: Synced - slot: 71 - head: 0xade7…528a - exec-block: valid/full(70 0xa470… bid:0xa470…) - finalized: 0x0000…0000:0 - peers: 3
[cl-3-lodestar-geth] Mar-04 15:06:16.518[chain]            [32minfo[39m: Publishing block slot=72, blockRoot=0x87b5582da93714d303213da8f6ceb8a67242b12f5f22929844b575d6bf0d803c, bodyRoot=0x28e76d9f7d6d0b4b95b6e5affc553e45bd52070e4cecac362ceb5a7ace92e017, broadcastValidation=gossip, blockLocallyProduced=true
[cl-3-lodestar-geth] Mar-04 15:06:16.583[api]              [32minfo[39m: Produced execution payload envelope slot=72, blockRoot=0x87b5582da93714d303213da8f6ceb8a67242b12f5f22929844b575d6bf0d803c, transactions=0, blockHash=0x3ea0afb567d62aaee89ab2d3529981e63927b1cb07a058e5a60c7d447d3e60e9
[cl-3-lodestar-geth] Mar-04 15:06:16.591[chain]            [32minfo[39m: Publishing execution payload envelope slot=72, blockRoot=0x87b5582da93714d303213da8f6ceb8a67242b12f5f22929844b575d6bf0d803c, builderIndex=Infinity, isSelfBuild=true, dataColumns=0
[cl-3-lodestar-geth] Mar-04 15:06:16.592[chain]            [32minfo[39m: Published execution payload envelope slot=72, blockRoot=0x87b5582da93714d303213da8f6ceb8a67242b12f5f22929844b575d6bf0d803c, builderIndex=Infinity, isSelfBuild=true, dataColumns=0, delaySec=0.5859999656677246, sentPeers=3
[cl-3-lodestar-geth] Mar-04 15:06:22.000[]                 [32minfo[39m: Synced - slot: 72 - head: 0x87b5…803c - exec-block: valid/full(71 0x3ea0… bid:0x3ea0…) - finalized: 0x0000…0000:0 - peers: 3
[cl-3-lodestar-geth] Mar-04 15:06:28.521[chain]            [32minfo[39m: Publishing block slot=73, blockRoot=0xb156b44ac651722ad878f3475fe0bf5bd3f0d461743e39d3ea14e8c66ae10b9d, bodyRoot=0x613111406de9a8b9b8eb07ab122d5225f2e7dd4d5f6a39ffaa7ce29398c983e0, broadcastValidation=gossip, blockLocallyProduced=true
[cl-3-lodestar-geth] Mar-04 15:06:28.621[api]              [32minfo[39m: Produced execution payload envelope slot=73, blockRoot=0xb156b44ac651722ad878f3475fe0bf5bd3f0d461743e39d3ea14e8c66ae10b9d, transactions=0, blockHash=0x9b349502827323a2ec2731faa403026f4dd28f2a77a77ed17ccbf726318cd509
[cl-3-lodestar-geth] Mar-04 15:06:28.637[chain]            [32minfo[39m: Publishing execution payload envelope slot=73, blockRoot=0xb156b44ac651722ad878f3475fe0bf5bd3f0d461743e39d3ea14e8c66ae10b9d, builderIndex=Infinity, isSelfBuild=true, dataColumns=0
[cl-3-lodestar-geth] Mar-04 15:06:28.640[chain]            [32minfo[39m: Published execution payload envelope slot=73, blockRoot=0xb156b44ac651722ad878f3475fe0bf5bd3f0d461743e39d3ea14e8c66ae10b9d, builderIndex=Infinity, isSelfBuild=true, dataColumns=0, delaySec=0.627000093460083, sentPeers=3
[cl-3-lodestar-geth] Mar-04 15:06:34.000[]                 [32minfo[39m: Synced - slot: 73 - head: 0xb156…0b9d - exec-block: valid/full(72 0x9b34… bid:0x9b34…) - finalized: 0x0000…0000:0 - peers: 3
[cl-3-lodestar-geth] Mar-04 15:06:46.000[]                 [32minfo[39m: Synced - slot: 74 - head: 0x4c41…8f1f - exec-block: valid/full(72 0x9b34… bid:0x9b34…) - finalized: 0x0000…0000:0 - peers: 3
[cl-3-lodestar-geth] Mar-04 15:06:54.192[sync]             [33mwarn[39m: UnknownBlockSync processBlock failed slot=75, root=0xe7f5ca1e7594c8ca1836bfdeccda8d00f23223975ef3b40d6cb21cd542bc7cbe, errCode=BLOCK_ERROR_PRESTATE_MISSING, errMessage=BLOCK_ERROR_PRESTATE_MISSING, nestedErrMessage=REGEN_ERROR_BLOCK_NOT_IN_FORKCHOICE
[cl-3-lodestar-geth] Mar-04 15:06:58.004[]                 [32minfo[39m: Synced - slot: 75 - head: (slot -1) 0x4c41…8f1f - exec-block: valid/full(72 0x9b34… bid:0x9b34…) - finalized: 0x0000…0000:0 - peers: 3
[cl-3-lodestar-geth] Mar-04 15:07:06.587[sync]             [33mwarn[39m: UnknownBlockSync processBlock failed slot=75, root=0xe7f5ca1e7594c8ca1836bfdeccda8d00f23223975ef3b40d6cb21cd542bc7cbe, errCode=BLOCK_ERROR_PRESTATE_MISSING, errMessage=BLOCK_ERROR_PRESTATE_MISSING, nestedErrMessage=REGEN_ERROR_BLOCK_NOT_IN_FORKCHOICE
[cl-3-lodestar-geth] Mar-04 15:07:10.001[]                 [32minfo[39m: Synced - slot: 76 - head: (slot -2) 0x4c41…8f1f - exec-block: valid/full(72 0x9b34… bid:0x9b34…) - finalized: 0x0000…0000:0 - peers: 3
[cl-3-lodestar-geth] Mar-04 15:07:12.080[sync]             [33mwarn[39m: UnknownBlockSync processBlock failed slot=75, root=0xe7f5ca1e7594c8ca1836bfdeccda8d00f23223975ef3b40d6cb21cd542bc7cbe, errCode=BLOCK_ERROR_PRESTATE_MISSING, errMessage=BLOCK_ERROR_PRESTATE_MISSING, nestedErrMessage=REGEN_ERROR_BLOCK_NOT_IN_FORKCHOICE
[cl-3-lodestar-geth] Mar-04 15:07:15.805[sync]             [33mwarn[39m: UnknownBlockSync processBlock failed slot=75, root=0xe7f5ca1e7594c8ca1836bfdeccda8d00f23223975ef3b40d6cb21cd542bc7cbe, errCode=BLOCK_ERROR_PRESTATE_MISSING, errMessage=BLOCK_ERROR_PRESTATE_MISSING, nestedErrMessage=REGEN_ERROR_BLOCK_NOT_IN_FORKCHOICE
[cl-3-lodestar-geth] Mar-04 15:07:22.000[]                 [32minfo[39m: Synced - slot: 77 - head: (slot -3) 0x4c41…8f1f - exec-block: valid/full(72 0x9b34… bid:0x9b34…) - finalized: 0x0000…0000:0 - peers: 3
[cl-3-lodestar-geth] Mar-04 15:07:34.006[]                 [32minfo[39m: Synced - slot: 78 - head: (slot -4) 0x4c41…8f1f - exec-block: valid/full(72 0x9b34… bid:0x9b34…) - finalized: 0x0000…0000:0 - peers: 3
[cl-3-lodestar-geth] Mar-04 15:07:34.458[sync]             [33mwarn[39m: UnknownBlockSync processBlock failed slot=75, root=0xe7f5ca1e7594c8ca1836bfdeccda8d00f23223975ef3b40d6cb21cd542bc7cbe, errCode=BLOCK_ERROR_PRESTATE_MISSING, errMessage=BLOCK_ERROR_PRESTATE_MISSING, nestedErrMessage=REGEN_ERROR_BLOCK_NOT_IN_FORKCHOICE
[cl-3-lodestar-geth] Mar-04 15:07:42.571[sync]             [33mwarn[39m: UnknownBlockSync processBlock failed slot=75, root=0xe7f5ca1e7594c8ca1836bfdeccda8d00f23223975ef3b40d6cb21cd542bc7cbe, errCode=BLOCK_ERROR_PRESTATE_MISSING, errMessage=BLOCK_ERROR_PRESTATE_MISSING, nestedErrMessage=REGEN_ERROR_BLOCK_NOT_IN_FORKCHOICE
[cl-3-lodestar-geth] Mar-04 15:07:46.000[]                 [32minfo[39m: Synced - slot: 79 - head: (slot -5) 0x4c41…8f1f - exec-block: valid/full(72 0x9b34… bid:0x9b34…) - finalized: 0x0000…0000:0 - peers: 3
[cl-3-lodestar-geth] Mar-04 15:07:52.003[chain]            [33mwarn[39m: FULL parent variant unavailable for Gloas block production, using default slot=80, parentBlockRoot=0x4c41c8b4a5cc4cc499c787a151d7583af0dc0ef68e6f5eb80196a8c2f72c8f1f, parentPayloadStatus=1
[cl-3-lodestar-geth] Mar-04 15:07:52.520[chain]            [32minfo[39m: Publishing block slot=80, blockRoot=0xaead2d3b4fa2f92adf021faba187083b76ea483ea3d84ea6f25dbcfc3200ec6b, bodyRoot=0x4119a1f080e8a33dbecb4487724d8f03db4a72f6c2f6dbda44927cc79235b803, broadcastValidation=gossip, blockLocallyProduced=true
[cl-3-lodestar-geth] Mar-04 15:07:52.625[api]              [32minfo[39m: Produced execution payload envelope slot=80, blockRoot=0xaead2d3b4fa2f92adf021faba187083b76ea483ea3d84ea6f25dbcfc3200ec6b, transactions=0, blockHash=0x871f2310203973dd787968fe7bba8822955a1ca69e788d23422536069705e9bc
[cl-3-lodestar-geth] Mar-04 15:07:52.637[chain]            [32minfo[39m: Publishing execution payload envelope slot=80, blockRoot=0xaead2d3b4fa2f92adf021faba187083b76ea483ea3d84ea6f25dbcfc3200ec6b, builderIndex=Infinity, isSelfBuild=true, dataColumns=0
[cl-3-lodestar-geth] Mar-04 15:07:52.640[chain]            [32minfo[39m: Published execution payload envelope slot=80, blockRoot=0xaead2d3b4fa2f92adf021faba187083b76ea483ea3d84ea6f25dbcfc3200ec6b, builderIndex=Infinity, isSelfBuild=true, dataColumns=0, delaySec=0.6289999485015869, sentPeers=3
[cl-3-lodestar-geth] Mar-04 15:07:54.543[sync]             [33mwarn[39m: UnknownBlockSync processBlock failed slot=75, root=0xe7f5ca1e7594c8ca1836bfdeccda8d00f23223975ef3b40d6cb21cd542bc7cbe, errCode=BLOCK_ERROR_PRESTATE_MISSING, errMessage=BLOCK_ERROR_PRESTATE_MISSING, nestedErrMessage=REGEN_ERROR_BLOCK_NOT_IN_FORKCHOICE
[cl-3-lodestar-geth] Mar-04 15:07:58.001[]                 [32minfo[39m: Synced - slot: 80 - head: 0xaead…ec6b - exec-block: valid/full(73 0x871f… bid:0x871f…) - finalized: 0x0000…0000:0 - peers: 3
[cl-3-lodestar-geth] Mar-04 15:08:10.001[]                 [32minfo[39m: Synced - slot: 81 - head: (slot -1) 0xaead…ec6b - exec-block: valid/full(73 0x871f… bid:0x871f…) - finalized: 0x0000…0000:0 - peers: 3
[cl-3-lodestar-geth] Mar-04 15:08:16.567[chain]            [32minfo[39m: Publishing block slot=82, blockRoot=0xf15618ff186f36b797022fd11f2dbe640de816e092dba338c3293fd8da83baf4, bodyRoot=0xf2f46e4d6a17f1e1f6c991c1a223fcd8e74ac27d62f88f0968c7adb702af04d7, broadcastValidation=gossip, blockLocallyProduced=true
[cl-3-lodestar-geth] Mar-04 15:08:16.631[api]              [32minfo[39m: Produced execution payload envelope slot=82, blockRoot=0xf15618ff186f36b797022fd11f2dbe640de816e092dba338c3293fd8da83baf4, transactions=0, blockHash=0x422097c8c5ac9029e9a30dc13b518dbdeddbdfecf558136747374d1dd8e4374b
[cl-3-lodestar-geth] Mar-04 15:08:16.639[chain]            [32minfo[39m: Publishing execution payload envelope slot=82, blockRoot=0xf15618ff186f36b797022fd11f2dbe640de816e092dba338c3293fd8da83baf4, builderIndex=Infinity, isSelfBuild=true, dataColumns=0
[cl-3-lodestar-geth] Mar-04 15:08:16.640[chain]            [32minfo[39m: Published execution payload envelope slot=82, blockRoot=0xf15618ff186f36b797022fd11f2dbe640de816e092dba338c3293fd8da83baf4, builderIndex=Infinity, isSelfBuild=true, dataColumns=0, delaySec=0.6329998970031738, sentPeers=3
[cl-3-lodestar-geth] Mar-04 15:08:18.542[sync]             [33mwarn[39m: UnknownBlockSync processBlock failed slot=75, root=0xe7f5ca1e7594c8ca1836bfdeccda8d00f23223975ef3b40d6cb21cd542bc7cbe, errCode=BLOCK_ERROR_PRESTATE_MISSING, errMessage=BLOCK_ERROR_PRESTATE_MISSING, nestedErrMessage=REGEN_ERROR_BLOCK_NOT_IN_FORKCHOICE
[cl-3-lodestar-geth] Mar-04 15:08:22.003[]                 [32minfo[39m: Synced - slot: 82 - head: 0xf156…baf4 - exec-block: valid/full(74 0x4220… bid:0x4220…) - finalized: 0x0000…0000:0 - peers: 3
[cl-3-lodestar-geth] Mar-04 15:08:28.521[chain]            [32minfo[39m: Publishing block slot=83, blockRoot=0xca13c4ee0ba55c3cd6f6aa1d8db11991d292197691ea030228c5b54a0827fbc5, bodyRoot=0x21fbd0321df4bfe5415a2ddf4e8bd36bcedb7162b84b355aba2b5a164d62a31e, broadcastValidation=gossip, blockLocallyProduced=true
[cl-3-lodestar-geth] Mar-04 15:08:28.586[api]              [32minfo[39m: Produced execution payload envelope slot=83, blockRoot=0xca13c4ee0ba55c3cd6f6aa1d8db11991d292197691ea030228c5b54a0827fbc5, transactions=0, blockHash=0xdce4c35b8bd828fa7cdd6e281a5452cba8e080c7a4c32677c4bb9ae893dfe00b
[cl-3-lodestar-geth] Mar-04 15:08:28.594[chain]            [32minfo[39m: Publishing execution payload envelope slot=83, blockRoot=0xca13c4ee0ba55c3cd6f6aa1d8db11991d292197691ea030228c5b54a0827fbc5, builderIndex=Infinity, isSelfBuild=true, dataColumns=0
[cl-3-lodestar-geth] Mar-04 15:08:28.595[chain]            [32minfo[39m: Published execution payload envelope slot=83, blockRoot=0xca13c4ee0ba55c3cd6f6aa1d8db11991d292197691ea030228c5b54a0827fbc5, builderIndex=Infinity, isSelfBuild=true, dataColumns=0, delaySec=0.5880000591278076, sentPeers=3
[cl-3-lodestar-geth] Mar-04 15:08:30.510[sync]             [33mwarn[39m: UnknownBlockSync processBlock failed slot=75, root=0xe7f5ca1e7594c8ca1836bfdeccda8d00f23223975ef3b40d6cb21cd542bc7cbe, errCode=BLOCK_ERROR_PRESTATE_MISSING, errMessage=BLOCK_ERROR_PRESTATE_MISSING, nestedErrMessage=REGEN_ERROR_BLOCK_NOT_IN_FORKCHOICE
[cl-3-lodestar-geth] Mar-04 15:08:34.000[]                 [32minfo[39m: Synced - slot: 83 - head: 0xca13…fbc5 - exec-block: valid/full(75 0xdce4… bid:0xdce4…) - finalized: 0x0000…0000:0 - peers: 3
[cl-3-lodestar-geth] Mar-04 15:08:40.518[chain]            [32minfo[39m: Publishing block slot=84, blockRoot=0x79785620b362e9b7f525b96aae4ce6caffb6d4bc2e76c7cd148c5d0a9c866408, bodyRoot=0x332557993a0789cb4c2ef0b22ff6ad29e7a1be86667417d7337e831ac1483f22, broadcastValidation=gossip, blockLocallyProduced=true
[cl-3-lodestar-geth] Mar-04 15:08:40.581[api]              [32minfo[39m: Produced execution payload envelope slot=84, blockRoot=0x79785620b362e9b7f525b96aae4ce6caffb6d4bc2e76c7cd148c5d0a9c866408, transactions=0, blockHash=0x6146ecfe1b1394298e4a2810a11e9121d8dd25ef7b90387b13c2ad547b7b1034
[cl-3-lodestar-geth] Mar-04 15:08:40.589[chain]            [32minfo[39m: Publishing execution payload envelope slot=84, blockRoot=0x79785620b362e9b7f525b96aae4ce6caffb6d4bc2e76c7cd148c5d0a9c866408, builderIndex=Infinity, isSelfBuild=true, dataColumns=0
[cl-3-lodestar-geth] Mar-04 15:08:40.590[chain]            [32minfo[39m: Published execution payload envelope slot=84, blockRoot=0x79785620b362e9b7f525b96aae4ce6caffb6d4bc2e76c7cd148c5d0a9c866408, builderIndex=Infinity, isSelfBuild=true, dataColumns=0, delaySec=0.5829999446868896, sentPeers=3
[cl-3-lodestar-geth] Mar-04 15:08:42.511[sync]             [33mwarn[39m: UnknownBlockSync processBlock failed slot=75, root=0xe7f5ca1e7594c8ca1836bfdeccda8d00f23223975ef3b40d6cb21cd542bc7cbe, errCode=BLOCK_ERROR_PRESTATE_MISSING, errMessage=BLOCK_ERROR_PRESTATE_MISSING, nestedErrMessage=REGEN_ERROR_BLOCK_NOT_IN_FORKCHOICE
[cl-3-lodestar-geth] Mar-04 15:08:46.000[]                 [32minfo[39m: Synced - slot: 84 - head: 0x7978…6408 - exec-block: valid/full(76 0x6146… bid:0x6146…) - finalized: 0x0000…0000:0 - peers: 3
[cl-3-lodestar-geth] Mar-04 15:08:58.001[]                 [32minfo[39m: Synced - slot: 85 - head: (slot -1) 0x7978…6408 - exec-block: valid/full(76 0x6146… bid:0x6146…) - finalized: 0x0000…0000:0 - peers: 3
[cl-3-lodestar-geth] Mar-04 15:09:04.549[chain]            [33mwarn[39m: Error processing attestations from block slot=86, erroredAttestations=5, code=FORKCHOICE_ERROR_INVALID_ATTESTATION, err=code=UNKNOWN_HEAD_BLOCK, beaconBlockRoot=0xe7f5ca1e7594c8ca1836bfdeccda8d00f23223975ef3b40d6cb21cd542bc7cbe
[cl-3-lodestar-geth] Error: FORKCHOICE_ERROR_INVALID_ATTESTATION
[cl-3-lodestar-geth]     at ForkChoice.validateAttestationData (file:///usr/app/packages/fork-choice/src/forkChoice/forkChoice.ts:1628:13)
[cl-3-lodestar-geth]     at ForkChoice.validateOnAttestation (file:///usr/app/packages/fork-choice/src/forkChoice/forkChoice.ts:1552:12)
[cl-3-lodestar-geth]     at ForkChoice.onAttestation (file:///usr/app/packages/fork-choice/src/forkChoice/forkChoice.ts:915:10)
[cl-3-lodestar-geth]     at BeaconChain.importBlock (file:///usr/app/packages/beacon-node/src/chain/blocks/importBlock.ts:188:27)
[cl-3-lodestar-geth]     at BeaconChain.processBlocks (file:///usr/app/packages/beacon-node/src/chain/blocks/index.ts:106:7)
[cl-3-lodestar-geth]     at JobItemQueue.runJob (file:///usr/app/packages/beacon-node/src/util/queue/itemQueue.ts:149:22)
[cl-3-lodestar-geth] Mar-04 15:09:06.550[sync]             [33mwarn[39m: UnknownBlockSync processBlock failed slot=75, root=0xe7f5ca1e7594c8ca1836bfdeccda8d00f23223975ef3b40d6cb21cd542bc7cbe, errCode=BLOCK_ERROR_PRESTATE_MISSING, errMessage=BLOCK_ERROR_PRESTATE_MISSING, nestedErrMessage=REGEN_ERROR_BLOCK_NOT_IN_FORKCHOICE
[cl-3-lodestar-geth] Mar-04 15:09:10.001[]                 [32minfo[39m: Synced - slot: 86 - head: 0x43db…c20b - exec-block: valid/full(77 0xca0f… bid:0xca0f…) - finalized: 0x0000…0000:0 - peers: 3
[cl-3-lodestar-geth] Mar-04 15:09:22.000[]                 [32minfo[39m: Synced - slot: 87 - head: (slot -1) 0x43db…c20b - exec-block: valid/full(77 0xca0f… bid:0xca0f…) - finalized: 0x0000…0000:0 - peers: 3
[cl-3-lodestar-geth] Mar-04 15:09:30.511[sync]             [33mwarn[39m: UnknownBlockSync processBlock failed slot=75, root=0xe7f5ca1e7594c8ca1836bfdeccda8d00f23223975ef3b40d6cb21cd542bc7cbe, errCode=BLOCK_ERROR_PRESTATE_MISSING, errMessage=BLOCK_ERROR_PRESTATE_MISSING, nestedErrMessage=REGEN_ERROR_BLOCK_NOT_IN_FORKCHOICE
[cl-3-lodestar-geth] Mar-04 15:09:34.001[]                 [32minfo[39m: Synced - slot: 88 - head: 0x57b2…5853 - exec-block: valid/full(78 0x8721… bid:0x8721…) - finalized: 0x0000…0000:0 - peers: 3
[cl-3-lodestar-geth] Mar-04 15:09:46.000[]                 [32minfo[39m: Synced - slot: 89 - head: (slot -1) 0x57b2…5853 - exec-block: valid/full(78 0x8721… bid:0x8721…) - finalized: 0x0000…0000:0 - peers: 3
[cl-3-lodestar-geth] Mar-04 15:09:58.005[]                 [32minfo[39m: Synced - slot: 90 - head: (slot -2) 0x57b2…5853 - exec-block: valid/full(78 0x8721… bid:0x8721…) - finalized: 0x0000…0000:0 - peers: 3
[cl-3-lodestar-geth] Mar-04 15:10:04.521[chain]            [32minfo[39m: Publishing block slot=91, blockRoot=0xa1d7d40eced5895c53171b88efa8eafe339f4b96aa5f94736fad9014e124e26e, bodyRoot=0x6635418dcfea0579e8fa145a69a1770d3569f47e9eca52964f55095cef961876, broadcastValidation=gossip, blockLocallyProduced=true
[cl-3-lodestar-geth] Mar-04 15:10:04.587[api]              [32minfo[39m: Produced execution payload envelope slot=91, blockRoot=0xa1d7d40eced5895c53171b88efa8eafe339f4b96aa5f94736fad9014e124e26e, transactions=0, blockHash=0x6e84a705fceaf23a7f1daf4300574d0f6a7fbed80cb0cff42b7da513442be05e
[cl-3-lodestar-geth] Mar-04 15:10:04.594[chain]            [32minfo[39m: Publishing execution payload envelope slot=91, blockRoot=0xa1d7d40eced5895c53171b88efa8eafe339f4b96aa5f94736fad9014e124e26e, builderIndex=Infinity, isSelfBuild=true, dataColumns=0
[cl-3-lodestar-geth] Mar-04 15:10:04.595[chain]            [32minfo[39m: Published execution payload envelope slot=91, blockRoot=0xa1d7d40eced5895c53171b88efa8eafe339f4b96aa5f94736fad9014e124e26e, builderIndex=Infinity, isSelfBuild=true, dataColumns=0, delaySec=0.5889999866485596, sentPeers=3
[cl-3-lodestar-geth] Mar-04 15:10:06.500[sync]             [33mwarn[39m: UnknownBlockSync processBlock failed slot=75, root=0xe7f5ca1e7594c8ca1836bfdeccda8d00f23223975ef3b40d6cb21cd542bc7cbe, errCode=BLOCK_ERROR_PRESTATE_MISSING, errMessage=BLOCK_ERROR_PRESTATE_MISSING, nestedErrMessage=REGEN_ERROR_BLOCK_NOT_IN_FORKCHOICE
[cl-3-lodestar-geth] Mar-04 15:10:10.000[]                 [32minfo[39m: Synced - slot: 91 - head: 0xa1d7…e26e - exec-block: valid/full(79 0x6e84… bid:0x6e84…) - finalized: 0x0000…0000:0 - peers: 3
[cl-3-lodestar-geth] Mar-04 15:10:16.516[chain]            [32minfo[39m: Publishing block slot=92, blockRoot=0xc3ad6ed8870f0848c5accaa130d6ef4ef952b3a90f2dd3ed3067bab65f20b242, bodyRoot=0xcfa6b478659cf81bbeccd9708f84e9ba94701b0c5c3f1c85c856c44dca81768a, broadcastValidation=gossip, blockLocallyProduced=true
[cl-3-lodestar-geth] Mar-04 15:10:16.577[api]              [32minfo[39m: Produced execution payload envelope slot=92, blockRoot=0xc3ad6ed8870f0848c5accaa130d6ef4ef952b3a90f2dd3ed3067bab65f20b242, transactions=0, blockHash=0x7f4dbc59ea9b8267917cd7576689ce27da59ed9d2a86e8f36b9c3a860c8fd83b
[cl-3-lodestar-geth] Mar-04 15:10:16.584[chain]            [32minfo[39m: Publishing execution payload envelope slot=92, blockRoot=0xc3ad6ed8870f0848c5accaa130d6ef4ef952b3a90f2dd3ed3067bab65f20b242, builderIndex=Infinity, isSelfBuild=true, dataColumns=0
[cl-3-lodestar-geth] Mar-04 15:10:16.592[chain]            [32minfo[39m: Published execution payload envelope slot=92, blockRoot=0xc3ad6ed8870f0848c5accaa130d6ef4ef952b3a90f2dd3ed3067bab65f20b242, builderIndex=Infinity, isSelfBuild=true, dataColumns=0, delaySec=0.5789999961853027, sentPeers=3
[cl-3-lodestar-geth] Mar-04 15:10:18.488[sync]             [33mwarn[39m: UnknownBlockSync processBlock failed slot=75, root=0xe7f5ca1e7594c8ca1836bfdeccda8d00f23223975ef3b40d6cb21cd542bc7cbe, errCode=BLOCK_ERROR_PRESTATE_MISSING, errMessage=BLOCK_ERROR_PRESTATE_MISSING, nestedErrMessage=REGEN_ERROR_BLOCK_NOT_IN_FORKCHOICE
[cl-3-lodestar-geth] Mar-04 15:10:22.000[]                 [32minfo[39m: Synced - slot: 92 - head: 0xc3ad…b242 - exec-block: valid/full(80 0x7f4d… bid:0x7f4d…) - finalized: 0x0000…0000:0 - peers: 3
[cl-3-lodestar-geth] Mar-04 15:10:34.001[]                 [32minfo[39m: Synced - slot: 93 - head: (slot -1) 0xc3ad…b242 - exec-block: valid/full(80 0x7f4d… bid:0x7f4d…) - finalized: 0x0000…0000:0 - peers: 3
[cl-3-lodestar-geth] Mar-04 15:10:46.000[]                 [32minfo[39m: Synced - slot: 94 - head: (slot -2) 0xc3ad…b242 - exec-block: valid/full(80 0x7f4d… bid:0x7f4d…) - finalized: 0x0000…0000:0 - peers: 3
[cl-3-lodestar-geth] Mar-04 15:10:54.519[sync]             [33mwarn[39m: UnknownBlockSync processBlock failed slot=75, root=0xe7f5ca1e7594c8ca1836bfdeccda8d00f23223975ef3b40d6cb21cd542bc7cbe, errCode=BLOCK_ERROR_PRESTATE_MISSING, errMessage=BLOCK_ERROR_PRESTATE_MISSING, nestedErrMessage=REGEN_ERROR_BLOCK_NOT_IN_FORKCHOICE
[cl-3-lodestar-geth] Mar-04 15:10:58.001[]                 [32minfo[39m: Synced - slot: 95 - head: 0xac7f…7402 - exec-block: valid/full(81 0xe018… bid:0xe018…) - finalized: 0x0000…0000:0 - peers: 3
[cl-3-lodestar-geth] Mar-04 15:11:04.004[network]          [32minfo[39m: Unsubscribing gossip topics of previous fork boundary fork=fulu, epoch=0
[cl-3-lodestar-geth] Mar-04 15:11:04.026[network]          [32minfo[39m: Unsubscribing from long lived attnets of previous fork boundary fork=fulu, epoch=0
[cl-3-lodestar-geth] Mar-04 15:11:04.036[network]          [32minfo[39m: Unsubscribing from random attnets of previous fork boundary fork=fulu, epoch=0
[cl-3-lodestar-geth] Mar-04 15:11:10.000[]                 [32minfo[39m: Synced - slot: 96 - head: (slot -1) 0xac7f…7402 - exec-block: valid/full(81 0xe018… bid:0xe018…) - finalized: 0x0000…0000:0 - peers: 3
[cl-3-lodestar-geth] Mar-04 15:11:18.532[sync]             [33mwarn[39m: UnknownBlockSync processBlock failed slot=75, root=0xe7f5ca1e7594c8ca1836bfdeccda8d00f23223975ef3b40d6cb21cd542bc7cbe, errCode=BLOCK_ERROR_PRESTATE_MISSING, errMessage=BLOCK_ERROR_PRESTATE_MISSING, nestedErrMessage=REGEN_ERROR_BLOCK_NOT_IN_FORKCHOICE
[cl-3-lodestar-geth] Mar-04 15:11:22.000[]                 [32minfo[39m: Synced - slot: 97 - head: 0x7db1…e250 - exec-block: valid/full(82 0xe2d3… bid:0xe2d3…) - finalized: 0x0000…0000:0 - peers: 3
