[cl-4-lodestar-geth] Mar-04 14:51:46.934[]                 [33mwarn[39m: --nat flag is set with no purpose
[cl-4-lodestar-geth] Mar-04 14:51:46.954[]                 [32minfo[39m: Lodestar network=testnet, version=v1.40.0, commit=
[cl-4-lodestar-geth] Mar-04 14:51:46.979[]                 [32minfo[39m: Connected to LevelDB database path=/data/lodestar/beacon-data/chain-db
[cl-4-lodestar-geth] Mar-04 14:51:46.981[]                 [32minfo[39m: Loading genesis state genesisStateFile=/network-configs/genesis.ssz
[cl-4-lodestar-geth] Mar-04 14:51:46.984[]                 [32minfo[39m: Loaded genesis state size=2.68 MB
[cl-4-lodestar-geth] Mar-04 14:51:47.102[]                 [32minfo[39m: Initializing beacon from a valid checkpoint state slot=0, epoch=0, stateRoot=0xef5d751a9510475152e3c1bada981f98766951f91a99219a371c9fe9f9b06699, isWithinWeakSubjectivityPeriod=true
[cl-4-lodestar-geth] Mar-04 14:51:47.118[]                 [32minfo[39m: Initialized genesis state slot=0, stateRoot=0xef5d751a9510475152e3c1bada981f98766951f91a99219a371c9fe9f9b06699, isFinalized=true
[cl-4-lodestar-geth] Mar-04 14:51:47.164[execution]        [32minfo[39m: Execution client urls=http://el-4-geth-lodestar:8551
[cl-4-lodestar-geth] Mar-04 14:51:47.196[chain]            [32minfo[39m: Removed persisted checkpoint states from the last run count=0, maxEpochsInMemory=3
[cl-4-lodestar-geth] Mar-04 14:51:47.199[network]          [32minfo[39m: running libp2p instance in worker thread
[cl-4-lodestar-geth] Mar-04 14:51:49.830[network]          [32minfo[39m: libp2p worker started peer=16Uiu2HAm2znAz8FHhthEwbefcvLt6CezxdYkqCZWzwjhTg5vVgnn
[cl-4-lodestar-geth] Mar-04 14:51:52.513[network]          [32minfo[39m: Bootstrapped already-open libp2p peers bootstrapped=1
[cl-4-lodestar-geth] Mar-04 14:51:52.537[network]          [32minfo[39m: PeerId 16Uiu2HAm2znAz8FHhthEwbefcvLt6CezxdYkqCZWzwjhTg5vVgnn, Multiaddrs /ip4/0.0.0.0/tcp/9000,/ip6/::/tcp/9000
[cl-4-lodestar-geth] Mar-04 14:51:52.544[metrics]          [32minfo[39m: Started metrics HTTP server address=http://0.0.0.0:8008
[cl-4-lodestar-geth] Mar-04 14:51:52.864[rest]             [32minfo[39m: Started REST API server address=http://0.0.0.0:4000
[cl-4-lodestar-geth] Mar-04 14:51:52.865[rest]             [33mwarn[39m: REST API server is exposed, ensure untrusted traffic cannot reach this API
[cl-4-lodestar-geth] Mar-04 14:51:52.867[]                 [32minfo[39m: Searching peers - peers: 0 - slot: 0 - head: 0x0ea4…aca4 - exec-block: valid/full(0 0x626c…) - finalized: 0x0000…0000:0
[cl-4-lodestar-geth] Mar-04 14:51:52.498[network]          [32minfo[39m: discv5 worker started peerId=16Uiu2HAm2znAz8FHhthEwbefcvLt6CezxdYkqCZWzwjhTg5vVgnn, initialENR=enr:-Ju4QNovEWJ5YNctpBpzHvDRjocz4XD8L0b-N1BKfsrkSgn-OnV-6HAgHetvtwujibpd9Dw4M5lc-0l2M8fcWrKRAscBgmlkgnY0gmlwhKwQAA-Jc2VjcDI1NmsxoQJwfPpDw9b7p_qA_JHdwxihJM77zifMoJnBYWMWf9Nyy4N0Y3CCIyiEdGNwNoIjKIN1ZHCCIyiEdWRwNoIjKA, bindAddr4=/ip4/0.0.0.0/udp/9000, bindAddr6=/ip6/::/udp/9000
[cl-4-lodestar-geth] Mar-04 14:51:52.880[sync]             [32minfo[39m: Subscribed gossip core topics
[cl-4-lodestar-geth] Mar-04 14:51:52.890[sync]             [32minfo[39m: Subscribed gossip core topics
[cl-4-lodestar-geth] Mar-04 14:51:52.872[network]          [32minfo[39m: Subscribed gossip core topics
[cl-4-lodestar-geth] Mar-04 14:51:58.001[]                 [32minfo[39m: Synced - slot: 0 - head: 0x0ea4…aca4 - exec-block: valid/full(0 0x626c…) - finalized: 0x0000…0000:0 - peers: 2
[cl-4-lodestar-geth] Mar-04 14:52:09.435[execution]        [32minfo[39m: Execution client is synced oldState=ONLINE, newState=SYNCED
[cl-4-lodestar-geth] Mar-04 14:52:10.001[]                 [32minfo[39m: Synced - slot: 1 - head: 0x9c35…1b25 - exec-block: valid/full(1 0x6d5a…) - finalized: 0x0000…0000:0 - peers: 2
[cl-4-lodestar-geth] Mar-04 14:52:22.001[]                 [32minfo[39m: Synced - slot: 2 - head: 0xce04…38d2 - exec-block: valid/full(2 0x47e1…) - finalized: 0x0000…0000:0 - peers: 3
[cl-4-lodestar-geth] Mar-04 14:52:24.966[rest]             [33mwarn[39m: Req req-18 getExecutionPayloadEnvelope failed reason=Execution payload envelopes not available for pre-gloas fork=fulu
[cl-4-lodestar-geth] Mar-04 14:52:34.000[]                 [32minfo[39m: Synced - slot: 3 - head: (slot -1) 0xce04…38d2 - exec-block: valid/full(2 0x47e1…) - finalized: 0x0000…0000:0 - peers: 3
[cl-4-lodestar-geth] Mar-04 14:52:46.002[]                 [32minfo[39m: Synced - slot: 4 - head: 0xfc53…2609 - exec-block: valid/full(3 0x0f4b…) - finalized: 0x0000…0000:0 - peers: 3
[cl-4-lodestar-geth] Mar-04 14:52:58.000[]                 [32minfo[39m: Synced - slot: 5 - head: 0xf6fd…0422 - exec-block: valid/full(4 0xa98a…) - finalized: 0x0000…0000:0 - peers: 3
[cl-4-lodestar-geth] Mar-04 14:53:10.000[]                 [32minfo[39m: Synced - slot: 6 - head: 0x1c2f…3978 - exec-block: valid/full(5 0x8754…) - finalized: 0x0000…0000:0 - peers: 3
[cl-4-lodestar-geth] Mar-04 14:53:22.000[]                 [32minfo[39m: Synced - slot: 7 - head: 0xa030…6d85 - exec-block: valid/full(6 0xbce3…) - finalized: 0x0000…0000:0 - peers: 3
[cl-4-lodestar-geth] Mar-04 14:53:28.017[api]              [32minfo[39m: Selected engine block: no builder block produced reason=builder_disabled, slot=8, parentSlot=7, parentBlockRoot=0xa0306bb342a5a798b0c034fb378fb745e96aeb0a2cbded3a8872f6ef0a0c6d85, fork=fulu, builderSelection=executiononly, isBuilderEnabled=false, isEngineEnabled=true, strictFeeRecipientCheck=false, builderBoostFactor=0, durationMs=10, executionPayloadValue=0.00000 ETH, consensusBlockValue=0.00101 ETH, blockTotalValue=0.00101 ETH
[cl-4-lodestar-geth] Mar-04 14:53:28.074[chain]            [32minfo[39m: Publishing block slot=8, blockRoot=0x965bec6859b3284ac5f47c9486a16e14d9c463dc3d2f565223f874319b467664, bodyRoot=0x01d1494747f83adf5d7dfa796c2e4cf0f462ddfec4a8d35174a1838522a857bf, broadcastValidation=gossip, blockLocallyProduced=true
[cl-4-lodestar-geth] Mar-04 14:53:34.000[]                 [32minfo[39m: Synced - slot: 8 - head: 0x965b…7664 - exec-block: valid/full(7 0xdc4f…) - finalized: 0x0000…0000:0 - peers: 3
[cl-4-lodestar-geth] Mar-04 14:53:46.001[]                 [32minfo[39m: Synced - slot: 9 - head: 0x8db5…16e8 - exec-block: valid/full(8 0x18f8…) - finalized: 0x0000…0000:0 - peers: 3
[cl-4-lodestar-geth] Mar-04 14:53:58.000[]                 [32minfo[39m: Synced - slot: 10 - head: 0x92c5…cd2d - exec-block: valid/full(9 0xbc32…) - finalized: 0x0000…0000:0 - peers: 3
[cl-4-lodestar-geth] Mar-04 14:54:10.001[]                 [32minfo[39m: Synced - slot: 11 - head: 0x0019…97cb - exec-block: valid/full(10 0xe8b8…) - finalized: 0x0000…0000:0 - peers: 3
[cl-4-lodestar-geth] Mar-04 14:54:22.000[]                 [32minfo[39m: Synced - slot: 12 - head: 0x2f34…8824 - exec-block: valid/full(11 0x4cd6…) - finalized: 0x0000…0000:0 - peers: 3
[cl-4-lodestar-geth] Mar-04 14:54:34.001[]                 [32minfo[39m: Synced - slot: 13 - head: 0x8116…38d0 - exec-block: valid/full(12 0x3333…) - finalized: 0x0000…0000:0 - peers: 3
[cl-4-lodestar-geth] Mar-04 14:54:46.000[]                 [32minfo[39m: Synced - slot: 14 - head: 0x7045…d545 - exec-block: valid/full(13 0x2452…) - finalized: 0x0000…0000:0 - peers: 3
[cl-4-lodestar-geth] Mar-04 14:54:52.013[api]              [32minfo[39m: Selected engine block: no builder block produced reason=builder_disabled, slot=15, parentSlot=14, parentBlockRoot=0x7045f26d3a2ba5bdb0ca7f4dffbc02e477d4a3770b0c269f4d84ab1c6b36d545, fork=fulu, builderSelection=executiononly, isBuilderEnabled=false, isEngineEnabled=true, strictFeeRecipientCheck=false, builderBoostFactor=0, durationMs=8, executionPayloadValue=0.00000 ETH, consensusBlockValue=0.00101 ETH, blockTotalValue=0.00101 ETH
[cl-4-lodestar-geth] Mar-04 14:54:52.065[chain]            [32minfo[39m: Publishing block slot=15, blockRoot=0x741ad658b4a4dfd940a8c7164d976734b55e2ea63e844867b06afbf4e120c7b6, bodyRoot=0xfadda6f85509ab5c270499c4cbb9c4796b123ad3d1ff65782fbe4d589ced02e2, broadcastValidation=gossip, blockLocallyProduced=true
[cl-4-lodestar-geth] Mar-04 14:54:58.001[]                 [32minfo[39m: Synced - slot: 15 - head: 0x741a…c7b6 - exec-block: valid/full(14 0x77a1…) - finalized: 0x0000…0000:0 - peers: 3
[cl-4-lodestar-geth] Mar-04 14:55:10.000[]                 [32minfo[39m: Synced - slot: 16 - head: 0x7b1b…239e - exec-block: valid/full(15 0xdf2e…) - finalized: 0x0000…0000:0 - peers: 3
[cl-4-lodestar-geth] Mar-04 14:55:22.000[]                 [32minfo[39m: Synced - slot: 17 - head: 0xca4f…2052 - exec-block: valid/full(16 0x2900…) - finalized: 0x0000…0000:0 - peers: 3
[cl-4-lodestar-geth] Mar-04 14:55:34.001[]                 [32minfo[39m: Synced - slot: 18 - head: 0xb87d…fd13 - exec-block: valid/full(17 0xa8bb…) - finalized: 0x0000…0000:0 - peers: 3
[cl-4-lodestar-geth] Mar-04 14:55:46.000[]                 [32minfo[39m: Synced - slot: 19 - head: 0x3c68…5a64 - exec-block: valid/full(18 0xe80e…) - finalized: 0x0000…0000:0 - peers: 3
[cl-4-lodestar-geth] Mar-04 14:55:58.000[]                 [32minfo[39m: Synced - slot: 20 - head: 0xb0a8…ed24 - exec-block: valid/full(19 0x0cdf…) - finalized: 0x0000…0000:0 - peers: 3
[cl-4-lodestar-geth] Mar-04 14:56:10.000[]                 [32minfo[39m: Synced - slot: 21 - head: 0x3df0…ba65 - exec-block: valid/full(20 0x65a4…) - finalized: 0x0000…0000:0 - peers: 3
[cl-4-lodestar-geth] Mar-04 14:56:22.000[]                 [32minfo[39m: Synced - slot: 22 - head: 0x7fce…9c75 - exec-block: valid/full(21 0x96ff…) - finalized: 0x0000…0000:0 - peers: 3
[cl-4-lodestar-geth] Mar-04 14:56:34.000[]                 [32minfo[39m: Synced - slot: 23 - head: 0x2b32…c040 - exec-block: valid/full(22 0xcbb9…) - finalized: 0x0000…0000:0 - peers: 3
[cl-4-lodestar-geth] Mar-04 14:56:46.001[]                 [32minfo[39m: Synced - slot: 24 - head: 0x519e…e6a8 - exec-block: valid/full(23 0x54b9…) - finalized: 0x0000…0000:0 - peers: 3
[cl-4-lodestar-geth] Mar-04 14:56:58.000[]                 [32minfo[39m: Synced - slot: 25 - head: 0xe93c…6e49 - exec-block: valid/full(24 0xd484…) - finalized: 0x0000…0000:0 - peers: 3
[cl-4-lodestar-geth] Mar-04 14:57:04.023[api]              [32minfo[39m: Selected engine block: no builder block produced reason=builder_disabled, slot=26, parentSlot=25, parentBlockRoot=0xe93cbc8ff1280484f7d875801bd6eaf8bebcbaeaca95d79aa372f53071346e49, fork=fulu, builderSelection=executiononly, isBuilderEnabled=false, isEngineEnabled=true, strictFeeRecipientCheck=false, builderBoostFactor=0, durationMs=15, executionPayloadValue=0.00000 ETH, consensusBlockValue=0.00101 ETH, blockTotalValue=0.00101 ETH
[cl-4-lodestar-geth] Mar-04 14:57:04.081[chain]            [32minfo[39m: Publishing block slot=26, blockRoot=0x5f65881f4b926ee8f606378062813bfb53485f766915af16e20a5a2b430d70ee, bodyRoot=0x76561a948cd62eaae4148e6784be5198d744b3eb0f7c47006dc8827a443e84ac, broadcastValidation=gossip, blockLocallyProduced=true
[cl-4-lodestar-geth] Mar-04 14:57:10.000[]                 [32minfo[39m: Synced - slot: 26 - head: 0x5f65…70ee - exec-block: valid/full(25 0x4e30…) - finalized: 0x0000…0000:0 - peers: 3
[cl-4-lodestar-geth] Mar-04 14:57:22.000[]                 [32minfo[39m: Synced - slot: 27 - head: 0xe9ce…f5a5 - exec-block: valid/full(26 0x04f1…) - finalized: 0x0000…0000:0 - peers: 3
[cl-4-lodestar-geth] Mar-04 14:57:34.000[]                 [32minfo[39m: Synced - slot: 28 - head: 0x94c8…686f - exec-block: valid/full(27 0x07ad…) - finalized: 0x0000…0000:0 - peers: 3
[cl-4-lodestar-geth] Mar-04 14:57:40.012[api]              [32minfo[39m: Selected engine block: no builder block produced reason=builder_disabled, slot=29, parentSlot=28, parentBlockRoot=0x94c8be7624bebfaef58b8380aa44abbe211be72ce4d7d778a8e75550406e686f, fork=fulu, builderSelection=executiononly, isBuilderEnabled=false, isEngineEnabled=true, strictFeeRecipientCheck=false, builderBoostFactor=0, durationMs=8, executionPayloadValue=0.00000 ETH, consensusBlockValue=0.00101 ETH, blockTotalValue=0.00101 ETH
[cl-4-lodestar-geth] Mar-04 14:57:40.078[chain]            [32minfo[39m: Publishing block slot=29, blockRoot=0xaea9783ae32a2bdab2265743a626baba134f452111ac28f3f42850c39da35e64, bodyRoot=0x6cd83c0d343e15ce90a16420840ca1dfacde6785cf31a78c416b50099cc6dd30, broadcastValidation=gossip, blockLocallyProduced=true
[cl-4-lodestar-geth] Mar-04 14:57:46.000[]                 [32minfo[39m: Synced - slot: 29 - head: 0xaea9…5e64 - exec-block: valid/full(28 0xfb2c…) - finalized: 0x0000…0000:0 - peers: 3
[cl-4-lodestar-geth] Mar-04 14:57:52.012[api]              [32minfo[39m: Selected engine block: no builder block produced reason=builder_disabled, slot=30, parentSlot=29, parentBlockRoot=0xaea9783ae32a2bdab2265743a626baba134f452111ac28f3f42850c39da35e64, fork=fulu, builderSelection=executiononly, isBuilderEnabled=false, isEngineEnabled=true, strictFeeRecipientCheck=false, builderBoostFactor=0, durationMs=9, executionPayloadValue=0.00000 ETH, consensusBlockValue=0.00101 ETH, blockTotalValue=0.00101 ETH
[cl-4-lodestar-geth] Mar-04 14:57:52.060[chain]            [32minfo[39m: Publishing block slot=30, blockRoot=0x105ba17274c98af5b7464fbd3af76f133b558df921b5bc3994d959228484aa56, bodyRoot=0x34c33d2ebccded3a14672faeb89822a98183eab893776ac6494b98a727543a67, broadcastValidation=gossip, blockLocallyProduced=true
[cl-4-lodestar-geth] Mar-04 14:57:58.001[]                 [32minfo[39m: Synced - slot: 30 - head: 0x105b…aa56 - exec-block: valid/full(29 0x69b5…) - finalized: 0x0000…0000:0 - peers: 3
[cl-4-lodestar-geth] Mar-04 14:58:10.000[]                 [32minfo[39m: Synced - slot: 31 - head: 0xeffb…130c - exec-block: valid/full(30 0x2a66…) - finalized: 0x0000…0000:0 - peers: 3
[cl-4-lodestar-geth] Mar-04 14:58:22.001[]                 [32minfo[39m: Synced - slot: 32 - head: 0xd310…500b - exec-block: valid/full(31 0xa508… bid:0xa508…) - finalized: 0x0000…0000:0 - peers: 3
[cl-4-lodestar-geth] Mar-04 14:58:34.000[]                 [32minfo[39m: Synced - slot: 33 - head: 0x7f6d…f142 - exec-block: valid/full(32 0x9e0e… bid:0x9e0e…) - finalized: 0x0000…0000:0 - peers: 3
[cl-4-lodestar-geth] Mar-04 14:58:46.000[]                 [32minfo[39m: Synced - slot: 34 - head: 0x409e…1dcf - exec-block: valid/full(33 0x7eaa… bid:0x7eaa…) - finalized: 0x0000…0000:0 - peers: 3
[cl-4-lodestar-geth] Mar-04 14:58:58.000[]                 [32minfo[39m: Synced - slot: 35 - head: 0x3b30…b58e - exec-block: valid/full(34 0x38b1… bid:0x38b1…) - finalized: 0x0000…0000:0 - peers: 3
[cl-4-lodestar-geth] Mar-04 14:59:10.000[]                 [32minfo[39m: Synced - slot: 36 - head: 0xd6f4…0167 - exec-block: valid/full(35 0x8232… bid:0x8232…) - finalized: 0x0000…0000:0 - peers: 3
[cl-4-lodestar-geth] Mar-04 14:59:22.000[]                 [32minfo[39m: Synced - slot: 37 - head: 0xe08e…9ee2 - exec-block: valid/full(36 0xd7b7… bid:0xd7b7…) - finalized: 0x0000…0000:0 - peers: 3
[cl-4-lodestar-geth] Mar-04 14:59:34.001[]                 [32minfo[39m: Synced - slot: 38 - head: 0x793a…aef7 - exec-block: valid/full(37 0xdfb4… bid:0xdfb4…) - finalized: 0x0000…0000:0 - peers: 3
[cl-4-lodestar-geth] Mar-04 14:59:46.004[]                 [32minfo[39m: Synced - slot: 39 - head: 0x0f0f…7456 - exec-block: valid/full(38 0x576d… bid:0x576d…) - finalized: 0x0000…0000:0 - peers: 3
[cl-4-lodestar-geth] Mar-04 14:59:52.526[chain]            [32minfo[39m: Publishing block slot=40, blockRoot=0xf6625af68e1019359a115add9e9b91ab09556c07e3a65be245d19ff1536f962a, bodyRoot=0x67416009e20c58553ef0ab7be89c07b5fc81298195a123e43ca52ae3ac6d45f4, broadcastValidation=gossip, blockLocallyProduced=true
[cl-4-lodestar-geth] Mar-04 14:59:52.600[api]              [32minfo[39m: Produced execution payload envelope slot=40, blockRoot=0xf6625af68e1019359a115add9e9b91ab09556c07e3a65be245d19ff1536f962a, transactions=0, blockHash=0x2ea5df51418e195e8428aee3620ecffa3d46167befeeac890646b38be86b8841
[cl-4-lodestar-geth] Mar-04 14:59:52.614[chain]            [32minfo[39m: Publishing execution payload envelope slot=40, blockRoot=0xf6625af68e1019359a115add9e9b91ab09556c07e3a65be245d19ff1536f962a, builderIndex=Infinity, isSelfBuild=true, dataColumns=0
[cl-4-lodestar-geth] Mar-04 14:59:52.616[chain]            [32minfo[39m: Published execution payload envelope slot=40, blockRoot=0xf6625af68e1019359a115add9e9b91ab09556c07e3a65be245d19ff1536f962a, builderIndex=Infinity, isSelfBuild=true, dataColumns=0, delaySec=0.6029999256134033, sentPeers=3
[cl-4-lodestar-geth] Mar-04 14:59:58.004[]                 [32minfo[39m: Synced - slot: 40 - head: 0xf662…962a - exec-block: valid/full(39 0x2ea5… bid:0x2ea5…) - finalized: 0x0000…0000:0 - peers: 3
[cl-4-lodestar-geth] Mar-04 15:00:04.525[chain]            [32minfo[39m: Publishing block slot=41, blockRoot=0x4c4ed6a16be17f9ddd86cbcf497c0f2acaec382a961b9441c31b0494205c9f59, bodyRoot=0x2fe07b6b0467d7bc1669a479bd204fc7e9a214cea12d62dc50d66c046a76ad83, broadcastValidation=gossip, blockLocallyProduced=true
[cl-4-lodestar-geth] Mar-04 15:00:04.598[api]              [32minfo[39m: Produced execution payload envelope slot=41, blockRoot=0x4c4ed6a16be17f9ddd86cbcf497c0f2acaec382a961b9441c31b0494205c9f59, transactions=0, blockHash=0x08f13e45d054f36d08761c8eadf0acaf6ee116b2982ebe517c0004356f90f88b
[cl-4-lodestar-geth] Mar-04 15:00:04.608[chain]            [32minfo[39m: Publishing execution payload envelope slot=41, blockRoot=0x4c4ed6a16be17f9ddd86cbcf497c0f2acaec382a961b9441c31b0494205c9f59, builderIndex=Infinity, isSelfBuild=true, dataColumns=0
[cl-4-lodestar-geth] Mar-04 15:00:04.613[chain]            [32minfo[39m: Published execution payload envelope slot=41, blockRoot=0x4c4ed6a16be17f9ddd86cbcf497c0f2acaec382a961b9441c31b0494205c9f59, builderIndex=Infinity, isSelfBuild=true, dataColumns=0, delaySec=0.6010000705718994, sentPeers=3
[cl-4-lodestar-geth] Mar-04 15:00:10.000[]                 [32minfo[39m: Synced - slot: 41 - head: 0x4c4e…9f59 - exec-block: valid/full(40 0x08f1… bid:0x08f1…) - finalized: 0x0000…0000:0 - peers: 3
[cl-4-lodestar-geth] Mar-04 15:00:22.000[]                 [32minfo[39m: Synced - slot: 42 - head: 0x6374…0da7 - exec-block: valid/full(41 0x851b… bid:0x851b…) - finalized: 0x0000…0000:0 - peers: 3
[cl-4-lodestar-geth] Mar-04 15:00:34.000[]                 [32minfo[39m: Synced - slot: 43 - head: 0xac78…6ce9 - exec-block: valid/full(42 0x4578… bid:0x4578…) - finalized: 0x0000…0000:0 - peers: 3
[cl-4-lodestar-geth] Mar-04 15:00:46.001[]                 [32minfo[39m: Synced - slot: 44 - head: 0xd3a3…607b - exec-block: valid/full(43 0x521e… bid:0x521e…) - finalized: 0x0000…0000:0 - peers: 3
[cl-4-lodestar-geth] Mar-04 15:00:52.529[chain]            [32minfo[39m: Publishing block slot=45, blockRoot=0x224ea80dae748c8fb2811f90333d6721998f5889dc9d9bc69ede43ba76df022e, bodyRoot=0x00ded223d7f91a5756b7c268ee368646ad103d2b3ee45e6aea88d94b311fdaa2, broadcastValidation=gossip, blockLocallyProduced=true
[cl-4-lodestar-geth] Mar-04 15:00:52.641[api]              [32minfo[39m: Produced execution payload envelope slot=45, blockRoot=0x224ea80dae748c8fb2811f90333d6721998f5889dc9d9bc69ede43ba76df022e, transactions=0, blockHash=0x953cd11cb10b8d11651cb398aea0058ae7b31f989082d49cf833948f33d60c5a
[cl-4-lodestar-geth] Mar-04 15:00:52.668[chain]            [32minfo[39m: Publishing execution payload envelope slot=45, blockRoot=0x224ea80dae748c8fb2811f90333d6721998f5889dc9d9bc69ede43ba76df022e, builderIndex=Infinity, isSelfBuild=true, dataColumns=0
[cl-4-lodestar-geth] Mar-04 15:00:52.669[chain]            [32minfo[39m: Published execution payload envelope slot=45, blockRoot=0x224ea80dae748c8fb2811f90333d6721998f5889dc9d9bc69ede43ba76df022e, builderIndex=Infinity, isSelfBuild=true, dataColumns=0, delaySec=0.6470000743865967, sentPeers=3
[cl-4-lodestar-geth] Mar-04 15:00:58.000[]                 [32minfo[39m: Synced - slot: 45 - head: 0x224e…022e - exec-block: valid/full(44 0x953c… bid:0x953c…) - finalized: 0x0000…0000:0 - peers: 3
[cl-4-lodestar-geth] Mar-04 15:01:10.001[]                 [32minfo[39m: Synced - slot: 46 - head: 0xfa32…4c79 - exec-block: valid/full(45 0xa13f… bid:0xa13f…) - finalized: 0x0000…0000:0 - peers: 3
[cl-4-lodestar-geth] Mar-04 15:01:22.001[]                 [32minfo[39m: Synced - slot: 47 - head: 0xde10…80de - exec-block: valid/full(46 0xb4cc… bid:0xb4cc…) - finalized: 0x0000…0000:0 - peers: 3
[cl-4-lodestar-geth] Mar-04 15:01:28.519[chain]            [32minfo[39m: Publishing block slot=48, blockRoot=0x4bfdfc5beaeb8bde95d8d37ed407565965b25b816f36dc86c0a6c118f8d23850, bodyRoot=0x572ec3500ba84def938b96e0ea14ed083a1cb01f3a38cd41c5e53abc7a9a40e8, broadcastValidation=gossip, blockLocallyProduced=true
[cl-4-lodestar-geth] Mar-04 15:01:28.599[api]              [32minfo[39m: Produced execution payload envelope slot=48, blockRoot=0x4bfdfc5beaeb8bde95d8d37ed407565965b25b816f36dc86c0a6c118f8d23850, transactions=0, blockHash=0x5542cdff8a538d926128c571aa1f856a27c156ba02f9cf19a128b0173300b73f
[cl-4-lodestar-geth] Mar-04 15:01:28.622[chain]            [32minfo[39m: Publishing execution payload envelope slot=48, blockRoot=0x4bfdfc5beaeb8bde95d8d37ed407565965b25b816f36dc86c0a6c118f8d23850, builderIndex=Infinity, isSelfBuild=true, dataColumns=0
[cl-4-lodestar-geth] Mar-04 15:01:28.625[chain]            [32minfo[39m: Published execution payload envelope slot=48, blockRoot=0x4bfdfc5beaeb8bde95d8d37ed407565965b25b816f36dc86c0a6c118f8d23850, builderIndex=Infinity, isSelfBuild=true, dataColumns=0, delaySec=0.6059999465942383, sentPeers=3
[cl-4-lodestar-geth] Mar-04 15:01:34.000[]                 [32minfo[39m: Synced - slot: 48 - head: 0x4bfd…3850 - exec-block: valid/full(47 0x5542… bid:0x5542…) - finalized: 0x0000…0000:0 - peers: 3
[cl-4-lodestar-geth] Mar-04 15:01:46.000[]                 [32minfo[39m: Synced - slot: 49 - head: 0x0623…be2e - exec-block: valid/full(48 0xda55… bid:0xda55…) - finalized: 0x0000…0000:0 - peers: 3
[cl-4-lodestar-geth] Mar-04 15:01:58.001[]                 [32minfo[39m: Synced - slot: 50 - head: 0x077d…8bee - exec-block: valid/full(49 0x730e… bid:0x730e…) - finalized: 0x0000…0000:0 - peers: 3
[cl-4-lodestar-geth] Mar-04 15:02:04.516[chain]            [32minfo[39m: Publishing block slot=51, blockRoot=0x2eca0e8a2c1bb0b26e7ef71644d5e443c13b05db9219aaf9608e18c49552c428, bodyRoot=0xe3b2c6291381a886c49fcde4500c4fefb016267fafb24c7c0dcd597a1a486e9e, broadcastValidation=gossip, blockLocallyProduced=true
[cl-4-lodestar-geth] Mar-04 15:02:04.582[api]              [32minfo[39m: Produced execution payload envelope slot=51, blockRoot=0x2eca0e8a2c1bb0b26e7ef71644d5e443c13b05db9219aaf9608e18c49552c428, transactions=0, blockHash=0x4657381f5d005c8fc44cc2b7ec40e3bc1d391456dabc9f37d3c08ad9b72b219b
[cl-4-lodestar-geth] Mar-04 15:02:04.589[chain]            [32minfo[39m: Publishing execution payload envelope slot=51, blockRoot=0x2eca0e8a2c1bb0b26e7ef71644d5e443c13b05db9219aaf9608e18c49552c428, builderIndex=Infinity, isSelfBuild=true, dataColumns=0
[cl-4-lodestar-geth] Mar-04 15:02:04.590[chain]            [32minfo[39m: Published execution payload envelope slot=51, blockRoot=0x2eca0e8a2c1bb0b26e7ef71644d5e443c13b05db9219aaf9608e18c49552c428, builderIndex=Infinity, isSelfBuild=true, dataColumns=0, delaySec=0.5840001106262207, sentPeers=3
[cl-4-lodestar-geth] Mar-04 15:02:10.000[]                 [32minfo[39m: Synced - slot: 51 - head: 0x2eca…c428 - exec-block: valid/full(50 0x4657… bid:0x4657…) - finalized: 0x0000…0000:0 - peers: 3
[cl-4-lodestar-geth] Mar-04 15:02:22.000[]                 [32minfo[39m: Synced - slot: 52 - head: 0x6148…ba46 - exec-block: valid/full(51 0x6cad… bid:0x6cad…) - finalized: 0x0000…0000:0 - peers: 3
[cl-4-lodestar-geth] Mar-04 15:02:34.000[]                 [32minfo[39m: Synced - slot: 53 - head: 0xc5be…6cdd - exec-block: valid/full(52 0x52cd… bid:0x52cd…) - finalized: 0x0000…0000:0 - peers: 3
[cl-4-lodestar-geth] Mar-04 15:02:46.000[]                 [32minfo[39m: Synced - slot: 54 - head: 0xc6a8…e7c3 - exec-block: valid/full(53 0x29ad… bid:0x29ad…) - finalized: 0x0000…0000:0 - peers: 3
[cl-4-lodestar-geth] Mar-04 15:02:58.002[]                 [32minfo[39m: Synced - slot: 55 - head: 0x7bbf…1b03 - exec-block: valid/full(54 0xb9e9… bid:0xb9e9…) - finalized: 0x0000…0000:0 - peers: 3
[cl-4-lodestar-geth] Mar-04 15:03:10.000[]                 [32minfo[39m: Synced - slot: 56 - head: 0x8b96…471e - exec-block: valid/full(55 0xf605… bid:0xf605…) - finalized: 0x0000…0000:0 - peers: 3
[cl-4-lodestar-geth] Mar-04 15:03:22.001[]                 [32minfo[39m: Synced - slot: 57 - head: 0x3332…a117 - exec-block: valid/full(56 0x7002… bid:0x7002…) - finalized: 0x0000…0000:0 - peers: 3
[cl-4-lodestar-geth] Mar-04 15:03:34.003[]                 [32minfo[39m: Synced - slot: 58 - head: 0x56d3…dede - exec-block: valid/full(57 0x443e… bid:0x443e…) - finalized: 0x0000…0000:0 - peers: 3
[cl-4-lodestar-geth] Mar-04 15:03:40.526[chain]            [32minfo[39m: Publishing block slot=59, blockRoot=0x2b07b381c4f4bcb0d62371cb1c9a50f39ed596bd99d3a97d535d88b7b6b8292a, bodyRoot=0xf6c69828cad65939c9553f8dd57d9d2568b7e54ab7e3b0559951491b0f3c7d78, broadcastValidation=gossip, blockLocallyProduced=true
[cl-4-lodestar-geth] Mar-04 15:03:40.624[api]              [32minfo[39m: Produced execution payload envelope slot=59, blockRoot=0x2b07b381c4f4bcb0d62371cb1c9a50f39ed596bd99d3a97d535d88b7b6b8292a, transactions=0, blockHash=0xa79b99d64483b9648e73ee93d7904dbae516434ceca650bba3b36a6a9346e5cf
[cl-4-lodestar-geth] Mar-04 15:03:40.640[chain]            [32minfo[39m: Publishing execution payload envelope slot=59, blockRoot=0x2b07b381c4f4bcb0d62371cb1c9a50f39ed596bd99d3a97d535d88b7b6b8292a, builderIndex=Infinity, isSelfBuild=true, dataColumns=0
[cl-4-lodestar-geth] Mar-04 15:03:40.643[chain]            [32minfo[39m: Published execution payload envelope slot=59, blockRoot=0x2b07b381c4f4bcb0d62371cb1c9a50f39ed596bd99d3a97d535d88b7b6b8292a, builderIndex=Infinity, isSelfBuild=true, dataColumns=0, delaySec=0.625999927520752, sentPeers=3
[cl-4-lodestar-geth] Mar-04 15:03:46.002[]                 [32minfo[39m: Synced - slot: 59 - head: 0x2b07…292a - exec-block: valid/full(58 0xa79b… bid:0xa79b…) - finalized: 0x0000…0000:0 - peers: 3
[cl-4-lodestar-geth] Mar-04 15:03:52.533[chain]            [32minfo[39m: Publishing block slot=60, blockRoot=0xe5f49371fac5310318961adfe3d7aeeb127b2a635a3ed004ac2360b4afba4618, bodyRoot=0xf13b4346c47a41f3b80fda2281d12481d91b118798d6cd7b500ec8eac15fe182, broadcastValidation=gossip, blockLocallyProduced=true
[cl-4-lodestar-geth] Mar-04 15:03:52.634[api]              [32minfo[39m: Produced execution payload envelope slot=60, blockRoot=0xe5f49371fac5310318961adfe3d7aeeb127b2a635a3ed004ac2360b4afba4618, transactions=0, blockHash=0x30715aac2825754e889d1e90c8d97bb46c7c49864437b63067ae04e31803364c
[cl-4-lodestar-geth] Mar-04 15:03:52.649[chain]            [32minfo[39m: Publishing execution payload envelope slot=60, blockRoot=0xe5f49371fac5310318961adfe3d7aeeb127b2a635a3ed004ac2360b4afba4618, builderIndex=Infinity, isSelfBuild=true, dataColumns=0
[cl-4-lodestar-geth] Mar-04 15:03:52.670[chain]            [32minfo[39m: Published execution payload envelope slot=60, blockRoot=0xe5f49371fac5310318961adfe3d7aeeb127b2a635a3ed004ac2360b4afba4618, builderIndex=Infinity, isSelfBuild=true, dataColumns=0, delaySec=0.6389999389648438, sentPeers=3
[cl-4-lodestar-geth] Mar-04 15:03:58.000[]                 [32minfo[39m: Synced - slot: 60 - head: 0xe5f4…4618 - exec-block: valid/full(59 0x3071… bid:0x3071…) - finalized: 0x0000…0000:0 - peers: 3
[cl-4-lodestar-geth] Mar-04 15:04:10.001[]                 [32minfo[39m: Synced - slot: 61 - head: 0x74b4…e82c - exec-block: valid/full(60 0x910c… bid:0x910c…) - finalized: 0x0000…0000:0 - peers: 3
[cl-4-lodestar-geth] Mar-04 15:04:22.000[]                 [32minfo[39m: Synced - slot: 62 - head: 0x2176…64c0 - exec-block: valid/full(61 0x0314… bid:0x0314…) - finalized: 0x0000…0000:0 - peers: 3
[cl-4-lodestar-geth] Mar-04 15:04:34.001[]                 [32minfo[39m: Synced - slot: 63 - head: 0x9b98…c81e - exec-block: valid/full(62 0x7166… bid:0x7166…) - finalized: 0x0000…0000:0 - peers: 3
[cl-4-lodestar-geth] Mar-04 15:04:46.000[]                 [32minfo[39m: Synced - slot: 64 - head: 0xe80d…3b75 - exec-block: valid/full(63 0xe4cd… bid:0xe4cd…) - finalized: 0x0000…0000:0 - peers: 3
[cl-4-lodestar-geth] Mar-04 15:04:58.000[]                 [32minfo[39m: Synced - slot: 65 - head: 0xc655…e080 - exec-block: valid/full(64 0xe2af… bid:0xe2af…) - finalized: 0x0000…0000:0 - peers: 3
[cl-4-lodestar-geth] Mar-04 15:05:10.000[]                 [32minfo[39m: Synced - slot: 66 - head: 0xe3a1…236e - exec-block: valid/full(65 0x4565… bid:0x4565…) - finalized: 0x0000…0000:0 - peers: 3
[cl-4-lodestar-geth] Mar-04 15:05:22.000[]                 [32minfo[39m: Synced - slot: 67 - head: 0x8b91…228c - exec-block: valid/full(66 0x19e6… bid:0x19e6…) - finalized: 0x0000…0000:0 - peers: 3
[cl-4-lodestar-geth] Mar-04 15:05:28.518[chain]            [32minfo[39m: Publishing block slot=68, blockRoot=0x3e9fa5b6323ebb2b354b470300f2db9a2bb0a3363fccb5608325757c00756585, bodyRoot=0xd7ce3c926f041ea9e9449445816c4f45b53662c3e707c3b04ac83bb05b8b62bc, broadcastValidation=gossip, blockLocallyProduced=true
[cl-4-lodestar-geth] Mar-04 15:05:28.592[api]              [32minfo[39m: Produced execution payload envelope slot=68, blockRoot=0x3e9fa5b6323ebb2b354b470300f2db9a2bb0a3363fccb5608325757c00756585, transactions=0, blockHash=0xc71f5ff3fc9e484039b1cf982084d0279703546eda4e31221e3ec7b20d6a5b57
[cl-4-lodestar-geth] Mar-04 15:05:28.615[chain]            [32minfo[39m: Publishing execution payload envelope slot=68, blockRoot=0x3e9fa5b6323ebb2b354b470300f2db9a2bb0a3363fccb5608325757c00756585, builderIndex=Infinity, isSelfBuild=true, dataColumns=0
[cl-4-lodestar-geth] Mar-04 15:05:28.616[chain]            [32minfo[39m: Published execution payload envelope slot=68, blockRoot=0x3e9fa5b6323ebb2b354b470300f2db9a2bb0a3363fccb5608325757c00756585, builderIndex=Infinity, isSelfBuild=true, dataColumns=0, delaySec=0.5989999771118164, sentPeers=3
[cl-4-lodestar-geth] Mar-04 15:05:34.000[]                 [32minfo[39m: Synced - slot: 68 - head: 0x3e9f…6585 - exec-block: valid/full(67 0xc71f… bid:0xc71f…) - finalized: 0x0000…0000:0 - peers: 3
[cl-4-lodestar-geth] Mar-04 15:05:46.000[]                 [32minfo[39m: Synced - slot: 69 - head: 0xecfa…4a62 - exec-block: valid/full(68 0x3310… bid:0x3310…) - finalized: 0x0000…0000:0 - peers: 3
[cl-4-lodestar-geth] Mar-04 15:05:58.000[]                 [32minfo[39m: Synced - slot: 70 - head: 0xf73e…8db3 - exec-block: valid/full(69 0xbef9… bid:0xbef9…) - finalized: 0x0000…0000:0 - peers: 3
[cl-4-lodestar-geth] Mar-04 15:06:10.007[]                 [32minfo[39m: Synced - slot: 71 - head: 0xade7…528a - exec-block: valid/full(70 0xa470… bid:0xa470…) - finalized: 0x0000…0000:0 - peers: 3
[cl-4-lodestar-geth] Mar-04 15:06:22.001[]                 [32minfo[39m: Synced - slot: 72 - head: 0x87b5…803c - exec-block: valid/full(71 0x3ea0… bid:0x3ea0…) - finalized: 0x0000…0000:0 - peers: 3
[cl-4-lodestar-geth] Mar-04 15:06:34.000[]                 [32minfo[39m: Synced - slot: 73 - head: 0xb156…0b9d - exec-block: valid/full(72 0x9b34… bid:0x9b34…) - finalized: 0x0000…0000:0 - peers: 3
[cl-4-lodestar-geth] Mar-04 15:06:46.000[]                 [32minfo[39m: Synced - slot: 74 - head: 0x4c41…8f1f - exec-block: valid/full(72 0x9b34… bid:0x9b34…) - finalized: 0x0000…0000:0 - peers: 3
[cl-4-lodestar-geth] Mar-04 15:06:58.002[]                 [32minfo[39m: Synced - slot: 75 - head: 0xe7f5…7cbe - exec-block: valid/full(74 0xea53… bid:0xea53…) - finalized: 0x0000…0000:0 - peers: 3
[cl-4-lodestar-geth] Mar-04 15:07:04.545[chain]            [32minfo[39m: Publishing block slot=76, blockRoot=0x96318971fe7d850e55d432463ce76b6952d32891d5cf039bda1b7f029b62ab0c, bodyRoot=0x9f40fefdad1444bb7245cbf7a136346f48e6e3d99df5ad518801fff292610974, broadcastValidation=gossip, blockLocallyProduced=true
[cl-4-lodestar-geth] Mar-04 15:07:04.637[api]              [32minfo[39m: Produced execution payload envelope slot=76, blockRoot=0x96318971fe7d850e55d432463ce76b6952d32891d5cf039bda1b7f029b62ab0c, transactions=0, blockHash=0xd7cb1726928598d8e861814a4e9edd1f4fb9d69d1fa31ec7e798906b63d97e4c
[cl-4-lodestar-geth] Mar-04 15:07:04.650[chain]            [32minfo[39m: Publishing execution payload envelope slot=76, blockRoot=0x96318971fe7d850e55d432463ce76b6952d32891d5cf039bda1b7f029b62ab0c, builderIndex=Infinity, isSelfBuild=true, dataColumns=0
[cl-4-lodestar-geth] Mar-04 15:07:04.651[chain]            [32minfo[39m: Published execution payload envelope slot=76, blockRoot=0x96318971fe7d850e55d432463ce76b6952d32891d5cf039bda1b7f029b62ab0c, builderIndex=Infinity, isSelfBuild=true, dataColumns=0, delaySec=0.6410000324249268, sentPeers=3
[cl-4-lodestar-geth] Mar-04 15:07:10.004[]                 [32minfo[39m: Synced - slot: 76 - head: 0x9631…ab0c - exec-block: valid/full(75 0xd7cb… bid:0xd7cb…) - finalized: 0x0000…0000:0 - peers: 3
[cl-4-lodestar-geth] Mar-04 15:07:22.000[]                 [32minfo[39m: Synced - slot: 77 - head: (slot -1) 0x9631…ab0c - exec-block: valid/full(75 0xd7cb… bid:0xd7cb…) - finalized: 0x0000…0000:0 - peers: 3
[cl-4-lodestar-geth] Mar-04 15:07:34.000[]                 [32minfo[39m: Synced - slot: 78 - head: (slot -2) 0x9631…ab0c - exec-block: valid/full(75 0xd7cb… bid:0xd7cb…) - finalized: 0x0000…0000:0 - peers: 3
[cl-4-lodestar-geth] Mar-04 15:07:40.577[chain]            [32minfo[39m: Publishing block slot=79, blockRoot=0xfe97b0f6f614e56711212c1e68603fec049c46da3a733d783fef6396a438d365, bodyRoot=0x90b054edfd203d07c12ce906d6a6a95ed5d179448b9638f5b567f03e7601225b, broadcastValidation=gossip, blockLocallyProduced=true
[cl-4-lodestar-geth] Mar-04 15:07:40.641[api]              [32minfo[39m: Produced execution payload envelope slot=79, blockRoot=0xfe97b0f6f614e56711212c1e68603fec049c46da3a733d783fef6396a438d365, transactions=0, blockHash=0x8b776ab62f03d33dfc366902df6b8f61834d871352c82cdee50e6383b80ba2c8
[cl-4-lodestar-geth] Mar-04 15:07:40.648[chain]            [32minfo[39m: Publishing execution payload envelope slot=79, blockRoot=0xfe97b0f6f614e56711212c1e68603fec049c46da3a733d783fef6396a438d365, builderIndex=Infinity, isSelfBuild=true, dataColumns=0
[cl-4-lodestar-geth] Mar-04 15:07:40.650[chain]            [32minfo[39m: Published execution payload envelope slot=79, blockRoot=0xfe97b0f6f614e56711212c1e68603fec049c46da3a733d783fef6396a438d365, builderIndex=Infinity, isSelfBuild=true, dataColumns=0, delaySec=0.6429998874664307, sentPeers=3
[cl-4-lodestar-geth] Mar-04 15:07:46.000[]                 [32minfo[39m: Synced - slot: 79 - head: 0xfe97…d365 - exec-block: valid/full(76 0x8b77… bid:0x8b77…) - finalized: 0x0000…0000:0 - peers: 3
[cl-4-lodestar-geth] Mar-04 15:07:58.002[]                 [32minfo[39m: Synced - slot: 80 - head: 0xaead…ec6b - exec-block: valid/full(73 0x871f… bid:0x871f…) - finalized: 0x0000…0000:0 - peers: 3
[cl-4-lodestar-geth] Mar-04 15:08:10.000[]                 [32minfo[39m: Synced - slot: 81 - head: (slot -1) 0xaead…ec6b - exec-block: valid/full(73 0x871f… bid:0x871f…) - finalized: 0x0000…0000:0 - peers: 3
[cl-4-lodestar-geth] Mar-04 15:08:22.000[]                 [32minfo[39m: Synced - slot: 82 - head: 0xf156…baf4 - exec-block: valid/full(74 0x4220… bid:0x4220…) - finalized: 0x0000…0000:0 - peers: 3
[cl-4-lodestar-geth] Mar-04 15:08:34.000[]                 [32minfo[39m: Synced - slot: 83 - head: 0xca13…fbc5 - exec-block: valid/full(75 0xdce4… bid:0xdce4…) - finalized: 0x0000…0000:0 - peers: 3
[cl-4-lodestar-geth] Mar-04 15:08:46.001[]                 [32minfo[39m: Synced - slot: 84 - head: 0x7978…6408 - exec-block: valid/full(76 0x6146… bid:0x6146…) - finalized: 0x0000…0000:0 - peers: 3
[cl-4-lodestar-geth] Mar-04 15:08:58.000[]                 [32minfo[39m: Synced - slot: 85 - head: (slot -1) 0x7978…6408 - exec-block: valid/full(76 0x6146… bid:0x6146…) - finalized: 0x0000…0000:0 - peers: 3
[cl-4-lodestar-geth] Mar-04 15:09:04.531[chain]            [32minfo[39m: Publishing block slot=86, blockRoot=0x43db4349a582cb9c2520001e6b85eb04ccf8afe44f0c3b57b1ff4c31ca90c20b, bodyRoot=0x6d6b6cd9d2c5b69cf836e680605d3a8dd52fa818d21725edae19a74fc852354e, broadcastValidation=gossip, blockLocallyProduced=true
[cl-4-lodestar-geth] Mar-04 15:09:04.620[api]              [32minfo[39m: Produced execution payload envelope slot=86, blockRoot=0x43db4349a582cb9c2520001e6b85eb04ccf8afe44f0c3b57b1ff4c31ca90c20b, transactions=0, blockHash=0xca0f76a3f069ba0652a63b358186ca46ae90e39114bc51e74736f1315178fbd4
[cl-4-lodestar-geth] Mar-04 15:09:04.628[chain]            [32minfo[39m: Publishing execution payload envelope slot=86, blockRoot=0x43db4349a582cb9c2520001e6b85eb04ccf8afe44f0c3b57b1ff4c31ca90c20b, builderIndex=Infinity, isSelfBuild=true, dataColumns=0
[cl-4-lodestar-geth] Mar-04 15:09:04.629[chain]            [32minfo[39m: Published execution payload envelope slot=86, blockRoot=0x43db4349a582cb9c2520001e6b85eb04ccf8afe44f0c3b57b1ff4c31ca90c20b, builderIndex=Infinity, isSelfBuild=true, dataColumns=0, delaySec=0.621999979019165, sentPeers=3
[cl-4-lodestar-geth] Mar-04 15:09:10.000[]                 [32minfo[39m: Synced - slot: 86 - head: 0x43db…c20b - exec-block: valid/full(77 0xca0f… bid:0xca0f…) - finalized: 0x0000…0000:0 - peers: 3
[cl-4-lodestar-geth] Mar-04 15:09:22.001[]                 [32minfo[39m: Synced - slot: 87 - head: (slot -1) 0x43db…c20b - exec-block: valid/full(77 0xca0f… bid:0xca0f…) - finalized: 0x0000…0000:0 - peers: 3
[cl-4-lodestar-geth] Mar-04 15:09:28.519[chain]            [32minfo[39m: Publishing block slot=88, blockRoot=0x57b27b010044a13e6ef0b94eed2c59f8f2ce6649d27aa6e21277335c119b5853, bodyRoot=0x95af442b655334d8b54992559282b4ece00628a2f25b7d692ac92eeeeaef8f32, broadcastValidation=gossip, blockLocallyProduced=true
[cl-4-lodestar-geth] Mar-04 15:09:28.585[api]              [32minfo[39m: Produced execution payload envelope slot=88, blockRoot=0x57b27b010044a13e6ef0b94eed2c59f8f2ce6649d27aa6e21277335c119b5853, transactions=0, blockHash=0x87214d8a1b315ca7150d0b76896cdf1e412f3bcedf8f7037b26a3ffc732f13f8
[cl-4-lodestar-geth] Mar-04 15:09:28.592[chain]            [32minfo[39m: Publishing execution payload envelope slot=88, blockRoot=0x57b27b010044a13e6ef0b94eed2c59f8f2ce6649d27aa6e21277335c119b5853, builderIndex=Infinity, isSelfBuild=true, dataColumns=0
[cl-4-lodestar-geth] Mar-04 15:09:28.594[chain]            [32minfo[39m: Published execution payload envelope slot=88, blockRoot=0x57b27b010044a13e6ef0b94eed2c59f8f2ce6649d27aa6e21277335c119b5853, builderIndex=Infinity, isSelfBuild=true, dataColumns=0, delaySec=0.5869998931884766, sentPeers=3
[cl-4-lodestar-geth] Mar-04 15:09:34.001[]                 [32minfo[39m: Synced - slot: 88 - head: 0x57b2…5853 - exec-block: valid/full(78 0x8721… bid:0x8721…) - finalized: 0x0000…0000:0 - peers: 3
[cl-4-lodestar-geth] Mar-04 15:09:46.000[]                 [32minfo[39m: Synced - slot: 89 - head: (slot -1) 0x57b2…5853 - exec-block: valid/full(78 0x8721… bid:0x8721…) - finalized: 0x0000…0000:0 - peers: 3
[cl-4-lodestar-geth] Mar-04 15:09:58.001[]                 [32minfo[39m: Synced - slot: 90 - head: (slot -2) 0x57b2…5853 - exec-block: valid/full(78 0x8721… bid:0x8721…) - finalized: 0x0000…0000:0 - peers: 3
[cl-4-lodestar-geth] Mar-04 15:10:10.004[]                 [32minfo[39m: Synced - slot: 91 - head: 0xa1d7…e26e - exec-block: valid/full(79 0x6e84… bid:0x6e84…) - finalized: 0x0000…0000:0 - peers: 3
[cl-4-lodestar-geth] Mar-04 15:10:22.001[]                 [32minfo[39m: Synced - slot: 92 - head: 0xc3ad…b242 - exec-block: valid/full(80 0x7f4d… bid:0x7f4d…) - finalized: 0x0000…0000:0 - peers: 3
[cl-4-lodestar-geth] Mar-04 15:10:34.000[]                 [32minfo[39m: Synced - slot: 93 - head: (slot -1) 0xc3ad…b242 - exec-block: valid/full(80 0x7f4d… bid:0x7f4d…) - finalized: 0x0000…0000:0 - peers: 3
[cl-4-lodestar-geth] Mar-04 15:10:46.000[]                 [32minfo[39m: Synced - slot: 94 - head: (slot -2) 0xc3ad…b242 - exec-block: valid/full(80 0x7f4d… bid:0x7f4d…) - finalized: 0x0000…0000:0 - peers: 3
[cl-4-lodestar-geth] Mar-04 15:10:52.521[chain]            [32minfo[39m: Publishing block slot=95, blockRoot=0xac7fb5405b0bb0b076a00fda88f35f733bafa00564606b473f293aa39efe7402, bodyRoot=0xa19961e4ecc6a2164a13341633e5c44aa7728d9eb35f4b80f9ea5d08ab7d7fba, broadcastValidation=gossip, blockLocallyProduced=true
[cl-4-lodestar-geth] Mar-04 15:10:52.594[api]              [32minfo[39m: Produced execution payload envelope slot=95, blockRoot=0xac7fb5405b0bb0b076a00fda88f35f733bafa00564606b473f293aa39efe7402, transactions=0, blockHash=0xe018c6f16a8eef2a2d1b81ef5cfc6bec9c1f593adfdcdec680c1f98040d3af72
[cl-4-lodestar-geth] Mar-04 15:10:52.602[chain]            [32minfo[39m: Publishing execution payload envelope slot=95, blockRoot=0xac7fb5405b0bb0b076a00fda88f35f733bafa00564606b473f293aa39efe7402, builderIndex=Infinity, isSelfBuild=true, dataColumns=0
[cl-4-lodestar-geth] Mar-04 15:10:52.603[chain]            [32minfo[39m: Published execution payload envelope slot=95, blockRoot=0xac7fb5405b0bb0b076a00fda88f35f733bafa00564606b473f293aa39efe7402, builderIndex=Infinity, isSelfBuild=true, dataColumns=0, delaySec=0.5959999561309814, sentPeers=3
[cl-4-lodestar-geth] Mar-04 15:10:58.000[]                 [32minfo[39m: Synced - slot: 95 - head: 0xac7f…7402 - exec-block: valid/full(81 0xe018… bid:0xe018…) - finalized: 0x0000…0000:0 - peers: 3
[cl-4-lodestar-geth] Mar-04 15:11:04.006[network]          [32minfo[39m: Unsubscribing gossip topics of previous fork boundary fork=fulu, epoch=0
[cl-4-lodestar-geth] Mar-04 15:11:04.022[network]          [32minfo[39m: Unsubscribing from long lived attnets of previous fork boundary fork=fulu, epoch=0
[cl-4-lodestar-geth] Mar-04 15:11:04.032[network]          [32minfo[39m: Unsubscribing from random attnets of previous fork boundary fork=fulu, epoch=0
[cl-4-lodestar-geth] Mar-04 15:11:10.000[]                 [32minfo[39m: Synced - slot: 96 - head: (slot -1) 0xac7f…7402 - exec-block: valid/full(81 0xe018… bid:0xe018…) - finalized: 0x0000…0000:0 - peers: 3
[cl-4-lodestar-geth] Mar-04 15:11:16.519[chain]            [32minfo[39m: Publishing block slot=97, blockRoot=0x7db121aaded9992db38a7280c1d1c83191a050c48a12fbfe7a2378c472b3e250, bodyRoot=0x8f6eb56c9e678fcab63d2cbeda8b1be510b8517c88a823a330426750ebf04c59, broadcastValidation=gossip, blockLocallyProduced=true
[cl-4-lodestar-geth] Mar-04 15:11:16.592[api]              [32minfo[39m: Produced execution payload envelope slot=97, blockRoot=0x7db121aaded9992db38a7280c1d1c83191a050c48a12fbfe7a2378c472b3e250, transactions=0, blockHash=0xe2d3b4291196850eb15f96d06461684cc109e1e098bf6a5476f8dc537b705d71
[cl-4-lodestar-geth] Mar-04 15:11:16.610[chain]            [32minfo[39m: Publishing execution payload envelope slot=97, blockRoot=0x7db121aaded9992db38a7280c1d1c83191a050c48a12fbfe7a2378c472b3e250, builderIndex=Infinity, isSelfBuild=true, dataColumns=0
[cl-4-lodestar-geth] Mar-04 15:11:16.612[chain]            [32minfo[39m: Published execution payload envelope slot=97, blockRoot=0x7db121aaded9992db38a7280c1d1c83191a050c48a12fbfe7a2378c472b3e250, builderIndex=Infinity, isSelfBuild=true, dataColumns=0, delaySec=0.5980000495910645, sentPeers=3
[cl-4-lodestar-geth] Mar-04 15:11:22.000[]                 [32minfo[39m: Synced - slot: 97 - head: 0x7db1…e250 - exec-block: valid/full(82 0xe2d3… bid:0xe2d3…) - finalized: 0x0000…0000:0 - peers: 3
