[vc-4-geth-lodestar] Mar-04 15:05:46.121[]                 [32minfo[39m: Published aggregateAndProofs slot=69, index=0, participants=16, count=7
[vc-4-geth-lodestar] Mar-04 15:05:52.741[]                 [32minfo[39m: Published SyncCommitteeMessage slot=70, count=128
[vc-4-geth-lodestar] Mar-04 15:05:52.741[]                 [32minfo[39m: Published attestations slot=70, head=0xf73e8db3, count=8
[vc-4-geth-lodestar] Mar-04 15:05:58.062[]                 [32minfo[39m: Published SyncCommitteeContribution slot=70, index=1, count=3
[vc-4-geth-lodestar] Mar-04 15:05:58.072[]                 [32minfo[39m: Published SyncCommitteeContribution slot=70, index=2, count=4
[vc-4-geth-lodestar] Mar-04 15:05:58.102[]                 [32minfo[39m: Published SyncCommitteeContribution slot=70, index=0, count=5
[vc-4-geth-lodestar] Mar-04 15:05:58.104[]                 [32minfo[39m: Published SyncCommitteeContribution slot=70, index=3, count=5
[vc-4-geth-lodestar] Mar-04 15:05:58.166[]                 [32minfo[39m: Published aggregateAndProofs slot=70, index=0, participants=14, count=8
[vc-4-geth-lodestar] Mar-04 15:06:04.784[]                 [32minfo[39m: Published SyncCommitteeMessage slot=71, count=128
[vc-4-geth-lodestar] Mar-04 15:06:04.786[]                 [32minfo[39m: Published attestations slot=71, head=0xade7528a, count=7
[vc-4-geth-lodestar] Mar-04 15:06:10.063[]                 [32minfo[39m: Published SyncCommitteeContribution slot=71, index=1, count=2
[vc-4-geth-lodestar] Mar-04 15:06:10.063[]                 [32minfo[39m: Published SyncCommitteeContribution slot=71, index=2, count=6
[vc-4-geth-lodestar] Mar-04 15:06:10.079[]                 [32minfo[39m: Published SyncCommitteeContribution slot=71, index=0, count=5
[vc-4-geth-lodestar] Mar-04 15:06:10.080[]                 [32minfo[39m: Published SyncCommitteeContribution slot=71, index=3, count=2
[vc-4-geth-lodestar] Mar-04 15:06:10.086[]                 [32minfo[39m: Published aggregateAndProofs slot=71, index=0, participants=14, count=7
[vc-4-geth-lodestar] Mar-04 15:06:16.712[]                 [32minfo[39m: Published SyncCommitteeMessage slot=72, count=128
[vc-4-geth-lodestar] Mar-04 15:06:16.733[]                 [32minfo[39m: Published attestations slot=72, head=0x87b5803c, count=6
[vc-4-geth-lodestar] Mar-04 15:06:22.071[]                 [32minfo[39m: Published SyncCommitteeContribution slot=72, index=1, count=4
[vc-4-geth-lodestar] Mar-04 15:06:22.073[]                 [32minfo[39m: Published SyncCommitteeContribution slot=72, index=2, count=6
[vc-4-geth-lodestar] Mar-04 15:06:22.078[]                 [32minfo[39m: Published SyncCommitteeContribution slot=72, index=0, count=3
[vc-4-geth-lodestar] Mar-04 15:06:22.080[]                 [32minfo[39m: Published SyncCommitteeContribution slot=72, index=3, count=8
[vc-4-geth-lodestar] Mar-04 15:06:22.152[]                 [32minfo[39m: Published aggregateAndProofs slot=72, index=0, participants=9, count=6
[vc-4-geth-lodestar] Mar-04 15:06:28.807[]                 [32minfo[39m: Published attestations slot=73, head=0xb1560b9d, count=2
[vc-4-geth-lodestar] Mar-04 15:06:28.809[]                 [32minfo[39m: Published SyncCommitteeMessage slot=73, count=128
[vc-4-geth-lodestar] Mar-04 15:06:34.073[]                 [32minfo[39m: Published SyncCommitteeContribution slot=73, index=1, count=9
[vc-4-geth-lodestar] Mar-04 15:06:34.073[]                 [32minfo[39m: Published aggregateAndProofs slot=73, index=0, participants=10, count=2
[vc-4-geth-lodestar] Mar-04 15:06:34.080[]                 [32minfo[39m: Published SyncCommitteeContribution slot=73, index=2, count=4
[vc-4-geth-lodestar] Mar-04 15:06:34.083[]                 [32minfo[39m: Published SyncCommitteeContribution slot=73, index=0, count=3
[vc-4-geth-lodestar] Mar-04 15:06:34.083[]                 [32minfo[39m: Published SyncCommitteeContribution slot=73, index=3, count=4
[vc-4-geth-lodestar] Mar-04 15:06:40.389[]                 [32minfo[39m: Published attestations slot=74, head=0x4c418f1f, count=1
[vc-4-geth-lodestar] Mar-04 15:06:40.393[]                 [32minfo[39m: Published SyncCommitteeMessage slot=74, count=128
[vc-4-geth-lodestar] Mar-04 15:06:46.067[]                 [32minfo[39m: Published SyncCommitteeContribution slot=74, index=2, count=4
[vc-4-geth-lodestar] Mar-04 15:06:46.067[]                 [32minfo[39m: Published SyncCommitteeContribution slot=74, index=0, count=4
[vc-4-geth-lodestar] Mar-04 15:06:46.068[]                 [32minfo[39m: Published aggregateAndProofs slot=74, index=0, participants=8, count=1
[vc-4-geth-lodestar] Mar-04 15:06:46.103[]                 [32minfo[39m: Published SyncCommitteeContribution slot=74, index=3, count=6
[vc-4-geth-lodestar] Mar-04 15:06:52.268[]                 [32minfo[39m: Published attestations slot=75, head=0xe7f57cbe, count=1
[vc-4-geth-lodestar] Mar-04 15:06:52.271[]                 [32minfo[39m: Published SyncCommitteeMessage slot=75, count=128
[vc-4-geth-lodestar] Mar-04 15:06:58.066[]                 [32minfo[39m: Published SyncCommitteeContribution slot=75, index=1, count=2
[vc-4-geth-lodestar] Mar-04 15:06:58.072[]                 [32minfo[39m: Published SyncCommitteeContribution slot=75, index=2, count=5
[vc-4-geth-lodestar] Mar-04 15:06:58.072[]                 [32minfo[39m: Published aggregateAndProofs slot=75, index=0, participants=7, count=1
[vc-4-geth-lodestar] Mar-04 15:06:58.090[]                 [32minfo[39m: Published SyncCommitteeContribution slot=75, index=0, count=6
[vc-4-geth-lodestar] Mar-04 15:06:58.090[]                 [32minfo[39m: Published SyncCommitteeContribution slot=75, index=3, count=4
[vc-4-geth-lodestar] Mar-04 15:07:04.655[]                 [32minfo[39m: Published block and execution payload envelope slot=76, validator=0x93f9d3ee, graffiti=undefined, consensusBlockValue=0.00058 ETH, blockRoot=0x96318971fe7d850e55d432463ce76b6952d32891d5cf039bda1b7f029b62ab0c
[vc-4-geth-lodestar] Mar-04 15:07:04.786[]                 [32minfo[39m: Published attestations slot=76, head=0x9631ab0c, count=3
[vc-4-geth-lodestar] Mar-04 15:07:04.793[]                 [32minfo[39m: Published SyncCommitteeMessage slot=76, count=128
[vc-4-geth-lodestar] Mar-04 15:07:10.094[]                 [32minfo[39m: Published SyncCommitteeContribution slot=76, index=1, count=2
[vc-4-geth-lodestar] Mar-04 15:07:10.096[]                 [32minfo[39m: Published SyncCommitteeContribution slot=76, index=2, count=5
[vc-4-geth-lodestar] Mar-04 15:07:10.096[]                 [32minfo[39m: Published SyncCommitteeContribution slot=76, index=0, count=2
[vc-4-geth-lodestar] Mar-04 15:07:10.153[]                 [32minfo[39m: Published SyncCommitteeContribution slot=76, index=3, count=7
[vc-4-geth-lodestar] Mar-04 15:07:10.154[]                 [32minfo[39m: Published aggregateAndProofs slot=76, index=0, participants=3, count=3
[vc-4-geth-lodestar] Mar-04 15:07:19.280[]                 [32minfo[39m: Published attestations slot=77, head=0x9631ab0c, count=3
[vc-4-geth-lodestar] Mar-04 15:07:19.294[]                 [32minfo[39m: Published SyncCommitteeMessage slot=77, count=128
[vc-4-geth-lodestar] Mar-04 15:07:22.073[]                 [32minfo[39m: Published SyncCommitteeContribution slot=77, index=1, count=3
[vc-4-geth-lodestar] Mar-04 15:07:22.074[]                 [32minfo[39m: Published SyncCommitteeContribution slot=77, index=2, count=4
[vc-4-geth-lodestar] Mar-04 15:07:22.077[]                 [32minfo[39m: Published aggregateAndProofs slot=77, index=0, participants=3, count=3
[vc-4-geth-lodestar] Mar-04 15:07:22.092[]                 [32minfo[39m: Published SyncCommitteeContribution slot=77, index=0, count=5
[vc-4-geth-lodestar] Mar-04 15:07:22.092[]                 [32minfo[39m: Published SyncCommitteeContribution slot=77, index=3, count=5
[vc-4-geth-lodestar] Mar-04 15:07:31.223[]                 [32minfo[39m: Published SyncCommitteeMessage slot=78, count=128
[vc-4-geth-lodestar] Mar-04 15:07:31.227[]                 [32minfo[39m: Published attestations slot=78, head=0x9631ab0c, count=5
[vc-4-geth-lodestar] Mar-04 15:07:34.074[]                 [32minfo[39m: Published SyncCommitteeContribution slot=78, index=1, count=5
[vc-4-geth-lodestar] Mar-04 15:07:34.075[]                 [32minfo[39m: Published SyncCommitteeContribution slot=78, index=2, count=3
[vc-4-geth-lodestar] Mar-04 15:07:34.148[]                 [32minfo[39m: Published SyncCommitteeContribution slot=78, index=3, count=7
[vc-4-geth-lodestar] Mar-04 15:07:34.155[]                 [32minfo[39m: Published aggregateAndProofs slot=78, index=0, participants=5, count=5
[vc-4-geth-lodestar] Mar-04 15:07:40.652[]                 [32minfo[39m: Published block and execution payload envelope slot=79, validator=0x824bd171, graffiti=undefined, consensusBlockValue=0.00107 ETH, blockRoot=0xfe97b0f6f614e56711212c1e68603fec049c46da3a733d783fef6396a438d365
[vc-4-geth-lodestar] Mar-04 15:07:40.752[]                 [32minfo[39m: Published attestations slot=79, head=0xfe97d365, count=2
[vc-4-geth-lodestar] Mar-04 15:07:40.757[]                 [32minfo[39m: Published SyncCommitteeMessage slot=79, count=128
[vc-4-geth-lodestar] Mar-04 15:07:46.050[]                 [32minfo[39m: Published SyncCommitteeContribution slot=79, index=1, count=4
[vc-4-geth-lodestar] Mar-04 15:07:46.053[]                 [32minfo[39m: Published SyncCommitteeContribution slot=79, index=2, count=3
[vc-4-geth-lodestar] Mar-04 15:07:46.056[]                 [32minfo[39m: Published aggregateAndProofs slot=79, index=0, participants=2, count=2
[vc-4-geth-lodestar] Mar-04 15:07:46.117[]                 [32minfo[39m: Published SyncCommitteeContribution slot=79, index=0, count=4
[vc-4-geth-lodestar] Mar-04 15:07:46.117[]                 [32minfo[39m: Published SyncCommitteeContribution slot=79, index=3, count=8
[vc-4-geth-lodestar] Mar-04 15:07:52.769[]                 [32minfo[39m: Published SyncCommitteeMessage slot=80, count=128
[vc-4-geth-lodestar] Mar-04 15:07:52.770[]                 [32minfo[39m: Published attestations slot=80, head=0xaeadec6b, count=5
[vc-4-geth-lodestar] Mar-04 15:07:58.054[]                 [32minfo[39m: Published SyncCommitteeContribution slot=80, index=1, count=6
[vc-4-geth-lodestar] Mar-04 15:07:58.055[]                 [32minfo[39m: Published SyncCommitteeContribution slot=80, index=2, count=4
[vc-4-geth-lodestar] Mar-04 15:07:58.056[]                 [32minfo[39m: Published SyncCommitteeContribution slot=80, index=0, count=3
[vc-4-geth-lodestar] Mar-04 15:07:58.057[]                 [32minfo[39m: Published SyncCommitteeContribution slot=80, index=3, count=6
[vc-4-geth-lodestar] Mar-04 15:07:58.140[]                 [32minfo[39m: Published aggregateAndProofs slot=80, index=0, participants=5, count=5
[vc-4-geth-lodestar] Mar-04 15:08:07.298[]                 [32minfo[39m: Published SyncCommitteeMessage slot=81, count=128
[vc-4-geth-lodestar] Mar-04 15:08:07.298[]                 [32minfo[39m: Published attestations slot=81, head=0xaeadec6b, count=7
[vc-4-geth-lodestar] Mar-04 15:08:10.076[]                 [32minfo[39m: Published SyncCommitteeContribution slot=81, index=1, count=6
[vc-4-geth-lodestar] Mar-04 15:08:10.083[]                 [32minfo[39m: Published SyncCommitteeContribution slot=81, index=2, count=4
[vc-4-geth-lodestar] Mar-04 15:08:10.083[]                 [32minfo[39m: Published SyncCommitteeContribution slot=81, index=0, count=4
[vc-4-geth-lodestar] Mar-04 15:08:10.085[]                 [32minfo[39m: Published SyncCommitteeContribution slot=81, index=3, count=4
[vc-4-geth-lodestar] Mar-04 15:08:10.168[]                 [32minfo[39m: Published aggregateAndProofs slot=81, index=0, participants=11, count=7
[vc-4-geth-lodestar] Mar-04 15:08:16.697[]                 [32minfo[39m: Published attestations slot=82, head=0xf156baf4, count=3
[vc-4-geth-lodestar] Mar-04 15:08:16.730[]                 [32minfo[39m: Published SyncCommitteeMessage slot=82, count=128
[vc-4-geth-lodestar] Mar-04 15:08:22.045[]                 [32minfo[39m: Published SyncCommitteeContribution slot=82, index=1, count=3
[vc-4-geth-lodestar] Mar-04 15:08:22.046[]                 [32minfo[39m: Published SyncCommitteeContribution slot=82, index=2, count=4
[vc-4-geth-lodestar] Mar-04 15:08:22.049[]                 [32minfo[39m: Published SyncCommitteeContribution slot=82, index=0, count=3
[vc-4-geth-lodestar] Mar-04 15:08:22.099[]                 [32minfo[39m: Published SyncCommitteeContribution slot=82, index=3, count=5
[vc-4-geth-lodestar] Mar-04 15:08:22.099[]                 [32minfo[39m: Published aggregateAndProofs slot=82, index=0, participants=7, count=3
[vc-4-geth-lodestar] Mar-04 15:08:28.640[]                 [32minfo[39m: Published attestations slot=83, head=0xca13fbc5, count=3
[vc-4-geth-lodestar] Mar-04 15:08:28.680[]                 [32minfo[39m: Published SyncCommitteeMessage slot=83, count=128
[vc-4-geth-lodestar] Mar-04 15:08:34.052[]                 [32minfo[39m: Published SyncCommitteeContribution slot=83, index=1, count=3
[vc-4-geth-lodestar] Mar-04 15:08:34.052[]                 [32minfo[39m: Published SyncCommitteeContribution slot=83, index=2, count=5
[vc-4-geth-lodestar] Mar-04 15:08:34.056[]                 [32minfo[39m: Published aggregateAndProofs slot=83, index=0, participants=7, count=3
[vc-4-geth-lodestar] Mar-04 15:08:34.100[]                 [32minfo[39m: Published SyncCommitteeContribution slot=83, index=0, count=4
[vc-4-geth-lodestar] Mar-04 15:08:34.104[]                 [32minfo[39m: Published SyncCommitteeContribution slot=83, index=3, count=6
[vc-4-geth-lodestar] Mar-04 15:08:40.673[]                 [32minfo[39m: Published SyncCommitteeMessage slot=84, count=128
[vc-4-geth-lodestar] Mar-04 15:08:40.725[]                 [32minfo[39m: Published attestations slot=84, head=0x79786408, count=5
[vc-4-geth-lodestar] Mar-04 15:08:46.051[]                 [32minfo[39m: Published SyncCommitteeContribution slot=84, index=1, count=4
[vc-4-geth-lodestar] Mar-04 15:08:46.059[]                 [32minfo[39m: Published SyncCommitteeContribution slot=84, index=2, count=6
[vc-4-geth-lodestar] Mar-04 15:08:46.063[]                 [32minfo[39m: Published SyncCommitteeContribution slot=84, index=0, count=3
[vc-4-geth-lodestar] Mar-04 15:08:46.064[]                 [32minfo[39m: Published SyncCommitteeContribution slot=84, index=3, count=4
[vc-4-geth-lodestar] Mar-04 15:08:46.069[]                 [32minfo[39m: Published aggregateAndProofs slot=84, index=0, participants=5, count=5
[vc-4-geth-lodestar] Mar-04 15:08:55.320[]                 [32minfo[39m: Published SyncCommitteeMessage slot=85, count=128
[vc-4-geth-lodestar] Mar-04 15:08:55.324[]                 [32minfo[39m: Published attestations slot=85, head=0x79786408, count=6
[vc-4-geth-lodestar] Mar-04 15:08:58.052[]                 [32minfo[39m: Published SyncCommitteeContribution slot=85, index=1, count=3
[vc-4-geth-lodestar] Mar-04 15:08:58.055[]                 [32minfo[39m: Published SyncCommitteeContribution slot=85, index=2, count=3
[vc-4-geth-lodestar] Mar-04 15:08:58.068[]                 [32minfo[39m: Published SyncCommitteeContribution slot=85, index=0, count=7
[vc-4-geth-lodestar] Mar-04 15:08:58.068[]                 [32minfo[39m: Published SyncCommitteeContribution slot=85, index=3, count=4
[vc-4-geth-lodestar] Mar-04 15:08:58.137[]                 [32minfo[39m: Published aggregateAndProofs slot=85, index=0, participants=10, count=6
[vc-4-geth-lodestar] Mar-04 15:09:04.630[]                 [32minfo[39m: Published block and execution payload envelope slot=86, validator=0xabc58aa1, graffiti=undefined, consensusBlockValue=0.00148 ETH, blockRoot=0x43db4349a582cb9c2520001e6b85eb04ccf8afe44f0c3b57b1ff4c31ca90c20b
[vc-4-geth-lodestar] Mar-04 15:09:04.748[]                 [32minfo[39m: Published SyncCommitteeMessage slot=86, count=128
[vc-4-geth-lodestar] Mar-04 15:09:04.754[]                 [32minfo[39m: Published attestations slot=86, head=0x43dbc20b, count=7
[vc-4-geth-lodestar] Mar-04 15:09:10.081[]                 [32minfo[39m: Published SyncCommitteeContribution slot=86, index=1, count=3
[vc-4-geth-lodestar] Mar-04 15:09:10.081[]                 [32minfo[39m: Published SyncCommitteeContribution slot=86, index=2, count=6
[vc-4-geth-lodestar] Mar-04 15:09:10.083[]                 [32minfo[39m: Published SyncCommitteeContribution slot=86, index=0, count=6
[vc-4-geth-lodestar] Mar-04 15:09:10.083[]                 [32minfo[39m: Published SyncCommitteeContribution slot=86, index=3, count=5
[vc-4-geth-lodestar] Mar-04 15:09:10.115[]                 [32minfo[39m: Published aggregateAndProofs slot=86, index=0, participants=7, count=7
[vc-4-geth-lodestar] Mar-04 15:09:19.244[]                 [32minfo[39m: Published attestations slot=87, head=0x43dbc20b, count=2
[vc-4-geth-lodestar] Mar-04 15:09:19.258[]                 [32minfo[39m: Published SyncCommitteeMessage slot=87, count=128
[vc-4-geth-lodestar] Mar-04 15:09:22.053[]                 [32minfo[39m: Published SyncCommitteeContribution slot=87, index=1, count=7
[vc-4-geth-lodestar] Mar-04 15:09:22.053[]                 [32minfo[39m: Published SyncCommitteeContribution slot=87, index=2, count=2
[vc-4-geth-lodestar] Mar-04 15:09:22.078[]                 [32minfo[39m: Published SyncCommitteeContribution slot=87, index=0, count=4
[vc-4-geth-lodestar] Mar-04 15:09:22.099[]                 [32minfo[39m: Published SyncCommitteeContribution slot=87, index=3, count=10
[vc-4-geth-lodestar] Mar-04 15:09:22.100[]                 [32minfo[39m: Published aggregateAndProofs slot=87, index=0, participants=6, count=2
[vc-4-geth-lodestar] Mar-04 15:09:28.595[]                 [32minfo[39m: Published block and execution payload envelope slot=88, validator=0x987af98f, graffiti=undefined, consensusBlockValue=0.00118 ETH, blockRoot=0x57b27b010044a13e6ef0b94eed2c59f8f2ce6649d27aa6e21277335c119b5853
[vc-4-geth-lodestar] Mar-04 15:09:28.668[]                 [32minfo[39m: Published SyncCommitteeMessage slot=88, count=128
[vc-4-geth-lodestar] Mar-04 15:09:28.724[]                 [32minfo[39m: Published attestations slot=88, head=0x57b25853, count=5
[vc-4-geth-lodestar] Mar-04 15:09:34.052[]                 [32minfo[39m: Published SyncCommitteeContribution slot=88, index=1, count=2
[vc-4-geth-lodestar] Mar-04 15:09:34.054[]                 [32minfo[39m: Published SyncCommitteeContribution slot=88, index=2, count=4
[vc-4-geth-lodestar] Mar-04 15:09:34.055[]                 [32minfo[39m: Published SyncCommitteeContribution slot=88, index=0, count=5
[vc-4-geth-lodestar] Mar-04 15:09:34.088[]                 [32minfo[39m: Published SyncCommitteeContribution slot=88, index=3, count=3
[vc-4-geth-lodestar] Mar-04 15:09:34.089[]                 [32minfo[39m: Published aggregateAndProofs slot=88, index=0, participants=5, count=5
[vc-4-geth-lodestar] Mar-04 15:09:43.261[]                 [32minfo[39m: Published attestations slot=89, head=0x57b25853, count=3
[vc-4-geth-lodestar] Mar-04 15:09:43.263[]                 [32minfo[39m: Published SyncCommitteeMessage slot=89, count=128
[vc-4-geth-lodestar] Mar-04 15:09:46.058[]                 [32minfo[39m: Published SyncCommitteeContribution slot=89, index=1, count=5
[vc-4-geth-lodestar] Mar-04 15:09:46.059[]                 [32minfo[39m: Published aggregateAndProofs slot=89, index=0, participants=3, count=3
[vc-4-geth-lodestar] Mar-04 15:09:46.063[]                 [32minfo[39m: Published SyncCommitteeContribution slot=89, index=2, count=7
[vc-4-geth-lodestar] Mar-04 15:09:46.066[]                 [32minfo[39m: Published SyncCommitteeContribution slot=89, index=0, count=4
[vc-4-geth-lodestar] Mar-04 15:09:46.071[]                 [32minfo[39m: Published SyncCommitteeContribution slot=89, index=3, count=6
[vc-4-geth-lodestar] Mar-04 15:09:55.204[]                 [32minfo[39m: Published attestations slot=90, head=0x57b25853, count=3
[vc-4-geth-lodestar] Mar-04 15:09:55.233[]                 [32minfo[39m: Published SyncCommitteeMessage slot=90, count=128
[vc-4-geth-lodestar] Mar-04 15:09:58.061[]                 [32minfo[39m: Published SyncCommitteeContribution slot=90, index=1, count=2
[vc-4-geth-lodestar] Mar-04 15:09:58.063[]                 [32minfo[39m: Published aggregateAndProofs slot=90, index=0, participants=3, count=3
[vc-4-geth-lodestar] Mar-04 15:09:58.077[]                 [32minfo[39m: Published SyncCommitteeContribution slot=90, index=2, count=8
[vc-4-geth-lodestar] Mar-04 15:09:58.081[]                 [32minfo[39m: Published SyncCommitteeContribution slot=90, index=0, count=6
[vc-4-geth-lodestar] Mar-04 15:09:58.097[]                 [32minfo[39m: Published SyncCommitteeContribution slot=90, index=3, count=8
[vc-4-geth-lodestar] Mar-04 15:10:04.639[]                 [32minfo[39m: Published attestations slot=91, head=0xa1d7e26e, count=4
[vc-4-geth-lodestar] Mar-04 15:10:04.700[]                 [32minfo[39m: Published SyncCommitteeMessage slot=91, count=128
[vc-4-geth-lodestar] Mar-04 15:10:10.064[]                 [32minfo[39m: Published SyncCommitteeContribution slot=91, index=1, count=5
[vc-4-geth-lodestar] Mar-04 15:10:10.065[]                 [32minfo[39m: Published aggregateAndProofs slot=91, index=0, participants=9, count=4
[vc-4-geth-lodestar] Mar-04 15:10:10.069[]                 [32minfo[39m: Published SyncCommitteeContribution slot=91, index=2, count=4
[vc-4-geth-lodestar] Mar-04 15:10:10.071[]                 [32minfo[39m: Published SyncCommitteeContribution slot=91, index=0, count=6
[vc-4-geth-lodestar] Mar-04 15:10:10.134[]                 [32minfo[39m: Published SyncCommitteeContribution slot=91, index=3, count=4
[vc-4-geth-lodestar] Mar-04 15:10:16.665[]                 [32minfo[39m: Published attestations slot=92, head=0xc3adb242, count=4
[vc-4-geth-lodestar] Mar-04 15:10:16.689[]                 [32minfo[39m: Published SyncCommitteeMessage slot=92, count=128
[vc-4-geth-lodestar] Mar-04 15:10:22.052[]                 [32minfo[39m: Published SyncCommitteeContribution slot=92, index=1, count=2
[vc-4-geth-lodestar] Mar-04 15:10:22.052[]                 [32minfo[39m: Published SyncCommitteeContribution slot=92, index=2, count=5
[vc-4-geth-lodestar] Mar-04 15:10:22.052[]                 [32minfo[39m: Published aggregateAndProofs slot=92, index=0, participants=9, count=4
[vc-4-geth-lodestar] Mar-04 15:10:22.058[]                 [32minfo[39m: Published SyncCommitteeContribution slot=92, index=0, count=6
[vc-4-geth-lodestar] Mar-04 15:10:22.059[]                 [32minfo[39m: Published SyncCommitteeContribution slot=92, index=3, count=5
[vc-4-geth-lodestar] Mar-04 15:10:31.132[]                 [32minfo[39m: Published attestations slot=93, head=0xc3adb242, count=4
[vc-4-geth-lodestar] Mar-04 15:10:31.204[]                 [32minfo[39m: Published SyncCommitteeMessage slot=93, count=128
[vc-4-geth-lodestar] Mar-04 15:10:34.048[]                 [32minfo[39m: Published SyncCommitteeContribution slot=93, index=2, count=7
[vc-4-geth-lodestar] Mar-04 15:10:34.049[]                 [32minfo[39m: Published aggregateAndProofs slot=93, index=0, participants=8, count=4
[vc-4-geth-lodestar] Mar-04 15:10:34.076[]                 [32minfo[39m: Published SyncCommitteeContribution slot=93, index=0, count=3
[vc-4-geth-lodestar] Mar-04 15:10:34.076[]                 [32minfo[39m: Published SyncCommitteeContribution slot=93, index=3, count=2
[vc-4-geth-lodestar] Mar-04 15:10:43.206[]                 [32minfo[39m: Published SyncCommitteeMessage slot=94, count=128
[vc-4-geth-lodestar] Mar-04 15:10:43.221[]                 [32minfo[39m: Published attestations slot=94, head=0xc3adb242, count=5
[vc-4-geth-lodestar] Mar-04 15:10:46.046[]                 [32minfo[39m: Published SyncCommitteeContribution slot=94, index=1, count=1
[vc-4-geth-lodestar] Mar-04 15:10:46.047[]                 [32minfo[39m: Published SyncCommitteeContribution slot=94, index=2, count=6
[vc-4-geth-lodestar] Mar-04 15:10:46.054[]                 [32minfo[39m: Published SyncCommitteeContribution slot=94, index=0, count=5
[vc-4-geth-lodestar] Mar-04 15:10:46.056[]                 [32minfo[39m: Published SyncCommitteeContribution slot=94, index=3, count=5
[vc-4-geth-lodestar] Mar-04 15:10:46.057[]                 [32minfo[39m: Published aggregateAndProofs slot=94, index=0, participants=8, count=5
[vc-4-geth-lodestar] Mar-04 15:10:52.604[]                 [32minfo[39m: Published block and execution payload envelope slot=95, validator=0xb8c6b560, graffiti=undefined, consensusBlockValue=0.00131 ETH, blockRoot=0xac7fb5405b0bb0b076a00fda88f35f733bafa00564606b473f293aa39efe7402
[vc-4-geth-lodestar] Mar-04 15:10:52.628[]                 [32minfo[39m: Published attestations slot=95, head=0xac7f7402, count=4
[vc-4-geth-lodestar] Mar-04 15:10:52.677[]                 [32minfo[39m: Published SyncCommitteeMessage slot=95, count=128
[vc-4-geth-lodestar] Mar-04 15:10:58.050[]                 [32minfo[39m: Published SyncCommitteeContribution slot=95, index=1, count=5
[vc-4-geth-lodestar] Mar-04 15:10:58.053[]                 [32minfo[39m: Published aggregateAndProofs slot=95, index=0, participants=4, count=4
[vc-4-geth-lodestar] Mar-04 15:10:58.064[]                 [32minfo[39m: Published SyncCommitteeContribution slot=95, index=2, count=4
[vc-4-geth-lodestar] Mar-04 15:10:58.064[]                 [32minfo[39m: Published SyncCommitteeContribution slot=95, index=0, count=4
[vc-4-geth-lodestar] Mar-04 15:10:58.152[]                 [32minfo[39m: Published SyncCommitteeContribution slot=95, index=3, count=6
[vc-4-geth-lodestar] Mar-04 15:11:07.201[]                 [32minfo[39m: Published SyncCommitteeMessage slot=96, count=128
[vc-4-geth-lodestar] Mar-04 15:11:07.279[]                 [32minfo[39m: Published attestations slot=96, head=0xac7f7402, count=7
[vc-4-geth-lodestar] Mar-04 15:11:10.063[]                 [32minfo[39m: Published SyncCommitteeContribution slot=96, index=1, count=1
[vc-4-geth-lodestar] Mar-04 15:11:10.064[]                 [32minfo[39m: Published SyncCommitteeContribution slot=96, index=2, count=3
[vc-4-geth-lodestar] Mar-04 15:11:10.067[]                 [32minfo[39m: Published SyncCommitteeContribution slot=96, index=0, count=7
[vc-4-geth-lodestar] Mar-04 15:11:10.068[]                 [32minfo[39m: Published SyncCommitteeContribution slot=96, index=3, count=9
[vc-4-geth-lodestar] Mar-04 15:11:10.149[]                 [32minfo[39m: Published aggregateAndProofs slot=96, index=0, participants=11, count=7
[vc-4-geth-lodestar] Mar-04 15:11:16.620[]                 [32minfo[39m: Published block and execution payload envelope slot=97, validator=0x8f4fb77c, graffiti=undefined, consensusBlockValue=0.00095 ETH, blockRoot=0x7db121aaded9992db38a7280c1d1c83191a050c48a12fbfe7a2378c472b3e250
[vc-4-geth-lodestar] Mar-04 15:11:16.638[]                 [32minfo[39m: Published attestations slot=97, head=0x7db1e250, count=4
[vc-4-geth-lodestar] Mar-04 15:11:16.679[]                 [32minfo[39m: Published SyncCommitteeMessage slot=97, count=128
[vc-4-geth-lodestar] Mar-04 15:11:22.061[]                 [32minfo[39m: Published SyncCommitteeContribution slot=97, index=1, count=3
[vc-4-geth-lodestar] Mar-04 15:11:22.064[]                 [32minfo[39m: Published aggregateAndProofs slot=97, index=0, participants=4, count=4
[vc-4-geth-lodestar] Mar-04 15:11:22.076[]                 [32minfo[39m: Published SyncCommitteeContribution slot=97, index=2, count=5
[vc-4-geth-lodestar] Mar-04 15:11:22.077[]                 [32minfo[39m: Published SyncCommitteeContribution slot=97, index=0, count=5
[vc-4-geth-lodestar] Mar-04 15:11:22.077[]                 [32minfo[39m: Published SyncCommitteeContribution slot=97, index=3, count=2
