[cl-3-lodestar-geth] Mar-04 15:07:34.006[]                 [32minfo[39m: Synced - slot: 78 - head: (slot -4) 0x4c41…8f1f - exec-block: valid/full(72 0x9b34… bid:0x9b34…) - finalized: 0x0000…0000:0 - peers: 3
[cl-3-lodestar-geth] Mar-04 15:07:34.458[sync]             [33mwarn[39m: UnknownBlockSync processBlock failed slot=75, root=0xe7f5ca1e7594c8ca1836bfdeccda8d00f23223975ef3b40d6cb21cd542bc7cbe, errCode=BLOCK_ERROR_PRESTATE_MISSING, errMessage=BLOCK_ERROR_PRESTATE_MISSING, nestedErrMessage=REGEN_ERROR_BLOCK_NOT_IN_FORKCHOICE
[cl-3-lodestar-geth] Mar-04 15:07:42.571[sync]             [33mwarn[39m: UnknownBlockSync processBlock failed slot=75, root=0xe7f5ca1e7594c8ca1836bfdeccda8d00f23223975ef3b40d6cb21cd542bc7cbe, errCode=BLOCK_ERROR_PRESTATE_MISSING, errMessage=BLOCK_ERROR_PRESTATE_MISSING, nestedErrMessage=REGEN_ERROR_BLOCK_NOT_IN_FORKCHOICE
[cl-3-lodestar-geth] Mar-04 15:07:46.000[]                 [32minfo[39m: Synced - slot: 79 - head: (slot -5) 0x4c41…8f1f - exec-block: valid/full(72 0x9b34… bid:0x9b34…) - finalized: 0x0000…0000:0 - peers: 3
[cl-3-lodestar-geth] Mar-04 15:07:52.003[chain]            [33mwarn[39m: FULL parent variant unavailable for Gloas block production, using default slot=80, parentBlockRoot=0x4c41c8b4a5cc4cc499c787a151d7583af0dc0ef68e6f5eb80196a8c2f72c8f1f, parentPayloadStatus=1
[cl-3-lodestar-geth] Mar-04 15:07:52.520[chain]            [32minfo[39m: Publishing block slot=80, blockRoot=0xaead2d3b4fa2f92adf021faba187083b76ea483ea3d84ea6f25dbcfc3200ec6b, bodyRoot=0x4119a1f080e8a33dbecb4487724d8f03db4a72f6c2f6dbda44927cc79235b803, broadcastValidation=gossip, blockLocallyProduced=true
[cl-3-lodestar-geth] Mar-04 15:07:52.625[api]              [32minfo[39m: Produced execution payload envelope slot=80, blockRoot=0xaead2d3b4fa2f92adf021faba187083b76ea483ea3d84ea6f25dbcfc3200ec6b, transactions=0, blockHash=0x871f2310203973dd787968fe7bba8822955a1ca69e788d23422536069705e9bc
[cl-3-lodestar-geth] Mar-04 15:07:52.637[chain]            [32minfo[39m: Publishing execution payload envelope slot=80, blockRoot=0xaead2d3b4fa2f92adf021faba187083b76ea483ea3d84ea6f25dbcfc3200ec6b, builderIndex=Infinity, isSelfBuild=true, dataColumns=0
[cl-3-lodestar-geth] Mar-04 15:07:52.640[chain]            [32minfo[39m: Published execution payload envelope slot=80, blockRoot=0xaead2d3b4fa2f92adf021faba187083b76ea483ea3d84ea6f25dbcfc3200ec6b, builderIndex=Infinity, isSelfBuild=true, dataColumns=0, delaySec=0.6289999485015869, sentPeers=3
[cl-3-lodestar-geth] Mar-04 15:07:54.543[sync]             [33mwarn[39m: UnknownBlockSync processBlock failed slot=75, root=0xe7f5ca1e7594c8ca1836bfdeccda8d00f23223975ef3b40d6cb21cd542bc7cbe, errCode=BLOCK_ERROR_PRESTATE_MISSING, errMessage=BLOCK_ERROR_PRESTATE_MISSING, nestedErrMessage=REGEN_ERROR_BLOCK_NOT_IN_FORKCHOICE
[cl-3-lodestar-geth] Mar-04 15:07:58.001[]                 [32minfo[39m: Synced - slot: 80 - head: 0xaead…ec6b - exec-block: valid/full(73 0x871f… bid:0x871f…) - finalized: 0x0000…0000:0 - peers: 3
[cl-3-lodestar-geth] Mar-04 15:08:10.001[]                 [32minfo[39m: Synced - slot: 81 - head: (slot -1) 0xaead…ec6b - exec-block: valid/full(73 0x871f… bid:0x871f…) - finalized: 0x0000…0000:0 - peers: 3
[cl-3-lodestar-geth] Mar-04 15:08:16.567[chain]            [32minfo[39m: Publishing block slot=82, blockRoot=0xf15618ff186f36b797022fd11f2dbe640de816e092dba338c3293fd8da83baf4, bodyRoot=0xf2f46e4d6a17f1e1f6c991c1a223fcd8e74ac27d62f88f0968c7adb702af04d7, broadcastValidation=gossip, blockLocallyProduced=true
[cl-3-lodestar-geth] Mar-04 15:08:16.631[api]              [32minfo[39m: Produced execution payload envelope slot=82, blockRoot=0xf15618ff186f36b797022fd11f2dbe640de816e092dba338c3293fd8da83baf4, transactions=0, blockHash=0x422097c8c5ac9029e9a30dc13b518dbdeddbdfecf558136747374d1dd8e4374b
[cl-3-lodestar-geth] Mar-04 15:08:16.639[chain]            [32minfo[39m: Publishing execution payload envelope slot=82, blockRoot=0xf15618ff186f36b797022fd11f2dbe640de816e092dba338c3293fd8da83baf4, builderIndex=Infinity, isSelfBuild=true, dataColumns=0
[cl-3-lodestar-geth] Mar-04 15:08:16.640[chain]            [32minfo[39m: Published execution payload envelope slot=82, blockRoot=0xf15618ff186f36b797022fd11f2dbe640de816e092dba338c3293fd8da83baf4, builderIndex=Infinity, isSelfBuild=true, dataColumns=0, delaySec=0.6329998970031738, sentPeers=3
[cl-3-lodestar-geth] Mar-04 15:08:18.542[sync]             [33mwarn[39m: UnknownBlockSync processBlock failed slot=75, root=0xe7f5ca1e7594c8ca1836bfdeccda8d00f23223975ef3b40d6cb21cd542bc7cbe, errCode=BLOCK_ERROR_PRESTATE_MISSING, errMessage=BLOCK_ERROR_PRESTATE_MISSING, nestedErrMessage=REGEN_ERROR_BLOCK_NOT_IN_FORKCHOICE
[cl-3-lodestar-geth] Mar-04 15:08:22.003[]                 [32minfo[39m: Synced - slot: 82 - head: 0xf156…baf4 - exec-block: valid/full(74 0x4220… bid:0x4220…) - finalized: 0x0000…0000:0 - peers: 3
[cl-3-lodestar-geth] Mar-04 15:08:28.521[chain]            [32minfo[39m: Publishing block slot=83, blockRoot=0xca13c4ee0ba55c3cd6f6aa1d8db11991d292197691ea030228c5b54a0827fbc5, bodyRoot=0x21fbd0321df4bfe5415a2ddf4e8bd36bcedb7162b84b355aba2b5a164d62a31e, broadcastValidation=gossip, blockLocallyProduced=true
[cl-3-lodestar-geth] Mar-04 15:08:28.586[api]              [32minfo[39m: Produced execution payload envelope slot=83, blockRoot=0xca13c4ee0ba55c3cd6f6aa1d8db11991d292197691ea030228c5b54a0827fbc5, transactions=0, blockHash=0xdce4c35b8bd828fa7cdd6e281a5452cba8e080c7a4c32677c4bb9ae893dfe00b
[cl-3-lodestar-geth] Mar-04 15:08:28.594[chain]            [32minfo[39m: Publishing execution payload envelope slot=83, blockRoot=0xca13c4ee0ba55c3cd6f6aa1d8db11991d292197691ea030228c5b54a0827fbc5, builderIndex=Infinity, isSelfBuild=true, dataColumns=0
[cl-3-lodestar-geth] Mar-04 15:08:28.595[chain]            [32minfo[39m: Published execution payload envelope slot=83, blockRoot=0xca13c4ee0ba55c3cd6f6aa1d8db11991d292197691ea030228c5b54a0827fbc5, builderIndex=Infinity, isSelfBuild=true, dataColumns=0, delaySec=0.5880000591278076, sentPeers=3
[cl-3-lodestar-geth] Mar-04 15:08:30.510[sync]             [33mwarn[39m: UnknownBlockSync processBlock failed slot=75, root=0xe7f5ca1e7594c8ca1836bfdeccda8d00f23223975ef3b40d6cb21cd542bc7cbe, errCode=BLOCK_ERROR_PRESTATE_MISSING, errMessage=BLOCK_ERROR_PRESTATE_MISSING, nestedErrMessage=REGEN_ERROR_BLOCK_NOT_IN_FORKCHOICE
[cl-3-lodestar-geth] Mar-04 15:08:34.000[]                 [32minfo[39m: Synced - slot: 83 - head: 0xca13…fbc5 - exec-block: valid/full(75 0xdce4… bid:0xdce4…) - finalized: 0x0000…0000:0 - peers: 3
[cl-3-lodestar-geth] Mar-04 15:08:40.518[chain]            [32minfo[39m: Publishing block slot=84, blockRoot=0x79785620b362e9b7f525b96aae4ce6caffb6d4bc2e76c7cd148c5d0a9c866408, bodyRoot=0x332557993a0789cb4c2ef0b22ff6ad29e7a1be86667417d7337e831ac1483f22, broadcastValidation=gossip, blockLocallyProduced=true
[cl-3-lodestar-geth] Mar-04 15:08:40.581[api]              [32minfo[39m: Produced execution payload envelope slot=84, blockRoot=0x79785620b362e9b7f525b96aae4ce6caffb6d4bc2e76c7cd148c5d0a9c866408, transactions=0, blockHash=0x6146ecfe1b1394298e4a2810a11e9121d8dd25ef7b90387b13c2ad547b7b1034
[cl-3-lodestar-geth] Mar-04 15:08:40.589[chain]            [32minfo[39m: Publishing execution payload envelope slot=84, blockRoot=0x79785620b362e9b7f525b96aae4ce6caffb6d4bc2e76c7cd148c5d0a9c866408, builderIndex=Infinity, isSelfBuild=true, dataColumns=0
[cl-3-lodestar-geth] Mar-04 15:08:40.590[chain]            [32minfo[39m: Published execution payload envelope slot=84, blockRoot=0x79785620b362e9b7f525b96aae4ce6caffb6d4bc2e76c7cd148c5d0a9c866408, builderIndex=Infinity, isSelfBuild=true, dataColumns=0, delaySec=0.5829999446868896, sentPeers=3
[cl-3-lodestar-geth] Mar-04 15:08:42.511[sync]             [33mwarn[39m: UnknownBlockSync processBlock failed slot=75, root=0xe7f5ca1e7594c8ca1836bfdeccda8d00f23223975ef3b40d6cb21cd542bc7cbe, errCode=BLOCK_ERROR_PRESTATE_MISSING, errMessage=BLOCK_ERROR_PRESTATE_MISSING, nestedErrMessage=REGEN_ERROR_BLOCK_NOT_IN_FORKCHOICE
[cl-3-lodestar-geth] Mar-04 15:08:46.000[]                 [32minfo[39m: Synced - slot: 84 - head: 0x7978…6408 - exec-block: valid/full(76 0x6146… bid:0x6146…) - finalized: 0x0000…0000:0 - peers: 3
[cl-3-lodestar-geth] Mar-04 15:08:58.001[]                 [32minfo[39m: Synced - slot: 85 - head: (slot -1) 0x7978…6408 - exec-block: valid/full(76 0x6146… bid:0x6146…) - finalized: 0x0000…0000:0 - peers: 3
[cl-3-lodestar-geth] Mar-04 15:09:04.549[chain]            [33mwarn[39m: Error processing attestations from block slot=86, erroredAttestations=5, code=FORKCHOICE_ERROR_INVALID_ATTESTATION, err=code=UNKNOWN_HEAD_BLOCK, beaconBlockRoot=0xe7f5ca1e7594c8ca1836bfdeccda8d00f23223975ef3b40d6cb21cd542bc7cbe
[cl-3-lodestar-geth] Error: FORKCHOICE_ERROR_INVALID_ATTESTATION
[cl-3-lodestar-geth]     at ForkChoice.validateAttestationData (file:///usr/app/packages/fork-choice/src/forkChoice/forkChoice.ts:1628:13)
[cl-3-lodestar-geth]     at ForkChoice.validateOnAttestation (file:///usr/app/packages/fork-choice/src/forkChoice/forkChoice.ts:1552:12)
[cl-3-lodestar-geth]     at ForkChoice.onAttestation (file:///usr/app/packages/fork-choice/src/forkChoice/forkChoice.ts:915:10)
[cl-3-lodestar-geth]     at BeaconChain.importBlock (file:///usr/app/packages/beacon-node/src/chain/blocks/importBlock.ts:188:27)
[cl-3-lodestar-geth]     at BeaconChain.processBlocks (file:///usr/app/packages/beacon-node/src/chain/blocks/index.ts:106:7)
[cl-3-lodestar-geth]     at JobItemQueue.runJob (file:///usr/app/packages/beacon-node/src/util/queue/itemQueue.ts:149:22)
[cl-3-lodestar-geth] Mar-04 15:09:06.550[sync]             [33mwarn[39m: UnknownBlockSync processBlock failed slot=75, root=0xe7f5ca1e7594c8ca1836bfdeccda8d00f23223975ef3b40d6cb21cd542bc7cbe, errCode=BLOCK_ERROR_PRESTATE_MISSING, errMessage=BLOCK_ERROR_PRESTATE_MISSING, nestedErrMessage=REGEN_ERROR_BLOCK_NOT_IN_FORKCHOICE
[cl-3-lodestar-geth] Mar-04 15:09:10.001[]                 [32minfo[39m: Synced - slot: 86 - head: 0x43db…c20b - exec-block: valid/full(77 0xca0f… bid:0xca0f…) - finalized: 0x0000…0000:0 - peers: 3
[cl-3-lodestar-geth] Mar-04 15:09:22.000[]                 [32minfo[39m: Synced - slot: 87 - head: (slot -1) 0x43db…c20b - exec-block: valid/full(77 0xca0f… bid:0xca0f…) - finalized: 0x0000…0000:0 - peers: 3
[cl-3-lodestar-geth] Mar-04 15:09:30.511[sync]             [33mwarn[39m: UnknownBlockSync processBlock failed slot=75, root=0xe7f5ca1e7594c8ca1836bfdeccda8d00f23223975ef3b40d6cb21cd542bc7cbe, errCode=BLOCK_ERROR_PRESTATE_MISSING, errMessage=BLOCK_ERROR_PRESTATE_MISSING, nestedErrMessage=REGEN_ERROR_BLOCK_NOT_IN_FORKCHOICE
[cl-3-lodestar-geth] Mar-04 15:09:34.001[]                 [32minfo[39m: Synced - slot: 88 - head: 0x57b2…5853 - exec-block: valid/full(78 0x8721… bid:0x8721…) - finalized: 0x0000…0000:0 - peers: 3
[cl-3-lodestar-geth] Mar-04 15:09:46.000[]                 [32minfo[39m: Synced - slot: 89 - head: (slot -1) 0x57b2…5853 - exec-block: valid/full(78 0x8721… bid:0x8721…) - finalized: 0x0000…0000:0 - peers: 3
[cl-3-lodestar-geth] Mar-04 15:09:58.005[]                 [32minfo[39m: Synced - slot: 90 - head: (slot -2) 0x57b2…5853 - exec-block: valid/full(78 0x8721… bid:0x8721…) - finalized: 0x0000…0000:0 - peers: 3
[cl-3-lodestar-geth] Mar-04 15:10:04.521[chain]            [32minfo[39m: Publishing block slot=91, blockRoot=0xa1d7d40eced5895c53171b88efa8eafe339f4b96aa5f94736fad9014e124e26e, bodyRoot=0x6635418dcfea0579e8fa145a69a1770d3569f47e9eca52964f55095cef961876, broadcastValidation=gossip, blockLocallyProduced=true
[cl-3-lodestar-geth] Mar-04 15:10:04.587[api]              [32minfo[39m: Produced execution payload envelope slot=91, blockRoot=0xa1d7d40eced5895c53171b88efa8eafe339f4b96aa5f94736fad9014e124e26e, transactions=0, blockHash=0x6e84a705fceaf23a7f1daf4300574d0f6a7fbed80cb0cff42b7da513442be05e
[cl-3-lodestar-geth] Mar-04 15:10:04.594[chain]            [32minfo[39m: Publishing execution payload envelope slot=91, blockRoot=0xa1d7d40eced5895c53171b88efa8eafe339f4b96aa5f94736fad9014e124e26e, builderIndex=Infinity, isSelfBuild=true, dataColumns=0
[cl-3-lodestar-geth] Mar-04 15:10:04.595[chain]            [32minfo[39m: Published execution payload envelope slot=91, blockRoot=0xa1d7d40eced5895c53171b88efa8eafe339f4b96aa5f94736fad9014e124e26e, builderIndex=Infinity, isSelfBuild=true, dataColumns=0, delaySec=0.5889999866485596, sentPeers=3
[cl-3-lodestar-geth] Mar-04 15:10:06.500[sync]             [33mwarn[39m: UnknownBlockSync processBlock failed slot=75, root=0xe7f5ca1e7594c8ca1836bfdeccda8d00f23223975ef3b40d6cb21cd542bc7cbe, errCode=BLOCK_ERROR_PRESTATE_MISSING, errMessage=BLOCK_ERROR_PRESTATE_MISSING, nestedErrMessage=REGEN_ERROR_BLOCK_NOT_IN_FORKCHOICE
[cl-3-lodestar-geth] Mar-04 15:10:10.000[]                 [32minfo[39m: Synced - slot: 91 - head: 0xa1d7…e26e - exec-block: valid/full(79 0x6e84… bid:0x6e84…) - finalized: 0x0000…0000:0 - peers: 3
[cl-3-lodestar-geth] Mar-04 15:10:16.516[chain]            [32minfo[39m: Publishing block slot=92, blockRoot=0xc3ad6ed8870f0848c5accaa130d6ef4ef952b3a90f2dd3ed3067bab65f20b242, bodyRoot=0xcfa6b478659cf81bbeccd9708f84e9ba94701b0c5c3f1c85c856c44dca81768a, broadcastValidation=gossip, blockLocallyProduced=true
[cl-3-lodestar-geth] Mar-04 15:10:16.577[api]              [32minfo[39m: Produced execution payload envelope slot=92, blockRoot=0xc3ad6ed8870f0848c5accaa130d6ef4ef952b3a90f2dd3ed3067bab65f20b242, transactions=0, blockHash=0x7f4dbc59ea9b8267917cd7576689ce27da59ed9d2a86e8f36b9c3a860c8fd83b
[cl-3-lodestar-geth] Mar-04 15:10:16.584[chain]            [32minfo[39m: Publishing execution payload envelope slot=92, blockRoot=0xc3ad6ed8870f0848c5accaa130d6ef4ef952b3a90f2dd3ed3067bab65f20b242, builderIndex=Infinity, isSelfBuild=true, dataColumns=0
[cl-3-lodestar-geth] Mar-04 15:10:16.592[chain]            [32minfo[39m: Published execution payload envelope slot=92, blockRoot=0xc3ad6ed8870f0848c5accaa130d6ef4ef952b3a90f2dd3ed3067bab65f20b242, builderIndex=Infinity, isSelfBuild=true, dataColumns=0, delaySec=0.5789999961853027, sentPeers=3
[cl-3-lodestar-geth] Mar-04 15:10:18.488[sync]             [33mwarn[39m: UnknownBlockSync processBlock failed slot=75, root=0xe7f5ca1e7594c8ca1836bfdeccda8d00f23223975ef3b40d6cb21cd542bc7cbe, errCode=BLOCK_ERROR_PRESTATE_MISSING, errMessage=BLOCK_ERROR_PRESTATE_MISSING, nestedErrMessage=REGEN_ERROR_BLOCK_NOT_IN_FORKCHOICE
[cl-3-lodestar-geth] Mar-04 15:10:22.000[]                 [32minfo[39m: Synced - slot: 92 - head: 0xc3ad…b242 - exec-block: valid/full(80 0x7f4d… bid:0x7f4d…) - finalized: 0x0000…0000:0 - peers: 3
[cl-3-lodestar-geth] Mar-04 15:10:34.001[]                 [32minfo[39m: Synced - slot: 93 - head: (slot -1) 0xc3ad…b242 - exec-block: valid/full(80 0x7f4d… bid:0x7f4d…) - finalized: 0x0000…0000:0 - peers: 3
[cl-3-lodestar-geth] Mar-04 15:10:46.000[]                 [32minfo[39m: Synced - slot: 94 - head: (slot -2) 0xc3ad…b242 - exec-block: valid/full(80 0x7f4d… bid:0x7f4d…) - finalized: 0x0000…0000:0 - peers: 3
[cl-3-lodestar-geth] Mar-04 15:10:54.519[sync]             [33mwarn[39m: UnknownBlockSync processBlock failed slot=75, root=0xe7f5ca1e7594c8ca1836bfdeccda8d00f23223975ef3b40d6cb21cd542bc7cbe, errCode=BLOCK_ERROR_PRESTATE_MISSING, errMessage=BLOCK_ERROR_PRESTATE_MISSING, nestedErrMessage=REGEN_ERROR_BLOCK_NOT_IN_FORKCHOICE
[cl-3-lodestar-geth] Mar-04 15:10:58.001[]                 [32minfo[39m: Synced - slot: 95 - head: 0xac7f…7402 - exec-block: valid/full(81 0xe018… bid:0xe018…) - finalized: 0x0000…0000:0 - peers: 3
[cl-3-lodestar-geth] Mar-04 15:11:04.004[network]          [32minfo[39m: Unsubscribing gossip topics of previous fork boundary fork=fulu, epoch=0
[cl-3-lodestar-geth] Mar-04 15:11:04.026[network]          [32minfo[39m: Unsubscribing from long lived attnets of previous fork boundary fork=fulu, epoch=0
[cl-3-lodestar-geth] Mar-04 15:11:04.036[network]          [32minfo[39m: Unsubscribing from random attnets of previous fork boundary fork=fulu, epoch=0
[cl-3-lodestar-geth] Mar-04 15:11:10.000[]                 [32minfo[39m: Synced - slot: 96 - head: (slot -1) 0xac7f…7402 - exec-block: valid/full(81 0xe018… bid:0xe018…) - finalized: 0x0000…0000:0 - peers: 3
[cl-3-lodestar-geth] Mar-04 15:11:18.532[sync]             [33mwarn[39m: UnknownBlockSync processBlock failed slot=75, root=0xe7f5ca1e7594c8ca1836bfdeccda8d00f23223975ef3b40d6cb21cd542bc7cbe, errCode=BLOCK_ERROR_PRESTATE_MISSING, errMessage=BLOCK_ERROR_PRESTATE_MISSING, nestedErrMessage=REGEN_ERROR_BLOCK_NOT_IN_FORKCHOICE
[cl-3-lodestar-geth] Mar-04 15:11:22.000[]                 [32minfo[39m: Synced - slot: 97 - head: 0x7db1…e250 - exec-block: valid/full(82 0xe2d3… bid:0xe2d3…) - finalized: 0x0000…0000:0 - peers: 3
[cl-3-lodestar-geth] Mar-04 15:11:30.515[sync]             [33mwarn[39m: UnknownBlockSync processBlock failed slot=75, root=0xe7f5ca1e7594c8ca1836bfdeccda8d00f23223975ef3b40d6cb21cd542bc7cbe, errCode=BLOCK_ERROR_PRESTATE_MISSING, errMessage=BLOCK_ERROR_PRESTATE_MISSING, nestedErrMessage=REGEN_ERROR_BLOCK_NOT_IN_FORKCHOICE
[cl-3-lodestar-geth] Mar-04 15:11:34.004[]                 [32minfo[39m: Synced - slot: 98 - head: 0x4dc4…4eea - exec-block: valid/full(83 0x9501… bid:0x9501…) - finalized: 0x0000…0000:0 - peers: 3
[cl-3-lodestar-geth] Mar-04 15:11:46.000[]                 [32minfo[39m: Synced - slot: 99 - head: (slot -1) 0x4dc4…4eea - exec-block: valid/full(83 0x9501… bid:0x9501…) - finalized: 0x0000…0000:0 - peers: 3
[cl-3-lodestar-geth] Mar-04 15:11:58.000[]                 [32minfo[39m: Synced - slot: 100 - head: (slot -2) 0x4dc4…4eea - exec-block: valid/full(83 0x9501… bid:0x9501…) - finalized: 0x0000…0000:0 - peers: 3
[cl-3-lodestar-geth] Mar-04 15:12:06.510[sync]             [33mwarn[39m: UnknownBlockSync processBlock failed slot=75, root=0xe7f5ca1e7594c8ca1836bfdeccda8d00f23223975ef3b40d6cb21cd542bc7cbe, errCode=BLOCK_ERROR_PRESTATE_MISSING, errMessage=BLOCK_ERROR_PRESTATE_MISSING, nestedErrMessage=REGEN_ERROR_BLOCK_NOT_IN_FORKCHOICE
[cl-3-lodestar-geth] Mar-04 15:12:10.000[]                 [32minfo[39m: Synced - slot: 101 - head: 0x9e57…5c32 - exec-block: valid/full(84 0xf651… bid:0xf651…) - finalized: 0x0000…0000:0 - peers: 3
[cl-3-lodestar-geth] Mar-04 15:12:12.076[sync]             [33mwarn[39m: UnknownBlockSync processBlock failed slot=75, root=0xe7f5ca1e7594c8ca1836bfdeccda8d00f23223975ef3b40d6cb21cd542bc7cbe, errCode=BLOCK_ERROR_PRESTATE_MISSING, errMessage=BLOCK_ERROR_PRESTATE_MISSING, nestedErrMessage=REGEN_ERROR_BLOCK_NOT_IN_FORKCHOICE
[cl-3-lodestar-geth] Mar-04 15:12:15.809[sync]             [33mwarn[39m: UnknownBlockSync processBlock failed slot=75, root=0xe7f5ca1e7594c8ca1836bfdeccda8d00f23223975ef3b40d6cb21cd542bc7cbe, errCode=BLOCK_ERROR_PRESTATE_MISSING, errMessage=BLOCK_ERROR_PRESTATE_MISSING, nestedErrMessage=REGEN_ERROR_BLOCK_NOT_IN_FORKCHOICE
[cl-3-lodestar-geth] Mar-04 15:12:22.000[]                 [32minfo[39m: Synced - slot: 102 - head: (slot -1) 0x9e57…5c32 - exec-block: valid/full(84 0xf651… bid:0xf651…) - finalized: 0x0000…0000:0 - peers: 3
[cl-3-lodestar-geth] Mar-04 15:12:34.000[]                 [32minfo[39m: Synced - slot: 103 - head: (slot -2) 0x9e57…5c32 - exec-block: valid/full(84 0xf651… bid:0xf651…) - finalized: 0x0000…0000:0 - peers: 3
[cl-3-lodestar-geth] Mar-04 15:12:44.402[sync]             [33mwarn[39m: UnknownBlockSync processBlock failed slot=75, root=0xe7f5ca1e7594c8ca1836bfdeccda8d00f23223975ef3b40d6cb21cd542bc7cbe, errCode=BLOCK_ERROR_PRESTATE_MISSING, errMessage=BLOCK_ERROR_PRESTATE_MISSING, nestedErrMessage=REGEN_ERROR_BLOCK_NOT_IN_FORKCHOICE
[cl-3-lodestar-geth] Mar-04 15:12:46.000[]                 [32minfo[39m: Synced - slot: 104 - head: (slot -3) 0x9e57…5c32 - exec-block: valid/full(84 0xf651… bid:0xf651…) - finalized: 0x0000…0000:0 - peers: 3
[cl-3-lodestar-geth] Mar-04 15:12:58.003[]                 [32minfo[39m: Synced - slot: 105 - head: (slot -4) 0x9e57…5c32 - exec-block: valid/full(84 0xf651… bid:0xf651…) - finalized: 0x0000…0000:0 - peers: 3
[cl-3-lodestar-geth] Mar-04 15:13:10.000[]                 [32minfo[39m: Synced - slot: 106 - head: (slot -5) 0x9e57…5c32 - exec-block: valid/full(84 0xf651… bid:0xf651…) - finalized: 0x0000…0000:0 - peers: 3
[cl-3-lodestar-geth] Mar-04 15:13:16.529[chain]            [32minfo[39m: Publishing block slot=107, blockRoot=0xd44970c2dad5b19474bc2f6e240377b81c1e6548645872554f7ffbbdf9dac84a, bodyRoot=0x07d6ec6af6e5dcaef36f45f2e10b6acb2e17d700efcef55c367bde3a65320994, broadcastValidation=gossip, blockLocallyProduced=true
[cl-3-lodestar-geth] Mar-04 15:13:16.596[api]              [32minfo[39m: Produced execution payload envelope slot=107, blockRoot=0xd44970c2dad5b19474bc2f6e240377b81c1e6548645872554f7ffbbdf9dac84a, transactions=0, blockHash=0x82fb0d0811caeabc878e08e02c800ff95324b3a7ced0cad526be3821f146a5da
[cl-3-lodestar-geth] Mar-04 15:13:16.601[chain]            [32minfo[39m: Publishing execution payload envelope slot=107, blockRoot=0xd44970c2dad5b19474bc2f6e240377b81c1e6548645872554f7ffbbdf9dac84a, builderIndex=Infinity, isSelfBuild=true, dataColumns=0
[cl-3-lodestar-geth] Mar-04 15:13:16.603[chain]            [32minfo[39m: Published execution payload envelope slot=107, blockRoot=0xd44970c2dad5b19474bc2f6e240377b81c1e6548645872554f7ffbbdf9dac84a, builderIndex=Infinity, isSelfBuild=true, dataColumns=0, delaySec=0.5969998836517334, sentPeers=3
[cl-3-lodestar-geth] Mar-04 15:13:18.506[sync]             [33mwarn[39m: UnknownBlockSync processBlock failed slot=75, root=0xe7f5ca1e7594c8ca1836bfdeccda8d00f23223975ef3b40d6cb21cd542bc7cbe, errCode=BLOCK_ERROR_PRESTATE_MISSING, errMessage=BLOCK_ERROR_PRESTATE_MISSING, nestedErrMessage=REGEN_ERROR_BLOCK_NOT_IN_FORKCHOICE
[cl-3-lodestar-geth] Mar-04 15:13:22.002[]                 [32minfo[39m: Synced - slot: 107 - head: 0xd449…c84a - exec-block: valid/full(85 0x82fb… bid:0x82fb…) - finalized: 0x0000…0000:0 - peers: 3
[cl-3-lodestar-geth] Mar-04 15:13:30.596[sync]             [33mwarn[39m: UnknownBlockSync processBlock failed slot=75, root=0xe7f5ca1e7594c8ca1836bfdeccda8d00f23223975ef3b40d6cb21cd542bc7cbe, errCode=BLOCK_ERROR_PRESTATE_MISSING, errMessage=BLOCK_ERROR_PRESTATE_MISSING, nestedErrMessage=REGEN_ERROR_BLOCK_NOT_IN_FORKCHOICE
[cl-3-lodestar-geth] Mar-04 15:13:34.001[]                 [32minfo[39m: Synced - slot: 108 - head: 0xb4f8…e4fd - exec-block: valid/full(86 0x42c4… bid:0x42c4…) - finalized: 0x0000…0000:0 - peers: 3
[cl-3-lodestar-geth] Mar-04 15:13:42.514[sync]             [33mwarn[39m: UnknownBlockSync processBlock failed slot=75, root=0xe7f5ca1e7594c8ca1836bfdeccda8d00f23223975ef3b40d6cb21cd542bc7cbe, errCode=BLOCK_ERROR_PRESTATE_MISSING, errMessage=BLOCK_ERROR_PRESTATE_MISSING, nestedErrMessage=REGEN_ERROR_BLOCK_NOT_IN_FORKCHOICE
[cl-3-lodestar-geth] Mar-04 15:13:46.000[]                 [32minfo[39m: Synced - slot: 109 - head: 0xf228…cdbf - exec-block: valid/full(87 0x0f69… bid:0x0f69…) - finalized: 0x0000…0000:0 - peers: 3
[cl-3-lodestar-geth] Mar-04 15:13:58.002[]                 [32minfo[39m: Synced - slot: 110 - head: (slot -1) 0xf228…cdbf - exec-block: valid/full(87 0x0f69… bid:0x0f69…) - finalized: 0x0000…0000:0 - peers: 3
[cl-3-lodestar-geth] Mar-04 15:14:04.525[chain]            [32minfo[39m: Publishing block slot=111, blockRoot=0xd279c7cffcf8f8d13c3c086deaa888f15b57cbc7e5640baf9cde3420dcb4e768, bodyRoot=0x24552fa99a3ce83bb7a45babe42e240217d88e0f8ac2f61a12ce9593ab5f9905, broadcastValidation=gossip, blockLocallyProduced=true
[cl-3-lodestar-geth] Mar-04 15:14:04.602[api]              [32minfo[39m: Produced execution payload envelope slot=111, blockRoot=0xd279c7cffcf8f8d13c3c086deaa888f15b57cbc7e5640baf9cde3420dcb4e768, transactions=0, blockHash=0x4997521df1876b26e5ff071c56f49b9e510684a1ab14f5e0a0cbae7333672516
[cl-3-lodestar-geth] Mar-04 15:14:04.619[chain]            [32minfo[39m: Publishing execution payload envelope slot=111, blockRoot=0xd279c7cffcf8f8d13c3c086deaa888f15b57cbc7e5640baf9cde3420dcb4e768, builderIndex=Infinity, isSelfBuild=true, dataColumns=0
[cl-3-lodestar-geth] Mar-04 15:14:04.620[chain]            [32minfo[39m: Published execution payload envelope slot=111, blockRoot=0xd279c7cffcf8f8d13c3c086deaa888f15b57cbc7e5640baf9cde3420dcb4e768, builderIndex=Infinity, isSelfBuild=true, dataColumns=0, delaySec=0.6070001125335693, sentPeers=3
[cl-3-lodestar-geth] Mar-04 15:14:06.522[sync]             [33mwarn[39m: UnknownBlockSync processBlock failed slot=75, root=0xe7f5ca1e7594c8ca1836bfdeccda8d00f23223975ef3b40d6cb21cd542bc7cbe, errCode=BLOCK_ERROR_PRESTATE_MISSING, errMessage=BLOCK_ERROR_PRESTATE_MISSING, nestedErrMessage=REGEN_ERROR_BLOCK_NOT_IN_FORKCHOICE
[cl-3-lodestar-geth] Mar-04 15:14:10.001[]                 [32minfo[39m: Synced - slot: 111 - head: 0xd279…e768 - exec-block: valid/full(88 0x4997… bid:0x4997…) - finalized: 0x0000…0000:0 - peers: 3
[cl-3-lodestar-geth] Mar-04 15:14:18.527[sync]             [33mwarn[39m: UnknownBlockSync processBlock failed slot=75, root=0xe7f5ca1e7594c8ca1836bfdeccda8d00f23223975ef3b40d6cb21cd542bc7cbe, errCode=BLOCK_ERROR_PRESTATE_MISSING, errMessage=BLOCK_ERROR_PRESTATE_MISSING, nestedErrMessage=REGEN_ERROR_BLOCK_NOT_IN_FORKCHOICE
[cl-3-lodestar-geth] Mar-04 15:14:22.000[]                 [32minfo[39m: Synced - slot: 112 - head: 0x3de0…6ed0 - exec-block: valid/full(89 0x652b… bid:0x652b…) - finalized: 0x0000…0000:0 - peers: 3
[cl-3-lodestar-geth] Mar-04 15:14:28.519[chain]            [32minfo[39m: Publishing block slot=113, blockRoot=0x0d3283baf55f1a1160e040b1da5a7151140d3cd3ef22e69a47010e0d781e11cf, bodyRoot=0xf91bbf56a80aaf02d998b3324bdb165c27ba31af8d89ccf77e3a165590c61633, broadcastValidation=gossip, blockLocallyProduced=true
[cl-3-lodestar-geth] Mar-04 15:14:28.587[api]              [32minfo[39m: Produced execution payload envelope slot=113, blockRoot=0x0d3283baf55f1a1160e040b1da5a7151140d3cd3ef22e69a47010e0d781e11cf, transactions=0, blockHash=0x0da5059688b032580941919cf1f78d9b78ee029570aa259edce7aa701676235a
[cl-3-lodestar-geth] Mar-04 15:14:28.598[chain]            [32minfo[39m: Publishing execution payload envelope slot=113, blockRoot=0x0d3283baf55f1a1160e040b1da5a7151140d3cd3ef22e69a47010e0d781e11cf, builderIndex=Infinity, isSelfBuild=true, dataColumns=0
[cl-3-lodestar-geth] Mar-04 15:14:28.599[chain]            [32minfo[39m: Published execution payload envelope slot=113, blockRoot=0x0d3283baf55f1a1160e040b1da5a7151140d3cd3ef22e69a47010e0d781e11cf, builderIndex=Infinity, isSelfBuild=true, dataColumns=0, delaySec=0.5920000076293945, sentPeers=3
[cl-3-lodestar-geth] Mar-04 15:14:30.503[sync]             [33mwarn[39m: UnknownBlockSync processBlock failed slot=75, root=0xe7f5ca1e7594c8ca1836bfdeccda8d00f23223975ef3b40d6cb21cd542bc7cbe, errCode=BLOCK_ERROR_PRESTATE_MISSING, errMessage=BLOCK_ERROR_PRESTATE_MISSING, nestedErrMessage=REGEN_ERROR_BLOCK_NOT_IN_FORKCHOICE
[cl-3-lodestar-geth] Mar-04 15:14:34.006[]                 [32minfo[39m: Synced - slot: 113 - head: 0x0d32…11cf - exec-block: valid/full(90 0x0da5… bid:0x0da5…) - finalized: 0x0000…0000:0 - peers: 3
[cl-3-lodestar-geth] Mar-04 15:14:46.000[]                 [32minfo[39m: Synced - slot: 114 - head: (slot -1) 0x0d32…11cf - exec-block: valid/full(90 0x0da5… bid:0x0da5…) - finalized: 0x0000…0000:0 - peers: 3
[cl-3-lodestar-geth] Mar-04 15:14:52.516[chain]            [32minfo[39m: Publishing block slot=115, blockRoot=0xf8bec0a3bd91e9b150cc5a50302217718464a41949655f3919ffbc83747da89a, bodyRoot=0xbbe2f89af1e9e3a2874246e411605ecf8004c1ad1e09b6c736d82ed7b4000f6b, broadcastValidation=gossip, blockLocallyProduced=true
[cl-3-lodestar-geth] Mar-04 15:14:52.592[api]              [32minfo[39m: Produced execution payload envelope slot=115, blockRoot=0xf8bec0a3bd91e9b150cc5a50302217718464a41949655f3919ffbc83747da89a, transactions=0, blockHash=0x6f9562932d77bae32782d5f767971b383cfd1124402132ad94184f1ce284a22c
[cl-3-lodestar-geth] Mar-04 15:14:52.608[chain]            [32minfo[39m: Publishing execution payload envelope slot=115, blockRoot=0xf8bec0a3bd91e9b150cc5a50302217718464a41949655f3919ffbc83747da89a, builderIndex=Infinity, isSelfBuild=true, dataColumns=0
[cl-3-lodestar-geth] Mar-04 15:14:52.608[chain]            [32minfo[39m: Published execution payload envelope slot=115, blockRoot=0xf8bec0a3bd91e9b150cc5a50302217718464a41949655f3919ffbc83747da89a, builderIndex=Infinity, isSelfBuild=true, dataColumns=0, delaySec=0.5959999561309814, sentPeers=3
[cl-3-lodestar-geth] Mar-04 15:14:54.512[sync]             [33mwarn[39m: UnknownBlockSync processBlock failed slot=75, root=0xe7f5ca1e7594c8ca1836bfdeccda8d00f23223975ef3b40d6cb21cd542bc7cbe, errCode=BLOCK_ERROR_PRESTATE_MISSING, errMessage=BLOCK_ERROR_PRESTATE_MISSING, nestedErrMessage=REGEN_ERROR_BLOCK_NOT_IN_FORKCHOICE
[cl-3-lodestar-geth] Mar-04 15:14:58.000[]                 [32minfo[39m: Synced - slot: 115 - head: 0xf8be…a89a - exec-block: valid/full(91 0x6f95… bid:0x6f95…) - finalized: 0x0000…0000:0 - peers: 3
[cl-3-lodestar-geth] Mar-04 15:15:06.528[sync]             [33mwarn[39m: UnknownBlockSync processBlock failed slot=75, root=0xe7f5ca1e7594c8ca1836bfdeccda8d00f23223975ef3b40d6cb21cd542bc7cbe, errCode=BLOCK_ERROR_PRESTATE_MISSING, errMessage=BLOCK_ERROR_PRESTATE_MISSING, nestedErrMessage=REGEN_ERROR_BLOCK_NOT_IN_FORKCHOICE
[cl-3-lodestar-geth] Mar-04 15:15:10.000[]                 [32minfo[39m: Synced - slot: 116 - head: 0x8a49…0a7b - exec-block: valid/full(92 0xa26d… bid:0xa26d…) - finalized: 0x0000…0000:0 - peers: 3
[cl-3-lodestar-geth] Mar-04 15:15:18.556[sync]             [33mwarn[39m: UnknownBlockSync processBlock failed slot=75, root=0xe7f5ca1e7594c8ca1836bfdeccda8d00f23223975ef3b40d6cb21cd542bc7cbe, errCode=BLOCK_ERROR_PRESTATE_MISSING, errMessage=BLOCK_ERROR_PRESTATE_MISSING, nestedErrMessage=REGEN_ERROR_BLOCK_NOT_IN_FORKCHOICE
[cl-3-lodestar-geth] Mar-04 15:15:22.001[]                 [32minfo[39m: Synced - slot: 117 - head: 0xdaea…e57c - exec-block: valid/full(93 0x9b3f… bid:0x9b3f…) - finalized: 0x0000…0000:0 - peers: 3
[cl-3-lodestar-geth] Mar-04 15:15:34.000[]                 [32minfo[39m: Synced - slot: 118 - head: (slot -1) 0xdaea…e57c - exec-block: valid/full(93 0x9b3f… bid:0x9b3f…) - finalized: 0x0000…0000:0 - peers: 3
[cl-3-lodestar-geth] Mar-04 15:15:40.520[chain]            [32minfo[39m: Publishing block slot=119, blockRoot=0x6bf47ccf93508633036d1fd54e8fd682fc0dae5f189dcff142d36e42b7ba8ce4, bodyRoot=0x9a6dc4a62e93ea2295111946e1f59204cf007a7e52871f63e5e42dc90d6aefa4, broadcastValidation=gossip, blockLocallyProduced=true
[cl-3-lodestar-geth] Mar-04 15:15:40.586[api]              [32minfo[39m: Produced execution payload envelope slot=119, blockRoot=0x6bf47ccf93508633036d1fd54e8fd682fc0dae5f189dcff142d36e42b7ba8ce4, transactions=0, blockHash=0x241d3bba797648866c09516efb52b0798b879cfe431f00708c577ad08db3dfec
[cl-3-lodestar-geth] Mar-04 15:15:40.602[chain]            [32minfo[39m: Publishing execution payload envelope slot=119, blockRoot=0x6bf47ccf93508633036d1fd54e8fd682fc0dae5f189dcff142d36e42b7ba8ce4, builderIndex=Infinity, isSelfBuild=true, dataColumns=0
[cl-3-lodestar-geth] Mar-04 15:15:40.604[chain]            [32minfo[39m: Published execution payload envelope slot=119, blockRoot=0x6bf47ccf93508633036d1fd54e8fd682fc0dae5f189dcff142d36e42b7ba8ce4, builderIndex=Infinity, isSelfBuild=true, dataColumns=0, delaySec=0.5889999866485596, sentPeers=3
[cl-3-lodestar-geth] Mar-04 15:15:42.506[sync]             [33mwarn[39m: UnknownBlockSync processBlock failed slot=75, root=0xe7f5ca1e7594c8ca1836bfdeccda8d00f23223975ef3b40d6cb21cd542bc7cbe, errCode=BLOCK_ERROR_PRESTATE_MISSING, errMessage=BLOCK_ERROR_PRESTATE_MISSING, nestedErrMessage=REGEN_ERROR_BLOCK_NOT_IN_FORKCHOICE
[cl-3-lodestar-geth] Mar-04 15:15:46.000[]                 [32minfo[39m: Synced - slot: 119 - head: 0x6bf4…8ce4 - exec-block: valid/full(94 0x241d… bid:0x241d…) - finalized: 0x0000…0000:0 - peers: 3
[cl-3-lodestar-geth] Mar-04 15:15:58.000[]                 [32minfo[39m: Synced - slot: 120 - head: (slot -1) 0x6bf4…8ce4 - exec-block: valid/full(94 0x241d… bid:0x241d…) - finalized: 0x0000…0000:0 - peers: 3
[cl-3-lodestar-geth] Mar-04 15:16:04.519[chain]            [32minfo[39m: Publishing block slot=121, blockRoot=0x1a9c8b13c5322b8f10e1a49646a97ff3ab78df2d3e7f083b0134ace2c332641d, bodyRoot=0x941d324b1aa784a09d8983b610a7e6921714d518281a23c126b14ce7c892f265, broadcastValidation=gossip, blockLocallyProduced=true
[cl-3-lodestar-geth] Mar-04 15:16:04.584[api]              [32minfo[39m: Produced execution payload envelope slot=121, blockRoot=0x1a9c8b13c5322b8f10e1a49646a97ff3ab78df2d3e7f083b0134ace2c332641d, transactions=0, blockHash=0x164f8f348c704f339a7dcabf03d64e00b4f152eba04d11c9041d956bffc16f11
[cl-3-lodestar-geth] Mar-04 15:16:04.591[chain]            [32minfo[39m: Publishing execution payload envelope slot=121, blockRoot=0x1a9c8b13c5322b8f10e1a49646a97ff3ab78df2d3e7f083b0134ace2c332641d, builderIndex=Infinity, isSelfBuild=true, dataColumns=0
[cl-3-lodestar-geth] Mar-04 15:16:04.592[chain]            [32minfo[39m: Published execution payload envelope slot=121, blockRoot=0x1a9c8b13c5322b8f10e1a49646a97ff3ab78df2d3e7f083b0134ace2c332641d, builderIndex=Infinity, isSelfBuild=true, dataColumns=0, delaySec=0.5850000381469727, sentPeers=3
[cl-3-lodestar-geth] Mar-04 15:16:06.497[sync]             [33mwarn[39m: UnknownBlockSync processBlock failed slot=75, root=0xe7f5ca1e7594c8ca1836bfdeccda8d00f23223975ef3b40d6cb21cd542bc7cbe, errCode=BLOCK_ERROR_PRESTATE_MISSING, errMessage=BLOCK_ERROR_PRESTATE_MISSING, nestedErrMessage=REGEN_ERROR_BLOCK_NOT_IN_FORKCHOICE
[cl-3-lodestar-geth] Mar-04 15:16:10.001[]                 [32minfo[39m: Synced - slot: 121 - head: 0x1a9c…641d - exec-block: valid/full(95 0x164f… bid:0x164f…) - finalized: 0x0000…0000:0 - peers: 3
[cl-3-lodestar-geth] Mar-04 15:16:22.000[]                 [32minfo[39m: Synced - slot: 122 - head: (slot -1) 0x1a9c…641d - exec-block: valid/full(95 0x164f… bid:0x164f…) - finalized: 0x0000…0000:0 - peers: 3
[cl-3-lodestar-geth] Mar-04 15:16:34.000[]                 [32minfo[39m: Synced - slot: 123 - head: (slot -2) 0x1a9c…641d - exec-block: valid/full(95 0x164f… bid:0x164f…) - finalized: 0x0000…0000:0 - peers: 3
[cl-3-lodestar-geth] Mar-04 15:16:42.568[sync]             [33mwarn[39m: UnknownBlockSync processBlock failed slot=75, root=0xe7f5ca1e7594c8ca1836bfdeccda8d00f23223975ef3b40d6cb21cd542bc7cbe, errCode=BLOCK_ERROR_PRESTATE_MISSING, errMessage=BLOCK_ERROR_PRESTATE_MISSING, nestedErrMessage=REGEN_ERROR_BLOCK_NOT_IN_FORKCHOICE
[cl-3-lodestar-geth] Mar-04 15:16:46.011[]                 [32minfo[39m: Synced - slot: 124 - head: 0x6b78…c123 - exec-block: valid/full(96 0x03de… bid:0x03de…) - finalized: 0x0000…0000:0 - peers: 3
[cl-3-lodestar-geth] Mar-04 15:16:54.520[sync]             [33mwarn[39m: UnknownBlockSync processBlock failed slot=75, root=0xe7f5ca1e7594c8ca1836bfdeccda8d00f23223975ef3b40d6cb21cd542bc7cbe, errCode=BLOCK_ERROR_PRESTATE_MISSING, errMessage=BLOCK_ERROR_PRESTATE_MISSING, nestedErrMessage=REGEN_ERROR_BLOCK_NOT_IN_FORKCHOICE
[cl-3-lodestar-geth] Mar-04 15:16:58.000[]                 [32minfo[39m: Synced - slot: 125 - head: 0x65f7…9692 - exec-block: valid/full(97 0xac81… bid:0xac81…) - finalized: 0x0000…0000:0 - peers: 3
[cl-3-lodestar-geth] Mar-04 15:17:06.542[sync]             [33mwarn[39m: UnknownBlockSync processBlock failed slot=75, root=0xe7f5ca1e7594c8ca1836bfdeccda8d00f23223975ef3b40d6cb21cd542bc7cbe, errCode=BLOCK_ERROR_PRESTATE_MISSING, errMessage=BLOCK_ERROR_PRESTATE_MISSING, nestedErrMessage=REGEN_ERROR_BLOCK_NOT_IN_FORKCHOICE
[cl-3-lodestar-geth] Mar-04 15:17:10.000[]                 [32minfo[39m: Synced - slot: 126 - head: 0xef46…6c52 - exec-block: valid/full(98 0x76a2… bid:0x76a2…) - finalized: 0x0000…0000:0 - peers: 3
[cl-3-lodestar-geth] Mar-04 15:17:12.075[sync]             [33mwarn[39m: UnknownBlockSync processBlock failed slot=75, root=0xe7f5ca1e7594c8ca1836bfdeccda8d00f23223975ef3b40d6cb21cd542bc7cbe, errCode=BLOCK_ERROR_PRESTATE_MISSING, errMessage=BLOCK_ERROR_PRESTATE_MISSING, nestedErrMessage=REGEN_ERROR_BLOCK_NOT_IN_FORKCHOICE
[cl-3-lodestar-geth] Mar-04 15:17:15.804[sync]             [33mwarn[39m: UnknownBlockSync processBlock failed slot=75, root=0xe7f5ca1e7594c8ca1836bfdeccda8d00f23223975ef3b40d6cb21cd542bc7cbe, errCode=BLOCK_ERROR_PRESTATE_MISSING, errMessage=BLOCK_ERROR_PRESTATE_MISSING, nestedErrMessage=REGEN_ERROR_BLOCK_NOT_IN_FORKCHOICE
[cl-3-lodestar-geth] Mar-04 15:17:16.518[chain]            [32minfo[39m: Publishing block slot=127, blockRoot=0xca3d85dea744e5ad2c03d92006714c230a353ef1ef6d095e9ef6faba9c66718d, bodyRoot=0x8b7753dd7ba213aa6e6e0574a64b610342c7e0878db6e0f28865460422c33b24, broadcastValidation=gossip, blockLocallyProduced=true
[cl-3-lodestar-geth] Mar-04 15:17:16.591[api]              [32minfo[39m: Produced execution payload envelope slot=127, blockRoot=0xca3d85dea744e5ad2c03d92006714c230a353ef1ef6d095e9ef6faba9c66718d, transactions=0, blockHash=0x4db0f1d5bc502514d359373eedfab08dc5868458b4d45bbc7846f6d3ff5f4733
[cl-3-lodestar-geth] Mar-04 15:17:16.606[chain]            [32minfo[39m: Publishing execution payload envelope slot=127, blockRoot=0xca3d85dea744e5ad2c03d92006714c230a353ef1ef6d095e9ef6faba9c66718d, builderIndex=Infinity, isSelfBuild=true, dataColumns=0
[cl-3-lodestar-geth] Mar-04 15:17:16.610[chain]            [32minfo[39m: Published execution payload envelope slot=127, blockRoot=0xca3d85dea744e5ad2c03d92006714c230a353ef1ef6d095e9ef6faba9c66718d, builderIndex=Infinity, isSelfBuild=true, dataColumns=0, delaySec=0.5950000286102295, sentPeers=3
[cl-3-lodestar-geth] Mar-04 15:17:18.510[sync]             [33mwarn[39m: UnknownBlockSync processBlock failed slot=75, root=0xe7f5ca1e7594c8ca1836bfdeccda8d00f23223975ef3b40d6cb21cd542bc7cbe, errCode=BLOCK_ERROR_PRESTATE_MISSING, errMessage=BLOCK_ERROR_PRESTATE_MISSING, nestedErrMessage=REGEN_ERROR_BLOCK_NOT_IN_FORKCHOICE
[cl-3-lodestar-geth] Mar-04 15:17:22.000[]                 [32minfo[39m: Synced - slot: 127 - head: 0xca3d…718d - exec-block: valid/full(99 0x4db0… bid:0x4db0…) - finalized: 0x0000…0000:0 - peers: 3
[cl-3-lodestar-geth] Mar-04 15:17:34.000[]                 [32minfo[39m: Synced - slot: 128 - head: (slot -1) 0xca3d…718d - exec-block: valid/full(99 0x4db0… bid:0x4db0…) - finalized: 0x0000…0000:0 - peers: 3
[cl-3-lodestar-geth] Mar-04 15:17:40.527[chain]            [32minfo[39m: Publishing block slot=129, blockRoot=0xaff6046e6b92b837f03e40e6b0df03a93435a1b933564adfb94499d885382abb, bodyRoot=0x295a7eb733ca5848b649adfe5fa233fda7248589d7a1ff15ad1e57c42dd9fe77, broadcastValidation=gossip, blockLocallyProduced=true
[cl-3-lodestar-geth] Mar-04 15:17:40.601[api]              [32minfo[39m: Produced execution payload envelope slot=129, blockRoot=0xaff6046e6b92b837f03e40e6b0df03a93435a1b933564adfb94499d885382abb, transactions=0, blockHash=0x783be4b642bc2157066bb4ab37002f6ccc68d9a84642e7a90e178493dcac2e45
[cl-3-lodestar-geth] Mar-04 15:17:40.612[chain]            [32minfo[39m: Publishing execution payload envelope slot=129, blockRoot=0xaff6046e6b92b837f03e40e6b0df03a93435a1b933564adfb94499d885382abb, builderIndex=Infinity, isSelfBuild=true, dataColumns=0
[cl-3-lodestar-geth] Mar-04 15:17:40.612[chain]            [32minfo[39m: Published execution payload envelope slot=129, blockRoot=0xaff6046e6b92b837f03e40e6b0df03a93435a1b933564adfb94499d885382abb, builderIndex=Infinity, isSelfBuild=true, dataColumns=0, delaySec=0.6040000915527344, sentPeers=3
[cl-3-lodestar-geth] Mar-04 15:17:42.515[sync]             [33mwarn[39m: UnknownBlockSync processBlock failed slot=75, root=0xe7f5ca1e7594c8ca1836bfdeccda8d00f23223975ef3b40d6cb21cd542bc7cbe, errCode=BLOCK_ERROR_PRESTATE_MISSING, errMessage=BLOCK_ERROR_PRESTATE_MISSING, nestedErrMessage=REGEN_ERROR_BLOCK_NOT_IN_FORKCHOICE
[cl-3-lodestar-geth] Mar-04 15:17:44.468[sync]             [33mwarn[39m: UnknownBlockSync processBlock failed slot=75, root=0xe7f5ca1e7594c8ca1836bfdeccda8d00f23223975ef3b40d6cb21cd542bc7cbe, errCode=BLOCK_ERROR_PRESTATE_MISSING, errMessage=BLOCK_ERROR_PRESTATE_MISSING, nestedErrMessage=REGEN_ERROR_BLOCK_NOT_IN_FORKCHOICE
[cl-3-lodestar-geth] Mar-04 15:17:46.000[]                 [32minfo[39m: Synced - slot: 129 - head: 0xaff6…2abb - exec-block: valid/full(100 0x783b… bid:0x783b…) - finalized: 0x0000…0000:0 - peers: 3
[cl-3-lodestar-geth] Mar-04 15:17:58.002[]                 [32minfo[39m: Synced - slot: 130 - head: (slot -1) 0xaff6…2abb - exec-block: valid/full(100 0x783b… bid:0x783b…) - finalized: 0x0000…0000:0 - peers: 3
[cl-3-lodestar-geth] Mar-04 15:18:06.510[sync]             [33mwarn[39m: UnknownBlockSync processBlock failed slot=75, root=0xe7f5ca1e7594c8ca1836bfdeccda8d00f23223975ef3b40d6cb21cd542bc7cbe, errCode=BLOCK_ERROR_PRESTATE_MISSING, errMessage=BLOCK_ERROR_PRESTATE_MISSING, nestedErrMessage=REGEN_ERROR_BLOCK_NOT_IN_FORKCHOICE
[cl-3-lodestar-geth] Mar-04 15:18:10.000[]                 [32minfo[39m: Synced - slot: 131 - head: 0x0d08…c398 - exec-block: valid/full(101 0xea83… bid:0xea83…) - finalized: 0x0000…0000:0 - peers: 3
[cl-3-lodestar-geth] Mar-04 15:18:18.514[sync]             [33mwarn[39m: UnknownBlockSync processBlock failed slot=75, root=0xe7f5ca1e7594c8ca1836bfdeccda8d00f23223975ef3b40d6cb21cd542bc7cbe, errCode=BLOCK_ERROR_PRESTATE_MISSING, errMessage=BLOCK_ERROR_PRESTATE_MISSING, nestedErrMessage=REGEN_ERROR_BLOCK_NOT_IN_FORKCHOICE
[cl-3-lodestar-geth] Mar-04 15:18:22.000[]                 [32minfo[39m: Synced - slot: 132 - head: 0x9522…4e3a - exec-block: valid/full(102 0x7752… bid:0x7752…) - finalized: 0x0000…0000:0 - peers: 3
[cl-3-lodestar-geth] Mar-04 15:18:34.000[]                 [32minfo[39m: Synced - slot: 133 - head: (slot -1) 0x9522…4e3a - exec-block: valid/full(102 0x7752… bid:0x7752…) - finalized: 0x0000…0000:0 - peers: 3
[cl-3-lodestar-geth] Mar-04 15:18:46.001[]                 [32minfo[39m: Synced - slot: 134 - head: (slot -2) 0x9522…4e3a - exec-block: valid/full(102 0x7752… bid:0x7752…) - finalized: 0x0000…0000:0 - peers: 3
[cl-3-lodestar-geth] Mar-04 15:18:58.001[]                 [32minfo[39m: Synced - slot: 135 - head: (slot -3) 0x9522…4e3a - exec-block: valid/full(102 0x7752… bid:0x7752…) - finalized: 0x0000…0000:0 - peers: 3
[cl-3-lodestar-geth] Mar-04 15:19:04.520[chain]            [32minfo[39m: Publishing block slot=136, blockRoot=0x67d0ff97eeb5b18537bfef2509f6e00935fd9f347e12e527960f1d5a6bd36119, bodyRoot=0xbc02659cdbdcf28cafc0dcbadcfd0fdff6126475279adf8c7c8e15fd9d73c92c, broadcastValidation=gossip, blockLocallyProduced=true
[cl-3-lodestar-geth] Mar-04 15:19:04.587[api]              [32minfo[39m: Produced execution payload envelope slot=136, blockRoot=0x67d0ff97eeb5b18537bfef2509f6e00935fd9f347e12e527960f1d5a6bd36119, transactions=0, blockHash=0x37d7fb0a961951a5715ea9b9ca8a9168b9a03156e30508f455bb85f25caa8781
[cl-3-lodestar-geth] Mar-04 15:19:04.600[chain]            [32minfo[39m: Publishing execution payload envelope slot=136, blockRoot=0x67d0ff97eeb5b18537bfef2509f6e00935fd9f347e12e527960f1d5a6bd36119, builderIndex=Infinity, isSelfBuild=true, dataColumns=0
[cl-3-lodestar-geth] Mar-04 15:19:04.602[chain]            [32minfo[39m: Published execution payload envelope slot=136, blockRoot=0x67d0ff97eeb5b18537bfef2509f6e00935fd9f347e12e527960f1d5a6bd36119, builderIndex=Infinity, isSelfBuild=true, dataColumns=0, delaySec=0.5899999141693115, sentPeers=3
[cl-3-lodestar-geth] Mar-04 15:19:06.505[sync]             [33mwarn[39m: UnknownBlockSync processBlock failed slot=75, root=0xe7f5ca1e7594c8ca1836bfdeccda8d00f23223975ef3b40d6cb21cd542bc7cbe, errCode=BLOCK_ERROR_PRESTATE_MISSING, errMessage=BLOCK_ERROR_PRESTATE_MISSING, nestedErrMessage=REGEN_ERROR_BLOCK_NOT_IN_FORKCHOICE
[cl-3-lodestar-geth] Mar-04 15:19:10.000[]                 [32minfo[39m: Synced - slot: 136 - head: 0x67d0…6119 - exec-block: valid/full(103 0x37d7… bid:0x37d7…) - finalized: 0x0000…0000:0 - peers: 3
[cl-3-lodestar-geth] Mar-04 15:19:16.520[chain]            [32minfo[39m: Publishing block slot=137, blockRoot=0xd318603623516348a71ae3da2295f6e1f4991de0dea3c14b8670104d31dac4ff, bodyRoot=0xf3cde2549479edec0b4328e0c25142716603591812a4fbdc7ec5f29619a3ea2a, broadcastValidation=gossip, blockLocallyProduced=true
[cl-3-lodestar-geth] Mar-04 15:19:16.593[api]              [32minfo[39m: Produced execution payload envelope slot=137, blockRoot=0xd318603623516348a71ae3da2295f6e1f4991de0dea3c14b8670104d31dac4ff, transactions=0, blockHash=0x2ede8a361e98704be1b8441e953d4b72947248cb9aa1b19c396e74b5cdd38975
[cl-3-lodestar-geth] Mar-04 15:19:16.604[chain]            [32minfo[39m: Publishing execution payload envelope slot=137, blockRoot=0xd318603623516348a71ae3da2295f6e1f4991de0dea3c14b8670104d31dac4ff, builderIndex=Infinity, isSelfBuild=true, dataColumns=0
[cl-3-lodestar-geth] Mar-04 15:19:16.605[chain]            [32minfo[39m: Published execution payload envelope slot=137, blockRoot=0xd318603623516348a71ae3da2295f6e1f4991de0dea3c14b8670104d31dac4ff, builderIndex=Infinity, isSelfBuild=true, dataColumns=0, delaySec=0.5950000286102295, sentPeers=3
[cl-3-lodestar-geth] Mar-04 15:19:18.507[sync]             [33mwarn[39m: UnknownBlockSync processBlock failed slot=75, root=0xe7f5ca1e7594c8ca1836bfdeccda8d00f23223975ef3b40d6cb21cd542bc7cbe, errCode=BLOCK_ERROR_PRESTATE_MISSING, errMessage=BLOCK_ERROR_PRESTATE_MISSING, nestedErrMessage=REGEN_ERROR_BLOCK_NOT_IN_FORKCHOICE
[cl-3-lodestar-geth] Mar-04 15:19:22.005[]                 [32minfo[39m: Synced - slot: 137 - head: 0xd318…c4ff - exec-block: valid/full(104 0x2ede… bid:0x2ede…) - finalized: 0x0000…0000:0 - peers: 3
[cl-3-lodestar-geth] Mar-04 15:19:28.520[chain]            [32minfo[39m: Publishing block slot=138, blockRoot=0xd68c1481e00af6f2e2f788a457d62b6715e4c18375773428c1cec1ac350cb4f0, bodyRoot=0xfdac671288d406689948b3131817a6898714812c5b9711f5d3e231224857853e, broadcastValidation=gossip, blockLocallyProduced=true
[cl-3-lodestar-geth] Mar-04 15:19:28.615[api]              [32minfo[39m: Produced execution payload envelope slot=138, blockRoot=0xd68c1481e00af6f2e2f788a457d62b6715e4c18375773428c1cec1ac350cb4f0, transactions=0, blockHash=0x6853f5391d568517f129d2cc02bded68d451b8fbc610da60bdf3f860a295109f
[cl-3-lodestar-geth] Mar-04 15:19:28.625[chain]            [32minfo[39m: Publishing execution payload envelope slot=138, blockRoot=0xd68c1481e00af6f2e2f788a457d62b6715e4c18375773428c1cec1ac350cb4f0, builderIndex=Infinity, isSelfBuild=true, dataColumns=0
[cl-3-lodestar-geth] Mar-04 15:19:28.626[chain]            [32minfo[39m: Published execution payload envelope slot=138, blockRoot=0xd68c1481e00af6f2e2f788a457d62b6715e4c18375773428c1cec1ac350cb4f0, builderIndex=Infinity, isSelfBuild=true, dataColumns=0, delaySec=0.6180000305175781, sentPeers=2
[cl-3-lodestar-geth] Mar-04 15:19:30.529[sync]             [33mwarn[39m: UnknownBlockSync processBlock failed slot=75, root=0xe7f5ca1e7594c8ca1836bfdeccda8d00f23223975ef3b40d6cb21cd542bc7cbe, errCode=BLOCK_ERROR_PRESTATE_MISSING, errMessage=BLOCK_ERROR_PRESTATE_MISSING, nestedErrMessage=REGEN_ERROR_BLOCK_NOT_IN_FORKCHOICE
[cl-3-lodestar-geth] Mar-04 15:19:34.006[]                 [32minfo[39m: Synced - slot: 138 - head: 0xd68c…b4f0 - exec-block: valid/full(105 0x6853… bid:0x6853…) - finalized: 0x0000…0000:0 - peers: 2
[cl-3-lodestar-geth] Mar-04 15:19:46.001[]                 [32minfo[39m: Synced - slot: 139 - head: (slot -1) 0xd68c…b4f0 - exec-block: valid/full(105 0x6853… bid:0x6853…) - finalized: 0x0000…0000:0 - peers: 2
[cl-3-lodestar-geth] Mar-04 15:19:58.000[]                 [32minfo[39m: Synced - slot: 140 - head: (slot -2) 0xd68c…b4f0 - exec-block: valid/full(105 0x6853… bid:0x6853…) - finalized: 0x0000…0000:0 - peers: 2
[cl-3-lodestar-geth] Mar-04 15:20:10.000[]                 [32minfo[39m: Synced - slot: 141 - head: (slot -3) 0xd68c…b4f0 - exec-block: valid/full(105 0x6853… bid:0x6853…) - finalized: 0x0000…0000:0 - peers: 2
[cl-3-lodestar-geth] Mar-04 15:20:22.006[]                 [32minfo[39m: Synced - slot: 142 - head: (slot -4) 0xd68c…b4f0 - exec-block: valid/full(105 0x6853… bid:0x6853…) - finalized: 0x0000…0000:0 - peers: 2
[cl-3-lodestar-geth] Mar-04 15:20:34.000[]                 [32minfo[39m: Synced - slot: 143 - head: (slot -5) 0xd68c…b4f0 - exec-block: valid/full(105 0x6853… bid:0x6853…) - finalized: 0x0000…0000:0 - peers: 2
[cl-3-lodestar-geth] Mar-04 15:20:46.000[]                 [32minfo[39m: Synced - slot: 144 - head: (slot -6) 0xd68c…b4f0 - exec-block: valid/full(105 0x6853… bid:0x6853…) - finalized: 0x0000…0000:0 - peers: 2
[cl-3-lodestar-geth] Mar-04 15:20:58.000[]                 [32minfo[39m: Synced - slot: 145 - head: (slot -7) 0xd68c…b4f0 - exec-block: valid/full(105 0x6853… bid:0x6853…) - finalized: 0x0000…0000:0 - peers: 2
[cl-3-lodestar-geth] Mar-04 15:21:10.000[]                 [32minfo[39m: Synced - slot: 146 - head: (slot -8) 0xd68c…b4f0 - exec-block: valid/full(105 0x6853… bid:0x6853…) - finalized: 0x0000…0000:0 - peers: 2
[cl-3-lodestar-geth] Mar-04 15:21:22.000[]                 [32minfo[39m: Synced - slot: 147 - head: (slot -9) 0xd68c…b4f0 - exec-block: valid/full(105 0x6853… bid:0x6853…) - finalized: 0x0000…0000:0 - peers: 2
[cl-3-lodestar-geth] Mar-04 15:21:34.001[]                 [32minfo[39m: Synced - slot: 148 - head: (slot -10) 0xd68c…b4f0 - exec-block: valid/full(105 0x6853… bid:0x6853…) - finalized: 0x0000…0000:0 - peers: 2
[cl-3-lodestar-geth] Mar-04 15:21:42.521[sync]             [33mwarn[39m: UnknownBlockSync processBlock failed slot=75, root=0xe7f5ca1e7594c8ca1836bfdeccda8d00f23223975ef3b40d6cb21cd542bc7cbe, errCode=BLOCK_ERROR_PRESTATE_MISSING, errMessage=BLOCK_ERROR_PRESTATE_MISSING, nestedErrMessage=REGEN_ERROR_BLOCK_NOT_IN_FORKCHOICE
[cl-3-lodestar-geth] Mar-04 15:21:46.000[]                 [32minfo[39m: Synced - slot: 149 - head: 0xbc2e…5c3d - exec-block: valid/full(106 0xe444… bid:0xe444…) - finalized: 0x0000…0000:0 - peers: 2
[cl-3-lodestar-geth] Mar-04 15:21:52.518[chain]            [32minfo[39m: Publishing block slot=150, blockRoot=0x54580b2adfbe559a9288ea2a996ad9f63cff116805f5ba984ac9a13d1738c248, bodyRoot=0x24ddf24641705468a80fec2a702bf6c25c13e1ce448c3e36716fc9a9a0115b8e, broadcastValidation=gossip, blockLocallyProduced=true
[cl-3-lodestar-geth] Mar-04 15:21:52.598[api]              [32minfo[39m: Produced execution payload envelope slot=150, blockRoot=0x54580b2adfbe559a9288ea2a996ad9f63cff116805f5ba984ac9a13d1738c248, transactions=0, blockHash=0xd5a9f3b0e3504202f69b578e7e8479e9abf1a425d3df80ba7b12c90a038c7a11
[cl-3-lodestar-geth] Mar-04 15:21:52.609[chain]            [32minfo[39m: Publishing execution payload envelope slot=150, blockRoot=0x54580b2adfbe559a9288ea2a996ad9f63cff116805f5ba984ac9a13d1738c248, builderIndex=Infinity, isSelfBuild=true, dataColumns=0
[cl-3-lodestar-geth] Mar-04 15:21:52.612[chain]            [32minfo[39m: Published execution payload envelope slot=150, blockRoot=0x54580b2adfbe559a9288ea2a996ad9f63cff116805f5ba984ac9a13d1738c248, builderIndex=Infinity, isSelfBuild=true, dataColumns=0, delaySec=0.6019999980926514, sentPeers=2
[cl-3-lodestar-geth] Mar-04 15:21:54.512[sync]             [33mwarn[39m: UnknownBlockSync processBlock failed slot=75, root=0xe7f5ca1e7594c8ca1836bfdeccda8d00f23223975ef3b40d6cb21cd542bc7cbe, errCode=BLOCK_ERROR_PRESTATE_MISSING, errMessage=BLOCK_ERROR_PRESTATE_MISSING, nestedErrMessage=REGEN_ERROR_BLOCK_NOT_IN_FORKCHOICE
[cl-3-lodestar-geth] Mar-04 15:21:58.001[]                 [32minfo[39m: Synced - slot: 150 - head: 0x5458…c248 - exec-block: valid/full(107 0xd5a9… bid:0xd5a9…) - finalized: 0x0000…0000:0 - peers: 2
