[cl-4-lodestar-geth] Mar-04 15:01:28.622[chain]            [32minfo[39m: Publishing execution payload envelope slot=48, blockRoot=0x4bfdfc5beaeb8bde95d8d37ed407565965b25b816f36dc86c0a6c118f8d23850, builderIndex=Infinity, isSelfBuild=true, dataColumns=0
[cl-4-lodestar-geth] Mar-04 15:01:28.625[chain]            [32minfo[39m: Published execution payload envelope slot=48, blockRoot=0x4bfdfc5beaeb8bde95d8d37ed407565965b25b816f36dc86c0a6c118f8d23850, builderIndex=Infinity, isSelfBuild=true, dataColumns=0, delaySec=0.6059999465942383, sentPeers=3
[cl-4-lodestar-geth] Mar-04 15:01:34.000[]                 [32minfo[39m: Synced - slot: 48 - head: 0x4bfd…3850 - exec-block: valid/full(47 0x5542… bid:0x5542…) - finalized: 0x0000…0000:0 - peers: 3
[cl-4-lodestar-geth] Mar-04 15:01:46.000[]                 [32minfo[39m: Synced - slot: 49 - head: 0x0623…be2e - exec-block: valid/full(48 0xda55… bid:0xda55…) - finalized: 0x0000…0000:0 - peers: 3
[cl-4-lodestar-geth] Mar-04 15:01:58.001[]                 [32minfo[39m: Synced - slot: 50 - head: 0x077d…8bee - exec-block: valid/full(49 0x730e… bid:0x730e…) - finalized: 0x0000…0000:0 - peers: 3
[cl-4-lodestar-geth] Mar-04 15:02:04.516[chain]            [32minfo[39m: Publishing block slot=51, blockRoot=0x2eca0e8a2c1bb0b26e7ef71644d5e443c13b05db9219aaf9608e18c49552c428, bodyRoot=0xe3b2c6291381a886c49fcde4500c4fefb016267fafb24c7c0dcd597a1a486e9e, broadcastValidation=gossip, blockLocallyProduced=true
[cl-4-lodestar-geth] Mar-04 15:02:04.582[api]              [32minfo[39m: Produced execution payload envelope slot=51, blockRoot=0x2eca0e8a2c1bb0b26e7ef71644d5e443c13b05db9219aaf9608e18c49552c428, transactions=0, blockHash=0x4657381f5d005c8fc44cc2b7ec40e3bc1d391456dabc9f37d3c08ad9b72b219b
[cl-4-lodestar-geth] Mar-04 15:02:04.589[chain]            [32minfo[39m: Publishing execution payload envelope slot=51, blockRoot=0x2eca0e8a2c1bb0b26e7ef71644d5e443c13b05db9219aaf9608e18c49552c428, builderIndex=Infinity, isSelfBuild=true, dataColumns=0
[cl-4-lodestar-geth] Mar-04 15:02:04.590[chain]            [32minfo[39m: Published execution payload envelope slot=51, blockRoot=0x2eca0e8a2c1bb0b26e7ef71644d5e443c13b05db9219aaf9608e18c49552c428, builderIndex=Infinity, isSelfBuild=true, dataColumns=0, delaySec=0.5840001106262207, sentPeers=3
[cl-4-lodestar-geth] Mar-04 15:02:10.000[]                 [32minfo[39m: Synced - slot: 51 - head: 0x2eca…c428 - exec-block: valid/full(50 0x4657… bid:0x4657…) - finalized: 0x0000…0000:0 - peers: 3
[cl-4-lodestar-geth] Mar-04 15:02:22.000[]                 [32minfo[39m: Synced - slot: 52 - head: 0x6148…ba46 - exec-block: valid/full(51 0x6cad… bid:0x6cad…) - finalized: 0x0000…0000:0 - peers: 3
[cl-4-lodestar-geth] Mar-04 15:02:34.000[]                 [32minfo[39m: Synced - slot: 53 - head: 0xc5be…6cdd - exec-block: valid/full(52 0x52cd… bid:0x52cd…) - finalized: 0x0000…0000:0 - peers: 3
[cl-4-lodestar-geth] Mar-04 15:02:46.000[]                 [32minfo[39m: Synced - slot: 54 - head: 0xc6a8…e7c3 - exec-block: valid/full(53 0x29ad… bid:0x29ad…) - finalized: 0x0000…0000:0 - peers: 3
[cl-4-lodestar-geth] Mar-04 15:02:58.002[]                 [32minfo[39m: Synced - slot: 55 - head: 0x7bbf…1b03 - exec-block: valid/full(54 0xb9e9… bid:0xb9e9…) - finalized: 0x0000…0000:0 - peers: 3
[cl-4-lodestar-geth] Mar-04 15:03:10.000[]                 [32minfo[39m: Synced - slot: 56 - head: 0x8b96…471e - exec-block: valid/full(55 0xf605… bid:0xf605…) - finalized: 0x0000…0000:0 - peers: 3
[cl-4-lodestar-geth] Mar-04 15:03:22.001[]                 [32minfo[39m: Synced - slot: 57 - head: 0x3332…a117 - exec-block: valid/full(56 0x7002… bid:0x7002…) - finalized: 0x0000…0000:0 - peers: 3
[cl-4-lodestar-geth] Mar-04 15:03:34.003[]                 [32minfo[39m: Synced - slot: 58 - head: 0x56d3…dede - exec-block: valid/full(57 0x443e… bid:0x443e…) - finalized: 0x0000…0000:0 - peers: 3
[cl-4-lodestar-geth] Mar-04 15:03:40.526[chain]            [32minfo[39m: Publishing block slot=59, blockRoot=0x2b07b381c4f4bcb0d62371cb1c9a50f39ed596bd99d3a97d535d88b7b6b8292a, bodyRoot=0xf6c69828cad65939c9553f8dd57d9d2568b7e54ab7e3b0559951491b0f3c7d78, broadcastValidation=gossip, blockLocallyProduced=true
[cl-4-lodestar-geth] Mar-04 15:03:40.624[api]              [32minfo[39m: Produced execution payload envelope slot=59, blockRoot=0x2b07b381c4f4bcb0d62371cb1c9a50f39ed596bd99d3a97d535d88b7b6b8292a, transactions=0, blockHash=0xa79b99d64483b9648e73ee93d7904dbae516434ceca650bba3b36a6a9346e5cf
[cl-4-lodestar-geth] Mar-04 15:03:40.640[chain]            [32minfo[39m: Publishing execution payload envelope slot=59, blockRoot=0x2b07b381c4f4bcb0d62371cb1c9a50f39ed596bd99d3a97d535d88b7b6b8292a, builderIndex=Infinity, isSelfBuild=true, dataColumns=0
[cl-4-lodestar-geth] Mar-04 15:03:40.643[chain]            [32minfo[39m: Published execution payload envelope slot=59, blockRoot=0x2b07b381c4f4bcb0d62371cb1c9a50f39ed596bd99d3a97d535d88b7b6b8292a, builderIndex=Infinity, isSelfBuild=true, dataColumns=0, delaySec=0.625999927520752, sentPeers=3
[cl-4-lodestar-geth] Mar-04 15:03:46.002[]                 [32minfo[39m: Synced - slot: 59 - head: 0x2b07…292a - exec-block: valid/full(58 0xa79b… bid:0xa79b…) - finalized: 0x0000…0000:0 - peers: 3
[cl-4-lodestar-geth] Mar-04 15:03:52.533[chain]            [32minfo[39m: Publishing block slot=60, blockRoot=0xe5f49371fac5310318961adfe3d7aeeb127b2a635a3ed004ac2360b4afba4618, bodyRoot=0xf13b4346c47a41f3b80fda2281d12481d91b118798d6cd7b500ec8eac15fe182, broadcastValidation=gossip, blockLocallyProduced=true
[cl-4-lodestar-geth] Mar-04 15:03:52.634[api]              [32minfo[39m: Produced execution payload envelope slot=60, blockRoot=0xe5f49371fac5310318961adfe3d7aeeb127b2a635a3ed004ac2360b4afba4618, transactions=0, blockHash=0x30715aac2825754e889d1e90c8d97bb46c7c49864437b63067ae04e31803364c
[cl-4-lodestar-geth] Mar-04 15:03:52.649[chain]            [32minfo[39m: Publishing execution payload envelope slot=60, blockRoot=0xe5f49371fac5310318961adfe3d7aeeb127b2a635a3ed004ac2360b4afba4618, builderIndex=Infinity, isSelfBuild=true, dataColumns=0
[cl-4-lodestar-geth] Mar-04 15:03:52.670[chain]            [32minfo[39m: Published execution payload envelope slot=60, blockRoot=0xe5f49371fac5310318961adfe3d7aeeb127b2a635a3ed004ac2360b4afba4618, builderIndex=Infinity, isSelfBuild=true, dataColumns=0, delaySec=0.6389999389648438, sentPeers=3
[cl-4-lodestar-geth] Mar-04 15:03:58.000[]                 [32minfo[39m: Synced - slot: 60 - head: 0xe5f4…4618 - exec-block: valid/full(59 0x3071… bid:0x3071…) - finalized: 0x0000…0000:0 - peers: 3
[cl-4-lodestar-geth] Mar-04 15:04:10.001[]                 [32minfo[39m: Synced - slot: 61 - head: 0x74b4…e82c - exec-block: valid/full(60 0x910c… bid:0x910c…) - finalized: 0x0000…0000:0 - peers: 3
[cl-4-lodestar-geth] Mar-04 15:04:22.000[]                 [32minfo[39m: Synced - slot: 62 - head: 0x2176…64c0 - exec-block: valid/full(61 0x0314… bid:0x0314…) - finalized: 0x0000…0000:0 - peers: 3
[cl-4-lodestar-geth] Mar-04 15:04:34.001[]                 [32minfo[39m: Synced - slot: 63 - head: 0x9b98…c81e - exec-block: valid/full(62 0x7166… bid:0x7166…) - finalized: 0x0000…0000:0 - peers: 3
[cl-4-lodestar-geth] Mar-04 15:04:46.000[]                 [32minfo[39m: Synced - slot: 64 - head: 0xe80d…3b75 - exec-block: valid/full(63 0xe4cd… bid:0xe4cd…) - finalized: 0x0000…0000:0 - peers: 3
[cl-4-lodestar-geth] Mar-04 15:04:58.000[]                 [32minfo[39m: Synced - slot: 65 - head: 0xc655…e080 - exec-block: valid/full(64 0xe2af… bid:0xe2af…) - finalized: 0x0000…0000:0 - peers: 3
[cl-4-lodestar-geth] Mar-04 15:05:10.000[]                 [32minfo[39m: Synced - slot: 66 - head: 0xe3a1…236e - exec-block: valid/full(65 0x4565… bid:0x4565…) - finalized: 0x0000…0000:0 - peers: 3
[cl-4-lodestar-geth] Mar-04 15:05:22.000[]                 [32minfo[39m: Synced - slot: 67 - head: 0x8b91…228c - exec-block: valid/full(66 0x19e6… bid:0x19e6…) - finalized: 0x0000…0000:0 - peers: 3
[cl-4-lodestar-geth] Mar-04 15:05:28.518[chain]            [32minfo[39m: Publishing block slot=68, blockRoot=0x3e9fa5b6323ebb2b354b470300f2db9a2bb0a3363fccb5608325757c00756585, bodyRoot=0xd7ce3c926f041ea9e9449445816c4f45b53662c3e707c3b04ac83bb05b8b62bc, broadcastValidation=gossip, blockLocallyProduced=true
[cl-4-lodestar-geth] Mar-04 15:05:28.592[api]              [32minfo[39m: Produced execution payload envelope slot=68, blockRoot=0x3e9fa5b6323ebb2b354b470300f2db9a2bb0a3363fccb5608325757c00756585, transactions=0, blockHash=0xc71f5ff3fc9e484039b1cf982084d0279703546eda4e31221e3ec7b20d6a5b57
[cl-4-lodestar-geth] Mar-04 15:05:28.615[chain]            [32minfo[39m: Publishing execution payload envelope slot=68, blockRoot=0x3e9fa5b6323ebb2b354b470300f2db9a2bb0a3363fccb5608325757c00756585, builderIndex=Infinity, isSelfBuild=true, dataColumns=0
[cl-4-lodestar-geth] Mar-04 15:05:28.616[chain]            [32minfo[39m: Published execution payload envelope slot=68, blockRoot=0x3e9fa5b6323ebb2b354b470300f2db9a2bb0a3363fccb5608325757c00756585, builderIndex=Infinity, isSelfBuild=true, dataColumns=0, delaySec=0.5989999771118164, sentPeers=3
[cl-4-lodestar-geth] Mar-04 15:05:34.000[]                 [32minfo[39m: Synced - slot: 68 - head: 0x3e9f…6585 - exec-block: valid/full(67 0xc71f… bid:0xc71f…) - finalized: 0x0000…0000:0 - peers: 3
[cl-4-lodestar-geth] Mar-04 15:05:46.000[]                 [32minfo[39m: Synced - slot: 69 - head: 0xecfa…4a62 - exec-block: valid/full(68 0x3310… bid:0x3310…) - finalized: 0x0000…0000:0 - peers: 3
[cl-4-lodestar-geth] Mar-04 15:05:58.000[]                 [32minfo[39m: Synced - slot: 70 - head: 0xf73e…8db3 - exec-block: valid/full(69 0xbef9… bid:0xbef9…) - finalized: 0x0000…0000:0 - peers: 3
[cl-4-lodestar-geth] Mar-04 15:06:10.007[]                 [32minfo[39m: Synced - slot: 71 - head: 0xade7…528a - exec-block: valid/full(70 0xa470… bid:0xa470…) - finalized: 0x0000…0000:0 - peers: 3
[cl-4-lodestar-geth] Mar-04 15:06:22.001[]                 [32minfo[39m: Synced - slot: 72 - head: 0x87b5…803c - exec-block: valid/full(71 0x3ea0… bid:0x3ea0…) - finalized: 0x0000…0000:0 - peers: 3
[cl-4-lodestar-geth] Mar-04 15:06:34.000[]                 [32minfo[39m: Synced - slot: 73 - head: 0xb156…0b9d - exec-block: valid/full(72 0x9b34… bid:0x9b34…) - finalized: 0x0000…0000:0 - peers: 3
[cl-4-lodestar-geth] Mar-04 15:06:46.000[]                 [32minfo[39m: Synced - slot: 74 - head: 0x4c41…8f1f - exec-block: valid/full(72 0x9b34… bid:0x9b34…) - finalized: 0x0000…0000:0 - peers: 3
[cl-4-lodestar-geth] Mar-04 15:06:58.002[]                 [32minfo[39m: Synced - slot: 75 - head: 0xe7f5…7cbe - exec-block: valid/full(74 0xea53… bid:0xea53…) - finalized: 0x0000…0000:0 - peers: 3
[cl-4-lodestar-geth] Mar-04 15:07:04.545[chain]            [32minfo[39m: Publishing block slot=76, blockRoot=0x96318971fe7d850e55d432463ce76b6952d32891d5cf039bda1b7f029b62ab0c, bodyRoot=0x9f40fefdad1444bb7245cbf7a136346f48e6e3d99df5ad518801fff292610974, broadcastValidation=gossip, blockLocallyProduced=true
[cl-4-lodestar-geth] Mar-04 15:07:04.637[api]              [32minfo[39m: Produced execution payload envelope slot=76, blockRoot=0x96318971fe7d850e55d432463ce76b6952d32891d5cf039bda1b7f029b62ab0c, transactions=0, blockHash=0xd7cb1726928598d8e861814a4e9edd1f4fb9d69d1fa31ec7e798906b63d97e4c
[cl-4-lodestar-geth] Mar-04 15:07:04.650[chain]            [32minfo[39m: Publishing execution payload envelope slot=76, blockRoot=0x96318971fe7d850e55d432463ce76b6952d32891d5cf039bda1b7f029b62ab0c, builderIndex=Infinity, isSelfBuild=true, dataColumns=0
[cl-4-lodestar-geth] Mar-04 15:07:04.651[chain]            [32minfo[39m: Published execution payload envelope slot=76, blockRoot=0x96318971fe7d850e55d432463ce76b6952d32891d5cf039bda1b7f029b62ab0c, builderIndex=Infinity, isSelfBuild=true, dataColumns=0, delaySec=0.6410000324249268, sentPeers=3
[cl-4-lodestar-geth] Mar-04 15:07:10.004[]                 [32minfo[39m: Synced - slot: 76 - head: 0x9631…ab0c - exec-block: valid/full(75 0xd7cb… bid:0xd7cb…) - finalized: 0x0000…0000:0 - peers: 3
[cl-4-lodestar-geth] Mar-04 15:07:22.000[]                 [32minfo[39m: Synced - slot: 77 - head: (slot -1) 0x9631…ab0c - exec-block: valid/full(75 0xd7cb… bid:0xd7cb…) - finalized: 0x0000…0000:0 - peers: 3
[cl-4-lodestar-geth] Mar-04 15:07:34.000[]                 [32minfo[39m: Synced - slot: 78 - head: (slot -2) 0x9631…ab0c - exec-block: valid/full(75 0xd7cb… bid:0xd7cb…) - finalized: 0x0000…0000:0 - peers: 3
[cl-4-lodestar-geth] Mar-04 15:07:40.577[chain]            [32minfo[39m: Publishing block slot=79, blockRoot=0xfe97b0f6f614e56711212c1e68603fec049c46da3a733d783fef6396a438d365, bodyRoot=0x90b054edfd203d07c12ce906d6a6a95ed5d179448b9638f5b567f03e7601225b, broadcastValidation=gossip, blockLocallyProduced=true
[cl-4-lodestar-geth] Mar-04 15:07:40.641[api]              [32minfo[39m: Produced execution payload envelope slot=79, blockRoot=0xfe97b0f6f614e56711212c1e68603fec049c46da3a733d783fef6396a438d365, transactions=0, blockHash=0x8b776ab62f03d33dfc366902df6b8f61834d871352c82cdee50e6383b80ba2c8
[cl-4-lodestar-geth] Mar-04 15:07:40.648[chain]            [32minfo[39m: Publishing execution payload envelope slot=79, blockRoot=0xfe97b0f6f614e56711212c1e68603fec049c46da3a733d783fef6396a438d365, builderIndex=Infinity, isSelfBuild=true, dataColumns=0
[cl-4-lodestar-geth] Mar-04 15:07:40.650[chain]            [32minfo[39m: Published execution payload envelope slot=79, blockRoot=0xfe97b0f6f614e56711212c1e68603fec049c46da3a733d783fef6396a438d365, builderIndex=Infinity, isSelfBuild=true, dataColumns=0, delaySec=0.6429998874664307, sentPeers=3
[cl-4-lodestar-geth] Mar-04 15:07:46.000[]                 [32minfo[39m: Synced - slot: 79 - head: 0xfe97…d365 - exec-block: valid/full(76 0x8b77… bid:0x8b77…) - finalized: 0x0000…0000:0 - peers: 3
[cl-4-lodestar-geth] Mar-04 15:07:58.002[]                 [32minfo[39m: Synced - slot: 80 - head: 0xaead…ec6b - exec-block: valid/full(73 0x871f… bid:0x871f…) - finalized: 0x0000…0000:0 - peers: 3
[cl-4-lodestar-geth] Mar-04 15:08:10.000[]                 [32minfo[39m: Synced - slot: 81 - head: (slot -1) 0xaead…ec6b - exec-block: valid/full(73 0x871f… bid:0x871f…) - finalized: 0x0000…0000:0 - peers: 3
[cl-4-lodestar-geth] Mar-04 15:08:22.000[]                 [32minfo[39m: Synced - slot: 82 - head: 0xf156…baf4 - exec-block: valid/full(74 0x4220… bid:0x4220…) - finalized: 0x0000…0000:0 - peers: 3
[cl-4-lodestar-geth] Mar-04 15:08:34.000[]                 [32minfo[39m: Synced - slot: 83 - head: 0xca13…fbc5 - exec-block: valid/full(75 0xdce4… bid:0xdce4…) - finalized: 0x0000…0000:0 - peers: 3
[cl-4-lodestar-geth] Mar-04 15:08:46.001[]                 [32minfo[39m: Synced - slot: 84 - head: 0x7978…6408 - exec-block: valid/full(76 0x6146… bid:0x6146…) - finalized: 0x0000…0000:0 - peers: 3
[cl-4-lodestar-geth] Mar-04 15:08:58.000[]                 [32minfo[39m: Synced - slot: 85 - head: (slot -1) 0x7978…6408 - exec-block: valid/full(76 0x6146… bid:0x6146…) - finalized: 0x0000…0000:0 - peers: 3
[cl-4-lodestar-geth] Mar-04 15:09:04.531[chain]            [32minfo[39m: Publishing block slot=86, blockRoot=0x43db4349a582cb9c2520001e6b85eb04ccf8afe44f0c3b57b1ff4c31ca90c20b, bodyRoot=0x6d6b6cd9d2c5b69cf836e680605d3a8dd52fa818d21725edae19a74fc852354e, broadcastValidation=gossip, blockLocallyProduced=true
[cl-4-lodestar-geth] Mar-04 15:09:04.620[api]              [32minfo[39m: Produced execution payload envelope slot=86, blockRoot=0x43db4349a582cb9c2520001e6b85eb04ccf8afe44f0c3b57b1ff4c31ca90c20b, transactions=0, blockHash=0xca0f76a3f069ba0652a63b358186ca46ae90e39114bc51e74736f1315178fbd4
[cl-4-lodestar-geth] Mar-04 15:09:04.628[chain]            [32minfo[39m: Publishing execution payload envelope slot=86, blockRoot=0x43db4349a582cb9c2520001e6b85eb04ccf8afe44f0c3b57b1ff4c31ca90c20b, builderIndex=Infinity, isSelfBuild=true, dataColumns=0
[cl-4-lodestar-geth] Mar-04 15:09:04.629[chain]            [32minfo[39m: Published execution payload envelope slot=86, blockRoot=0x43db4349a582cb9c2520001e6b85eb04ccf8afe44f0c3b57b1ff4c31ca90c20b, builderIndex=Infinity, isSelfBuild=true, dataColumns=0, delaySec=0.621999979019165, sentPeers=3
[cl-4-lodestar-geth] Mar-04 15:09:10.000[]                 [32minfo[39m: Synced - slot: 86 - head: 0x43db…c20b - exec-block: valid/full(77 0xca0f… bid:0xca0f…) - finalized: 0x0000…0000:0 - peers: 3
[cl-4-lodestar-geth] Mar-04 15:09:22.001[]                 [32minfo[39m: Synced - slot: 87 - head: (slot -1) 0x43db…c20b - exec-block: valid/full(77 0xca0f… bid:0xca0f…) - finalized: 0x0000…0000:0 - peers: 3
[cl-4-lodestar-geth] Mar-04 15:09:28.519[chain]            [32minfo[39m: Publishing block slot=88, blockRoot=0x57b27b010044a13e6ef0b94eed2c59f8f2ce6649d27aa6e21277335c119b5853, bodyRoot=0x95af442b655334d8b54992559282b4ece00628a2f25b7d692ac92eeeeaef8f32, broadcastValidation=gossip, blockLocallyProduced=true
[cl-4-lodestar-geth] Mar-04 15:09:28.585[api]              [32minfo[39m: Produced execution payload envelope slot=88, blockRoot=0x57b27b010044a13e6ef0b94eed2c59f8f2ce6649d27aa6e21277335c119b5853, transactions=0, blockHash=0x87214d8a1b315ca7150d0b76896cdf1e412f3bcedf8f7037b26a3ffc732f13f8
[cl-4-lodestar-geth] Mar-04 15:09:28.592[chain]            [32minfo[39m: Publishing execution payload envelope slot=88, blockRoot=0x57b27b010044a13e6ef0b94eed2c59f8f2ce6649d27aa6e21277335c119b5853, builderIndex=Infinity, isSelfBuild=true, dataColumns=0
[cl-4-lodestar-geth] Mar-04 15:09:28.594[chain]            [32minfo[39m: Published execution payload envelope slot=88, blockRoot=0x57b27b010044a13e6ef0b94eed2c59f8f2ce6649d27aa6e21277335c119b5853, builderIndex=Infinity, isSelfBuild=true, dataColumns=0, delaySec=0.5869998931884766, sentPeers=3
[cl-4-lodestar-geth] Mar-04 15:09:34.001[]                 [32minfo[39m: Synced - slot: 88 - head: 0x57b2…5853 - exec-block: valid/full(78 0x8721… bid:0x8721…) - finalized: 0x0000…0000:0 - peers: 3
[cl-4-lodestar-geth] Mar-04 15:09:46.000[]                 [32minfo[39m: Synced - slot: 89 - head: (slot -1) 0x57b2…5853 - exec-block: valid/full(78 0x8721… bid:0x8721…) - finalized: 0x0000…0000:0 - peers: 3
[cl-4-lodestar-geth] Mar-04 15:09:58.001[]                 [32minfo[39m: Synced - slot: 90 - head: (slot -2) 0x57b2…5853 - exec-block: valid/full(78 0x8721… bid:0x8721…) - finalized: 0x0000…0000:0 - peers: 3
[cl-4-lodestar-geth] Mar-04 15:10:10.004[]                 [32minfo[39m: Synced - slot: 91 - head: 0xa1d7…e26e - exec-block: valid/full(79 0x6e84… bid:0x6e84…) - finalized: 0x0000…0000:0 - peers: 3
[cl-4-lodestar-geth] Mar-04 15:10:22.001[]                 [32minfo[39m: Synced - slot: 92 - head: 0xc3ad…b242 - exec-block: valid/full(80 0x7f4d… bid:0x7f4d…) - finalized: 0x0000…0000:0 - peers: 3
[cl-4-lodestar-geth] Mar-04 15:10:34.000[]                 [32minfo[39m: Synced - slot: 93 - head: (slot -1) 0xc3ad…b242 - exec-block: valid/full(80 0x7f4d… bid:0x7f4d…) - finalized: 0x0000…0000:0 - peers: 3
[cl-4-lodestar-geth] Mar-04 15:10:46.000[]                 [32minfo[39m: Synced - slot: 94 - head: (slot -2) 0xc3ad…b242 - exec-block: valid/full(80 0x7f4d… bid:0x7f4d…) - finalized: 0x0000…0000:0 - peers: 3
[cl-4-lodestar-geth] Mar-04 15:10:52.521[chain]            [32minfo[39m: Publishing block slot=95, blockRoot=0xac7fb5405b0bb0b076a00fda88f35f733bafa00564606b473f293aa39efe7402, bodyRoot=0xa19961e4ecc6a2164a13341633e5c44aa7728d9eb35f4b80f9ea5d08ab7d7fba, broadcastValidation=gossip, blockLocallyProduced=true
[cl-4-lodestar-geth] Mar-04 15:10:52.594[api]              [32minfo[39m: Produced execution payload envelope slot=95, blockRoot=0xac7fb5405b0bb0b076a00fda88f35f733bafa00564606b473f293aa39efe7402, transactions=0, blockHash=0xe018c6f16a8eef2a2d1b81ef5cfc6bec9c1f593adfdcdec680c1f98040d3af72
[cl-4-lodestar-geth] Mar-04 15:10:52.602[chain]            [32minfo[39m: Publishing execution payload envelope slot=95, blockRoot=0xac7fb5405b0bb0b076a00fda88f35f733bafa00564606b473f293aa39efe7402, builderIndex=Infinity, isSelfBuild=true, dataColumns=0
[cl-4-lodestar-geth] Mar-04 15:10:52.603[chain]            [32minfo[39m: Published execution payload envelope slot=95, blockRoot=0xac7fb5405b0bb0b076a00fda88f35f733bafa00564606b473f293aa39efe7402, builderIndex=Infinity, isSelfBuild=true, dataColumns=0, delaySec=0.5959999561309814, sentPeers=3
[cl-4-lodestar-geth] Mar-04 15:10:58.000[]                 [32minfo[39m: Synced - slot: 95 - head: 0xac7f…7402 - exec-block: valid/full(81 0xe018… bid:0xe018…) - finalized: 0x0000…0000:0 - peers: 3
[cl-4-lodestar-geth] Mar-04 15:11:04.006[network]          [32minfo[39m: Unsubscribing gossip topics of previous fork boundary fork=fulu, epoch=0
[cl-4-lodestar-geth] Mar-04 15:11:04.022[network]          [32minfo[39m: Unsubscribing from long lived attnets of previous fork boundary fork=fulu, epoch=0
[cl-4-lodestar-geth] Mar-04 15:11:04.032[network]          [32minfo[39m: Unsubscribing from random attnets of previous fork boundary fork=fulu, epoch=0
[cl-4-lodestar-geth] Mar-04 15:11:10.000[]                 [32minfo[39m: Synced - slot: 96 - head: (slot -1) 0xac7f…7402 - exec-block: valid/full(81 0xe018… bid:0xe018…) - finalized: 0x0000…0000:0 - peers: 3
[cl-4-lodestar-geth] Mar-04 15:11:16.519[chain]            [32minfo[39m: Publishing block slot=97, blockRoot=0x7db121aaded9992db38a7280c1d1c83191a050c48a12fbfe7a2378c472b3e250, bodyRoot=0x8f6eb56c9e678fcab63d2cbeda8b1be510b8517c88a823a330426750ebf04c59, broadcastValidation=gossip, blockLocallyProduced=true
[cl-4-lodestar-geth] Mar-04 15:11:16.592[api]              [32minfo[39m: Produced execution payload envelope slot=97, blockRoot=0x7db121aaded9992db38a7280c1d1c83191a050c48a12fbfe7a2378c472b3e250, transactions=0, blockHash=0xe2d3b4291196850eb15f96d06461684cc109e1e098bf6a5476f8dc537b705d71
[cl-4-lodestar-geth] Mar-04 15:11:16.610[chain]            [32minfo[39m: Publishing execution payload envelope slot=97, blockRoot=0x7db121aaded9992db38a7280c1d1c83191a050c48a12fbfe7a2378c472b3e250, builderIndex=Infinity, isSelfBuild=true, dataColumns=0
[cl-4-lodestar-geth] Mar-04 15:11:16.612[chain]            [32minfo[39m: Published execution payload envelope slot=97, blockRoot=0x7db121aaded9992db38a7280c1d1c83191a050c48a12fbfe7a2378c472b3e250, builderIndex=Infinity, isSelfBuild=true, dataColumns=0, delaySec=0.5980000495910645, sentPeers=3
[cl-4-lodestar-geth] Mar-04 15:11:22.000[]                 [32minfo[39m: Synced - slot: 97 - head: 0x7db1…e250 - exec-block: valid/full(82 0xe2d3… bid:0xe2d3…) - finalized: 0x0000…0000:0 - peers: 3
[cl-4-lodestar-geth] Mar-04 15:11:28.514[chain]            [32minfo[39m: Publishing block slot=98, blockRoot=0x4dc4310c4b7d70166dff2b234b14418e602f7b3225a5abeba6f090152aef4eea, bodyRoot=0x667c624bc6e694207e489e5ba4a9d81556be7a217f6644318a0d66d721e006c9, broadcastValidation=gossip, blockLocallyProduced=true
[cl-4-lodestar-geth] Mar-04 15:11:28.590[api]              [32minfo[39m: Produced execution payload envelope slot=98, blockRoot=0x4dc4310c4b7d70166dff2b234b14418e602f7b3225a5abeba6f090152aef4eea, transactions=0, blockHash=0x950113fceac24920fdaca6d05a14024c9d3ecbc977e02d7ff9b6edeaf7888c7b
[cl-4-lodestar-geth] Mar-04 15:11:28.598[chain]            [32minfo[39m: Publishing execution payload envelope slot=98, blockRoot=0x4dc4310c4b7d70166dff2b234b14418e602f7b3225a5abeba6f090152aef4eea, builderIndex=Infinity, isSelfBuild=true, dataColumns=0
[cl-4-lodestar-geth] Mar-04 15:11:28.598[chain]            [32minfo[39m: Published execution payload envelope slot=98, blockRoot=0x4dc4310c4b7d70166dff2b234b14418e602f7b3225a5abeba6f090152aef4eea, builderIndex=Infinity, isSelfBuild=true, dataColumns=0, delaySec=0.5929999351501465, sentPeers=3
[cl-4-lodestar-geth] Mar-04 15:11:34.000[]                 [32minfo[39m: Synced - slot: 98 - head: 0x4dc4…4eea - exec-block: valid/full(83 0x9501… bid:0x9501…) - finalized: 0x0000…0000:0 - peers: 3
[cl-4-lodestar-geth] Mar-04 15:11:46.001[]                 [32minfo[39m: Synced - slot: 99 - head: (slot -1) 0x4dc4…4eea - exec-block: valid/full(83 0x9501… bid:0x9501…) - finalized: 0x0000…0000:0 - peers: 3
[cl-4-lodestar-geth] Mar-04 15:11:58.000[]                 [32minfo[39m: Synced - slot: 100 - head: (slot -2) 0x4dc4…4eea - exec-block: valid/full(83 0x9501… bid:0x9501…) - finalized: 0x0000…0000:0 - peers: 3
[cl-4-lodestar-geth] Mar-04 15:12:04.519[chain]            [32minfo[39m: Publishing block slot=101, blockRoot=0x9e57b44d6a13af69ae36ff130c935384352f4e8877e4dbb0175fb225f4e25c32, bodyRoot=0x49ac802c26b413c385167d487bc40328fa1464d6deca9d3f732b1aad9d646e70, broadcastValidation=gossip, blockLocallyProduced=true
[cl-4-lodestar-geth] Mar-04 15:12:04.586[api]              [32minfo[39m: Produced execution payload envelope slot=101, blockRoot=0x9e57b44d6a13af69ae36ff130c935384352f4e8877e4dbb0175fb225f4e25c32, transactions=0, blockHash=0xf651b88bbe405ae3c913e5826772653ec7f08b116fa388cfb68de7e35ad632d2
[cl-4-lodestar-geth] Mar-04 15:12:04.594[chain]            [32minfo[39m: Publishing execution payload envelope slot=101, blockRoot=0x9e57b44d6a13af69ae36ff130c935384352f4e8877e4dbb0175fb225f4e25c32, builderIndex=Infinity, isSelfBuild=true, dataColumns=0
[cl-4-lodestar-geth] Mar-04 15:12:04.595[chain]            [32minfo[39m: Published execution payload envelope slot=101, blockRoot=0x9e57b44d6a13af69ae36ff130c935384352f4e8877e4dbb0175fb225f4e25c32, builderIndex=Infinity, isSelfBuild=true, dataColumns=0, delaySec=0.5889999866485596, sentPeers=3
[cl-4-lodestar-geth] Mar-04 15:12:10.001[]                 [32minfo[39m: Synced - slot: 101 - head: 0x9e57…5c32 - exec-block: valid/full(84 0xf651… bid:0xf651…) - finalized: 0x0000…0000:0 - peers: 3
[cl-4-lodestar-geth] Mar-04 15:12:22.000[]                 [32minfo[39m: Synced - slot: 102 - head: (slot -1) 0x9e57…5c32 - exec-block: valid/full(84 0xf651… bid:0xf651…) - finalized: 0x0000…0000:0 - peers: 3
[cl-4-lodestar-geth] Mar-04 15:12:34.000[]                 [32minfo[39m: Synced - slot: 103 - head: (slot -2) 0x9e57…5c32 - exec-block: valid/full(84 0xf651… bid:0xf651…) - finalized: 0x0000…0000:0 - peers: 3
[cl-4-lodestar-geth] Mar-04 15:12:46.004[]                 [32minfo[39m: Synced - slot: 104 - head: (slot -3) 0x9e57…5c32 - exec-block: valid/full(84 0xf651… bid:0xf651…) - finalized: 0x0000…0000:0 - peers: 3
[cl-4-lodestar-geth] Mar-04 15:12:58.006[]                 [32minfo[39m: Synced - slot: 105 - head: (slot -4) 0x9e57…5c32 - exec-block: valid/full(84 0xf651… bid:0xf651…) - finalized: 0x0000…0000:0 - peers: 3
[cl-4-lodestar-geth] Mar-04 15:13:10.001[]                 [32minfo[39m: Synced - slot: 106 - head: (slot -5) 0x9e57…5c32 - exec-block: valid/full(84 0xf651… bid:0xf651…) - finalized: 0x0000…0000:0 - peers: 3
[cl-4-lodestar-geth] Mar-04 15:13:22.001[]                 [32minfo[39m: Synced - slot: 107 - head: 0xd449…c84a - exec-block: valid/full(85 0x82fb… bid:0x82fb…) - finalized: 0x0000…0000:0 - peers: 3
[cl-4-lodestar-geth] Mar-04 15:13:28.521[chain]            [32minfo[39m: Publishing block slot=108, blockRoot=0xb4f8ec2d3063481c85392f16732cac4327bb0a7d58407b757c115f853784e4fd, bodyRoot=0xeab7f68a972c2da7d52a43f73f5c8dba5408be1f53f99ed84373a49c7e3853d5, broadcastValidation=gossip, blockLocallyProduced=true
[cl-4-lodestar-geth] Mar-04 15:13:28.613[api]              [32minfo[39m: Produced execution payload envelope slot=108, blockRoot=0xb4f8ec2d3063481c85392f16732cac4327bb0a7d58407b757c115f853784e4fd, transactions=0, blockHash=0x42c4aec57462120b8a0baeec1ba8536c684cfd27f1f8929fd98a713bea8eaaf6
[cl-4-lodestar-geth] Mar-04 15:13:28.636[chain]            [32minfo[39m: Publishing execution payload envelope slot=108, blockRoot=0xb4f8ec2d3063481c85392f16732cac4327bb0a7d58407b757c115f853784e4fd, builderIndex=Infinity, isSelfBuild=true, dataColumns=0
[cl-4-lodestar-geth] Mar-04 15:13:28.654[chain]            [32minfo[39m: Published execution payload envelope slot=108, blockRoot=0xb4f8ec2d3063481c85392f16732cac4327bb0a7d58407b757c115f853784e4fd, builderIndex=Infinity, isSelfBuild=true, dataColumns=0, delaySec=0.619999885559082, sentPeers=3
[cl-4-lodestar-geth] Mar-04 15:13:34.002[]                 [32minfo[39m: Synced - slot: 108 - head: 0xb4f8…e4fd - exec-block: valid/full(86 0x42c4… bid:0x42c4…) - finalized: 0x0000…0000:0 - peers: 3
[cl-4-lodestar-geth] Mar-04 15:13:40.523[chain]            [32minfo[39m: Publishing block slot=109, blockRoot=0xf228d411499eaf771ef882c0e5479838d1611cfb34a5af680acb03b2896dcdbf, bodyRoot=0x275801e7a1343582b416b0fb6d5ab9b0aa5b7869b76897a6c9457749a348d488, broadcastValidation=gossip, blockLocallyProduced=true
[cl-4-lodestar-geth] Mar-04 15:13:40.587[api]              [32minfo[39m: Produced execution payload envelope slot=109, blockRoot=0xf228d411499eaf771ef882c0e5479838d1611cfb34a5af680acb03b2896dcdbf, transactions=0, blockHash=0x0f69f516723e370ccfdfad8b031aa30c2b7361f8bb8f178215eaac1df7512bd0
[cl-4-lodestar-geth] Mar-04 15:13:40.596[chain]            [32minfo[39m: Publishing execution payload envelope slot=109, blockRoot=0xf228d411499eaf771ef882c0e5479838d1611cfb34a5af680acb03b2896dcdbf, builderIndex=Infinity, isSelfBuild=true, dataColumns=0
[cl-4-lodestar-geth] Mar-04 15:13:40.597[chain]            [32minfo[39m: Published execution payload envelope slot=109, blockRoot=0xf228d411499eaf771ef882c0e5479838d1611cfb34a5af680acb03b2896dcdbf, builderIndex=Infinity, isSelfBuild=true, dataColumns=0, delaySec=0.5899999141693115, sentPeers=3
[cl-4-lodestar-geth] Mar-04 15:13:46.000[]                 [32minfo[39m: Synced - slot: 109 - head: 0xf228…cdbf - exec-block: valid/full(87 0x0f69… bid:0x0f69…) - finalized: 0x0000…0000:0 - peers: 3
[cl-4-lodestar-geth] Mar-04 15:13:58.001[]                 [32minfo[39m: Synced - slot: 110 - head: (slot -1) 0xf228…cdbf - exec-block: valid/full(87 0x0f69… bid:0x0f69…) - finalized: 0x0000…0000:0 - peers: 3
[cl-4-lodestar-geth] Mar-04 15:14:10.000[]                 [32minfo[39m: Synced - slot: 111 - head: 0xd279…e768 - exec-block: valid/full(88 0x4997… bid:0x4997…) - finalized: 0x0000…0000:0 - peers: 3
[cl-4-lodestar-geth] Mar-04 15:14:16.535[chain]            [32minfo[39m: Publishing block slot=112, blockRoot=0x3de009b3aa4cbf7ea73d67a5003da9ec98b98a6b9d191938e9b25e1233cd6ed0, bodyRoot=0x362cbf1f1d30b9a2349ce5e213e84c6c3e66ac014738ea248d6dd56815775223, broadcastValidation=gossip, blockLocallyProduced=true
[cl-4-lodestar-geth] Mar-04 15:14:16.601[api]              [32minfo[39m: Produced execution payload envelope slot=112, blockRoot=0x3de009b3aa4cbf7ea73d67a5003da9ec98b98a6b9d191938e9b25e1233cd6ed0, transactions=0, blockHash=0x652b7a97dffabf01ef1f67ad67aff7a7fdfcd8f92dd7b7905de92f70c0e9c32b
[cl-4-lodestar-geth] Mar-04 15:14:16.612[chain]            [32minfo[39m: Publishing execution payload envelope slot=112, blockRoot=0x3de009b3aa4cbf7ea73d67a5003da9ec98b98a6b9d191938e9b25e1233cd6ed0, builderIndex=Infinity, isSelfBuild=true, dataColumns=0
[cl-4-lodestar-geth] Mar-04 15:14:16.613[chain]            [32minfo[39m: Published execution payload envelope slot=112, blockRoot=0x3de009b3aa4cbf7ea73d67a5003da9ec98b98a6b9d191938e9b25e1233cd6ed0, builderIndex=Infinity, isSelfBuild=true, dataColumns=0, delaySec=0.6029999256134033, sentPeers=3
[cl-4-lodestar-geth] Mar-04 15:14:22.000[]                 [32minfo[39m: Synced - slot: 112 - head: 0x3de0…6ed0 - exec-block: valid/full(89 0x652b… bid:0x652b…) - finalized: 0x0000…0000:0 - peers: 3
[cl-4-lodestar-geth] Mar-04 15:14:34.000[]                 [32minfo[39m: Synced - slot: 113 - head: 0x0d32…11cf - exec-block: valid/full(90 0x0da5… bid:0x0da5…) - finalized: 0x0000…0000:0 - peers: 3
[cl-4-lodestar-geth] Mar-04 15:14:46.000[]                 [32minfo[39m: Synced - slot: 114 - head: (slot -1) 0x0d32…11cf - exec-block: valid/full(90 0x0da5… bid:0x0da5…) - finalized: 0x0000…0000:0 - peers: 3
[cl-4-lodestar-geth] Mar-04 15:14:58.000[]                 [32minfo[39m: Synced - slot: 115 - head: 0xf8be…a89a - exec-block: valid/full(91 0x6f95… bid:0x6f95…) - finalized: 0x0000…0000:0 - peers: 3
[cl-4-lodestar-geth] Mar-04 15:15:04.516[chain]            [32minfo[39m: Publishing block slot=116, blockRoot=0x8a497b9a3501dd60d1b9978f6da0f0f54a2ba3625e3d6492f46914b1ec870a7b, bodyRoot=0xce72dea69e4b7f37b430ce77e932f697ff58ed113eba05b4153ca021f0a80807, broadcastValidation=gossip, blockLocallyProduced=true
[cl-4-lodestar-geth] Mar-04 15:15:04.581[api]              [32minfo[39m: Produced execution payload envelope slot=116, blockRoot=0x8a497b9a3501dd60d1b9978f6da0f0f54a2ba3625e3d6492f46914b1ec870a7b, transactions=0, blockHash=0xa26dc31db55c3b626bfdd9820ce541c90868488622faa685d53996d71325b478
[cl-4-lodestar-geth] Mar-04 15:15:04.611[chain]            [32minfo[39m: Publishing execution payload envelope slot=116, blockRoot=0x8a497b9a3501dd60d1b9978f6da0f0f54a2ba3625e3d6492f46914b1ec870a7b, builderIndex=Infinity, isSelfBuild=true, dataColumns=0
[cl-4-lodestar-geth] Mar-04 15:15:04.613[chain]            [32minfo[39m: Published execution payload envelope slot=116, blockRoot=0x8a497b9a3501dd60d1b9978f6da0f0f54a2ba3625e3d6492f46914b1ec870a7b, builderIndex=Infinity, isSelfBuild=true, dataColumns=0, delaySec=0.5840001106262207, sentPeers=3
[cl-4-lodestar-geth] Mar-04 15:15:10.000[]                 [32minfo[39m: Synced - slot: 116 - head: 0x8a49…0a7b - exec-block: valid/full(92 0xa26d… bid:0xa26d…) - finalized: 0x0000…0000:0 - peers: 3
[cl-4-lodestar-geth] Mar-04 15:15:16.525[chain]            [32minfo[39m: Publishing block slot=117, blockRoot=0xdaea27d1fffd6b9d0dd5a22a51c27672d0c9add688cf15e8995671bd9800e57c, bodyRoot=0x6e2404300907ad2171761c4dd47c492dce29743a9299930085b5e14042ef31c8, broadcastValidation=gossip, blockLocallyProduced=true
[cl-4-lodestar-geth] Mar-04 15:15:16.618[api]              [32minfo[39m: Produced execution payload envelope slot=117, blockRoot=0xdaea27d1fffd6b9d0dd5a22a51c27672d0c9add688cf15e8995671bd9800e57c, transactions=0, blockHash=0x9b3f1ad27448ffb7145da3617e8e22976396e89d90343699b8d94b70b4062044
[cl-4-lodestar-geth] Mar-04 15:15:16.634[chain]            [32minfo[39m: Publishing execution payload envelope slot=117, blockRoot=0xdaea27d1fffd6b9d0dd5a22a51c27672d0c9add688cf15e8995671bd9800e57c, builderIndex=Infinity, isSelfBuild=true, dataColumns=0
[cl-4-lodestar-geth] Mar-04 15:15:16.635[chain]            [32minfo[39m: Published execution payload envelope slot=117, blockRoot=0xdaea27d1fffd6b9d0dd5a22a51c27672d0c9add688cf15e8995671bd9800e57c, builderIndex=Infinity, isSelfBuild=true, dataColumns=0, delaySec=0.6210000514984131, sentPeers=3
[cl-4-lodestar-geth] Mar-04 15:15:22.001[]                 [32minfo[39m: Synced - slot: 117 - head: 0xdaea…e57c - exec-block: valid/full(93 0x9b3f… bid:0x9b3f…) - finalized: 0x0000…0000:0 - peers: 3
[cl-4-lodestar-geth] Mar-04 15:15:34.001[]                 [32minfo[39m: Synced - slot: 118 - head: (slot -1) 0xdaea…e57c - exec-block: valid/full(93 0x9b3f… bid:0x9b3f…) - finalized: 0x0000…0000:0 - peers: 3
[cl-4-lodestar-geth] Mar-04 15:15:46.001[]                 [32minfo[39m: Synced - slot: 119 - head: 0x6bf4…8ce4 - exec-block: valid/full(94 0x241d… bid:0x241d…) - finalized: 0x0000…0000:0 - peers: 3
[cl-4-lodestar-geth] Mar-04 15:15:58.006[]                 [32minfo[39m: Synced - slot: 120 - head: (slot -1) 0x6bf4…8ce4 - exec-block: valid/full(94 0x241d… bid:0x241d…) - finalized: 0x0000…0000:0 - peers: 3
[cl-4-lodestar-geth] Mar-04 15:16:10.008[]                 [32minfo[39m: Synced - slot: 121 - head: 0x1a9c…641d - exec-block: valid/full(95 0x164f… bid:0x164f…) - finalized: 0x0000…0000:0 - peers: 3
[cl-4-lodestar-geth] Mar-04 15:16:22.000[]                 [32minfo[39m: Synced - slot: 122 - head: (slot -1) 0x1a9c…641d - exec-block: valid/full(95 0x164f… bid:0x164f…) - finalized: 0x0000…0000:0 - peers: 3
[cl-4-lodestar-geth] Mar-04 15:16:34.002[]                 [32minfo[39m: Synced - slot: 123 - head: (slot -2) 0x1a9c…641d - exec-block: valid/full(95 0x164f… bid:0x164f…) - finalized: 0x0000…0000:0 - peers: 3
[cl-4-lodestar-geth] Mar-04 15:16:40.578[chain]            [32minfo[39m: Publishing block slot=124, blockRoot=0x6b780863a14bef1dcf267d0432ef42af0bded9e902b2e63fc587c1299d00c123, bodyRoot=0x1a4a7c9fb9f14099c83da187c6bbb72772f0fe968af4e63a61d6a8b2b4fa0a5e, broadcastValidation=gossip, blockLocallyProduced=true
[cl-4-lodestar-geth] Mar-04 15:16:40.643[api]              [32minfo[39m: Produced execution payload envelope slot=124, blockRoot=0x6b780863a14bef1dcf267d0432ef42af0bded9e902b2e63fc587c1299d00c123, transactions=0, blockHash=0x03dea99bb828f25ce0c11f50ebf8a76ca068ed34bd248220e30e45581f168ac7
[cl-4-lodestar-geth] Mar-04 15:16:40.651[chain]            [32minfo[39m: Publishing execution payload envelope slot=124, blockRoot=0x6b780863a14bef1dcf267d0432ef42af0bded9e902b2e63fc587c1299d00c123, builderIndex=Infinity, isSelfBuild=true, dataColumns=0
[cl-4-lodestar-geth] Mar-04 15:16:40.652[chain]            [32minfo[39m: Published execution payload envelope slot=124, blockRoot=0x6b780863a14bef1dcf267d0432ef42af0bded9e902b2e63fc587c1299d00c123, builderIndex=Infinity, isSelfBuild=true, dataColumns=0, delaySec=0.6459999084472656, sentPeers=3
[cl-4-lodestar-geth] Mar-04 15:16:46.000[]                 [32minfo[39m: Synced - slot: 124 - head: 0x6b78…c123 - exec-block: valid/full(96 0x03de… bid:0x03de…) - finalized: 0x0000…0000:0 - peers: 3
[cl-4-lodestar-geth] Mar-04 15:16:52.517[chain]            [32minfo[39m: Publishing block slot=125, blockRoot=0x65f7d307e8ef6a7b56db88fd5600869e25dd80cf692a90292c534da713fe9692, bodyRoot=0x5294d2ac001692241cdbf953196fb1dbcc11f4f2c234d0dfbcbfa73c2497b641, broadcastValidation=gossip, blockLocallyProduced=true
[cl-4-lodestar-geth] Mar-04 15:16:52.591[api]              [32minfo[39m: Produced execution payload envelope slot=125, blockRoot=0x65f7d307e8ef6a7b56db88fd5600869e25dd80cf692a90292c534da713fe9692, transactions=0, blockHash=0xac81921c6b4553b0c3200b8176cfa2b25a5cf7c008fa2b4c3a772764efd263e1
[cl-4-lodestar-geth] Mar-04 15:16:52.603[chain]            [32minfo[39m: Publishing execution payload envelope slot=125, blockRoot=0x65f7d307e8ef6a7b56db88fd5600869e25dd80cf692a90292c534da713fe9692, builderIndex=Infinity, isSelfBuild=true, dataColumns=0
[cl-4-lodestar-geth] Mar-04 15:16:52.603[chain]            [32minfo[39m: Published execution payload envelope slot=125, blockRoot=0x65f7d307e8ef6a7b56db88fd5600869e25dd80cf692a90292c534da713fe9692, builderIndex=Infinity, isSelfBuild=true, dataColumns=0, delaySec=0.5950000286102295, sentPeers=3
[cl-4-lodestar-geth] Mar-04 15:16:58.000[]                 [32minfo[39m: Synced - slot: 125 - head: 0x65f7…9692 - exec-block: valid/full(97 0xac81… bid:0xac81…) - finalized: 0x0000…0000:0 - peers: 3
[cl-4-lodestar-geth] Mar-04 15:17:04.517[chain]            [32minfo[39m: Publishing block slot=126, blockRoot=0xef46589d14631ac405aed4879d0f483e466ec9952646c0a52041161dcb556c52, bodyRoot=0x2ddb2cac65d0b002ea27292210151772432d296cd92c68bb2e930184817c1477, broadcastValidation=gossip, blockLocallyProduced=true
[cl-4-lodestar-geth] Mar-04 15:17:04.590[api]              [32minfo[39m: Produced execution payload envelope slot=126, blockRoot=0xef46589d14631ac405aed4879d0f483e466ec9952646c0a52041161dcb556c52, transactions=0, blockHash=0x76a21b99b0c9db1f7eb637ed9b41409cb2ee499a111c275ced0f8bbfba7aa026
[cl-4-lodestar-geth] Mar-04 15:17:04.604[chain]            [32minfo[39m: Publishing execution payload envelope slot=126, blockRoot=0xef46589d14631ac405aed4879d0f483e466ec9952646c0a52041161dcb556c52, builderIndex=Infinity, isSelfBuild=true, dataColumns=0
[cl-4-lodestar-geth] Mar-04 15:17:04.607[chain]            [32minfo[39m: Published execution payload envelope slot=126, blockRoot=0xef46589d14631ac405aed4879d0f483e466ec9952646c0a52041161dcb556c52, builderIndex=Infinity, isSelfBuild=true, dataColumns=0, delaySec=0.5950000286102295, sentPeers=3
[cl-4-lodestar-geth] Mar-04 15:17:10.000[]                 [32minfo[39m: Synced - slot: 126 - head: 0xef46…6c52 - exec-block: valid/full(98 0x76a2… bid:0x76a2…) - finalized: 0x0000…0000:0 - peers: 3
[cl-4-lodestar-geth] Mar-04 15:17:22.000[]                 [32minfo[39m: Synced - slot: 127 - head: 0xca3d…718d - exec-block: valid/full(99 0x4db0… bid:0x4db0…) - finalized: 0x0000…0000:0 - peers: 3
[cl-4-lodestar-geth] Mar-04 15:17:34.002[]                 [32minfo[39m: Synced - slot: 128 - head: (slot -1) 0xca3d…718d - exec-block: valid/full(99 0x4db0… bid:0x4db0…) - finalized: 0x0000…0000:0 - peers: 3
[cl-4-lodestar-geth] Mar-04 15:17:46.000[]                 [32minfo[39m: Synced - slot: 129 - head: 0xaff6…2abb - exec-block: valid/full(100 0x783b… bid:0x783b…) - finalized: 0x0000…0000:0 - peers: 3
[cl-4-lodestar-geth] Mar-04 15:17:58.004[]                 [32minfo[39m: Synced - slot: 130 - head: (slot -1) 0xaff6…2abb - exec-block: valid/full(100 0x783b… bid:0x783b…) - finalized: 0x0000…0000:0 - peers: 3
[cl-4-lodestar-geth] Mar-04 15:18:04.517[chain]            [32minfo[39m: Publishing block slot=131, blockRoot=0x0d08f80a2415fe97af4a7cd166662d03ab3428a7b6f748d34de483cb2290c398, bodyRoot=0x0e067c3b22de8b3a53beef461059601b61c10763c10cefc05d852c1c6ce25113, broadcastValidation=gossip, blockLocallyProduced=true
[cl-4-lodestar-geth] Mar-04 15:18:04.581[api]              [32minfo[39m: Produced execution payload envelope slot=131, blockRoot=0x0d08f80a2415fe97af4a7cd166662d03ab3428a7b6f748d34de483cb2290c398, transactions=0, blockHash=0xea83e1f4ea036e1afa4298ab780ea35c4f27c6c7625f19e09ad9c3eb4db762d3
[cl-4-lodestar-geth] Mar-04 15:18:04.595[chain]            [32minfo[39m: Publishing execution payload envelope slot=131, blockRoot=0x0d08f80a2415fe97af4a7cd166662d03ab3428a7b6f748d34de483cb2290c398, builderIndex=Infinity, isSelfBuild=true, dataColumns=0
[cl-4-lodestar-geth] Mar-04 15:18:04.596[chain]            [32minfo[39m: Published execution payload envelope slot=131, blockRoot=0x0d08f80a2415fe97af4a7cd166662d03ab3428a7b6f748d34de483cb2290c398, builderIndex=Infinity, isSelfBuild=true, dataColumns=0, delaySec=0.5840001106262207, sentPeers=3
[cl-4-lodestar-geth] Mar-04 15:18:10.000[]                 [32minfo[39m: Synced - slot: 131 - head: 0x0d08…c398 - exec-block: valid/full(101 0xea83… bid:0xea83…) - finalized: 0x0000…0000:0 - peers: 3
[cl-4-lodestar-geth] Mar-04 15:18:16.516[chain]            [32minfo[39m: Publishing block slot=132, blockRoot=0x952228709e8c19ca6658ef45a5ff6d33fad749fe6deecaf41f427d6376b14e3a, bodyRoot=0x6888e85d75eea574694001d7af1d89a5af288e3d10387cb652b03b58e3c206c8, broadcastValidation=gossip, blockLocallyProduced=true
[cl-4-lodestar-geth] Mar-04 15:18:16.592[api]              [32minfo[39m: Produced execution payload envelope slot=132, blockRoot=0x952228709e8c19ca6658ef45a5ff6d33fad749fe6deecaf41f427d6376b14e3a, transactions=0, blockHash=0x775294ad64983b51c1a23a985ab6435a9654040121bf88b7d9fc10ea7fc9d855
[cl-4-lodestar-geth] Mar-04 15:18:16.600[chain]            [32minfo[39m: Publishing execution payload envelope slot=132, blockRoot=0x952228709e8c19ca6658ef45a5ff6d33fad749fe6deecaf41f427d6376b14e3a, builderIndex=Infinity, isSelfBuild=true, dataColumns=0
[cl-4-lodestar-geth] Mar-04 15:18:16.603[chain]            [32minfo[39m: Published execution payload envelope slot=132, blockRoot=0x952228709e8c19ca6658ef45a5ff6d33fad749fe6deecaf41f427d6376b14e3a, builderIndex=Infinity, isSelfBuild=true, dataColumns=0, delaySec=0.5940001010894775, sentPeers=3
[cl-4-lodestar-geth] Mar-04 15:18:22.006[]                 [32minfo[39m: Synced - slot: 132 - head: 0x9522…4e3a - exec-block: valid/full(102 0x7752… bid:0x7752…) - finalized: 0x0000…0000:0 - peers: 3
[cl-4-lodestar-geth] Mar-04 15:18:34.000[]                 [32minfo[39m: Synced - slot: 133 - head: (slot -1) 0x9522…4e3a - exec-block: valid/full(102 0x7752… bid:0x7752…) - finalized: 0x0000…0000:0 - peers: 3
[cl-4-lodestar-geth] Mar-04 15:18:46.000[]                 [32minfo[39m: Synced - slot: 134 - head: (slot -2) 0x9522…4e3a - exec-block: valid/full(102 0x7752… bid:0x7752…) - finalized: 0x0000…0000:0 - peers: 3
[cl-4-lodestar-geth] Mar-04 15:18:58.000[]                 [32minfo[39m: Synced - slot: 135 - head: (slot -3) 0x9522…4e3a - exec-block: valid/full(102 0x7752… bid:0x7752…) - finalized: 0x0000…0000:0 - peers: 3
[cl-4-lodestar-geth] Mar-04 15:19:10.001[]                 [32minfo[39m: Synced - slot: 136 - head: 0x67d0…6119 - exec-block: valid/full(103 0x37d7… bid:0x37d7…) - finalized: 0x0000…0000:0 - peers: 3
[cl-4-lodestar-geth] Mar-04 15:19:22.000[]                 [32minfo[39m: Synced - slot: 137 - head: 0xd318…c4ff - exec-block: valid/full(104 0x2ede… bid:0x2ede…) - finalized: 0x0000…0000:0 - peers: 3
[cl-4-lodestar-geth] Mar-04 15:19:34.000[]                 [32minfo[39m: Synced - slot: 138 - head: 0xd68c…b4f0 - exec-block: valid/full(105 0x6853… bid:0x6853…) - finalized: 0x0000…0000:0 - peers: 2
[cl-4-lodestar-geth] Mar-04 15:19:46.000[]                 [32minfo[39m: Synced - slot: 139 - head: (slot -1) 0xd68c…b4f0 - exec-block: valid/full(105 0x6853… bid:0x6853…) - finalized: 0x0000…0000:0 - peers: 2
[cl-4-lodestar-geth] Mar-04 15:19:58.001[]                 [32minfo[39m: Synced - slot: 140 - head: (slot -2) 0xd68c…b4f0 - exec-block: valid/full(105 0x6853… bid:0x6853…) - finalized: 0x0000…0000:0 - peers: 2
[cl-4-lodestar-geth] Mar-04 15:20:10.000[]                 [32minfo[39m: Synced - slot: 141 - head: (slot -3) 0xd68c…b4f0 - exec-block: valid/full(105 0x6853… bid:0x6853…) - finalized: 0x0000…0000:0 - peers: 2
[cl-4-lodestar-geth] Mar-04 15:20:22.004[]                 [32minfo[39m: Synced - slot: 142 - head: (slot -4) 0xd68c…b4f0 - exec-block: valid/full(105 0x6853… bid:0x6853…) - finalized: 0x0000…0000:0 - peers: 2
[cl-4-lodestar-geth] Mar-04 15:20:34.000[]                 [32minfo[39m: Synced - slot: 143 - head: (slot -5) 0xd68c…b4f0 - exec-block: valid/full(105 0x6853… bid:0x6853…) - finalized: 0x0000…0000:0 - peers: 2
[cl-4-lodestar-geth] Mar-04 15:20:46.000[]                 [32minfo[39m: Synced - slot: 144 - head: (slot -6) 0xd68c…b4f0 - exec-block: valid/full(105 0x6853… bid:0x6853…) - finalized: 0x0000…0000:0 - peers: 2
[cl-4-lodestar-geth] Mar-04 15:20:58.000[]                 [32minfo[39m: Synced - slot: 145 - head: (slot -7) 0xd68c…b4f0 - exec-block: valid/full(105 0x6853… bid:0x6853…) - finalized: 0x0000…0000:0 - peers: 2
[cl-4-lodestar-geth] Mar-04 15:21:10.000[]                 [32minfo[39m: Synced - slot: 146 - head: (slot -8) 0xd68c…b4f0 - exec-block: valid/full(105 0x6853… bid:0x6853…) - finalized: 0x0000…0000:0 - peers: 2
[cl-4-lodestar-geth] Mar-04 15:21:22.000[]                 [32minfo[39m: Synced - slot: 147 - head: (slot -9) 0xd68c…b4f0 - exec-block: valid/full(105 0x6853… bid:0x6853…) - finalized: 0x0000…0000:0 - peers: 2
[cl-4-lodestar-geth] Mar-04 15:21:34.001[]                 [32minfo[39m: Synced - slot: 148 - head: (slot -10) 0xd68c…b4f0 - exec-block: valid/full(105 0x6853… bid:0x6853…) - finalized: 0x0000…0000:0 - peers: 2
[cl-4-lodestar-geth] Mar-04 15:21:40.523[chain]            [32minfo[39m: Publishing block slot=149, blockRoot=0xbc2e65499a83c5ba5bffba9d86f9e7114b9f6298271473e3c63fb1e91f215c3d, bodyRoot=0x85fb7c1e4b63808994bb85673d9870af9fd7760a0315016596d2c597bf46b85b, broadcastValidation=gossip, blockLocallyProduced=true
[cl-4-lodestar-geth] Mar-04 15:21:40.592[api]              [32minfo[39m: Produced execution payload envelope slot=149, blockRoot=0xbc2e65499a83c5ba5bffba9d86f9e7114b9f6298271473e3c63fb1e91f215c3d, transactions=0, blockHash=0xe4444518b3ddca52cd3fca799236a111e8dd020426c249a997787408a7fb9479
[cl-4-lodestar-geth] Mar-04 15:21:40.598[chain]            [32minfo[39m: Publishing execution payload envelope slot=149, blockRoot=0xbc2e65499a83c5ba5bffba9d86f9e7114b9f6298271473e3c63fb1e91f215c3d, builderIndex=Infinity, isSelfBuild=true, dataColumns=0
[cl-4-lodestar-geth] Mar-04 15:21:40.599[chain]            [32minfo[39m: Published execution payload envelope slot=149, blockRoot=0xbc2e65499a83c5ba5bffba9d86f9e7114b9f6298271473e3c63fb1e91f215c3d, builderIndex=Infinity, isSelfBuild=true, dataColumns=0, delaySec=0.5940001010894775, sentPeers=2
[cl-4-lodestar-geth] Mar-04 15:21:46.004[]                 [32minfo[39m: Synced - slot: 149 - head: 0xbc2e…5c3d - exec-block: valid/full(106 0xe444… bid:0xe444…) - finalized: 0x0000…0000:0 - peers: 2
[cl-4-lodestar-geth] Mar-04 15:21:58.000[]                 [32minfo[39m: Synced - slot: 150 - head: 0x5458…c248 - exec-block: valid/full(107 0xd5a9… bid:0xd5a9…) - finalized: 0x0000…0000:0 - peers: 2
