[cl-3-lodestar-geth] Mar-04 14:37:15.358[]                 [33mwarn[39m: --nat flag is set with no purpose
[cl-3-lodestar-geth] Mar-04 14:37:15.390[]                 [32minfo[39m: Lodestar network=testnet, version=v1.40.0/ffbb1d1, commit=ffbb1d1c77e9c80d88cb89f3abeca578a7513175
[cl-3-lodestar-geth] Mar-04 14:37:15.417[]                 [32minfo[39m: Connected to LevelDB database path=/data/lodestar/beacon-data/chain-db
[cl-3-lodestar-geth] Mar-04 14:37:15.420[]                 [32minfo[39m: Loading genesis state genesisStateFile=/network-configs/genesis.ssz
[cl-3-lodestar-geth] Mar-04 14:37:15.423[]                 [32minfo[39m: Loaded genesis state size=2.68 MB
[cl-3-lodestar-geth] Mar-04 14:37:15.524[]                 [32minfo[39m: Initializing beacon from a valid checkpoint state slot=0, epoch=0, stateRoot=0x91eae84530908265b6a8382a413c72a71f94163b60a06c62d1df15af9deda318, isWithinWeakSubjectivityPeriod=true
[cl-3-lodestar-geth] Mar-04 14:37:15.539[]                 [32minfo[39m: Initialized genesis state slot=0, stateRoot=0x91eae84530908265b6a8382a413c72a71f94163b60a06c62d1df15af9deda318, isFinalized=true
[cl-3-lodestar-geth] Mar-04 14:37:15.584[execution]        [32minfo[39m: Execution client urls=http://el-3-geth-lodestar:8551
[cl-3-lodestar-geth] Mar-04 14:37:15.615[chain]            [32minfo[39m: Removed persisted checkpoint states from the last run count=0, maxEpochsInMemory=3
[cl-3-lodestar-geth] Mar-04 14:37:15.628[network]          [32minfo[39m: running libp2p instance in worker thread
[cl-3-lodestar-geth] Mar-04 14:37:17.977[network]          [32minfo[39m: libp2p worker started peer=16Uiu2HAm8kfiobyoT2Sa6DFiBLE1hjeQPL5A3aekL47cWVhQPWgK
[cl-3-lodestar-geth] Mar-04 14:37:20.498[network]          [32minfo[39m: Bootstrapped already-open libp2p peers bootstrapped=1
[cl-3-lodestar-geth] Mar-04 14:37:20.510[network]          [32minfo[39m: PeerId 16Uiu2HAm8kfiobyoT2Sa6DFiBLE1hjeQPL5A3aekL47cWVhQPWgK, Multiaddrs /ip4/0.0.0.0/tcp/9000,/ip6/::/tcp/9000
[cl-3-lodestar-geth] Mar-04 14:37:20.516[metrics]          [32minfo[39m: Started metrics HTTP server address=http://0.0.0.0:8008
[cl-3-lodestar-geth] Mar-04 14:37:20.731[rest]             [32minfo[39m: Started REST API server address=http://0.0.0.0:4000
[cl-3-lodestar-geth] Mar-04 14:37:20.731[rest]             [33mwarn[39m: REST API server is exposed, ensure untrusted traffic cannot reach this API
[cl-3-lodestar-geth] Mar-04 14:37:20.732[]                 [32minfo[39m: Searching peers - peers: 0 - slot: -1 - head: 0x6225…146c - finalized: 0x0000…0000:0
[cl-3-lodestar-geth] Mar-04 14:37:20.490[network]          [32minfo[39m: discv5 worker started peerId=16Uiu2HAm8kfiobyoT2Sa6DFiBLE1hjeQPL5A3aekL47cWVhQPWgK, initialENR=enr:-Ju4QLY60LSBiXy_CKCEkWtj-xv7sg-LdZWf9odHD1MU5UOeKDAEkq3cMogslJob5eiFEQnj7A_cvGenjblKQiOehQ8BgmlkgnY0gmlwhKwQABCJc2VjcDI1NmsxoQLGBaxW-x_bJX_IqrdxPc7LL5-ZrvDeII32l3dbnwBFXIN0Y3CCIyiEdGNwNoIjKIN1ZHCCIyiEdWRwNoIjKA, bindAddr4=/ip4/0.0.0.0/udp/9000, bindAddr6=/ip6/::/udp/9000
[cl-3-lodestar-geth] Mar-04 14:37:20.736[network]          [32minfo[39m: Subscribed gossip core topics
[cl-3-lodestar-geth] Mar-04 14:37:20.744[sync]             [32minfo[39m: Subscribed gossip core topics
[cl-3-lodestar-geth] Mar-04 14:37:20.744[sync]             [32minfo[39m: Subscribed gossip core topics
[cl-3-lodestar-geth] Mar-04 14:37:27.000[]                 [33mwarn[39m: Low peer count peers=1
[cl-3-lodestar-geth] Mar-04 14:37:27.001[]                 [32minfo[39m: Synced - slot: 0 - head: 0x6225…146c - exec-block: valid/full(0 0xd7ed…) - finalized: 0x0000…0000:0 - peers: 1
[cl-3-lodestar-geth] Mar-04 14:37:39.000[]                 [32minfo[39m: Synced - slot: 1 - head: (slot -1) 0x6225…146c - exec-block: valid/full(0 0xd7ed…) - finalized: 0x0000…0000:0 - peers: 1
[cl-3-lodestar-geth] Mar-04 14:37:47.659[rest]             [33mwarn[39m: Req req-v getExecutionPayloadEnvelope failed reason=Execution payload envelopes not available for pre-gloas fork=fulu
[cl-3-lodestar-geth] Mar-04 14:37:47.672[rest]             [33mwarn[39m: Req req-w getBlockHeader failed reason=Block not found for id '0x0000000000000000000000000000000000000000000000000000000000000000'
[cl-3-lodestar-geth] Mar-04 14:37:51.000[]                 [32minfo[39m: Synced - slot: 2 - head: (slot -2) 0x6225…146c - exec-block: valid/full(0 0xd7ed…) - finalized: 0x0000…0000:0 - peers: 3
[cl-3-lodestar-geth] Mar-04 14:37:57.231[execution]        [32minfo[39m: Execution client is synced oldState=ONLINE, newState=SYNCED
[cl-3-lodestar-geth] Mar-04 14:38:03.001[]                 [32minfo[39m: Synced - slot: 3 - head: 0xd656…b46d - exec-block: valid/full(1 0x42bb…) - finalized: 0x0000…0000:0 - peers: 3
[cl-3-lodestar-geth] Mar-04 14:38:09.078[api]              [32minfo[39m: Selected engine block: no builder block produced reason=builder_disabled, slot=4, parentSlot=3, parentBlockRoot=0xd65601ee50a8c28fa5de2c241fcef138e7d7889a2c8b7fea3a26ce3bdc9db46d, fork=fulu, builderSelection=executiononly, isBuilderEnabled=false, isEngineEnabled=true, strictFeeRecipientCheck=false, builderBoostFactor=0, durationMs=15, executionPayloadValue=0.00000 ETH, consensusBlockValue=0.00069 ETH, blockTotalValue=0.00069 ETH
[cl-3-lodestar-geth] Mar-04 14:38:09.085[chain]            [32minfo[39m: Publishing block slot=4, blockRoot=0xbd40c37cab602c1ceccc721dcbde9d74346d50b67a438eae4944adc0ed0f0592, bodyRoot=0x9072beed726146dd5487f88cb64e17919668bde4ca734a1369dd6c7fbf4b7f2c, broadcastValidation=gossip, blockLocallyProduced=true
[cl-3-lodestar-geth] Mar-04 14:38:15.000[]                 [32minfo[39m: Synced - slot: 4 - head: 0xbd40…0592 - exec-block: valid/full(2 0xf25e…) - finalized: 0x0000…0000:0 - peers: 3
[cl-3-lodestar-geth] Mar-04 14:38:27.000[]                 [32minfo[39m: Synced - slot: 5 - head: 0x4ae6…b79f - exec-block: valid/full(3 0xc22f…) - finalized: 0x0000…0000:0 - peers: 3
[cl-3-lodestar-geth] Mar-04 14:38:39.001[]                 [32minfo[39m: Synced - slot: 6 - head: 0x1de1…eb87 - exec-block: valid/full(4 0xd21f…) - finalized: 0x0000…0000:0 - peers: 3
[cl-3-lodestar-geth] Mar-04 14:38:51.001[]                 [32minfo[39m: Synced - slot: 7 - head: 0xd462…7d47 - exec-block: valid/full(5 0x759b…) - finalized: 0x0000…0000:0 - peers: 3
[cl-3-lodestar-geth] Mar-04 14:39:03.001[]                 [32minfo[39m: Synced - slot: 8 - head: 0xcfbf…a62d - exec-block: valid/full(6 0x4482…) - finalized: 0x0000…0000:0 - peers: 3
[cl-3-lodestar-geth] Mar-04 14:39:15.000[]                 [32minfo[39m: Synced - slot: 9 - head: 0x040e…370c - exec-block: valid/full(7 0x1d41…) - finalized: 0x0000…0000:0 - peers: 3
[cl-3-lodestar-geth] Mar-04 14:39:21.013[api]              [32minfo[39m: Selected engine block: no builder block produced reason=builder_disabled, slot=10, parentSlot=9, parentBlockRoot=0x040e60c85cd5ba4accb8167fd97643bd9efc36437b19f8417ab5b30fa1a6370c, fork=fulu, builderSelection=executiononly, isBuilderEnabled=false, isEngineEnabled=true, strictFeeRecipientCheck=false, builderBoostFactor=0, durationMs=8, executionPayloadValue=0.00000 ETH, consensusBlockValue=0.00101 ETH, blockTotalValue=0.00101 ETH
[cl-3-lodestar-geth] Mar-04 14:39:21.058[chain]            [32minfo[39m: Publishing block slot=10, blockRoot=0x0f3768fb3341127267c69bab824b05df78c89cd632208a38f55e6ceac91838c8, bodyRoot=0x2dd4740ddba7860144b746d27d31061b0c5a69f8209d2cc2538b0b6334dfd2e5, broadcastValidation=gossip, blockLocallyProduced=true
[cl-3-lodestar-geth] Mar-04 14:39:27.001[]                 [32minfo[39m: Synced - slot: 10 - head: 0x0f37…38c8 - exec-block: valid/full(8 0x72d9…) - finalized: 0x0000…0000:0 - peers: 3
[cl-3-lodestar-geth] Mar-04 14:39:39.001[]                 [32minfo[39m: Synced - slot: 11 - head: 0xd369…05ad - exec-block: valid/full(9 0x3c34…) - finalized: 0x0000…0000:0 - peers: 3
[cl-3-lodestar-geth] Mar-04 14:39:51.000[]                 [32minfo[39m: Synced - slot: 12 - head: 0x47d8…1ab8 - exec-block: valid/full(10 0x3e5c…) - finalized: 0x0000…0000:0 - peers: 3
[cl-3-lodestar-geth] Mar-04 14:40:03.000[]                 [32minfo[39m: Synced - slot: 13 - head: 0x3a39…f822 - exec-block: valid/full(11 0x38bd…) - finalized: 0x0000…0000:0 - peers: 3
[cl-3-lodestar-geth] Mar-04 14:40:15.000[]                 [32minfo[39m: Synced - slot: 14 - head: 0x9404…1f11 - exec-block: valid/full(12 0x616c…) - finalized: 0x0000…0000:0 - peers: 3
[cl-3-lodestar-geth] Mar-04 14:40:27.000[]                 [32minfo[39m: Synced - slot: 15 - head: 0x61d8…40f7 - exec-block: valid/full(13 0x1e08…) - finalized: 0x0000…0000:0 - peers: 3
[cl-3-lodestar-geth] Mar-04 14:40:39.000[]                 [32minfo[39m: Synced - slot: 16 - head: 0xff5c…5515 - exec-block: valid/full(14 0x1d12…) - finalized: 0x0000…0000:0 - peers: 3
[cl-3-lodestar-geth] Mar-04 14:40:51.000[]                 [32minfo[39m: Synced - slot: 17 - head: 0x917f…8130 - exec-block: valid/full(15 0xe24f…) - finalized: 0x0000…0000:0 - peers: 3
[cl-3-lodestar-geth] Mar-04 14:41:03.001[]                 [32minfo[39m: Synced - slot: 18 - head: 0x3980…6817 - exec-block: valid/full(16 0x7242…) - finalized: 0x0000…0000:0 - peers: 3
[cl-3-lodestar-geth] Mar-04 14:41:15.000[]                 [32minfo[39m: Synced - slot: 19 - head: 0x2ac1…adde - exec-block: valid/full(17 0xf96b…) - finalized: 0x0000…0000:0 - peers: 3
[cl-3-lodestar-geth] Mar-04 14:41:27.000[]                 [32minfo[39m: Synced - slot: 20 - head: 0xd236…f8b8 - exec-block: valid/full(18 0x19fd…) - finalized: 0x0000…0000:0 - peers: 3
[cl-3-lodestar-geth] Mar-04 14:41:39.000[]                 [32minfo[39m: Synced - slot: 21 - head: 0x85b2…538d - exec-block: valid/full(19 0x8ae5…) - finalized: 0x0000…0000:0 - peers: 3
[cl-3-lodestar-geth] Mar-04 14:41:45.010[api]              [32minfo[39m: Selected engine block: no builder block produced reason=builder_disabled, slot=22, parentSlot=21, parentBlockRoot=0x85b221ee40b3cbe844549cbd8249ea66c912188b44b68ff0365107d6a9db538d, fork=fulu, builderSelection=executiononly, isBuilderEnabled=false, isEngineEnabled=true, strictFeeRecipientCheck=false, builderBoostFactor=0, durationMs=7, executionPayloadValue=0.00000 ETH, consensusBlockValue=0.00101 ETH, blockTotalValue=0.00101 ETH
[cl-3-lodestar-geth] Mar-04 14:41:45.058[chain]            [32minfo[39m: Publishing block slot=22, blockRoot=0xbe7a6422230a5ba629ed67f354887608395ff93390bbfe5dbb33fa00a7756c83, bodyRoot=0x0288b5a59c01285b586a2e3d596c69b05d8eceb3aaec36e7be606ecab4b32514, broadcastValidation=gossip, blockLocallyProduced=true
[cl-3-lodestar-geth] Mar-04 14:41:51.001[]                 [32minfo[39m: Synced - slot: 22 - head: 0xbe7a…6c83 - exec-block: valid/full(20 0x7a3a…) - finalized: 0x0000…0000:0 - peers: 3
[cl-3-lodestar-geth] Mar-04 14:41:57.013[api]              [32minfo[39m: Selected engine block: no builder block produced reason=builder_disabled, slot=23, parentSlot=22, parentBlockRoot=0xbe7a6422230a5ba629ed67f354887608395ff93390bbfe5dbb33fa00a7756c83, fork=fulu, builderSelection=executiononly, isBuilderEnabled=false, isEngineEnabled=true, strictFeeRecipientCheck=false, builderBoostFactor=0, durationMs=8, executionPayloadValue=0.00000 ETH, consensusBlockValue=0.00101 ETH, blockTotalValue=0.00101 ETH
[cl-3-lodestar-geth] Mar-04 14:41:57.061[chain]            [32minfo[39m: Publishing block slot=23, blockRoot=0xd3a5476b45208277c06db9208a6d942fdca22239b5697443a6f5e286a3cb01ee, bodyRoot=0xc91e877c54c0f41f1374c768c449a236838adf425d26bcc3396f8f7d7dd4dc70, broadcastValidation=gossip, blockLocallyProduced=true
[cl-3-lodestar-geth] Mar-04 14:42:03.001[]                 [32minfo[39m: Synced - slot: 23 - head: 0xd3a5…01ee - exec-block: valid/full(21 0xad9f…) - finalized: 0x0000…0000:0 - peers: 3
[cl-3-lodestar-geth] Mar-04 14:42:09.012[api]              [32minfo[39m: Selected engine block: no builder block produced reason=builder_disabled, slot=24, parentSlot=23, parentBlockRoot=0xd3a5476b45208277c06db9208a6d942fdca22239b5697443a6f5e286a3cb01ee, fork=fulu, builderSelection=executiononly, isBuilderEnabled=false, isEngineEnabled=true, strictFeeRecipientCheck=false, builderBoostFactor=0, durationMs=7, executionPayloadValue=0.00000 ETH, consensusBlockValue=0.00101 ETH, blockTotalValue=0.00101 ETH
[cl-3-lodestar-geth] Mar-04 14:42:09.059[chain]            [32minfo[39m: Publishing block slot=24, blockRoot=0xf9303c2018131cb8da3b630bc9fc8e0a323bb82da711d6194219e83f8e881e3e, bodyRoot=0xef5a57ea60a54070db990b21cff387955e929f781e307a250be61cb013a8dbe5, broadcastValidation=gossip, blockLocallyProduced=true
[cl-3-lodestar-geth] Mar-04 14:42:15.000[]                 [32minfo[39m: Synced - slot: 24 - head: 0xf930…1e3e - exec-block: valid/full(22 0xf891…) - finalized: 0x0000…0000:0 - peers: 3
[cl-3-lodestar-geth] Mar-04 14:42:27.000[]                 [32minfo[39m: Synced - slot: 25 - head: 0x1956…9684 - exec-block: valid/full(23 0xd6ae…) - finalized: 0x0000…0000:0 - peers: 3
[cl-3-lodestar-geth] Mar-04 14:42:33.012[api]              [32minfo[39m: Selected engine block: no builder block produced reason=builder_disabled, slot=26, parentSlot=25, parentBlockRoot=0x19566301174037df5996267d583041922ba7dfdda7ed9228090324d7c99d9684, fork=fulu, builderSelection=executiononly, isBuilderEnabled=false, isEngineEnabled=true, strictFeeRecipientCheck=false, builderBoostFactor=0, durationMs=8, executionPayloadValue=0.00000 ETH, consensusBlockValue=0.00101 ETH, blockTotalValue=0.00101 ETH
[cl-3-lodestar-geth] Mar-04 14:42:33.058[chain]            [32minfo[39m: Publishing block slot=26, blockRoot=0x1e34102537710f88ee76bdd5f4e6523b5ce2370f4c92681b291b1a8411b83faf, bodyRoot=0x9cffb752d0778582e1d545d5bc12b086b52f2b264c67c88ee9d3ff5a5d822473, broadcastValidation=gossip, blockLocallyProduced=true
[cl-3-lodestar-geth] Mar-04 14:42:39.000[]                 [32minfo[39m: Synced - slot: 26 - head: 0x1e34…3faf - exec-block: valid/full(24 0xf14f…) - finalized: 0x0000…0000:0 - peers: 3
[cl-3-lodestar-geth] Mar-04 14:42:51.001[]                 [32minfo[39m: Synced - slot: 27 - head: 0x7189…1214 - exec-block: valid/full(25 0x7bed…) - finalized: 0x0000…0000:0 - peers: 3
[cl-3-lodestar-geth] Mar-04 14:43:03.000[]                 [32minfo[39m: Synced - slot: 28 - head: 0x4f50…cf80 - exec-block: valid/full(26 0x4bc8…) - finalized: 0x0000…0000:0 - peers: 3
[cl-3-lodestar-geth] Mar-04 14:43:15.000[]                 [32minfo[39m: Synced - slot: 29 - head: 0x918d…07af - exec-block: valid/full(27 0x653e…) - finalized: 0x0000…0000:0 - peers: 3
[cl-3-lodestar-geth] Mar-04 14:43:21.013[api]              [32minfo[39m: Selected engine block: no builder block produced reason=builder_disabled, slot=30, parentSlot=29, parentBlockRoot=0x918dcd745b6e5981106182d681d14fedcb1d2f3a641e18c6ca89aad0e41b07af, fork=fulu, builderSelection=executiononly, isBuilderEnabled=false, isEngineEnabled=true, strictFeeRecipientCheck=false, builderBoostFactor=0, durationMs=9, executionPayloadValue=0.00000 ETH, consensusBlockValue=0.00101 ETH, blockTotalValue=0.00101 ETH
[cl-3-lodestar-geth] Mar-04 14:43:21.058[chain]            [32minfo[39m: Publishing block slot=30, blockRoot=0x80493ed2d3c8650705228cc5da3a69ae7162625744a8c7abd10be5b812fb45d7, bodyRoot=0x7c74869d31c17afbe3ad1bb607df90db94bdbefa2eb0a905269b35b9eb6367f8, broadcastValidation=gossip, blockLocallyProduced=true
[cl-3-lodestar-geth] Mar-04 14:43:27.001[]                 [32minfo[39m: Synced - slot: 30 - head: 0x8049…45d7 - exec-block: valid/full(28 0xa6e6…) - finalized: 0x0000…0000:0 - peers: 3
[cl-3-lodestar-geth] Mar-04 14:43:33.012[api]              [32minfo[39m: Selected engine block: no builder block produced reason=builder_disabled, slot=31, parentSlot=30, parentBlockRoot=0x80493ed2d3c8650705228cc5da3a69ae7162625744a8c7abd10be5b812fb45d7, fork=fulu, builderSelection=executiononly, isBuilderEnabled=false, isEngineEnabled=true, strictFeeRecipientCheck=false, builderBoostFactor=0, durationMs=7, executionPayloadValue=0.00000 ETH, consensusBlockValue=0.00101 ETH, blockTotalValue=0.00101 ETH
[cl-3-lodestar-geth] Mar-04 14:43:33.058[chain]            [32minfo[39m: Publishing block slot=31, blockRoot=0x9cbfdfb678f835c4d0894c0469cacffc42d32c537bc5e7a6f03a8f0aa354185b, bodyRoot=0x3c9d077cdf94be157fc8e9094fd5b55bf8940358bbdbb7900ddebddfe1a4d839, broadcastValidation=gossip, blockLocallyProduced=true
[cl-3-lodestar-geth] Mar-04 14:43:39.000[]                 [32minfo[39m: Synced - slot: 31 - head: 0x9cbf…185b - exec-block: valid/full(29 0x1308…) - finalized: 0x0000…0000:0 - peers: 3
[cl-3-lodestar-geth] Mar-04 14:43:45.718[rest]            [31merror[39m: Req req-f4 getStateV2 error - REGEN_ERROR_STATE_NOT_IN_FORKCHOICE
[cl-3-lodestar-geth] Error: REGEN_ERROR_STATE_NOT_IN_FORKCHOICE
[cl-3-lodestar-geth]     at StateRegenerator.findFirstStateBlock (file:///usr/app/packages/beacon-node/src/chain/regen/regen.ts:327:11)
[cl-3-lodestar-geth]     at StateRegenerator.getState (file:///usr/app/packages/beacon-node/src/chain/regen/regen.ts:176:24)
[cl-3-lodestar-geth]     at JobItemQueue.jobQueueProcessor [as itemProcessor] (file:///usr/app/packages/beacon-node/src/chain/regen/queued.ts:310:35)
[cl-3-lodestar-geth]     at Timeout.runJob [as _onTimeout] (file:///usr/app/packages/beacon-node/src/util/queue/itemQueue.ts:149:33)
[cl-3-lodestar-geth]     at listOnTimeout (node:internal/timers:605:17)
[cl-3-lodestar-geth]     at processTimers (node:internal/timers:541:7)
[cl-3-lodestar-geth] Mar-04 14:43:51.001[]                 [32minfo[39m: Synced - slot: 32 - head: 0xa617…82e7 - exec-block: valid/full(30 0x9b25… bid:0x9b25…) - finalized: 0x0000…0000:0 - peers: 3
[cl-3-lodestar-geth] Mar-04 14:43:57.584[chain]            [32minfo[39m: Publishing block slot=33, blockRoot=0x9593e340a1344d13580460652166a306d6398351f28926cb119c939fe8a8e719, bodyRoot=0x0f20e7208652087a6c305c68ffcdb2101b624c748ecf2916e5b68d8418ad9cfa, broadcastValidation=gossip, blockLocallyProduced=true
[cl-3-lodestar-geth] Mar-04 14:43:57.655[api]              [32minfo[39m: Produced execution payload envelope slot=33, blockRoot=0x9593e340a1344d13580460652166a306d6398351f28926cb119c939fe8a8e719, transactions=0, blockHash=0x21fda69fc1c1480dea019ddcf0656788c0a0b41cf688df01f3a0ce30e2096bfa
[cl-3-lodestar-geth] Mar-04 14:43:57.669[chain]            [32minfo[39m: Publishing execution payload envelope slot=33, blockRoot=0x9593e340a1344d13580460652166a306d6398351f28926cb119c939fe8a8e719, builderIndex=Infinity, isSelfBuild=true, dataColumns=0
[cl-3-lodestar-geth] Mar-04 14:43:57.670[chain]            [32minfo[39m: Published execution payload envelope slot=33, blockRoot=0x9593e340a1344d13580460652166a306d6398351f28926cb119c939fe8a8e719, builderIndex=Infinity, isSelfBuild=true, dataColumns=0, delaySec=0.6600000858306885, sentPeers=3
[cl-3-lodestar-geth] Mar-04 14:44:03.000[]                 [32minfo[39m: Synced - slot: 33 - head: 0x9593…e719 - exec-block: valid/full(31 0x21fd… bid:0x21fd…) - finalized: 0x0000…0000:0 - peers: 3
[cl-3-lodestar-geth] Mar-04 14:44:15.000[]                 [32minfo[39m: Synced - slot: 34 - head: 0x7587…d55d - exec-block: valid/full(32 0x4bf5… bid:0x4bf5…) - finalized: 0x0000…0000:0 - peers: 3
[cl-3-lodestar-geth] Mar-04 14:44:27.000[]                 [32minfo[39m: Synced - slot: 35 - head: 0xfd95…f2a2 - exec-block: valid/full(33 0x38d5… bid:0x38d5…) - finalized: 0x0000…0000:0 - peers: 3
[cl-3-lodestar-geth] Mar-04 14:44:39.007[]                 [32minfo[39m: Synced - slot: 36 - head: 0x818e…fd5b - exec-block: valid/full(34 0xfb5a… bid:0xfb5a…) - finalized: 0x0000…0000:0 - peers: 3
[cl-3-lodestar-geth] Mar-04 14:44:51.000[]                 [32minfo[39m: Synced - slot: 37 - head: 0xf3ed…63ff - exec-block: valid/full(35 0x4279… bid:0x4279…) - finalized: 0x0000…0000:0 - peers: 3
[cl-3-lodestar-geth] Mar-04 14:45:03.000[]                 [32minfo[39m: Synced - slot: 38 - head: 0x14dc…2318 - exec-block: valid/full(36 0xc1a1… bid:0xc1a1…) - finalized: 0x0000…0000:0 - peers: 3
[cl-3-lodestar-geth] Mar-04 14:45:15.000[]                 [32minfo[39m: Synced - slot: 39 - head: 0xb78f…c6d3 - exec-block: valid/full(37 0xfb35… bid:0xfb35…) - finalized: 0x0000…0000:0 - peers: 3
[cl-3-lodestar-geth] Mar-04 14:45:27.000[]                 [32minfo[39m: Synced - slot: 40 - head: 0x7589…ee68 - exec-block: valid/full(38 0xe828… bid:0xe828…) - finalized: 0x0000…0000:0 - peers: 3
[cl-3-lodestar-geth] Mar-04 14:45:39.000[]                 [32minfo[39m: Synced - slot: 41 - head: 0xa17d…e4b0 - exec-block: valid/full(39 0x2727… bid:0x2727…) - finalized: 0x0000…0000:0 - peers: 3
[cl-3-lodestar-geth] Mar-04 14:45:45.517[chain]            [32minfo[39m: Publishing block slot=42, blockRoot=0x1f95289f582178e4b501b194c9b43c94014d9919dce3f156be603fa62e766630, bodyRoot=0xf3dac350e66428d19aed1953cf2d22049796144adb0f76b1456f70bf9bbfb0c2, broadcastValidation=gossip, blockLocallyProduced=true
[cl-3-lodestar-geth] Mar-04 14:45:45.581[api]              [32minfo[39m: Produced execution payload envelope slot=42, blockRoot=0x1f95289f582178e4b501b194c9b43c94014d9919dce3f156be603fa62e766630, transactions=0, blockHash=0x4878dc4233eb9163047258098fda204235a5bbfab1bf31dd56e263e0da3ba3d0
[cl-3-lodestar-geth] Mar-04 14:45:45.589[chain]            [32minfo[39m: Publishing execution payload envelope slot=42, blockRoot=0x1f95289f582178e4b501b194c9b43c94014d9919dce3f156be603fa62e766630, builderIndex=Infinity, isSelfBuild=true, dataColumns=0
[cl-3-lodestar-geth] Mar-04 14:45:45.593[chain]            [32minfo[39m: Published execution payload envelope slot=42, blockRoot=0x1f95289f582178e4b501b194c9b43c94014d9919dce3f156be603fa62e766630, builderIndex=Infinity, isSelfBuild=true, dataColumns=0, delaySec=0.5840001106262207, sentPeers=3
[cl-3-lodestar-geth] Mar-04 14:45:51.000[]                 [32minfo[39m: Synced - slot: 42 - head: 0x1f95…6630 - exec-block: valid/full(40 0x4878… bid:0x4878…) - finalized: 0x0000…0000:0 - peers: 3
[cl-3-lodestar-geth] Mar-04 14:45:57.526[chain]            [32minfo[39m: Publishing block slot=43, blockRoot=0x098a19a242f3bb3100dcea7a38e44a2e3f9adedaf1c75692d1ca8935a8f99a1e, bodyRoot=0x00eaa4e4e429484f72ec9702cbb2cac5352bb966d1845cab800075722905e5d7, broadcastValidation=gossip, blockLocallyProduced=true
[cl-3-lodestar-geth] Mar-04 14:45:57.593[api]              [32minfo[39m: Produced execution payload envelope slot=43, blockRoot=0x098a19a242f3bb3100dcea7a38e44a2e3f9adedaf1c75692d1ca8935a8f99a1e, transactions=0, blockHash=0xbdd5abc7a4964d0a5dab33ab4ea644c245cf455109ea46aaf17b6627e32fb0fd
[cl-3-lodestar-geth] Mar-04 14:45:57.602[chain]            [32minfo[39m: Publishing execution payload envelope slot=43, blockRoot=0x098a19a242f3bb3100dcea7a38e44a2e3f9adedaf1c75692d1ca8935a8f99a1e, builderIndex=Infinity, isSelfBuild=true, dataColumns=0
[cl-3-lodestar-geth] Mar-04 14:45:57.603[chain]            [32minfo[39m: Published execution payload envelope slot=43, blockRoot=0x098a19a242f3bb3100dcea7a38e44a2e3f9adedaf1c75692d1ca8935a8f99a1e, builderIndex=Infinity, isSelfBuild=true, dataColumns=0, delaySec=0.5959999561309814, sentPeers=3
[cl-3-lodestar-geth] Mar-04 14:46:03.001[]                 [32minfo[39m: Synced - slot: 43 - head: 0x098a…9a1e - exec-block: valid/full(41 0xbdd5… bid:0xbdd5…) - finalized: 0x0000…0000:0 - peers: 3
[cl-3-lodestar-geth] Mar-04 14:46:15.000[]                 [32minfo[39m: Synced - slot: 44 - head: 0x7840…e85e - exec-block: valid/full(42 0xa8b1… bid:0xa8b1…) - finalized: 0x0000…0000:0 - peers: 3
[cl-3-lodestar-geth] Mar-04 14:46:21.524[chain]            [32minfo[39m: Publishing block slot=45, blockRoot=0x8d59d45f15e990f620fe3ae4259141d5b6a4805435923e50c869e9773e3016ee, bodyRoot=0x4170ea15148372e893c5403f625b7c5b8eb1bd174fd5e479143021d9ca64b4bd, broadcastValidation=gossip, blockLocallyProduced=true
[cl-3-lodestar-geth] Mar-04 14:46:21.594[api]              [32minfo[39m: Produced execution payload envelope slot=45, blockRoot=0x8d59d45f15e990f620fe3ae4259141d5b6a4805435923e50c869e9773e3016ee, transactions=0, blockHash=0xf41861a667cfdb36cc6f2d1619e63d2b4aaf61e3ec9bf893efa638c7e611430f
[cl-3-lodestar-geth] Mar-04 14:46:21.601[chain]            [32minfo[39m: Publishing execution payload envelope slot=45, blockRoot=0x8d59d45f15e990f620fe3ae4259141d5b6a4805435923e50c869e9773e3016ee, builderIndex=Infinity, isSelfBuild=true, dataColumns=0
[cl-3-lodestar-geth] Mar-04 14:46:21.603[chain]            [32minfo[39m: Published execution payload envelope slot=45, blockRoot=0x8d59d45f15e990f620fe3ae4259141d5b6a4805435923e50c869e9773e3016ee, builderIndex=Infinity, isSelfBuild=true, dataColumns=0, delaySec=0.5959999561309814, sentPeers=3
[cl-3-lodestar-geth] Mar-04 14:46:27.000[]                 [32minfo[39m: Synced - slot: 45 - head: 0x8d59…16ee - exec-block: valid/full(43 0xf418… bid:0xf418…) - finalized: 0x0000…0000:0 - peers: 3
[cl-3-lodestar-geth] Mar-04 14:46:39.000[]                 [32minfo[39m: Synced - slot: 46 - head: 0xb21d…745e - exec-block: valid/full(44 0x4796… bid:0x4796…) - finalized: 0x0000…0000:0 - peers: 3
[cl-3-lodestar-geth] Mar-04 14:46:45.519[chain]            [32minfo[39m: Publishing block slot=47, blockRoot=0xe311cb4c202200df98fcf5cbc9bed564796fabe7b3093857e307809cb2b2e428, bodyRoot=0x9dff1cfa267f992b2e618f82eb93ffe1b313996fb2144873418d4418bf42ba3d, broadcastValidation=gossip, blockLocallyProduced=true
[cl-3-lodestar-geth] Mar-04 14:46:45.613[api]              [32minfo[39m: Produced execution payload envelope slot=47, blockRoot=0xe311cb4c202200df98fcf5cbc9bed564796fabe7b3093857e307809cb2b2e428, transactions=0, blockHash=0x2c3e42002edd80844ecdb445c11ee6ab93c92cbe4775154a4489854c8fb9f46d
[cl-3-lodestar-geth] Mar-04 14:46:45.631[chain]            [32minfo[39m: Publishing execution payload envelope slot=47, blockRoot=0xe311cb4c202200df98fcf5cbc9bed564796fabe7b3093857e307809cb2b2e428, builderIndex=Infinity, isSelfBuild=true, dataColumns=0
[cl-3-lodestar-geth] Mar-04 14:46:45.633[chain]            [32minfo[39m: Published execution payload envelope slot=47, blockRoot=0xe311cb4c202200df98fcf5cbc9bed564796fabe7b3093857e307809cb2b2e428, builderIndex=Infinity, isSelfBuild=true, dataColumns=0, delaySec=0.6180000305175781, sentPeers=3
[cl-3-lodestar-geth] Mar-04 14:46:51.004[]                 [32minfo[39m: Synced - slot: 47 - head: 0xe311…e428 - exec-block: valid/full(45 0x2c3e… bid:0x2c3e…) - finalized: 0x0000…0000:0 - peers: 3
[cl-3-lodestar-geth] Mar-04 14:47:03.000[]                 [32minfo[39m: Synced - slot: 48 - head: 0x5e2a…be25 - exec-block: valid/full(46 0xab75… bid:0xab75…) - finalized: 0x0000…0000:0 - peers: 3
[cl-3-lodestar-geth] Mar-04 14:47:15.001[]                 [32minfo[39m: Synced - slot: 49 - head: 0x4ba3…9f1a - exec-block: valid/full(47 0x4400… bid:0x4400…) - finalized: 0x0000…0000:0 - peers: 3
[cl-3-lodestar-geth] Mar-04 14:47:21.519[chain]            [32minfo[39m: Publishing block slot=50, blockRoot=0xc0ddb71e1111800ed5a194ffb7829eb554daaf0a1c1c3795e73a2fc67cfce03f, bodyRoot=0x6f667493abc20cb6e082b02cbba7d37ae51511d6dea13cafea0818805710d817, broadcastValidation=gossip, blockLocallyProduced=true
[cl-3-lodestar-geth] Mar-04 14:47:21.587[api]              [32minfo[39m: Produced execution payload envelope slot=50, blockRoot=0xc0ddb71e1111800ed5a194ffb7829eb554daaf0a1c1c3795e73a2fc67cfce03f, transactions=0, blockHash=0xe5c5eb07f5aa9af5af1e4c61e9ceecb893a021c94552312d116050fed20d68d4
[cl-3-lodestar-geth] Mar-04 14:47:21.596[chain]            [32minfo[39m: Publishing execution payload envelope slot=50, blockRoot=0xc0ddb71e1111800ed5a194ffb7829eb554daaf0a1c1c3795e73a2fc67cfce03f, builderIndex=Infinity, isSelfBuild=true, dataColumns=0
[cl-3-lodestar-geth] Mar-04 14:47:21.597[chain]            [32minfo[39m: Published execution payload envelope slot=50, blockRoot=0xc0ddb71e1111800ed5a194ffb7829eb554daaf0a1c1c3795e73a2fc67cfce03f, builderIndex=Infinity, isSelfBuild=true, dataColumns=0, delaySec=0.5889999866485596, sentPeers=3
[cl-3-lodestar-geth] Mar-04 14:47:27.001[]                 [32minfo[39m: Synced - slot: 50 - head: 0xc0dd…e03f - exec-block: valid/full(48 0xe5c5… bid:0xe5c5…) - finalized: 0x0000…0000:0 - peers: 3
[cl-3-lodestar-geth] Mar-04 14:47:39.000[]                 [32minfo[39m: Synced - slot: 51 - head: 0x1fd5…6da0 - exec-block: valid/full(49 0x42ac… bid:0x42ac…) - finalized: 0x0000…0000:0 - peers: 3
[cl-3-lodestar-geth] Mar-04 14:47:51.003[]                 [32minfo[39m: Synced - slot: 52 - head: 0x38ab…b93f - exec-block: valid/full(50 0xd88c… bid:0xd88c…) - finalized: 0x0000…0000:0 - peers: 3
[cl-3-lodestar-geth] Mar-04 14:48:03.000[]                 [32minfo[39m: Synced - slot: 53 - head: 0xea17…5ccf - exec-block: valid/full(51 0x2206… bid:0x2206…) - finalized: 0x0000…0000:0 - peers: 3
[cl-3-lodestar-geth] Mar-04 14:48:09.516[chain]            [32minfo[39m: Publishing block slot=54, blockRoot=0x9f592762fe867d52a0c3423730a9fc650eb7a30de60ad946ce0102f9e8df6592, bodyRoot=0x141586283d7fc81cfe48af26a3fc34ccdcfdf1543c53d972fbbe00a9a4927d2c, broadcastValidation=gossip, blockLocallyProduced=true
[cl-3-lodestar-geth] Mar-04 14:48:09.585[api]              [32minfo[39m: Produced execution payload envelope slot=54, blockRoot=0x9f592762fe867d52a0c3423730a9fc650eb7a30de60ad946ce0102f9e8df6592, transactions=0, blockHash=0xfc612b44db1c8223dea56bb419b11728c2ddc53eec97ca2d693457e5fc6c8dca
[cl-3-lodestar-geth] Mar-04 14:48:09.594[chain]            [32minfo[39m: Publishing execution payload envelope slot=54, blockRoot=0x9f592762fe867d52a0c3423730a9fc650eb7a30de60ad946ce0102f9e8df6592, builderIndex=Infinity, isSelfBuild=true, dataColumns=0
[cl-3-lodestar-geth] Mar-04 14:48:09.595[chain]            [32minfo[39m: Published execution payload envelope slot=54, blockRoot=0x9f592762fe867d52a0c3423730a9fc650eb7a30de60ad946ce0102f9e8df6592, builderIndex=Infinity, isSelfBuild=true, dataColumns=0, delaySec=0.5869998931884766, sentPeers=3
[cl-3-lodestar-geth] Mar-04 14:48:15.000[]                 [32minfo[39m: Synced - slot: 54 - head: 0x9f59…6592 - exec-block: valid/full(52 0xfc61… bid:0xfc61…) - finalized: 0x0000…0000:0 - peers: 3
