[cl-4-lodestar-geth] Mar-04 14:37:15.406[]                 [33mwarn[39m: --nat flag is set with no purpose
[cl-4-lodestar-geth] Mar-04 14:37:15.420[]                 [32minfo[39m: Lodestar network=testnet, version=v1.40.0/ffbb1d1, commit=ffbb1d1c77e9c80d88cb89f3abeca578a7513175
[cl-4-lodestar-geth] Mar-04 14:37:15.447[]                 [32minfo[39m: Connected to LevelDB database path=/data/lodestar/beacon-data/chain-db
[cl-4-lodestar-geth] Mar-04 14:37:15.450[]                 [32minfo[39m: Loading genesis state genesisStateFile=/network-configs/genesis.ssz
[cl-4-lodestar-geth] Mar-04 14:37:15.454[]                 [32minfo[39m: Loaded genesis state size=2.68 MB
[cl-4-lodestar-geth] Mar-04 14:37:15.564[]                 [32minfo[39m: Initializing beacon from a valid checkpoint state slot=0, epoch=0, stateRoot=0x91eae84530908265b6a8382a413c72a71f94163b60a06c62d1df15af9deda318, isWithinWeakSubjectivityPeriod=true
[cl-4-lodestar-geth] Mar-04 14:37:15.574[]                 [32minfo[39m: Initialized genesis state slot=0, stateRoot=0x91eae84530908265b6a8382a413c72a71f94163b60a06c62d1df15af9deda318, isFinalized=true
[cl-4-lodestar-geth] Mar-04 14:37:15.609[execution]        [32minfo[39m: Execution client urls=http://el-4-geth-lodestar:8551
[cl-4-lodestar-geth] Mar-04 14:37:15.635[chain]            [32minfo[39m: Removed persisted checkpoint states from the last run count=0, maxEpochsInMemory=3
[cl-4-lodestar-geth] Mar-04 14:37:15.639[network]          [32minfo[39m: running libp2p instance in worker thread
[cl-4-lodestar-geth] Mar-04 14:37:18.116[network]          [32minfo[39m: libp2p worker started peer=16Uiu2HAmED1gEVoEaabHNP2c8w9QAHZjEKn7WypybsUa9TaEMbDr
[cl-4-lodestar-geth] Mar-04 14:37:20.607[network]          [32minfo[39m: Bootstrapped already-open libp2p peers bootstrapped=1
[cl-4-lodestar-geth] Mar-04 14:37:20.621[network]          [32minfo[39m: PeerId 16Uiu2HAmED1gEVoEaabHNP2c8w9QAHZjEKn7WypybsUa9TaEMbDr, Multiaddrs /ip4/0.0.0.0/tcp/9000,/ip6/::/tcp/9000
[cl-4-lodestar-geth] Mar-04 14:37:20.625[metrics]          [32minfo[39m: Started metrics HTTP server address=http://0.0.0.0:8008
[cl-4-lodestar-geth] Mar-04 14:37:20.862[rest]             [32minfo[39m: Started REST API server address=http://0.0.0.0:4000
[cl-4-lodestar-geth] Mar-04 14:37:20.862[rest]             [33mwarn[39m: REST API server is exposed, ensure untrusted traffic cannot reach this API
[cl-4-lodestar-geth] Mar-04 14:37:20.863[]                 [32minfo[39m: Searching peers - peers: 0 - slot: -1 - head: 0x6225…146c - finalized: 0x0000…0000:0
[cl-4-lodestar-geth] Mar-04 14:37:20.598[network]          [32minfo[39m: discv5 worker started peerId=16Uiu2HAmED1gEVoEaabHNP2c8w9QAHZjEKn7WypybsUa9TaEMbDr, initialENR=enr:-Ju4QP7gtPoTVKmZyZQqZpAH6TO-04ADmxDRwNL5yu4B1IwcduTnzqIKeaQ-rwKAhmWvK7X61OtphHWY3iT0MD8FohEBgmlkgnY0gmlwhKwQAA6Jc2VjcDI1NmsxoQMXD8XX06k_KZAcm8YovHmgiAee6tc9VmtZwb4gi0yNwYN0Y3CCIyiEdGNwNoIjKIN1ZHCCIyiEdWRwNoIjKA, bindAddr4=/ip4/0.0.0.0/udp/9000, bindAddr6=/ip6/::/udp/9000
[cl-4-lodestar-geth] Mar-04 14:37:20.890[sync]             [32minfo[39m: Subscribed gossip core topics
[cl-4-lodestar-geth] Mar-04 14:37:20.891[sync]             [32minfo[39m: Subscribed gossip core topics
[cl-4-lodestar-geth] Mar-04 14:37:20.866[network]          [32minfo[39m: Subscribed gossip core topics
[cl-4-lodestar-geth] Mar-04 14:37:27.001[]                 [32minfo[39m: Synced - slot: 0 - head: 0x6225…146c - exec-block: valid/full(0 0xd7ed…) - finalized: 0x0000…0000:0 - peers: 2
[cl-4-lodestar-geth] Mar-04 14:37:39.001[]                 [32minfo[39m: Synced - slot: 1 - head: (slot -1) 0x6225…146c - exec-block: valid/full(0 0xd7ed…) - finalized: 0x0000…0000:0 - peers: 2
[cl-4-lodestar-geth] Mar-04 14:37:47.661[rest]             [33mwarn[39m: Req req-s getExecutionPayloadEnvelope failed reason=Execution payload envelopes not available for pre-gloas fork=fulu
[cl-4-lodestar-geth] Mar-04 14:37:47.663[rest]             [33mwarn[39m: Req req-t getBlockHeader failed reason=Block not found for id '0x0000000000000000000000000000000000000000000000000000000000000000'
[cl-4-lodestar-geth] Mar-04 14:37:51.000[]                 [32minfo[39m: Synced - slot: 2 - head: (slot -2) 0x6225…146c - exec-block: valid/full(0 0xd7ed…) - finalized: 0x0000…0000:0 - peers: 3
[cl-4-lodestar-geth] Mar-04 14:37:53.033[execution]        [32minfo[39m: Execution client is synced oldState=ONLINE, newState=SYNCED
[cl-4-lodestar-geth] Mar-04 14:37:57.107[chain]            [33mwarn[39m: SyncContributionAndProofPool.getAggregate: no contributions for root slot=2, root=0x6225790b9fbaedf477ab06c4f60e3849b7f3f2deada474f617c9c2e2d2c5146c, availableRoots=
[cl-4-lodestar-geth] Mar-04 14:37:57.126[api]              [32minfo[39m: Selected engine block: no builder block produced reason=builder_disabled, slot=3, parentSlot=0, parentBlockRoot=0x6225790b9fbaedf477ab06c4f60e3849b7f3f2deada474f617c9c2e2d2c5146c, fork=fulu, builderSelection=executiononly, isBuilderEnabled=false, isEngineEnabled=true, strictFeeRecipientCheck=false, builderBoostFactor=0, durationMs=26, executionPayloadValue=0.00000 ETH, consensusBlockValue=0.00015 ETH, blockTotalValue=0.00015 ETH
[cl-4-lodestar-geth] Mar-04 14:37:57.148[chain]            [32minfo[39m: Publishing block slot=3, blockRoot=0xd65601ee50a8c28fa5de2c241fcef138e7d7889a2c8b7fea3a26ce3bdc9db46d, bodyRoot=0x16656b23e345ce5d857c26a99dbaadb11aeec1488fe93e771e9bb5cc5f2c64e8, broadcastValidation=gossip, blockLocallyProduced=true
[cl-4-lodestar-geth] Mar-04 14:38:03.000[]                 [32minfo[39m: Synced - slot: 3 - head: 0xd656…b46d - exec-block: valid/full(1 0x42bb…) - finalized: 0x0000…0000:0 - peers: 3
[cl-4-lodestar-geth] Mar-04 14:38:15.001[]                 [32minfo[39m: Synced - slot: 4 - head: 0xbd40…0592 - exec-block: valid/full(2 0xf25e…) - finalized: 0x0000…0000:0 - peers: 3
[cl-4-lodestar-geth] Mar-04 14:38:21.015[api]              [32minfo[39m: Selected engine block: no builder block produced reason=builder_disabled, slot=5, parentSlot=4, parentBlockRoot=0xbd40c37cab602c1ceccc721dcbde9d74346d50b67a438eae4944adc0ed0f0592, fork=fulu, builderSelection=executiononly, isBuilderEnabled=false, isEngineEnabled=true, strictFeeRecipientCheck=false, builderBoostFactor=0, durationMs=9, executionPayloadValue=0.00000 ETH, consensusBlockValue=0.00101 ETH, blockTotalValue=0.00101 ETH
[cl-4-lodestar-geth] Mar-04 14:38:21.062[chain]            [32minfo[39m: Publishing block slot=5, blockRoot=0x4ae655e366f3f7a10df659c5ea4597e3120e67deb7149f7de345e55e7282b79f, bodyRoot=0x85ddf499ad25eb542cc3775e125d1ec5b5a9036efad8609133871755bb316a61, broadcastValidation=gossip, blockLocallyProduced=true
[cl-4-lodestar-geth] Mar-04 14:38:27.000[]                 [32minfo[39m: Synced - slot: 5 - head: 0x4ae6…b79f - exec-block: valid/full(3 0xc22f…) - finalized: 0x0000…0000:0 - peers: 3
[cl-4-lodestar-geth] Mar-04 14:38:33.079[api]              [32minfo[39m: Selected engine block: no builder block produced reason=builder_disabled, slot=6, parentSlot=5, parentBlockRoot=0x4ae655e366f3f7a10df659c5ea4597e3120e67deb7149f7de345e55e7282b79f, fork=fulu, builderSelection=executiononly, isBuilderEnabled=false, isEngineEnabled=true, strictFeeRecipientCheck=false, builderBoostFactor=0, durationMs=6, executionPayloadValue=0.00000 ETH, consensusBlockValue=0.00101 ETH, blockTotalValue=0.00101 ETH
[cl-4-lodestar-geth] Mar-04 14:38:33.082[chain]            [32minfo[39m: Publishing block slot=6, blockRoot=0x1de182903b2dc488245fbd0a262bd18461a33ad2f455fe58a804b5ff642aeb87, bodyRoot=0x8625d1a9da6ef18b4164c0b4b3a84313d549d668f33ca074f19b7ae1c2a40351, broadcastValidation=gossip, blockLocallyProduced=true
[cl-4-lodestar-geth] Mar-04 14:38:39.000[]                 [32minfo[39m: Synced - slot: 6 - head: 0x1de1…eb87 - exec-block: valid/full(4 0xd21f…) - finalized: 0x0000…0000:0 - peers: 3
[cl-4-lodestar-geth] Mar-04 14:38:45.021[api]              [32minfo[39m: Selected engine block: no builder block produced reason=builder_disabled, slot=7, parentSlot=6, parentBlockRoot=0x1de182903b2dc488245fbd0a262bd18461a33ad2f455fe58a804b5ff642aeb87, fork=fulu, builderSelection=executiononly, isBuilderEnabled=false, isEngineEnabled=true, strictFeeRecipientCheck=false, builderBoostFactor=0, durationMs=10, executionPayloadValue=0.00000 ETH, consensusBlockValue=0.00101 ETH, blockTotalValue=0.00101 ETH
[cl-4-lodestar-geth] Mar-04 14:38:45.067[chain]            [32minfo[39m: Publishing block slot=7, blockRoot=0xd4622744c3ab29a424767072bf27907bb49d22800dda1fb9e9184fe7531a7d47, bodyRoot=0xf10840ca38c18881502bf96a4a66a686a69276d12e9f59c33833d32d3c9fc8bf, broadcastValidation=gossip, blockLocallyProduced=true
[cl-4-lodestar-geth] Mar-04 14:38:51.001[]                 [32minfo[39m: Synced - slot: 7 - head: 0xd462…7d47 - exec-block: valid/full(5 0x759b…) - finalized: 0x0000…0000:0 - peers: 3
[cl-4-lodestar-geth] Mar-04 14:39:03.000[]                 [32minfo[39m: Synced - slot: 8 - head: 0xcfbf…a62d - exec-block: valid/full(6 0x4482…) - finalized: 0x0000…0000:0 - peers: 3
[cl-4-lodestar-geth] Mar-04 14:39:15.000[]                 [32minfo[39m: Synced - slot: 9 - head: 0x040e…370c - exec-block: valid/full(7 0x1d41…) - finalized: 0x0000…0000:0 - peers: 3
[cl-4-lodestar-geth] Mar-04 14:39:27.000[]                 [32minfo[39m: Synced - slot: 10 - head: 0x0f37…38c8 - exec-block: valid/full(8 0x72d9…) - finalized: 0x0000…0000:0 - peers: 3
[cl-4-lodestar-geth] Mar-04 14:39:33.011[api]              [32minfo[39m: Selected engine block: no builder block produced reason=builder_disabled, slot=11, parentSlot=10, parentBlockRoot=0x0f3768fb3341127267c69bab824b05df78c89cd632208a38f55e6ceac91838c8, fork=fulu, builderSelection=executiononly, isBuilderEnabled=false, isEngineEnabled=true, strictFeeRecipientCheck=false, builderBoostFactor=0, durationMs=7, executionPayloadValue=0.00000 ETH, consensusBlockValue=0.00101 ETH, blockTotalValue=0.00101 ETH
[cl-4-lodestar-geth] Mar-04 14:39:33.061[chain]            [32minfo[39m: Publishing block slot=11, blockRoot=0xd3693639d4d1507badfce758f0ed1c2aef7b68fcddd63ec07ae2d5194d8505ad, bodyRoot=0xfe5428b3aae142c12ee6c8101b1233c07157296493aedc88048747fe0b4f8c49, broadcastValidation=gossip, blockLocallyProduced=true
[cl-4-lodestar-geth] Mar-04 14:39:39.000[]                 [32minfo[39m: Synced - slot: 11 - head: 0xd369…05ad - exec-block: valid/full(9 0x3c34…) - finalized: 0x0000…0000:0 - peers: 3
[cl-4-lodestar-geth] Mar-04 14:39:45.009[api]              [32minfo[39m: Selected engine block: no builder block produced reason=builder_disabled, slot=12, parentSlot=11, parentBlockRoot=0xd3693639d4d1507badfce758f0ed1c2aef7b68fcddd63ec07ae2d5194d8505ad, fork=fulu, builderSelection=executiononly, isBuilderEnabled=false, isEngineEnabled=true, strictFeeRecipientCheck=false, builderBoostFactor=0, durationMs=6, executionPayloadValue=0.00000 ETH, consensusBlockValue=0.00101 ETH, blockTotalValue=0.00101 ETH
[cl-4-lodestar-geth] Mar-04 14:39:45.061[chain]            [32minfo[39m: Publishing block slot=12, blockRoot=0x47d8962cb40f9d82994337406e14cf06a7c05d53f1de37ba57bdf967c4e41ab8, bodyRoot=0x08db1b928622e45fa8c5a265d59c7e910f45109839c80e8e8b32e09c1ed9fef2, broadcastValidation=gossip, blockLocallyProduced=true
[cl-4-lodestar-geth] Mar-04 14:39:51.000[]                 [32minfo[39m: Synced - slot: 12 - head: 0x47d8…1ab8 - exec-block: valid/full(10 0x3e5c…) - finalized: 0x0000…0000:0 - peers: 3
[cl-4-lodestar-geth] Mar-04 14:40:03.000[]                 [32minfo[39m: Synced - slot: 13 - head: 0x3a39…f822 - exec-block: valid/full(11 0x38bd…) - finalized: 0x0000…0000:0 - peers: 3
[cl-4-lodestar-geth] Mar-04 14:40:15.000[]                 [32minfo[39m: Synced - slot: 14 - head: 0x9404…1f11 - exec-block: valid/full(12 0x616c…) - finalized: 0x0000…0000:0 - peers: 3
[cl-4-lodestar-geth] Mar-04 14:40:27.000[]                 [32minfo[39m: Synced - slot: 15 - head: 0x61d8…40f7 - exec-block: valid/full(13 0x1e08…) - finalized: 0x0000…0000:0 - peers: 3
[cl-4-lodestar-geth] Mar-04 14:40:39.000[]                 [32minfo[39m: Synced - slot: 16 - head: 0xff5c…5515 - exec-block: valid/full(14 0x1d12…) - finalized: 0x0000…0000:0 - peers: 3
[cl-4-lodestar-geth] Mar-04 14:40:51.000[]                 [32minfo[39m: Synced - slot: 17 - head: 0x917f…8130 - exec-block: valid/full(15 0xe24f…) - finalized: 0x0000…0000:0 - peers: 3
[cl-4-lodestar-geth] Mar-04 14:41:03.000[]                 [32minfo[39m: Synced - slot: 18 - head: 0x3980…6817 - exec-block: valid/full(16 0x7242…) - finalized: 0x0000…0000:0 - peers: 3
[cl-4-lodestar-geth] Mar-04 14:41:15.000[]                 [32minfo[39m: Synced - slot: 19 - head: 0x2ac1…adde - exec-block: valid/full(17 0xf96b…) - finalized: 0x0000…0000:0 - peers: 3
[cl-4-lodestar-geth] Mar-04 14:41:27.000[]                 [32minfo[39m: Synced - slot: 20 - head: 0xd236…f8b8 - exec-block: valid/full(18 0x19fd…) - finalized: 0x0000…0000:0 - peers: 3
[cl-4-lodestar-geth] Mar-04 14:41:33.014[api]              [32minfo[39m: Selected engine block: no builder block produced reason=builder_disabled, slot=21, parentSlot=20, parentBlockRoot=0xd2362f95247b24ad63d5bc5597222906949af8d096eead4e39e40580c98ef8b8, fork=fulu, builderSelection=executiononly, isBuilderEnabled=false, isEngineEnabled=true, strictFeeRecipientCheck=false, builderBoostFactor=0, durationMs=10, executionPayloadValue=0.00000 ETH, consensusBlockValue=0.00101 ETH, blockTotalValue=0.00101 ETH
[cl-4-lodestar-geth] Mar-04 14:41:33.062[chain]            [32minfo[39m: Publishing block slot=21, blockRoot=0x85b221ee40b3cbe844549cbd8249ea66c912188b44b68ff0365107d6a9db538d, bodyRoot=0x8f5f45f9f7908fc077ba053978a582a043d20f0619fd67a97e71317673920c56, broadcastValidation=gossip, blockLocallyProduced=true
[cl-4-lodestar-geth] Mar-04 14:41:39.000[]                 [32minfo[39m: Synced - slot: 21 - head: 0x85b2…538d - exec-block: valid/full(19 0x8ae5…) - finalized: 0x0000…0000:0 - peers: 3
[cl-4-lodestar-geth] Mar-04 14:41:51.001[]                 [32minfo[39m: Synced - slot: 22 - head: 0xbe7a…6c83 - exec-block: valid/full(20 0x7a3a…) - finalized: 0x0000…0000:0 - peers: 3
[cl-4-lodestar-geth] Mar-04 14:42:03.000[]                 [32minfo[39m: Synced - slot: 23 - head: 0xd3a5…01ee - exec-block: valid/full(21 0xad9f…) - finalized: 0x0000…0000:0 - peers: 3
[cl-4-lodestar-geth] Mar-04 14:42:15.000[]                 [32minfo[39m: Synced - slot: 24 - head: 0xf930…1e3e - exec-block: valid/full(22 0xf891…) - finalized: 0x0000…0000:0 - peers: 3
[cl-4-lodestar-geth] Mar-04 14:42:21.009[api]              [32minfo[39m: Selected engine block: no builder block produced reason=builder_disabled, slot=25, parentSlot=24, parentBlockRoot=0xf9303c2018131cb8da3b630bc9fc8e0a323bb82da711d6194219e83f8e881e3e, fork=fulu, builderSelection=executiononly, isBuilderEnabled=false, isEngineEnabled=true, strictFeeRecipientCheck=false, builderBoostFactor=0, durationMs=6, executionPayloadValue=0.00000 ETH, consensusBlockValue=0.00101 ETH, blockTotalValue=0.00101 ETH
[cl-4-lodestar-geth] Mar-04 14:42:21.070[chain]            [32minfo[39m: Publishing block slot=25, blockRoot=0x19566301174037df5996267d583041922ba7dfdda7ed9228090324d7c99d9684, bodyRoot=0xe6536b5c708bc34ea2fa32c8524d87626611f01396426df9994c2e1a7ce4ac2e, broadcastValidation=gossip, blockLocallyProduced=true
[cl-4-lodestar-geth] Mar-04 14:42:27.000[]                 [32minfo[39m: Synced - slot: 25 - head: 0x1956…9684 - exec-block: valid/full(23 0xd6ae…) - finalized: 0x0000…0000:0 - peers: 3
[cl-4-lodestar-geth] Mar-04 14:42:39.000[]                 [32minfo[39m: Synced - slot: 26 - head: 0x1e34…3faf - exec-block: valid/full(24 0xf14f…) - finalized: 0x0000…0000:0 - peers: 3
[cl-4-lodestar-geth] Mar-04 14:42:51.000[]                 [32minfo[39m: Synced - slot: 27 - head: 0x7189…1214 - exec-block: valid/full(25 0x7bed…) - finalized: 0x0000…0000:0 - peers: 3
[cl-4-lodestar-geth] Mar-04 14:43:03.000[]                 [32minfo[39m: Synced - slot: 28 - head: 0x4f50…cf80 - exec-block: valid/full(26 0x4bc8…) - finalized: 0x0000…0000:0 - peers: 3
[cl-4-lodestar-geth] Mar-04 14:43:15.000[]                 [32minfo[39m: Synced - slot: 29 - head: 0x918d…07af - exec-block: valid/full(27 0x653e…) - finalized: 0x0000…0000:0 - peers: 3
[cl-4-lodestar-geth] Mar-04 14:43:27.000[]                 [32minfo[39m: Synced - slot: 30 - head: 0x8049…45d7 - exec-block: valid/full(28 0xa6e6…) - finalized: 0x0000…0000:0 - peers: 3
[cl-4-lodestar-geth] Mar-04 14:43:39.000[]                 [32minfo[39m: Synced - slot: 31 - head: 0x9cbf…185b - exec-block: valid/full(29 0x1308…) - finalized: 0x0000…0000:0 - peers: 3
[cl-4-lodestar-geth] Mar-04 14:43:51.000[]                 [32minfo[39m: Synced - slot: 32 - head: 0xa617…82e7 - exec-block: valid/full(30 0x9b25… bid:0x9b25…) - finalized: 0x0000…0000:0 - peers: 3
[cl-4-lodestar-geth] Mar-04 14:44:03.000[]                 [32minfo[39m: Synced - slot: 33 - head: 0x9593…e719 - exec-block: valid/full(31 0x21fd… bid:0x21fd…) - finalized: 0x0000…0000:0 - peers: 3
[cl-4-lodestar-geth] Mar-04 14:44:15.002[]                 [32minfo[39m: Synced - slot: 34 - head: 0x7587…d55d - exec-block: valid/full(32 0x4bf5… bid:0x4bf5…) - finalized: 0x0000…0000:0 - peers: 3
[cl-4-lodestar-geth] Mar-04 14:44:27.000[]                 [32minfo[39m: Synced - slot: 35 - head: 0xfd95…f2a2 - exec-block: valid/full(33 0x38d5… bid:0x38d5…) - finalized: 0x0000…0000:0 - peers: 3
[cl-4-lodestar-geth] Mar-04 14:44:33.520[chain]            [32minfo[39m: Publishing block slot=36, blockRoot=0x818e8e26be5ce0cf819d7ec9525fc9b88bc19346b101c78846c64dc7a94efd5b, bodyRoot=0x74a6eb1bf722944de1c4bf94ae5cd87fc919c4d001d17a7e3cae4b8a622af043, broadcastValidation=gossip, blockLocallyProduced=true
[cl-4-lodestar-geth] Mar-04 14:44:33.602[api]              [32minfo[39m: Produced execution payload envelope slot=36, blockRoot=0x818e8e26be5ce0cf819d7ec9525fc9b88bc19346b101c78846c64dc7a94efd5b, transactions=0, blockHash=0xfb5a3cc8fc1a1825f5c3fbbb64b441d0d36b48dae0715edcf49290317f72d2a8
[cl-4-lodestar-geth] Mar-04 14:44:33.614[chain]            [32minfo[39m: Publishing execution payload envelope slot=36, blockRoot=0x818e8e26be5ce0cf819d7ec9525fc9b88bc19346b101c78846c64dc7a94efd5b, builderIndex=Infinity, isSelfBuild=true, dataColumns=0
[cl-4-lodestar-geth] Mar-04 14:44:33.620[chain]            [32minfo[39m: Published execution payload envelope slot=36, blockRoot=0x818e8e26be5ce0cf819d7ec9525fc9b88bc19346b101c78846c64dc7a94efd5b, builderIndex=Infinity, isSelfBuild=true, dataColumns=0, delaySec=0.6059999465942383, sentPeers=3
[cl-4-lodestar-geth] Mar-04 14:44:39.004[]                 [32minfo[39m: Synced - slot: 36 - head: 0x818e…fd5b - exec-block: valid/full(34 0xfb5a… bid:0xfb5a…) - finalized: 0x0000…0000:0 - peers: 3
[cl-4-lodestar-geth] Mar-04 14:44:51.001[]                 [32minfo[39m: Synced - slot: 37 - head: 0xf3ed…63ff - exec-block: valid/full(35 0x4279… bid:0x4279…) - finalized: 0x0000…0000:0 - peers: 3
[cl-4-lodestar-geth] Mar-04 14:45:03.000[]                 [32minfo[39m: Synced - slot: 38 - head: 0x14dc…2318 - exec-block: valid/full(36 0xc1a1… bid:0xc1a1…) - finalized: 0x0000…0000:0 - peers: 3
[cl-4-lodestar-geth] Mar-04 14:45:09.517[chain]            [32minfo[39m: Publishing block slot=39, blockRoot=0xb78f95548acc6525ba70b5e150f662a2957a0bd7d81f1a72d7df8e456793c6d3, bodyRoot=0xa67733870942c0b5d81607bf612f4e24a7802d0be2878c19d2b81b1fea587f73, broadcastValidation=gossip, blockLocallyProduced=true
[cl-4-lodestar-geth] Mar-04 14:45:09.624[api]              [32minfo[39m: Produced execution payload envelope slot=39, blockRoot=0xb78f95548acc6525ba70b5e150f662a2957a0bd7d81f1a72d7df8e456793c6d3, transactions=0, blockHash=0xfb35e284a2a7a80c19541915e00fc4586dcd70467aef03c71ffaa07cd41a301c
[cl-4-lodestar-geth] Mar-04 14:45:09.653[chain]            [32minfo[39m: Publishing execution payload envelope slot=39, blockRoot=0xb78f95548acc6525ba70b5e150f662a2957a0bd7d81f1a72d7df8e456793c6d3, builderIndex=Infinity, isSelfBuild=true, dataColumns=0
[cl-4-lodestar-geth] Mar-04 14:45:09.654[chain]            [32minfo[39m: Published execution payload envelope slot=39, blockRoot=0xb78f95548acc6525ba70b5e150f662a2957a0bd7d81f1a72d7df8e456793c6d3, builderIndex=Infinity, isSelfBuild=true, dataColumns=0, delaySec=0.6340000629425049, sentPeers=3
[cl-4-lodestar-geth] Mar-04 14:45:15.000[]                 [32minfo[39m: Synced - slot: 39 - head: 0xb78f…c6d3 - exec-block: valid/full(37 0xfb35… bid:0xfb35…) - finalized: 0x0000…0000:0 - peers: 3
[cl-4-lodestar-geth] Mar-04 14:45:21.518[chain]            [32minfo[39m: Publishing block slot=40, blockRoot=0x758943877876d2568fc62f115958af6c8549d9df2ac33cb1ad9a970a26b5ee68, bodyRoot=0xd85ae4fd048bdb0d116bdc916c2c3571737e220fa2fc2fe4cd80a36654a63f46, broadcastValidation=gossip, blockLocallyProduced=true
[cl-4-lodestar-geth] Mar-04 14:45:21.582[api]              [32minfo[39m: Produced execution payload envelope slot=40, blockRoot=0x758943877876d2568fc62f115958af6c8549d9df2ac33cb1ad9a970a26b5ee68, transactions=0, blockHash=0xe82806b17879716e6b7a0b6f2a40b0c557b2a54a9705d456b99188a1475db7c4
[cl-4-lodestar-geth] Mar-04 14:45:21.590[chain]            [32minfo[39m: Publishing execution payload envelope slot=40, blockRoot=0x758943877876d2568fc62f115958af6c8549d9df2ac33cb1ad9a970a26b5ee68, builderIndex=Infinity, isSelfBuild=true, dataColumns=0
[cl-4-lodestar-geth] Mar-04 14:45:21.590[chain]            [32minfo[39m: Published execution payload envelope slot=40, blockRoot=0x758943877876d2568fc62f115958af6c8549d9df2ac33cb1ad9a970a26b5ee68, builderIndex=Infinity, isSelfBuild=true, dataColumns=0, delaySec=0.5850000381469727, sentPeers=3
[cl-4-lodestar-geth] Mar-04 14:45:27.001[]                 [32minfo[39m: Synced - slot: 40 - head: 0x7589…ee68 - exec-block: valid/full(38 0xe828… bid:0xe828…) - finalized: 0x0000…0000:0 - peers: 3
[cl-4-lodestar-geth] Mar-04 14:45:33.524[chain]            [32minfo[39m: Publishing block slot=41, blockRoot=0xa17de93fd23bdced6856192855fc48d44e75ed1e9d32296ed0632c7b2a01e4b0, bodyRoot=0x49d18bb405c7154e78172fa23b7ddcbe67044c8b689cde35d7be6428c302071d, broadcastValidation=gossip, blockLocallyProduced=true
[cl-4-lodestar-geth] Mar-04 14:45:33.585[api]              [32minfo[39m: Produced execution payload envelope slot=41, blockRoot=0xa17de93fd23bdced6856192855fc48d44e75ed1e9d32296ed0632c7b2a01e4b0, transactions=0, blockHash=0x27278d4c5ababd9c38197e1c3b5fe65c1e159b4e703cc5b9a2f3ebb6afcba6df
[cl-4-lodestar-geth] Mar-04 14:45:33.600[chain]            [32minfo[39m: Publishing execution payload envelope slot=41, blockRoot=0xa17de93fd23bdced6856192855fc48d44e75ed1e9d32296ed0632c7b2a01e4b0, builderIndex=Infinity, isSelfBuild=true, dataColumns=0
[cl-4-lodestar-geth] Mar-04 14:45:33.603[chain]            [32minfo[39m: Published execution payload envelope slot=41, blockRoot=0xa17de93fd23bdced6856192855fc48d44e75ed1e9d32296ed0632c7b2a01e4b0, builderIndex=Infinity, isSelfBuild=true, dataColumns=0, delaySec=0.5880000591278076, sentPeers=3
[cl-4-lodestar-geth] Mar-04 14:45:39.000[]                 [32minfo[39m: Synced - slot: 41 - head: 0xa17d…e4b0 - exec-block: valid/full(39 0x2727… bid:0x2727…) - finalized: 0x0000…0000:0 - peers: 3
[cl-4-lodestar-geth] Mar-04 14:45:51.001[]                 [32minfo[39m: Synced - slot: 42 - head: 0x1f95…6630 - exec-block: valid/full(40 0x4878… bid:0x4878…) - finalized: 0x0000…0000:0 - peers: 3
[cl-4-lodestar-geth] Mar-04 14:46:03.000[]                 [32minfo[39m: Synced - slot: 43 - head: 0x098a…9a1e - exec-block: valid/full(41 0xbdd5… bid:0xbdd5…) - finalized: 0x0000…0000:0 - peers: 3
[cl-4-lodestar-geth] Mar-04 14:46:09.522[chain]            [32minfo[39m: Publishing block slot=44, blockRoot=0x78403f23fd5ea8da3a100fc3c21f4758bf3597db90faaaa9adc336c72c64e85e, bodyRoot=0x395d3f669e87c86f238bf4c66d4a87140cbb9553f5618d77089852354581fb76, broadcastValidation=gossip, blockLocallyProduced=true
[cl-4-lodestar-geth] Mar-04 14:46:09.590[api]              [32minfo[39m: Produced execution payload envelope slot=44, blockRoot=0x78403f23fd5ea8da3a100fc3c21f4758bf3597db90faaaa9adc336c72c64e85e, transactions=0, blockHash=0xa8b1c660eb72b79db463896ddfe9e3e3574c1cbbc3d1117f5e52eeb51b29e41a
[cl-4-lodestar-geth] Mar-04 14:46:09.607[chain]            [32minfo[39m: Publishing execution payload envelope slot=44, blockRoot=0x78403f23fd5ea8da3a100fc3c21f4758bf3597db90faaaa9adc336c72c64e85e, builderIndex=Infinity, isSelfBuild=true, dataColumns=0
[cl-4-lodestar-geth] Mar-04 14:46:09.608[chain]            [32minfo[39m: Published execution payload envelope slot=44, blockRoot=0x78403f23fd5ea8da3a100fc3c21f4758bf3597db90faaaa9adc336c72c64e85e, builderIndex=Infinity, isSelfBuild=true, dataColumns=0, delaySec=0.5959999561309814, sentPeers=3
[cl-4-lodestar-geth] Mar-04 14:46:15.004[]                 [32minfo[39m: Synced - slot: 44 - head: 0x7840…e85e - exec-block: valid/full(42 0xa8b1… bid:0xa8b1…) - finalized: 0x0000…0000:0 - peers: 3
[cl-4-lodestar-geth] Mar-04 14:46:27.001[]                 [32minfo[39m: Synced - slot: 45 - head: 0x8d59…16ee - exec-block: valid/full(43 0xf418… bid:0xf418…) - finalized: 0x0000…0000:0 - peers: 3
[cl-4-lodestar-geth] Mar-04 14:46:33.518[chain]            [32minfo[39m: Publishing block slot=46, blockRoot=0xb21d47a17f1e57d0d5a38329caffa1f47f0fa356912b071c8921b5f499ac745e, bodyRoot=0x7713029492ab21e830fa1f264160c05eb7d514071b770825c749c3cd423ad84c, broadcastValidation=gossip, blockLocallyProduced=true
[cl-4-lodestar-geth] Mar-04 14:46:33.581[api]              [32minfo[39m: Produced execution payload envelope slot=46, blockRoot=0xb21d47a17f1e57d0d5a38329caffa1f47f0fa356912b071c8921b5f499ac745e, transactions=0, blockHash=0x47960334334b2a018b12e8ead430f7689e332195c52da28577cd4ac3b16cfd3f
[cl-4-lodestar-geth] Mar-04 14:46:33.590[chain]            [32minfo[39m: Publishing execution payload envelope slot=46, blockRoot=0xb21d47a17f1e57d0d5a38329caffa1f47f0fa356912b071c8921b5f499ac745e, builderIndex=Infinity, isSelfBuild=true, dataColumns=0
[cl-4-lodestar-geth] Mar-04 14:46:33.590[chain]            [32minfo[39m: Published execution payload envelope slot=46, blockRoot=0xb21d47a17f1e57d0d5a38329caffa1f47f0fa356912b071c8921b5f499ac745e, builderIndex=Infinity, isSelfBuild=true, dataColumns=0, delaySec=0.5820000171661377, sentPeers=3
[cl-4-lodestar-geth] Mar-04 14:46:39.007[]                 [32minfo[39m: Synced - slot: 46 - head: 0xb21d…745e - exec-block: valid/full(44 0x4796… bid:0x4796…) - finalized: 0x0000…0000:0 - peers: 3
[cl-4-lodestar-geth] Mar-04 14:46:51.001[]                 [32minfo[39m: Synced - slot: 47 - head: 0xe311…e428 - exec-block: valid/full(45 0x2c3e… bid:0x2c3e…) - finalized: 0x0000…0000:0 - peers: 3
[cl-4-lodestar-geth] Mar-04 14:46:57.518[chain]            [32minfo[39m: Publishing block slot=48, blockRoot=0x5e2acf8e127cd7f2800312842a535248fd4551aa1034f2bcd2325c299175be25, bodyRoot=0x29b2cf968e026ee41b4e2b688245350e383ac91215aa8a0df46518249fb24b1e, broadcastValidation=gossip, blockLocallyProduced=true
[cl-4-lodestar-geth] Mar-04 14:46:57.599[api]              [32minfo[39m: Produced execution payload envelope slot=48, blockRoot=0x5e2acf8e127cd7f2800312842a535248fd4551aa1034f2bcd2325c299175be25, transactions=0, blockHash=0xab75e987062151380444e05ce5f2e25208da347e567c9ce9ce9472ca8946813d
[cl-4-lodestar-geth] Mar-04 14:46:57.606[chain]            [32minfo[39m: Publishing execution payload envelope slot=48, blockRoot=0x5e2acf8e127cd7f2800312842a535248fd4551aa1034f2bcd2325c299175be25, builderIndex=Infinity, isSelfBuild=true, dataColumns=0
[cl-4-lodestar-geth] Mar-04 14:46:57.608[chain]            [32minfo[39m: Published execution payload envelope slot=48, blockRoot=0x5e2acf8e127cd7f2800312842a535248fd4551aa1034f2bcd2325c299175be25, builderIndex=Infinity, isSelfBuild=true, dataColumns=0, delaySec=0.6010000705718994, sentPeers=3
[cl-4-lodestar-geth] Mar-04 14:47:03.002[]                 [32minfo[39m: Synced - slot: 48 - head: 0x5e2a…be25 - exec-block: valid/full(46 0xab75… bid:0xab75…) - finalized: 0x0000…0000:0 - peers: 3
[cl-4-lodestar-geth] Mar-04 14:47:15.000[]                 [32minfo[39m: Synced - slot: 49 - head: 0x4ba3…9f1a - exec-block: valid/full(47 0x4400… bid:0x4400…) - finalized: 0x0000…0000:0 - peers: 3
[cl-4-lodestar-geth] Mar-04 14:47:27.000[]                 [32minfo[39m: Synced - slot: 50 - head: 0xc0dd…e03f - exec-block: valid/full(48 0xe5c5… bid:0xe5c5…) - finalized: 0x0000…0000:0 - peers: 3
[cl-4-lodestar-geth] Mar-04 14:47:39.003[]                 [32minfo[39m: Synced - slot: 51 - head: 0x1fd5…6da0 - exec-block: valid/full(49 0x42ac… bid:0x42ac…) - finalized: 0x0000…0000:0 - peers: 3
[cl-4-lodestar-geth] Mar-04 14:47:51.001[]                 [32minfo[39m: Synced - slot: 52 - head: 0x38ab…b93f - exec-block: valid/full(50 0xd88c… bid:0xd88c…) - finalized: 0x0000…0000:0 - peers: 3
[cl-4-lodestar-geth] Mar-04 14:48:03.000[]                 [32minfo[39m: Synced - slot: 53 - head: 0xea17…5ccf - exec-block: valid/full(51 0x2206… bid:0x2206…) - finalized: 0x0000…0000:0 - peers: 3
[cl-4-lodestar-geth] Mar-04 14:48:15.000[]                 [32minfo[39m: Synced - slot: 54 - head: 0x9f59…6592 - exec-block: valid/full(52 0xfc61… bid:0xfc61…) - finalized: 0x0000…0000:0 - peers: 3
