[cl-3-lodestar-geth] Mar-04 18:09:18.769[]                 [33mwarn[39m: --nat flag is set with no purpose
[cl-3-lodestar-geth] Mar-04 18:09:18.783[]                 [32minfo[39m: Lodestar network=testnet, version=v1.40.0, commit=
[cl-3-lodestar-geth] Mar-04 18:09:18.817[]                 [32minfo[39m: Connected to LevelDB database path=/data/lodestar/beacon-data/chain-db
[cl-3-lodestar-geth] Mar-04 18:09:18.820[]                 [32minfo[39m: Loading genesis state genesisStateFile=/network-configs/genesis.ssz
[cl-3-lodestar-geth] Mar-04 18:09:18.824[]                 [32minfo[39m: Loaded genesis state size=2.68 MB
[cl-3-lodestar-geth] Mar-04 18:09:18.935[]                 [32minfo[39m: Initializing beacon from a valid checkpoint state slot=0, epoch=0, stateRoot=0xc8615079b149371ae96da40d49ec2b71de326370c3d13120fffe5abc775b6c52, isWithinWeakSubjectivityPeriod=true
[cl-3-lodestar-geth] Mar-04 18:09:18.951[]                 [32minfo[39m: Initialized genesis state slot=0, stateRoot=0xc8615079b149371ae96da40d49ec2b71de326370c3d13120fffe5abc775b6c52, isFinalized=true
[cl-3-lodestar-geth] Mar-04 18:09:18.997[execution]        [32minfo[39m: Execution client urls=http://el-3-geth-lodestar:8551
[cl-3-lodestar-geth] Mar-04 18:09:19.057[chain]            [32minfo[39m: Removed persisted checkpoint states from the last run count=0, maxEpochsInMemory=3
[cl-3-lodestar-geth] Mar-04 18:09:19.074[network]          [32minfo[39m: running libp2p instance in worker thread
[cl-3-lodestar-geth] Mar-04 18:09:22.405[network]          [32minfo[39m: libp2p worker started peer=16Uiu2HAmQQJFfX5ZrXTKgBTiz3fjqbUxA4UngGn78gJsWdHTZFDh
[cl-3-lodestar-geth] Mar-04 18:09:26.050[network]          [32minfo[39m: Bootstrapped already-open libp2p peers bootstrapped=1
[cl-3-lodestar-geth] Mar-04 18:09:26.078[network]          [32minfo[39m: PeerId 16Uiu2HAmQQJFfX5ZrXTKgBTiz3fjqbUxA4UngGn78gJsWdHTZFDh, Multiaddrs /ip4/0.0.0.0/tcp/39114,/ip6/::/tcp/39114
[cl-3-lodestar-geth] Mar-04 18:09:26.087[metrics]          [32minfo[39m: Started metrics HTTP server address=http://0.0.0.0:8008
[cl-3-lodestar-geth] Mar-04 18:09:26.375[rest]             [32minfo[39m: Started REST API server address=http://0.0.0.0:4000
[cl-3-lodestar-geth] Mar-04 18:09:26.375[rest]             [33mwarn[39m: REST API server is exposed, ensure untrusted traffic cannot reach this API
[cl-3-lodestar-geth] Mar-04 18:09:26.377[]                 [32minfo[39m: Searching peers - peers: 0 - slot: 0 - head: 0x86b2…67f4 - exec-block: valid/full(0 0x1168…) - finalized: 0x0000…0000:0
[cl-3-lodestar-geth] Mar-04 18:09:26.012[network]          [32minfo[39m: discv5 worker started peerId=16Uiu2HAmQQJFfX5ZrXTKgBTiz3fjqbUxA4UngGn78gJsWdHTZFDh, initialENR=enr:-Ju4QFed8Q4MesLzJRqUdiSX0aEOOTPkeWylotFJWt8LMnlfecHcINi1z4YtGbE0rbPn8koJXQWIYcnGaMyfV84jpugBgmlkgnY0gmlwhKwQBBCJc2VjcDI1NmsxoQOuiMYkB-zI4K4_Go6J0oqatH9Bahd1_Fyi3ruRYiL--IN0Y3CCmMqEdGNwNoKYyoN1ZHCCmMqEdWRwNoKYyg, bindAddr4=/ip4/0.0.0.0/udp/39114, bindAddr6=/ip6/::/udp/39114
[cl-3-lodestar-geth] Mar-04 18:09:26.385[sync]             [32minfo[39m: Subscribed gossip core topics
[cl-3-lodestar-geth] Mar-04 18:09:26.390[sync]             [32minfo[39m: Subscribed gossip core topics
[cl-3-lodestar-geth] Mar-04 18:09:26.379[network]          [32minfo[39m: Subscribed gossip core topics
[cl-3-lodestar-geth] Mar-04 18:09:31.000[]                 [32minfo[39m: Synced - slot: 1 - head: (slot -1) 0x86b2…67f4 - exec-block: valid/full(0 0x1168…) - finalized: 0x0000…0000:0 - peers: 3
[cl-3-lodestar-geth] Mar-04 18:09:34.082[chain]            [33mwarn[39m: SyncContributionAndProofPool.getAggregate: no contributions for root slot=1, root=0x86b2b0aff6dd1f3e7b44b01bdeb3abe42a528f397fca2ba1cb942d93693c67f4, availableRoots=
[cl-3-lodestar-geth] Mar-04 18:09:34.094[execution]        [32minfo[39m: Execution client is synced oldState=ONLINE, newState=SYNCED
[cl-3-lodestar-geth] Mar-04 18:09:34.202[rest]             [33mwarn[39m: Req req-v getExecutionPayloadEnvelope failed reason=Execution payload envelopes not available for pre-gloas fork=fulu
[cl-3-lodestar-geth] Mar-04 18:09:34.204[rest]             [33mwarn[39m: Req req-w getBlockHeader failed reason=Block not found for id '0x0000000000000000000000000000000000000000000000000000000000000000'
[cl-3-lodestar-geth] Mar-04 18:09:34.606[api]              [32minfo[39m: Selected engine block: no builder block produced reason=builder_disabled, slot=2, parentSlot=0, parentBlockRoot=0x86b2b0aff6dd1f3e7b44b01bdeb3abe42a528f397fca2ba1cb942d93693c67f4, fork=fulu, builderSelection=executiononly, isBuilderEnabled=false, isEngineEnabled=true, strictFeeRecipientCheck=false, builderBoostFactor=0, durationMs=536, executionPayloadValue=0.00000 ETH, consensusBlockValue=0.00000 ETH, blockTotalValue=0.00000 ETH
[cl-3-lodestar-geth] Mar-04 18:09:34.618[chain]            [32minfo[39m: Publishing block slot=2, blockRoot=0x18da2d40b02ce64f9bd819f9cbf2a8845616225ef8013fdd552d6960d26e52e5, bodyRoot=0x732f3af0081350263ceadb8f4bad2b52c78ae38c87a576a8b596f6f58af5a632, broadcastValidation=gossip, blockLocallyProduced=true
[cl-3-lodestar-geth] Mar-04 18:09:35.404[rest]             [33mwarn[39m: Req req-16 submitPoolAttestationsV2 failed reason=Error processing attestations
[cl-3-lodestar-geth] Mar-04 18:09:37.000[]                 [32minfo[39m: Synced - slot: 2 - head: 0x18da…52e5 - exec-block: valid/full(1 0xc201…) - finalized: 0x0000…0000:0 - peers: 3
[cl-3-lodestar-geth] Mar-04 18:09:43.014[]                 [32minfo[39m: Synced - slot: 3 - head: (slot -1) 0x18da…52e5 - exec-block: valid/full(1 0xc201…) - finalized: 0x0000…0000:0 - peers: 3
[cl-3-lodestar-geth] Mar-04 18:09:46.014[chain]            [33mwarn[39m: SyncContributionAndProofPool.getAggregate: no contributions for root slot=3, root=0x98eaff1e76cd37f2dffef9d8f56db9901065d84f01369269d55346a0ba35612a, availableRoots=0x18da2d40b02ce64f9bd819f9cbf2a8845616225ef8013fdd552d6960d26e52e5
[cl-3-lodestar-geth] Mar-04 18:09:46.526[api]              [32minfo[39m: Selected engine block: no builder block produced reason=builder_disabled, slot=4, parentSlot=3, parentBlockRoot=0x98eaff1e76cd37f2dffef9d8f56db9901065d84f01369269d55346a0ba35612a, fork=fulu, builderSelection=executiononly, isBuilderEnabled=false, isEngineEnabled=true, strictFeeRecipientCheck=false, builderBoostFactor=0, durationMs=520, executionPayloadValue=0.00000 ETH, consensusBlockValue=0.00126 ETH, blockTotalValue=0.00126 ETH
[cl-3-lodestar-geth] Mar-04 18:09:46.529[chain]            [32minfo[39m: Publishing block slot=4, blockRoot=0xfd3ccdc21dfc4f5e22b53eea340829b1fc273e4f2961ee55d25eb6e966311e44, bodyRoot=0x9f8ace0cf3acd4948a7c623ebc241270194cab05f4520c789386915a8e96aa8b, broadcastValidation=gossip, blockLocallyProduced=true
[cl-3-lodestar-geth] Mar-04 18:09:49.000[]                 [32minfo[39m: Synced - slot: 4 - head: 0xfd3c…1e44 - exec-block: valid/full(3 0xa082…) - finalized: 0x0000…0000:0 - peers: 3
[cl-3-lodestar-geth] Mar-04 18:09:55.002[]                 [32minfo[39m: Synced - slot: 5 - head: 0x219a…3ede - exec-block: valid/full(4 0xff94…) - finalized: 0x0000…0000:0 - peers: 3
[cl-3-lodestar-geth] Mar-04 18:10:01.000[]                 [32minfo[39m: Synced - slot: 6 - head: 0xe986…b324 - exec-block: valid/full(5 0xdcf5…) - finalized: 0x0000…0000:0 - peers: 3
[cl-3-lodestar-geth] Mar-04 18:10:07.001[]                 [32minfo[39m: Synced - slot: 7 - head: 0xfe38…b0cd - exec-block: valid/full(6 0xd65a…) - finalized: 0x0000…0000:0 - peers: 3
[cl-3-lodestar-geth] Mar-04 18:10:13.000[]                 [32minfo[39m: Synced - slot: 8 - head: 0xf60f…6e8a - exec-block: valid/full(7 0x3b91…) - finalized: 0x0000…0000:0 - peers: 3
[cl-3-lodestar-geth] Mar-04 18:10:16.022[api]              [32minfo[39m: Selected engine block: no builder block produced reason=builder_disabled, slot=9, parentSlot=8, parentBlockRoot=0xf60f061b4553011f09163dc82a5cf8902af7cfa90facdee76428577ea1fe6e8a, fork=fulu, builderSelection=executiononly, isBuilderEnabled=false, isEngineEnabled=true, strictFeeRecipientCheck=false, builderBoostFactor=0, durationMs=12, executionPayloadValue=0.00000 ETH, consensusBlockValue=0.00101 ETH, blockTotalValue=0.00101 ETH
[cl-3-lodestar-geth] Mar-04 18:10:16.091[chain]            [32minfo[39m: Publishing block slot=9, blockRoot=0x617466bc2405e76d534b0a2283d8c459882bd4a389632a89ed5ba07f457f4d7f, bodyRoot=0x46536d50430c250e6a928ec868967678ba6196edb774ec9aaf760b5ce32d16c0, broadcastValidation=gossip, blockLocallyProduced=true
[cl-3-lodestar-geth] Mar-04 18:10:19.000[]                 [32minfo[39m: Synced - slot: 9 - head: 0x6174…4d7f - exec-block: valid/full(8 0x169b…) - finalized: 0x0000…0000:0 - peers: 3
[cl-3-lodestar-geth] Mar-04 18:10:22.011[api]              [32minfo[39m: Selected engine block: no builder block produced reason=builder_disabled, slot=10, parentSlot=9, parentBlockRoot=0x617466bc2405e76d534b0a2283d8c459882bd4a389632a89ed5ba07f457f4d7f, fork=fulu, builderSelection=executiononly, isBuilderEnabled=false, isEngineEnabled=true, strictFeeRecipientCheck=false, builderBoostFactor=0, durationMs=8, executionPayloadValue=0.00000 ETH, consensusBlockValue=0.00101 ETH, blockTotalValue=0.00101 ETH
[cl-3-lodestar-geth] Mar-04 18:10:22.064[chain]            [32minfo[39m: Publishing block slot=10, blockRoot=0xc20be55687d8504a1d402897797d8644fd105c2190effe381d52a93eb557fc98, bodyRoot=0x17602ee11cb28788830ec6136c90855115ea25d371995c460a79859b9d56028c, broadcastValidation=gossip, blockLocallyProduced=true
[cl-3-lodestar-geth] Mar-04 18:10:25.001[]                 [32minfo[39m: Synced - slot: 10 - head: 0xc20b…fc98 - exec-block: valid/full(9 0x255c…) - finalized: 0x0000…0000:0 - peers: 3
[cl-3-lodestar-geth] Mar-04 18:10:28.019[api]              [32minfo[39m: Selected engine block: no builder block produced reason=builder_disabled, slot=11, parentSlot=10, parentBlockRoot=0xc20be55687d8504a1d402897797d8644fd105c2190effe381d52a93eb557fc98, fork=fulu, builderSelection=executiononly, isBuilderEnabled=false, isEngineEnabled=true, strictFeeRecipientCheck=false, builderBoostFactor=0, durationMs=11, executionPayloadValue=0.00000 ETH, consensusBlockValue=0.00101 ETH, blockTotalValue=0.00101 ETH
[cl-3-lodestar-geth] Mar-04 18:10:28.091[chain]            [32minfo[39m: Publishing block slot=11, blockRoot=0x9a5a19a6baed0574883f6feb46f6d47856f3576781b5add75c097865e8c97e27, bodyRoot=0x1617a0f1dfa9b7b8201066a6591df4f46cf4e3e22965cb8b0dd1c87308ade8ee, broadcastValidation=gossip, blockLocallyProduced=true
[cl-3-lodestar-geth] Mar-04 18:10:31.001[]                 [32minfo[39m: Synced - slot: 11 - head: 0x9a5a…7e27 - exec-block: valid/full(10 0x50b5…) - finalized: 0x0000…0000:0 - peers: 3
[cl-3-lodestar-geth] Mar-04 18:10:37.000[]                 [32minfo[39m: Synced - slot: 12 - head: 0x2e20…c78b - exec-block: valid/full(11 0x7f44…) - finalized: 0x0000…0000:0 - peers: 3
[cl-3-lodestar-geth] Mar-04 18:10:43.000[]                 [32minfo[39m: Synced - slot: 13 - head: 0x8379…84df - exec-block: valid/full(12 0x5d27…) - finalized: 0x0000…0000:0 - peers: 3
[cl-3-lodestar-geth] Mar-04 18:10:46.013[api]              [32minfo[39m: Selected engine block: no builder block produced reason=builder_disabled, slot=14, parentSlot=13, parentBlockRoot=0x83795d3afe73095a289f09c8efa4f1eff34ffa37c4139c127f299dc31d8f84df, fork=fulu, builderSelection=executiononly, isBuilderEnabled=false, isEngineEnabled=true, strictFeeRecipientCheck=false, builderBoostFactor=0, durationMs=6, executionPayloadValue=0.00000 ETH, consensusBlockValue=0.00101 ETH, blockTotalValue=0.00101 ETH
[cl-3-lodestar-geth] Mar-04 18:10:46.061[chain]            [32minfo[39m: Publishing block slot=14, blockRoot=0xff4f4745aa92e7ecc9d9ab77b73dfbc617864b401795659d9fcb023327e63507, bodyRoot=0x5574e9548b2537cd4feb293068655ae0f032c27b349298897c23004ac252efdd, broadcastValidation=gossip, blockLocallyProduced=true
[cl-3-lodestar-geth] Mar-04 18:10:49.001[]                 [32minfo[39m: Synced - slot: 14 - head: 0xff4f…3507 - exec-block: valid/full(13 0x2dd5…) - finalized: 0x0000…0000:0 - peers: 3
[cl-3-lodestar-geth] Mar-04 18:10:52.020[api]              [32minfo[39m: Selected engine block: no builder block produced reason=builder_disabled, slot=15, parentSlot=14, parentBlockRoot=0xff4f4745aa92e7ecc9d9ab77b73dfbc617864b401795659d9fcb023327e63507, fork=fulu, builderSelection=executiononly, isBuilderEnabled=false, isEngineEnabled=true, strictFeeRecipientCheck=false, builderBoostFactor=0, durationMs=16, executionPayloadValue=0.00000 ETH, consensusBlockValue=0.00101 ETH, blockTotalValue=0.00101 ETH
[cl-3-lodestar-geth] Mar-04 18:10:52.073[chain]            [32minfo[39m: Publishing block slot=15, blockRoot=0xff968ca253e0bd053f9517c0bfafdbf93e4987c7973a587db2e2086e6c983e59, bodyRoot=0x030d89e64443171f2e50a5c615774b4d6313cace8a25225583bb5637c12b449d, broadcastValidation=gossip, blockLocallyProduced=true
[cl-3-lodestar-geth] Mar-04 18:10:55.000[]                 [32minfo[39m: Synced - slot: 15 - head: 0xff96…3e59 - exec-block: valid/full(14 0xddd6…) - finalized: 0x0000…0000:0 - peers: 3
[cl-3-lodestar-geth] Mar-04 18:10:58.015[api]              [32minfo[39m: Selected engine block: no builder block produced reason=builder_disabled, slot=16, parentSlot=15, parentBlockRoot=0xff968ca253e0bd053f9517c0bfafdbf93e4987c7973a587db2e2086e6c983e59, fork=fulu, builderSelection=executiononly, isBuilderEnabled=false, isEngineEnabled=true, strictFeeRecipientCheck=false, builderBoostFactor=0, durationMs=10, executionPayloadValue=0.00000 ETH, consensusBlockValue=0.00101 ETH, blockTotalValue=0.00101 ETH
[cl-3-lodestar-geth] Mar-04 18:10:58.093[chain]            [32minfo[39m: Publishing block slot=16, blockRoot=0x2132aab5c49abfbbe068fcd67b656ac5b8f814c81702300fc3b1e59b1b6ba7a1, bodyRoot=0xad3ee7bfcd22853bdd93f33cf3f4524ff911d0de88da182a3230b674f99526d4, broadcastValidation=gossip, blockLocallyProduced=true
[cl-3-lodestar-geth] Mar-04 18:11:01.000[]                 [32minfo[39m: Synced - slot: 16 - head: 0x2132…a7a1 - exec-block: valid/full(15 0x1d3e…) - finalized: 0x0000…0000:0 - peers: 3
[cl-3-lodestar-geth] Mar-04 18:11:07.001[]                 [32minfo[39m: Synced - slot: 17 - head: 0xe704…71f4 - exec-block: valid/full(16 0x9b8c…) - finalized: 0x0000…0000:0 - peers: 3
[cl-3-lodestar-geth] Mar-04 18:11:13.000[]                 [32minfo[39m: Synced - slot: 18 - head: 0xec81…06fc - exec-block: valid/full(17 0xdb0b…) - finalized: 0x0000…0000:0 - peers: 3
[cl-3-lodestar-geth] Mar-04 18:11:16.014[api]              [32minfo[39m: Selected engine block: no builder block produced reason=builder_disabled, slot=19, parentSlot=18, parentBlockRoot=0xec81a0dfb5101f17ff25b9f5a00e1f3c870ec5452dac7f754b756a463ab506fc, fork=fulu, builderSelection=executiononly, isBuilderEnabled=false, isEngineEnabled=true, strictFeeRecipientCheck=false, builderBoostFactor=0, durationMs=6, executionPayloadValue=0.00000 ETH, consensusBlockValue=0.00101 ETH, blockTotalValue=0.00101 ETH
[cl-3-lodestar-geth] Mar-04 18:11:16.092[chain]            [32minfo[39m: Publishing block slot=19, blockRoot=0xf99731e2097d5938dcacc930be5b799671673d021f76a18589bd9d7ba12ad3bb, bodyRoot=0x86db83f2c645fa94ec400eec777f14473ec90046d4ee984ca35d7b71002b1b79, broadcastValidation=gossip, blockLocallyProduced=true
[cl-3-lodestar-geth] Mar-04 18:11:19.001[]                 [32minfo[39m: Synced - slot: 19 - head: 0xf997…d3bb - exec-block: valid/full(18 0x1471…) - finalized: 0x0000…0000:0 - peers: 3
[cl-3-lodestar-geth] Mar-04 18:11:25.001[]                 [32minfo[39m: Synced - slot: 20 - head: 0x2bf8…f5e1 - exec-block: valid/full(19 0x0fc5…) - finalized: 0x0000…0000:0 - peers: 3
[cl-3-lodestar-geth] Mar-04 18:11:28.024[api]              [32minfo[39m: Selected engine block: no builder block produced reason=builder_disabled, slot=21, parentSlot=20, parentBlockRoot=0x2bf87d5b96b5293c2d8156377fea21fd53cc84ca7ff5094926f0ab957551f5e1, fork=fulu, builderSelection=executiononly, isBuilderEnabled=false, isEngineEnabled=true, strictFeeRecipientCheck=false, builderBoostFactor=0, durationMs=18, executionPayloadValue=0.00000 ETH, consensusBlockValue=0.00101 ETH, blockTotalValue=0.00101 ETH
[cl-3-lodestar-geth] Mar-04 18:11:28.085[chain]            [32minfo[39m: Publishing block slot=21, blockRoot=0x286f0a90a2bb3149451d604edd7677dca51b855c2e108b9ff27b0f29a6084772, bodyRoot=0xce8236a61a6d6b47ee1bea6690daea8c25ab0df96548e99996d8c898196a780f, broadcastValidation=gossip, blockLocallyProduced=true
[cl-3-lodestar-geth] Mar-04 18:11:31.000[]                 [32minfo[39m: Synced - slot: 21 - head: 0x286f…4772 - exec-block: valid/full(20 0x89d3…) - finalized: 0x0000…0000:0 - peers: 3
[cl-3-lodestar-geth] Mar-04 18:11:37.000[]                 [32minfo[39m: Synced - slot: 22 - head: 0x3570…df19 - exec-block: valid/full(21 0xfcdb…) - finalized: 0x0000…0000:0 - peers: 3
[cl-3-lodestar-geth] Mar-04 18:11:40.038[api]              [32minfo[39m: Selected engine block: no builder block produced reason=builder_disabled, slot=23, parentSlot=22, parentBlockRoot=0x3570f47055de1aaf52a93d74345e082e22cd6898edacea10b6d9af50be39df19, fork=fulu, builderSelection=executiononly, isBuilderEnabled=false, isEngineEnabled=true, strictFeeRecipientCheck=false, builderBoostFactor=0, durationMs=31, executionPayloadValue=0.00000 ETH, consensusBlockValue=0.00101 ETH, blockTotalValue=0.00101 ETH
[cl-3-lodestar-geth] Mar-04 18:11:40.104[chain]            [32minfo[39m: Publishing block slot=23, blockRoot=0x68fd5934b7c97e0a3b12ed423f69d1e0560a4a80bccbc321b9c56746780b5a02, bodyRoot=0xc547bc868fb77b10beb90d7f914c8c0966343cc690e022b6e55da6a139039540, broadcastValidation=gossip, blockLocallyProduced=true
[cl-3-lodestar-geth] Mar-04 18:11:43.000[]                 [32minfo[39m: Synced - slot: 23 - head: 0x68fd…5a02 - exec-block: valid/full(22 0x00e0…) - finalized: 0x0000…0000:0 - peers: 3
[cl-3-lodestar-geth] Mar-04 18:11:49.000[]                 [32minfo[39m: Synced - slot: 24 - head: 0xa628…dca6 - exec-block: valid/full(23 0x04fd…) - finalized: 0x0000…0000:0 - peers: 3
[cl-3-lodestar-geth] Mar-04 18:11:52.013[api]              [32minfo[39m: Selected engine block: no builder block produced reason=builder_disabled, slot=25, parentSlot=24, parentBlockRoot=0xa62858cb683c3461a84af9c9a956a864ff65d409fb9e363ecb368267e8e8dca6, fork=fulu, builderSelection=executiononly, isBuilderEnabled=false, isEngineEnabled=true, strictFeeRecipientCheck=false, builderBoostFactor=0, durationMs=8, executionPayloadValue=0.00000 ETH, consensusBlockValue=0.00101 ETH, blockTotalValue=0.00101 ETH
[cl-3-lodestar-geth] Mar-04 18:11:52.067[chain]            [32minfo[39m: Publishing block slot=25, blockRoot=0x54a0e065168d84b7fc11f931b9db78935a84aad7c08a34f964a2d0007c6d2538, bodyRoot=0x03bab28c6d980869fed4e73cc34465b02c24088794da7dc745daba84f222ac6e, broadcastValidation=gossip, blockLocallyProduced=true
[cl-3-lodestar-geth] Mar-04 18:11:55.000[]                 [32minfo[39m: Synced - slot: 25 - head: 0x54a0…2538 - exec-block: valid/full(24 0x1823…) - finalized: 0x0000…0000:0 - peers: 3
[cl-3-lodestar-geth] Mar-04 18:12:01.000[]                 [32minfo[39m: Synced - slot: 26 - head: 0x30d3…522d - exec-block: valid/full(25 0x3eb3…) - finalized: 0x0000…0000:0 - peers: 3
[cl-3-lodestar-geth] Mar-04 18:12:07.000[]                 [32minfo[39m: Synced - slot: 27 - head: 0x5a44…5a83 - exec-block: valid/full(26 0x6f4f…) - finalized: 0x0000…0000:0 - peers: 3
[cl-3-lodestar-geth] Mar-04 18:12:13.001[]                 [32minfo[39m: Synced - slot: 28 - head: 0xaf0c…d94a - exec-block: valid/full(27 0x3624…) - finalized: 0x0000…0000:0 - peers: 3
[cl-3-lodestar-geth] Mar-04 18:12:16.016[api]              [32minfo[39m: Selected engine block: no builder block produced reason=builder_disabled, slot=29, parentSlot=28, parentBlockRoot=0xaf0cb74acdf6515394a993e75ef5e52d74d5c75c484cf0d688d71f5d9946d94a, fork=fulu, builderSelection=executiononly, isBuilderEnabled=false, isEngineEnabled=true, strictFeeRecipientCheck=false, builderBoostFactor=0, durationMs=8, executionPayloadValue=0.00000 ETH, consensusBlockValue=0.00101 ETH, blockTotalValue=0.00101 ETH
[cl-3-lodestar-geth] Mar-04 18:12:16.092[chain]            [32minfo[39m: Publishing block slot=29, blockRoot=0xe13815e0bf185906c2b0995203c18576903cc0c23c6df2211ae35da0108532e9, bodyRoot=0xf766a663930e76cb229cd64e4309cb04e93c8195033657cefba32f471cfb5df0, broadcastValidation=gossip, blockLocallyProduced=true
[cl-3-lodestar-geth] Mar-04 18:12:19.000[]                 [32minfo[39m: Synced - slot: 29 - head: 0xe138…32e9 - exec-block: valid/full(28 0x1e0a…) - finalized: 0x0000…0000:0 - peers: 3
[cl-3-lodestar-geth] Mar-04 18:12:25.000[]                 [32minfo[39m: Synced - slot: 30 - head: 0x8749…6604 - exec-block: valid/full(29 0xfa06…) - finalized: 0x0000…0000:0 - peers: 3
[cl-3-lodestar-geth] Mar-04 18:12:28.014[api]              [32minfo[39m: Selected engine block: no builder block produced reason=builder_disabled, slot=31, parentSlot=30, parentBlockRoot=0x874915ed8faee514158f102db24b6582df6ef1739c43cdfcd59e0eeb51e16604, fork=fulu, builderSelection=executiononly, isBuilderEnabled=false, isEngineEnabled=true, strictFeeRecipientCheck=false, builderBoostFactor=0, durationMs=7, executionPayloadValue=0.00000 ETH, consensusBlockValue=0.00101 ETH, blockTotalValue=0.00101 ETH
[cl-3-lodestar-geth] Mar-04 18:12:28.090[chain]            [32minfo[39m: Publishing block slot=31, blockRoot=0x64b4b977fabb6f63dddc9a35a1436834deca9dd1ec7ef0d3bb8ba533c69ecd41, bodyRoot=0xae07f8f4e7040cdb7a064eecb52e5c58027f934b56567eec052f01b692f878cc, broadcastValidation=gossip, blockLocallyProduced=true
[cl-3-lodestar-geth] Mar-04 18:12:31.001[]                 [32minfo[39m: Synced - slot: 31 - head: 0x64b4…cd41 - exec-block: valid/full(30 0x632e…) - finalized: 0x0000…0000:0 - peers: 3
[cl-3-lodestar-geth] Mar-04 18:12:37.000[]                 [32minfo[39m: Synced - slot: 32 - head: 0x7f89…d26a - exec-block: valid/full(31 0xe81b… bid:0xe81b…) - finalized: 0x0000…0000:0 - peers: 3
[cl-3-lodestar-geth] Mar-04 18:12:43.001[]                 [32minfo[39m: Synced - slot: 33 - head: 0xb0db…ef1d - exec-block: valid/full(32 0x69dc… bid:0x69dc…) - finalized: 0x0000…0000:0 - peers: 3
[cl-3-lodestar-geth] Mar-04 18:12:49.001[]                 [32minfo[39m: Synced - slot: 34 - head: 0x651e…ed9b - exec-block: valid/full(33 0xd458… bid:0xd458…) - finalized: 0x0000…0000:0 - peers: 3
[cl-3-lodestar-geth] Mar-04 18:12:55.000[]                 [32minfo[39m: Synced - slot: 35 - head: 0xd220…e3ea - exec-block: valid/full(34 0xb255… bid:0xb255…) - finalized: 0x0000…0000:0 - peers: 3
[cl-3-lodestar-geth] Mar-04 18:13:01.000[]                 [32minfo[39m: Synced - slot: 36 - head: 0x222e…8dc8 - exec-block: valid/full(35 0xfa7d… bid:0xfa7d…) - finalized: 0x0000…0000:0 - peers: 3
[cl-3-lodestar-geth] Mar-04 18:13:07.000[]                 [32minfo[39m: Synced - slot: 37 - head: 0xa900…8647 - exec-block: valid/full(36 0xbd39… bid:0xbd39…) - finalized: 0x0000…0000:0 - peers: 3
[cl-3-lodestar-geth] Mar-04 18:13:13.000[]                 [32minfo[39m: Synced - slot: 38 - head: 0xf506…28b8 - exec-block: valid/full(37 0x5fa2… bid:0x5fa2…) - finalized: 0x0000…0000:0 - peers: 3
[cl-3-lodestar-geth] Mar-04 18:13:16.521[chain]            [32minfo[39m: Publishing block slot=39, blockRoot=0x73a340e5d1e6dab3152c6d7804660fc0e30402dd217f1b231a1bdd2b53ba9d04, bodyRoot=0x0f54e5dd93ab983b60bf47c3a8bdf77af1377207fd016e138e10599de84aabf0, broadcastValidation=gossip, blockLocallyProduced=true
[cl-3-lodestar-geth] Mar-04 18:13:16.607[api]              [32minfo[39m: Produced execution payload envelope slot=39, blockRoot=0x73a340e5d1e6dab3152c6d7804660fc0e30402dd217f1b231a1bdd2b53ba9d04, transactions=0, blockHash=0x244e46c899682174857ca2d69c00796847abd3e26e97dc9747cc9b2b486a6b7b
[cl-3-lodestar-geth] Mar-04 18:13:16.624[chain]            [32minfo[39m: Publishing execution payload envelope slot=39, blockRoot=0x73a340e5d1e6dab3152c6d7804660fc0e30402dd217f1b231a1bdd2b53ba9d04, builderIndex=Infinity, isSelfBuild=true, dataColumns=0
[cl-3-lodestar-geth] Mar-04 18:13:16.627[chain]            [32minfo[39m: Published execution payload envelope slot=39, blockRoot=0x73a340e5d1e6dab3152c6d7804660fc0e30402dd217f1b231a1bdd2b53ba9d04, builderIndex=Infinity, isSelfBuild=true, dataColumns=0, delaySec=0.6110000610351562, sentPeers=3
[cl-3-lodestar-geth] Mar-04 18:13:19.000[]                 [32minfo[39m: Synced - slot: 39 - head: 0x73a3…9d04 - exec-block: valid/full(38 0x244e… bid:0x244e…) - finalized: 0x0000…0000:0 - peers: 3
[cl-3-lodestar-geth] Mar-04 18:13:22.521[chain]            [32minfo[39m: Publishing block slot=40, blockRoot=0x4c26f7d394f599d638bca3c41192c71ffdfcf3b05be10a3c061e3935de8bdf7e, bodyRoot=0xb99b1d673a661836e26295c661789a2d91022d57716d1d96f23a620df701cfef, broadcastValidation=gossip, blockLocallyProduced=true
[cl-3-lodestar-geth] Mar-04 18:13:22.584[api]              [32minfo[39m: Produced execution payload envelope slot=40, blockRoot=0x4c26f7d394f599d638bca3c41192c71ffdfcf3b05be10a3c061e3935de8bdf7e, transactions=0, blockHash=0xb876c18c0a56b2aa8ee641d780eccded5a80ce6a4c231842a2f49c2649c28de8
[cl-3-lodestar-geth] Mar-04 18:13:22.600[chain]            [32minfo[39m: Publishing execution payload envelope slot=40, blockRoot=0x4c26f7d394f599d638bca3c41192c71ffdfcf3b05be10a3c061e3935de8bdf7e, builderIndex=Infinity, isSelfBuild=true, dataColumns=0
[cl-3-lodestar-geth] Mar-04 18:13:22.605[chain]            [32minfo[39m: Published execution payload envelope slot=40, blockRoot=0x4c26f7d394f599d638bca3c41192c71ffdfcf3b05be10a3c061e3935de8bdf7e, builderIndex=Infinity, isSelfBuild=true, dataColumns=0, delaySec=0.5880000591278076, sentPeers=3
[cl-3-lodestar-geth] Mar-04 18:13:25.001[]                 [32minfo[39m: Synced - slot: 40 - head: 0x4c26…df7e - exec-block: valid/full(39 0xb876… bid:0xb876…) - finalized: 0x0000…0000:0 - peers: 3
[cl-3-lodestar-geth] Mar-04 18:13:31.000[]                 [32minfo[39m: Synced - slot: 41 - head: 0x1875…4bdd - exec-block: valid/full(40 0x78b0… bid:0x78b0…) - finalized: 0x0000…0000:0 - peers: 3
[cl-3-lodestar-geth] Mar-04 18:13:34.519[chain]            [32minfo[39m: Publishing block slot=42, blockRoot=0x1f8acf50cb4dbe617828f4c15e634e6c9245d5d08164fc8a334a989d13b6a664, bodyRoot=0xf9e937e93e0d00fa1752eb8465d0ff9f1bbae9127662d6a8a44f25903a2f26ee, broadcastValidation=gossip, blockLocallyProduced=true
[cl-3-lodestar-geth] Mar-04 18:13:34.594[api]              [32minfo[39m: Produced execution payload envelope slot=42, blockRoot=0x1f8acf50cb4dbe617828f4c15e634e6c9245d5d08164fc8a334a989d13b6a664, transactions=0, blockHash=0x3c1111530b96a8bc405febc17f70d3b08558a4f6c2646cf64d5957d8c3f7ec28
[cl-3-lodestar-geth] Mar-04 18:13:34.617[chain]            [32minfo[39m: Publishing execution payload envelope slot=42, blockRoot=0x1f8acf50cb4dbe617828f4c15e634e6c9245d5d08164fc8a334a989d13b6a664, builderIndex=Infinity, isSelfBuild=true, dataColumns=0
[cl-3-lodestar-geth] Mar-04 18:13:34.619[chain]            [32minfo[39m: Published execution payload envelope slot=42, blockRoot=0x1f8acf50cb4dbe617828f4c15e634e6c9245d5d08164fc8a334a989d13b6a664, builderIndex=Infinity, isSelfBuild=true, dataColumns=0, delaySec=0.5989999771118164, sentPeers=3
[cl-3-lodestar-geth] Mar-04 18:13:37.000[]                 [32minfo[39m: Synced - slot: 42 - head: 0x1f8a…a664 - exec-block: valid/full(41 0x3c11… bid:0x3c11…) - finalized: 0x0000…0000:0 - peers: 3
[cl-3-lodestar-geth] Mar-04 18:13:40.524[chain]            [32minfo[39m: Publishing block slot=43, blockRoot=0xb09ff873a03e8c35084f156bf496b1649d4dfdd5adf8ab4f3ec4486f70e49840, bodyRoot=0x58d0cde667f65c49c33479b62b71ffe413309167bf59a37fc7edfd897c30710b, broadcastValidation=gossip, blockLocallyProduced=true
[cl-3-lodestar-geth] Mar-04 18:13:40.618[api]              [32minfo[39m: Produced execution payload envelope slot=43, blockRoot=0xb09ff873a03e8c35084f156bf496b1649d4dfdd5adf8ab4f3ec4486f70e49840, transactions=0, blockHash=0x4457bcc8e99eddfd570d0de6e1c07f017c9f18b1961983ede9fd708be44330ea
[cl-3-lodestar-geth] Mar-04 18:13:40.628[chain]            [32minfo[39m: Publishing execution payload envelope slot=43, blockRoot=0xb09ff873a03e8c35084f156bf496b1649d4dfdd5adf8ab4f3ec4486f70e49840, builderIndex=Infinity, isSelfBuild=true, dataColumns=0
[cl-3-lodestar-geth] Mar-04 18:13:40.629[chain]            [32minfo[39m: Published execution payload envelope slot=43, blockRoot=0xb09ff873a03e8c35084f156bf496b1649d4dfdd5adf8ab4f3ec4486f70e49840, builderIndex=Infinity, isSelfBuild=true, dataColumns=0, delaySec=0.6210000514984131, sentPeers=3
[cl-3-lodestar-geth] Mar-04 18:13:43.005[]                 [32minfo[39m: Synced - slot: 43 - head: 0xb09f…9840 - exec-block: valid/full(42 0x4457… bid:0x4457…) - finalized: 0x0000…0000:0 - peers: 3
[cl-3-lodestar-geth] Mar-04 18:13:49.000[]                 [32minfo[39m: Synced - slot: 44 - head: 0x9581…b03f - exec-block: valid/full(43 0x99e0… bid:0x99e0…) - finalized: 0x0000…0000:0 - peers: 3
[cl-3-lodestar-geth] Mar-04 18:13:55.000[]                 [32minfo[39m: Synced - slot: 45 - head: 0xa798…7aac - exec-block: valid/full(44 0xf439… bid:0xf439…) - finalized: 0x0000…0000:0 - peers: 3
[cl-3-lodestar-geth] Mar-04 18:14:01.000[]                 [32minfo[39m: Synced - slot: 46 - head: 0xe21e…778d - exec-block: valid/full(45 0x58d3… bid:0x58d3…) - finalized: 0x0000…0000:0 - peers: 3
[cl-3-lodestar-geth] Mar-04 18:14:04.518[chain]            [32minfo[39m: Publishing block slot=47, blockRoot=0xb73766774c70431a50b5405cc95ac2be939653e68016cf34f50e0d74c32396a7, bodyRoot=0x98f8dff741ccfecbe11eebfe4ce4779cb1d8f6f31672d2512dba18e24ca3f62e, broadcastValidation=gossip, blockLocallyProduced=true
[cl-3-lodestar-geth] Mar-04 18:14:04.586[api]              [32minfo[39m: Produced execution payload envelope slot=47, blockRoot=0xb73766774c70431a50b5405cc95ac2be939653e68016cf34f50e0d74c32396a7, transactions=0, blockHash=0x794893964d4712f50b5499dae89449bf5af9b21bfcad5f1da49b775a5910da44
[cl-3-lodestar-geth] Mar-04 18:14:04.595[chain]            [32minfo[39m: Publishing execution payload envelope slot=47, blockRoot=0xb73766774c70431a50b5405cc95ac2be939653e68016cf34f50e0d74c32396a7, builderIndex=Infinity, isSelfBuild=true, dataColumns=0
[cl-3-lodestar-geth] Mar-04 18:14:04.597[chain]            [32minfo[39m: Published execution payload envelope slot=47, blockRoot=0xb73766774c70431a50b5405cc95ac2be939653e68016cf34f50e0d74c32396a7, builderIndex=Infinity, isSelfBuild=true, dataColumns=0, delaySec=0.5889999866485596, sentPeers=3
[cl-3-lodestar-geth] Mar-04 18:14:07.000[]                 [32minfo[39m: Synced - slot: 47 - head: 0xb737…96a7 - exec-block: valid/full(46 0x7948… bid:0x7948…) - finalized: 0x0000…0000:0 - peers: 3
[cl-3-lodestar-geth] Mar-04 18:14:13.000[]                 [32minfo[39m: Synced - slot: 48 - head: 0x3649…6ae2 - exec-block: valid/full(47 0x2b0c… bid:0x2b0c…) - finalized: 0x0000…0000:0 - peers: 3
[cl-3-lodestar-geth] Mar-04 18:14:19.000[]                 [32minfo[39m: Synced - slot: 49 - head: 0x00fc…b961 - exec-block: valid/full(48 0x214f… bid:0x214f…) - finalized: 0x0000…0000:0 - peers: 3
[cl-3-lodestar-geth] Mar-04 18:14:25.008[]                 [32minfo[39m: Synced - slot: 50 - head: 0xc900…1ae8 - exec-block: valid/full(49 0x6d25… bid:0x6d25…) - finalized: 0x0000…0000:0 - peers: 3
[cl-3-lodestar-geth] Mar-04 18:14:31.000[]                 [32minfo[39m: Synced - slot: 51 - head: 0x42a1…c498 - exec-block: valid/full(50 0x7104… bid:0x7104…) - finalized: 0x0000…0000:0 - peers: 3
[cl-3-lodestar-geth] Mar-04 18:14:37.000[]                 [32minfo[39m: Synced - slot: 52 - head: 0xd62a…3623 - exec-block: valid/full(51 0x12a4… bid:0x12a4…) - finalized: 0x0000…0000:0 - peers: 3
[cl-3-lodestar-geth] Mar-04 18:14:40.525[chain]            [32minfo[39m: Publishing block slot=53, blockRoot=0x752d486ab82e559238ec6965afccfd94e5b2df117ab0ad974a55317b335c42d9, bodyRoot=0x3c538989d34cc2f524f2f5717a5112cb74c56d83611b7ad2802aa658fb266895, broadcastValidation=gossip, blockLocallyProduced=true
[cl-3-lodestar-geth] Mar-04 18:14:40.626[api]              [32minfo[39m: Produced execution payload envelope slot=53, blockRoot=0x752d486ab82e559238ec6965afccfd94e5b2df117ab0ad974a55317b335c42d9, transactions=0, blockHash=0x594e05ba56d0fe1fbb681a7136ab15fea9d3d8a0d7108e78e5af8ea156d616b1
[cl-3-lodestar-geth] Mar-04 18:14:40.654[chain]            [32minfo[39m: Publishing execution payload envelope slot=53, blockRoot=0x752d486ab82e559238ec6965afccfd94e5b2df117ab0ad974a55317b335c42d9, builderIndex=Infinity, isSelfBuild=true, dataColumns=0
[cl-3-lodestar-geth] Mar-04 18:14:40.657[chain]            [32minfo[39m: Published execution payload envelope slot=53, blockRoot=0x752d486ab82e559238ec6965afccfd94e5b2df117ab0ad974a55317b335c42d9, builderIndex=Infinity, isSelfBuild=true, dataColumns=0, delaySec=0.6400001049041748, sentPeers=3
[cl-3-lodestar-geth] Mar-04 18:14:43.001[]                 [32minfo[39m: Synced - slot: 53 - head: 0x752d…42d9 - exec-block: valid/full(52 0x594e… bid:0x594e…) - finalized: 0x0000…0000:0 - peers: 3
[cl-3-lodestar-geth] Mar-04 18:14:49.000[]                 [32minfo[39m: Synced - slot: 54 - head: 0xb123…2524 - exec-block: valid/full(53 0xf31a… bid:0xf31a…) - finalized: 0x0000…0000:0 - peers: 3
[cl-3-lodestar-geth] Mar-04 18:14:55.000[]                 [32minfo[39m: Synced - slot: 55 - head: 0x92d2…9bcc - exec-block: valid/full(54 0xaa2e… bid:0xaa2e…) - finalized: 0x0000…0000:0 - peers: 3
[cl-3-lodestar-geth] Mar-04 18:15:01.001[]                 [32minfo[39m: Synced - slot: 56 - head: 0xd0cd…b751 - exec-block: valid/full(55 0xec0e… bid:0xec0e…) - finalized: 0x0000…0000:0 - peers: 3
[cl-3-lodestar-geth] Mar-04 18:15:07.000[]                 [32minfo[39m: Synced - slot: 57 - head: 0xfdf3…4c70 - exec-block: valid/full(56 0xb9d7… bid:0xb9d7…) - finalized: 0x0000…0000:0 - peers: 3
[cl-3-lodestar-geth] Mar-04 18:15:13.001[]                 [32minfo[39m: Synced - slot: 58 - head: 0x0bb1…3036 - exec-block: valid/full(57 0xb0f2… bid:0xb0f2…) - finalized: 0x0000…0000:0 - peers: 3
[cl-3-lodestar-geth] Mar-04 18:15:19.004[]                 [32minfo[39m: Synced - slot: 59 - head: 0x6b3c…4032 - exec-block: valid/full(58 0xec2e… bid:0xec2e…) - finalized: 0x0000…0000:0 - peers: 3
[cl-3-lodestar-geth] Mar-04 18:15:25.004[]                 [32minfo[39m: Synced - slot: 60 - head: 0x1ad3…2443 - exec-block: valid/full(59 0x67da… bid:0x67da…) - finalized: 0x0000…0000:0 - peers: 3
[cl-3-lodestar-geth] Mar-04 18:15:31.000[]                 [32minfo[39m: Synced - slot: 61 - head: 0xe353…615a - exec-block: valid/full(60 0x64c3… bid:0x64c3…) - finalized: 0x0000…0000:0 - peers: 3
[cl-3-lodestar-geth] Mar-04 18:15:37.000[]                 [32minfo[39m: Synced - slot: 62 - head: 0x0583…0503 - exec-block: valid/full(61 0xf447… bid:0xf447…) - finalized: 0x0000…0000:0 - peers: 3
[cl-3-lodestar-geth] Mar-04 18:15:43.000[]                 [32minfo[39m: Synced - slot: 63 - head: 0xda04…b50c - exec-block: valid/full(62 0xd241… bid:0xd241…) - finalized: 0x0000…0000:0 - peers: 3
[cl-3-lodestar-geth] Mar-04 18:15:46.281[rest]             [33mwarn[39m: Req req-uw getExecutionPayloadEnvelope failed reason=Execution payload envelope not found for block 0x363e337f30a9f4cc5599ff40529ccc5fca93fb083c628761aa8b671309e7f0f6
[cl-3-lodestar-geth] Mar-04 18:15:49.001[]                 [32minfo[39m: Synced - slot: 64 - head: 0x363e…f0f6 - exec-block: valid/full(63 0xf9a7… bid:0xf9a7…) - finalized: 0x0000…0000:0 - peers: 3
[cl-3-lodestar-geth] Mar-04 18:15:52.519[chain]            [32minfo[39m: Publishing block slot=65, blockRoot=0xc6e12dbabb6db4e5e3eab2ce9dededd97d79df984f07b2a7e1bbda2e324675a3, bodyRoot=0xf30efe7e9c37ba668542e7ed6a784f38d783a1f19e74eec32e433cfb7d23d9f0, broadcastValidation=gossip, blockLocallyProduced=true
[cl-3-lodestar-geth] Mar-04 18:15:52.589[api]              [32minfo[39m: Produced execution payload envelope slot=65, blockRoot=0xc6e12dbabb6db4e5e3eab2ce9dededd97d79df984f07b2a7e1bbda2e324675a3, transactions=0, blockHash=0xcf6dd3a981ab16703b37c749fed91c22028e4152117d3b60e34a3747981e967d
[cl-3-lodestar-geth] Mar-04 18:15:52.598[chain]            [32minfo[39m: Publishing execution payload envelope slot=65, blockRoot=0xc6e12dbabb6db4e5e3eab2ce9dededd97d79df984f07b2a7e1bbda2e324675a3, builderIndex=Infinity, isSelfBuild=true, dataColumns=0
[cl-3-lodestar-geth] Mar-04 18:15:52.604[chain]            [32minfo[39m: Published execution payload envelope slot=65, blockRoot=0xc6e12dbabb6db4e5e3eab2ce9dededd97d79df984f07b2a7e1bbda2e324675a3, builderIndex=Infinity, isSelfBuild=true, dataColumns=0, delaySec=0.5929999351501465, sentPeers=3
[cl-3-lodestar-geth] Mar-04 18:15:55.000[]                 [32minfo[39m: Synced - slot: 65 - head: 0xc6e1…75a3 - exec-block: valid/full(64 0xcf6d… bid:0xcf6d…) - finalized: 0x0000…0000:0 - peers: 3
[cl-3-lodestar-geth] Mar-04 18:16:01.000[]                 [32minfo[39m: Synced - slot: 66 - head: 0x6be8…2665 - exec-block: valid/full(65 0xe1d1… bid:0xe1d1…) - finalized: 0x0000…0000:0 - peers: 3
[cl-3-lodestar-geth] Mar-04 18:16:04.517[chain]            [32minfo[39m: Publishing block slot=67, blockRoot=0x7cf2db0a352944cf8f0a49eb1c8eea7339c197df62858fe57591270b9e1c0f8d, bodyRoot=0x69d3ae51b82368d4f823eef6e3e6c801358196815675be37f9e1bd2f858b0359, broadcastValidation=gossip, blockLocallyProduced=true
[cl-3-lodestar-geth] Mar-04 18:16:04.582[api]              [32minfo[39m: Produced execution payload envelope slot=67, blockRoot=0x7cf2db0a352944cf8f0a49eb1c8eea7339c197df62858fe57591270b9e1c0f8d, transactions=0, blockHash=0x65e0986d274e174de21e58f20c64446bce6c65603450b2c3d18a09b65593a6a4
[cl-3-lodestar-geth] Mar-04 18:16:04.589[chain]            [32minfo[39m: Publishing execution payload envelope slot=67, blockRoot=0x7cf2db0a352944cf8f0a49eb1c8eea7339c197df62858fe57591270b9e1c0f8d, builderIndex=Infinity, isSelfBuild=true, dataColumns=0
[cl-3-lodestar-geth] Mar-04 18:16:04.590[chain]            [32minfo[39m: Published execution payload envelope slot=67, blockRoot=0x7cf2db0a352944cf8f0a49eb1c8eea7339c197df62858fe57591270b9e1c0f8d, builderIndex=Infinity, isSelfBuild=true, dataColumns=0, delaySec=0.5840001106262207, sentPeers=3
[cl-3-lodestar-geth] Mar-04 18:16:07.000[]                 [32minfo[39m: Synced - slot: 67 - head: 0x7cf2…0f8d - exec-block: valid/full(66 0x65e0… bid:0x65e0…) - finalized: 0x0000…0000:0 - peers: 3
[cl-3-lodestar-geth] Mar-04 18:16:13.000[]                 [32minfo[39m: Synced - slot: 68 - head: 0x57fb…db53 - exec-block: valid/full(67 0xe653… bid:0xe653…) - finalized: 0x0000…0000:0 - peers: 3
[cl-3-lodestar-geth] Mar-04 18:16:16.521[chain]            [32minfo[39m: Publishing block slot=69, blockRoot=0x6fba596ff912566f8ee7c6f591701f95fa7508bf02faa8ee0c5e2fcbadf454de, bodyRoot=0xd5421a65e016846431d096c61979db6c5746ddfd358fc9c9e1723a68aeaa68ff, broadcastValidation=gossip, blockLocallyProduced=true
[cl-3-lodestar-geth] Mar-04 18:16:16.615[api]              [32minfo[39m: Produced execution payload envelope slot=69, blockRoot=0x6fba596ff912566f8ee7c6f591701f95fa7508bf02faa8ee0c5e2fcbadf454de, transactions=0, blockHash=0xa255c77c7b63eb6388a344bd3f94915f655f2771113aae7d792a503200be5ca0
[cl-3-lodestar-geth] Mar-04 18:16:16.635[chain]            [32minfo[39m: Publishing execution payload envelope slot=69, blockRoot=0x6fba596ff912566f8ee7c6f591701f95fa7508bf02faa8ee0c5e2fcbadf454de, builderIndex=Infinity, isSelfBuild=true, dataColumns=0
[cl-3-lodestar-geth] Mar-04 18:16:16.638[chain]            [32minfo[39m: Published execution payload envelope slot=69, blockRoot=0x6fba596ff912566f8ee7c6f591701f95fa7508bf02faa8ee0c5e2fcbadf454de, builderIndex=Infinity, isSelfBuild=true, dataColumns=0, delaySec=0.6289999485015869, sentPeers=3
[cl-3-lodestar-geth] Mar-04 18:16:19.000[]                 [32minfo[39m: Synced - slot: 69 - head: 0x6fba…54de - exec-block: valid/full(68 0xa255… bid:0xa255…) - finalized: 0x0000…0000:0 - peers: 3
[cl-3-lodestar-geth] Mar-04 18:16:25.000[]                 [32minfo[39m: Synced - slot: 70 - head: 0xa9cf…b5a5 - exec-block: valid/full(69 0x47da… bid:0x47da…) - finalized: 0x0000…0000:0 - peers: 3
[cl-3-lodestar-geth] Mar-04 18:16:31.000[]                 [32minfo[39m: Synced - slot: 71 - head: 0xdb7a…2311 - exec-block: valid/full(70 0x66f7… bid:0x66f7…) - finalized: 0x0000…0000:0 - peers: 3
[cl-3-lodestar-geth] Mar-04 18:16:37.000[]                 [32minfo[39m: Synced - slot: 72 - head: 0x51d4…0de1 - exec-block: valid/full(71 0x7a91… bid:0x7a91…) - finalized: 0x0000…0000:0 - peers: 3
[cl-3-lodestar-geth] Mar-04 18:16:43.000[]                 [32minfo[39m: Synced - slot: 73 - head: 0x21ed…a924 - exec-block: valid/full(72 0xc758… bid:0xc758…) - finalized: 0x0000…0000:0 - peers: 3
[cl-3-lodestar-geth] Mar-04 18:16:49.005[]                 [32minfo[39m: Synced - slot: 74 - head: 0xa430…6977 - exec-block: valid/full(73 0x3767… bid:0x3767…) - finalized: 0x0000…0000:0 - peers: 3
[cl-3-lodestar-geth] Mar-04 18:16:55.000[]                 [32minfo[39m: Synced - slot: 75 - head: 0x05a3…982a - exec-block: valid/full(74 0x975c… bid:0x975c…) - finalized: 0x0000…0000:0 - peers: 3
[cl-3-lodestar-geth] Mar-04 18:17:01.000[]                 [32minfo[39m: Synced - slot: 76 - head: 0xf772…418d - exec-block: valid/full(75 0x015d… bid:0x015d…) - finalized: 0x0000…0000:0 - peers: 3
[cl-3-lodestar-geth] Mar-04 18:17:07.001[]                 [32minfo[39m: Synced - slot: 77 - head: 0x667f…8352 - exec-block: valid/full(76 0x5404… bid:0x5404…) - finalized: 0x0000…0000:0 - peers: 3
[cl-3-lodestar-geth] Mar-04 18:17:13.000[]                 [32minfo[39m: Synced - slot: 78 - head: 0xef37…65cf - exec-block: valid/full(77 0xed41… bid:0xed41…) - finalized: 0x0000…0000:0 - peers: 3
[cl-3-lodestar-geth] Mar-04 18:17:19.001[]                 [32minfo[39m: Synced - slot: 79 - head: 0x483a…f682 - exec-block: valid/full(78 0x2688… bid:0x2688…) - finalized: 0x0000…0000:0 - peers: 3
[cl-3-lodestar-geth] Mar-04 18:17:25.001[]                 [32minfo[39m: Synced - slot: 80 - head: 0x58fb…a16d - exec-block: valid/full(79 0x91cd… bid:0x91cd…) - finalized: 0x0000…0000:0 - peers: 3
[cl-3-lodestar-geth] Mar-04 18:17:31.000[]                 [32minfo[39m: Synced - slot: 81 - head: 0xfb9b…8d1f - exec-block: valid/full(80 0x6f53… bid:0x6f53…) - finalized: 0x0000…0000:0 - peers: 3
[cl-3-lodestar-geth] Mar-04 18:17:37.000[]                 [32minfo[39m: Synced - slot: 82 - head: 0x4b70…4c63 - exec-block: valid/full(81 0x78f5… bid:0x78f5…) - finalized: 0x0000…0000:0 - peers: 3
[cl-3-lodestar-geth] Mar-04 18:17:40.522[chain]            [32minfo[39m: Publishing block slot=83, blockRoot=0x282e743b24d8a8c35f24fad7e4e8ac3025dc73216609c2dddab5917245888963, bodyRoot=0xda76e5d2351a04e76ffa8fcc52fe2100c9e09cbe9ab4fdaaa0b9f143c837fb5e, broadcastValidation=gossip, blockLocallyProduced=true
[cl-3-lodestar-geth] Mar-04 18:17:40.596[api]              [32minfo[39m: Produced execution payload envelope slot=83, blockRoot=0x282e743b24d8a8c35f24fad7e4e8ac3025dc73216609c2dddab5917245888963, transactions=0, blockHash=0x78ca63913c40ad0bec6c922a7f0928e990c2121a9a07e46fdd18c6c32c28b06a
[cl-3-lodestar-geth] Mar-04 18:17:40.620[chain]            [32minfo[39m: Publishing execution payload envelope slot=83, blockRoot=0x282e743b24d8a8c35f24fad7e4e8ac3025dc73216609c2dddab5917245888963, builderIndex=Infinity, isSelfBuild=true, dataColumns=0
[cl-3-lodestar-geth] Mar-04 18:17:40.621[chain]            [32minfo[39m: Published execution payload envelope slot=83, blockRoot=0x282e743b24d8a8c35f24fad7e4e8ac3025dc73216609c2dddab5917245888963, builderIndex=Infinity, isSelfBuild=true, dataColumns=0, delaySec=0.6029999256134033, sentPeers=3
[cl-3-lodestar-geth] Mar-04 18:17:43.000[]                 [32minfo[39m: Synced - slot: 83 - head: 0x282e…8963 - exec-block: valid/full(82 0x78ca… bid:0x78ca…) - finalized: 0x0000…0000:0 - peers: 3
[cl-3-lodestar-geth] Mar-04 18:17:46.517[chain]            [32minfo[39m: Publishing block slot=84, blockRoot=0x4ed9aa02c120c7d61ee2a5f69308efbc7d2ab17238aaa68552a6552d2e75eb94, bodyRoot=0xe458684b0f6e3553d42d220d311d44c582ce7f1bd14c283008e0b311162d5547, broadcastValidation=gossip, blockLocallyProduced=true
[cl-3-lodestar-geth] Mar-04 18:17:46.584[api]              [32minfo[39m: Produced execution payload envelope slot=84, blockRoot=0x4ed9aa02c120c7d61ee2a5f69308efbc7d2ab17238aaa68552a6552d2e75eb94, transactions=0, blockHash=0xec0067f1925dddad6e21c657dba09b603c98fcbc7d408a18678a1712b81b381d
[cl-3-lodestar-geth] Mar-04 18:17:46.592[chain]            [32minfo[39m: Publishing execution payload envelope slot=84, blockRoot=0x4ed9aa02c120c7d61ee2a5f69308efbc7d2ab17238aaa68552a6552d2e75eb94, builderIndex=Infinity, isSelfBuild=true, dataColumns=0
[cl-3-lodestar-geth] Mar-04 18:17:46.593[chain]            [32minfo[39m: Published execution payload envelope slot=84, blockRoot=0x4ed9aa02c120c7d61ee2a5f69308efbc7d2ab17238aaa68552a6552d2e75eb94, builderIndex=Infinity, isSelfBuild=true, dataColumns=0, delaySec=0.5869998931884766, sentPeers=3
[cl-3-lodestar-geth] Mar-04 18:17:49.001[]                 [32minfo[39m: Synced - slot: 84 - head: 0x4ed9…eb94 - exec-block: valid/full(83 0xec00… bid:0xec00…) - finalized: 0x0000…0000:0 - peers: 3
[cl-3-lodestar-geth] Mar-04 18:17:55.000[]                 [32minfo[39m: Synced - slot: 85 - head: 0x06a0…358f - exec-block: valid/full(84 0x2fd3… bid:0x2fd3…) - finalized: 0x0000…0000:0 - peers: 3
[cl-3-lodestar-geth] Mar-04 18:18:01.012[]                 [32minfo[39m: Synced - slot: 86 - head: 0x1943…e6f3 - exec-block: valid/full(85 0xe166… bid:0xe166…) - finalized: 0x0000…0000:0 - peers: 3
[cl-3-lodestar-geth] Mar-04 18:18:07.000[]                 [32minfo[39m: Synced - slot: 87 - head: 0xdc79…4a80 - exec-block: valid/full(86 0xabf0… bid:0xabf0…) - finalized: 0x0000…0000:0 - peers: 3
[cl-3-lodestar-geth] Mar-04 18:18:13.000[]                 [32minfo[39m: Synced - slot: 88 - head: 0xff59…2e62 - exec-block: valid/full(87 0xdab8… bid:0xdab8…) - finalized: 0x0000…0000:0 - peers: 3
[cl-3-lodestar-geth] Mar-04 18:18:19.001[]                 [32minfo[39m: Synced - slot: 89 - head: 0x019c…e94f - exec-block: valid/full(88 0x2e02… bid:0x2e02…) - finalized: 0x0000…0000:0 - peers: 3
[cl-3-lodestar-geth] Mar-04 18:18:22.516[chain]            [32minfo[39m: Publishing block slot=90, blockRoot=0x343e63cf36d22f75aa8191cf6cdfe15ec1901671dd3c1ce2404cd9beb0ce89b3, bodyRoot=0x3e65337979718c7c09f71a28f11de602d1cc41038293d5f72b049430a8f71abf, broadcastValidation=gossip, blockLocallyProduced=true
[cl-3-lodestar-geth] Mar-04 18:18:22.578[api]              [32minfo[39m: Produced execution payload envelope slot=90, blockRoot=0x343e63cf36d22f75aa8191cf6cdfe15ec1901671dd3c1ce2404cd9beb0ce89b3, transactions=0, blockHash=0x45cf67d9417c6fe86bd5e6891e9237556b4e9671054f07a981e5328cd1d25b07
[cl-3-lodestar-geth] Mar-04 18:18:22.584[chain]            [32minfo[39m: Publishing execution payload envelope slot=90, blockRoot=0x343e63cf36d22f75aa8191cf6cdfe15ec1901671dd3c1ce2404cd9beb0ce89b3, builderIndex=Infinity, isSelfBuild=true, dataColumns=0
[cl-3-lodestar-geth] Mar-04 18:18:22.591[chain]            [32minfo[39m: Published execution payload envelope slot=90, blockRoot=0x343e63cf36d22f75aa8191cf6cdfe15ec1901671dd3c1ce2404cd9beb0ce89b3, builderIndex=Infinity, isSelfBuild=true, dataColumns=0, delaySec=0.5799999237060547, sentPeers=3
[cl-3-lodestar-geth] Mar-04 18:18:25.001[]                 [32minfo[39m: Synced - slot: 90 - head: 0x343e…89b3 - exec-block: valid/full(89 0x45cf… bid:0x45cf…) - finalized: 0x0000…0000:0 - peers: 3
[cl-3-lodestar-geth] Mar-04 18:18:31.000[]                 [32minfo[39m: Synced - slot: 91 - head: 0x9224…6242 - exec-block: valid/full(90 0x3951… bid:0x3951…) - finalized: 0x0000…0000:0 - peers: 3
[cl-3-lodestar-geth] Mar-04 18:18:34.516[chain]            [32minfo[39m: Publishing block slot=92, blockRoot=0x736c36bd91ce6f4da4a050f4bb1c7023abc28175d326d5d4f4b14e6329d1ba0c, bodyRoot=0x3608e804932d2427d46047bfdd0362db4e0a8262f766683e0cb0a75ac626befb, broadcastValidation=gossip, blockLocallyProduced=true
[cl-3-lodestar-geth] Mar-04 18:18:34.608[api]              [32minfo[39m: Produced execution payload envelope slot=92, blockRoot=0x736c36bd91ce6f4da4a050f4bb1c7023abc28175d326d5d4f4b14e6329d1ba0c, transactions=0, blockHash=0x4cd81b74c7717d9cb276201f34fccfbd3ba6b3e2621fca3147de05555654198d
[cl-3-lodestar-geth] Mar-04 18:18:34.626[chain]            [32minfo[39m: Publishing execution payload envelope slot=92, blockRoot=0x736c36bd91ce6f4da4a050f4bb1c7023abc28175d326d5d4f4b14e6329d1ba0c, builderIndex=Infinity, isSelfBuild=true, dataColumns=0
[cl-3-lodestar-geth] Mar-04 18:18:34.627[chain]            [32minfo[39m: Published execution payload envelope slot=92, blockRoot=0x736c36bd91ce6f4da4a050f4bb1c7023abc28175d326d5d4f4b14e6329d1ba0c, builderIndex=Infinity, isSelfBuild=true, dataColumns=0, delaySec=0.6119999885559082, sentPeers=3
[cl-3-lodestar-geth] Mar-04 18:18:37.000[]                 [32minfo[39m: Synced - slot: 92 - head: 0x736c…ba0c - exec-block: valid/full(91 0x4cd8… bid:0x4cd8…) - finalized: 0x0000…0000:0 - peers: 3
[cl-3-lodestar-geth] Mar-04 18:18:43.003[]                 [32minfo[39m: Synced - slot: 93 - head: 0xa7e9…4868 - exec-block: valid/full(92 0x20ac… bid:0x20ac…) - finalized: 0x0000…0000:0 - peers: 3
[cl-3-lodestar-geth] Mar-04 18:18:46.565[chain]            [32minfo[39m: Publishing block slot=94, blockRoot=0x7c5dbc3348951a5c04e1b9afdf1bb8fee6ace95d85ac94f3dafb80a54eb090b3, bodyRoot=0xdaa83aa16a878c0f7397874ab2eabf4b5125ff0c2a47fbc3413a16fd8160835f, broadcastValidation=gossip, blockLocallyProduced=true
[cl-3-lodestar-geth] Mar-04 18:18:46.630[api]              [32minfo[39m: Produced execution payload envelope slot=94, blockRoot=0x7c5dbc3348951a5c04e1b9afdf1bb8fee6ace95d85ac94f3dafb80a54eb090b3, transactions=0, blockHash=0x9d781b662ed2253925fd7dfcbb446c4a4330016f3998d7211ad5d87f7d80f0df
[cl-3-lodestar-geth] Mar-04 18:18:46.650[chain]            [32minfo[39m: Publishing execution payload envelope slot=94, blockRoot=0x7c5dbc3348951a5c04e1b9afdf1bb8fee6ace95d85ac94f3dafb80a54eb090b3, builderIndex=Infinity, isSelfBuild=true, dataColumns=0
[cl-3-lodestar-geth] Mar-04 18:18:46.651[chain]            [32minfo[39m: Published execution payload envelope slot=94, blockRoot=0x7c5dbc3348951a5c04e1b9afdf1bb8fee6ace95d85ac94f3dafb80a54eb090b3, builderIndex=Infinity, isSelfBuild=true, dataColumns=0, delaySec=0.6340000629425049, sentPeers=3
[cl-3-lodestar-geth] Mar-04 18:18:49.001[]                 [32minfo[39m: Synced - slot: 94 - head: 0x7c5d…90b3 - exec-block: valid/full(93 0x9d78… bid:0x9d78…) - finalized: 0x0000…0000:0 - peers: 3
[cl-3-lodestar-geth] Mar-04 18:18:55.000[]                 [32minfo[39m: Synced - slot: 95 - head: 0xfbfa…ec92 - exec-block: valid/full(94 0x26e2… bid:0x26e2…) - finalized: 0x0000…0000:0 - peers: 3
[cl-3-lodestar-geth] Mar-04 18:18:58.002[network]          [32minfo[39m: Unsubscribing gossip topics of previous fork boundary fork=fulu, epoch=0
[cl-3-lodestar-geth] Mar-04 18:18:58.035[network]          [32minfo[39m: Unsubscribing from long lived attnets of previous fork boundary fork=fulu, epoch=0
[cl-3-lodestar-geth] Mar-04 18:18:58.045[network]          [32minfo[39m: Unsubscribing from random attnets of previous fork boundary fork=fulu, epoch=0
[cl-3-lodestar-geth] Mar-04 18:19:01.000[]                 [32minfo[39m: Synced - slot: 96 - head: (slot -1) 0xfbfa…ec92 - exec-block: valid/full(94 0x26e2… bid:0x26e2…) - finalized: 0x0000…0000:0 - peers: 3
[cl-3-lodestar-geth] Mar-04 18:19:04.519[chain]            [32minfo[39m: Publishing block slot=97, blockRoot=0x8e17a24c564c82db3d20ad60240167f78f7c3e4bc5251017a9a639dbcd6c8e6d, bodyRoot=0xcc9e6e6e4a3f7bc1173de840331cb35d9376aeabf1102fb679f4f60c7e9c3ba9, broadcastValidation=gossip, blockLocallyProduced=true
[cl-3-lodestar-geth] Mar-04 18:19:04.590[api]              [32minfo[39m: Produced execution payload envelope slot=97, blockRoot=0x8e17a24c564c82db3d20ad60240167f78f7c3e4bc5251017a9a639dbcd6c8e6d, transactions=0, blockHash=0xf8341a98fff2a3774d42ad6cb91a50484a9564b07db19f2b65e398b9df7c2c33
[cl-3-lodestar-geth] Mar-04 18:19:04.597[chain]            [32minfo[39m: Publishing execution payload envelope slot=97, blockRoot=0x8e17a24c564c82db3d20ad60240167f78f7c3e4bc5251017a9a639dbcd6c8e6d, builderIndex=Infinity, isSelfBuild=true, dataColumns=0
[cl-3-lodestar-geth] Mar-04 18:19:04.597[chain]            [32minfo[39m: Published execution payload envelope slot=97, blockRoot=0x8e17a24c564c82db3d20ad60240167f78f7c3e4bc5251017a9a639dbcd6c8e6d, builderIndex=Infinity, isSelfBuild=true, dataColumns=0, delaySec=0.5920000076293945, sentPeers=3
[cl-3-lodestar-geth] Mar-04 18:19:07.000[]                 [32minfo[39m: Synced - slot: 97 - head: 0x8e17…8e6d - exec-block: valid/full(95 0xf834… bid:0xf834…) - finalized: 0x0000…0000:0 - peers: 3
[cl-3-lodestar-geth] Mar-04 18:19:13.001[]                 [32minfo[39m: Synced - slot: 98 - head: 0xc5bc…9fd5 - exec-block: valid/full(96 0x6d16… bid:0x6d16…) - finalized: 0x0000…0000:0 - peers: 3
[cl-3-lodestar-geth] Mar-04 18:19:19.000[]                 [32minfo[39m: Synced - slot: 99 - head: (slot -1) 0xc5bc…9fd5 - exec-block: valid/full(96 0x6d16… bid:0x6d16…) - finalized: 0x0000…0000:0 - peers: 3
[cl-3-lodestar-geth] Mar-04 18:19:25.001[]                 [32minfo[39m: Synced - slot: 100 - head: (slot -2) 0xc5bc…9fd5 - exec-block: valid/full(96 0x6d16… bid:0x6d16…) - finalized: 0x0000…0000:0 - peers: 3
[cl-3-lodestar-geth] Mar-04 18:19:28.526[chain]            [32minfo[39m: Publishing block slot=101, blockRoot=0x67c28d69ee2b7b203304bc8b632e00d961d9ed69247b63b85c21ec58a30828b8, bodyRoot=0x53a3d7d1599f966e3cf7f99934bf7b15be95cad102ccf1f320b39053aa64cf34, broadcastValidation=gossip, blockLocallyProduced=true
[cl-3-lodestar-geth] Mar-04 18:19:28.613[api]              [32minfo[39m: Produced execution payload envelope slot=101, blockRoot=0x67c28d69ee2b7b203304bc8b632e00d961d9ed69247b63b85c21ec58a30828b8, transactions=0, blockHash=0xc78b579360c299f291d4295b661108c78f0ce9e1c0f296518dc534113f4e469b
[cl-3-lodestar-geth] Mar-04 18:19:28.624[chain]            [32minfo[39m: Publishing execution payload envelope slot=101, blockRoot=0x67c28d69ee2b7b203304bc8b632e00d961d9ed69247b63b85c21ec58a30828b8, builderIndex=Infinity, isSelfBuild=true, dataColumns=0
[cl-3-lodestar-geth] Mar-04 18:19:28.629[chain]            [32minfo[39m: Published execution payload envelope slot=101, blockRoot=0x67c28d69ee2b7b203304bc8b632e00d961d9ed69247b63b85c21ec58a30828b8, builderIndex=Infinity, isSelfBuild=true, dataColumns=0, delaySec=0.6180000305175781, sentPeers=3
[cl-3-lodestar-geth] Mar-04 18:19:31.000[]                 [32minfo[39m: Synced - slot: 101 - head: 0x67c2…28b8 - exec-block: valid/full(97 0xc78b… bid:0xc78b…) - finalized: 0x0000…0000:0 - peers: 3
[cl-3-lodestar-geth] Mar-04 18:19:37.000[]                 [32minfo[39m: Synced - slot: 102 - head: 0x8bbe…9d5a - exec-block: valid/full(98 0x979d… bid:0x979d…) - finalized: 0x0000…0000:0 - peers: 3
[cl-3-lodestar-geth] Mar-04 18:19:43.000[]                 [32minfo[39m: Synced - slot: 103 - head: 0xf0ad…9222 - exec-block: valid/full(99 0xa34a… bid:0xa34a…) - finalized: 0x0000…0000:0 - peers: 3
[cl-3-lodestar-geth] Mar-04 18:19:49.000[]                 [32minfo[39m: Synced - slot: 104 - head: (slot -1) 0xf0ad…9222 - exec-block: valid/full(99 0xa34a… bid:0xa34a…) - finalized: 0x0000…0000:0 - peers: 3
[cl-3-lodestar-geth] Mar-04 18:19:55.000[]                 [32minfo[39m: Synced - slot: 105 - head: 0xf1cd…ccdf - exec-block: valid/full(100 0x8cdf… bid:0x8cdf…) - finalized: 0x0000…0000:0 - peers: 3
[cl-3-lodestar-geth] Mar-04 18:19:58.527[chain]            [32minfo[39m: Publishing block slot=106, blockRoot=0xfc4695622debbef41e6dfcd10b9741e473c5b2cb8b051ab26c107f708d173b5d, bodyRoot=0xf4f27392c1ccd1d97d63bfa18df260f304927976af1dc33a602db4477b569167, broadcastValidation=gossip, blockLocallyProduced=true
[cl-3-lodestar-geth] Mar-04 18:19:58.624[api]              [32minfo[39m: Produced execution payload envelope slot=106, blockRoot=0xfc4695622debbef41e6dfcd10b9741e473c5b2cb8b051ab26c107f708d173b5d, transactions=0, blockHash=0x3628bf7e082fad105e6dc09072656fac9651364ac686410f58c739d4a145ff9b
[cl-3-lodestar-geth] Mar-04 18:19:58.645[chain]            [32minfo[39m: Publishing execution payload envelope slot=106, blockRoot=0xfc4695622debbef41e6dfcd10b9741e473c5b2cb8b051ab26c107f708d173b5d, builderIndex=Infinity, isSelfBuild=true, dataColumns=0
[cl-3-lodestar-geth] Mar-04 18:19:58.653[chain]            [32minfo[39m: Published execution payload envelope slot=106, blockRoot=0xfc4695622debbef41e6dfcd10b9741e473c5b2cb8b051ab26c107f708d173b5d, builderIndex=Infinity, isSelfBuild=true, dataColumns=0, delaySec=0.625999927520752, sentPeers=3
[cl-3-lodestar-geth] Mar-04 18:20:01.000[]                 [32minfo[39m: Synced - slot: 106 - head: 0xfc46…3b5d - exec-block: valid/full(101 0x3628… bid:0x3628…) - finalized: 0x0000…0000:0 - peers: 3
[cl-3-lodestar-geth] Mar-04 18:20:04.515[chain]            [32minfo[39m: Publishing block slot=107, blockRoot=0xf3dc1b4ca8473d0ac17a38562ab67a60713bada4fe11269256fab3b811d43cb7, bodyRoot=0xb0bfbb90294ce5fd01c9c31e57f75458a2818a0cf27fdc211ccbc081cc754d62, broadcastValidation=gossip, blockLocallyProduced=true
[cl-3-lodestar-geth] Mar-04 18:20:04.612[api]              [32minfo[39m: Produced execution payload envelope slot=107, blockRoot=0xf3dc1b4ca8473d0ac17a38562ab67a60713bada4fe11269256fab3b811d43cb7, transactions=0, blockHash=0x24ac47aefc5aff05ea4476bf9b5647e9284a2465deee3812b758a5bda514b650
[cl-3-lodestar-geth] Mar-04 18:20:04.625[chain]            [32minfo[39m: Publishing execution payload envelope slot=107, blockRoot=0xf3dc1b4ca8473d0ac17a38562ab67a60713bada4fe11269256fab3b811d43cb7, builderIndex=Infinity, isSelfBuild=true, dataColumns=0
[cl-3-lodestar-geth] Mar-04 18:20:04.633[chain]            [32minfo[39m: Published execution payload envelope slot=107, blockRoot=0xf3dc1b4ca8473d0ac17a38562ab67a60713bada4fe11269256fab3b811d43cb7, builderIndex=Infinity, isSelfBuild=true, dataColumns=0, delaySec=0.6180000305175781, sentPeers=3
[cl-3-lodestar-geth] Mar-04 18:20:07.001[]                 [32minfo[39m: Synced - slot: 107 - head: 0xf3dc…3cb7 - exec-block: valid/full(102 0x24ac… bid:0x24ac…) - finalized: 0x0000…0000:0 - peers: 3
[cl-3-lodestar-geth] Mar-04 18:20:10.526[chain]            [32minfo[39m: Publishing block slot=108, blockRoot=0xb550470f4d2ab628fa620240256d0ce9862dd201d052f0b0f3d54c385978ac87, bodyRoot=0x42e5be7f751789af11dd3ef260237fde872da0797a2f95ce53bc79e521cfe6f9, broadcastValidation=gossip, blockLocallyProduced=true
[cl-3-lodestar-geth] Mar-04 18:20:10.622[api]              [32minfo[39m: Produced execution payload envelope slot=108, blockRoot=0xb550470f4d2ab628fa620240256d0ce9862dd201d052f0b0f3d54c385978ac87, transactions=0, blockHash=0x3502d113b3113e2c106407d5805d4b1080f05dcce1d13e35c77115eb42d85337
[cl-3-lodestar-geth] Mar-04 18:20:10.641[chain]            [32minfo[39m: Publishing execution payload envelope slot=108, blockRoot=0xb550470f4d2ab628fa620240256d0ce9862dd201d052f0b0f3d54c385978ac87, builderIndex=Infinity, isSelfBuild=true, dataColumns=0
[cl-3-lodestar-geth] Mar-04 18:20:10.643[chain]            [32minfo[39m: Published execution payload envelope slot=108, blockRoot=0xb550470f4d2ab628fa620240256d0ce9862dd201d052f0b0f3d54c385978ac87, builderIndex=Infinity, isSelfBuild=true, dataColumns=0, delaySec=0.625, sentPeers=3
[cl-3-lodestar-geth] Mar-04 18:20:13.000[]                 [32minfo[39m: Synced - slot: 108 - head: 0xb550…ac87 - exec-block: valid/full(103 0x3502… bid:0x3502…) - finalized: 0x0000…0000:0 - peers: 3
[cl-3-lodestar-geth] Mar-04 18:20:19.000[]                 [32minfo[39m: Synced - slot: 109 - head: 0x9511…5168 - exec-block: valid/full(104 0xe8ba… bid:0xe8ba…) - finalized: 0x0000…0000:0 - peers: 3
[cl-3-lodestar-geth] Mar-04 18:20:25.001[]                 [32minfo[39m: Synced - slot: 110 - head: 0xa5ec…8a57 - exec-block: valid/full(105 0x8106… bid:0x8106…) - finalized: 0x0000…0000:0 - peers: 3
[cl-3-lodestar-geth] Mar-04 18:20:31.000[]                 [32minfo[39m: Synced - slot: 111 - head: 0x2763…d51b - exec-block: valid/full(106 0x105b… bid:0x105b…) - finalized: 0x0000…0000:0 - peers: 3
[cl-3-lodestar-geth] Mar-04 18:20:37.000[]                 [32minfo[39m: Synced - slot: 112 - head: 0x9bda…49f5 - exec-block: valid/full(107 0xb8a4… bid:0xb8a4…) - finalized: 0x0000…0000:0 - peers: 3
[cl-3-lodestar-geth] Mar-04 18:20:43.001[]                 [32minfo[39m: Synced - slot: 113 - head: 0xac15…7de5 - exec-block: valid/full(108 0x14eb… bid:0x14eb…) - finalized: 0x0000…0000:0 - peers: 3
[cl-3-lodestar-geth] Mar-04 18:20:49.000[]                 [32minfo[39m: Synced - slot: 114 - head: 0x1dc7…e79d - exec-block: valid/full(109 0x4fb0… bid:0x4fb0…) - finalized: 0x0000…0000:0 - peers: 3
[cl-3-lodestar-geth] Mar-04 18:20:55.000[]                 [32minfo[39m: Synced - slot: 115 - head: 0x2966…7e0b - exec-block: valid/full(110 0x14be… bid:0x14be…) - finalized: 0x0000…0000:0 - peers: 3
[cl-3-lodestar-geth] Mar-04 18:21:01.002[]                 [32minfo[39m: Synced - slot: 116 - head: 0x22c8…f79a - exec-block: valid/full(111 0xe37f… bid:0xe37f…) - finalized: 0x0000…0000:0 - peers: 3
[cl-3-lodestar-geth] Mar-04 18:21:07.004[]                 [32minfo[39m: Synced - slot: 117 - head: (slot -1) 0x22c8…f79a - exec-block: valid/full(111 0xe37f… bid:0xe37f…) - finalized: 0x0000…0000:0 - peers: 3
[cl-3-lodestar-geth] Mar-04 18:21:13.000[]                 [32minfo[39m: Synced - slot: 118 - head: (slot -2) 0x22c8…f79a - exec-block: valid/full(111 0xe37f… bid:0xe37f…) - finalized: 0x0000…0000:0 - peers: 3
[cl-3-lodestar-geth] Mar-04 18:21:19.000[]                 [32minfo[39m: Synced - slot: 119 - head: 0x2e1a…29a9 - exec-block: valid/full(112 0x89d0… bid:0x89d0…) - finalized: 0x0000…0000:0 - peers: 3
[cl-3-lodestar-geth] Mar-04 18:21:22.517[chain]            [32minfo[39m: Publishing block slot=120, blockRoot=0x66f27e8ac9c3abb368f17215eaddc5918a19a658cc8dd205b03674caa53f2bd6, bodyRoot=0x2885fee1ad09d94d911d9154af5d77d8207202ee217f98ecca8256c4b0790bdf, broadcastValidation=gossip, blockLocallyProduced=true
[cl-3-lodestar-geth] Mar-04 18:21:22.589[api]              [32minfo[39m: Produced execution payload envelope slot=120, blockRoot=0x66f27e8ac9c3abb368f17215eaddc5918a19a658cc8dd205b03674caa53f2bd6, transactions=0, blockHash=0x62bb4bf3d7a7b160affbfd26f56dbe87c202b00518401ad111d0b5804cb46b59
[cl-3-lodestar-geth] Mar-04 18:21:22.604[chain]            [32minfo[39m: Publishing execution payload envelope slot=120, blockRoot=0x66f27e8ac9c3abb368f17215eaddc5918a19a658cc8dd205b03674caa53f2bd6, builderIndex=Infinity, isSelfBuild=true, dataColumns=0
[cl-3-lodestar-geth] Mar-04 18:21:22.606[chain]            [32minfo[39m: Published execution payload envelope slot=120, blockRoot=0x66f27e8ac9c3abb368f17215eaddc5918a19a658cc8dd205b03674caa53f2bd6, builderIndex=Infinity, isSelfBuild=true, dataColumns=0, delaySec=0.5940001010894775, sentPeers=3
[cl-3-lodestar-geth] Mar-04 18:21:25.000[]                 [32minfo[39m: Synced - slot: 120 - head: 0x66f2…2bd6 - exec-block: valid/full(113 0x62bb… bid:0x62bb…) - finalized: 0x0000…0000:0 - peers: 3
[cl-3-lodestar-geth] Mar-04 18:21:31.000[]                 [32minfo[39m: Synced - slot: 121 - head: (slot -1) 0x66f2…2bd6 - exec-block: valid/full(113 0x62bb… bid:0x62bb…) - finalized: 0x0000…0000:0 - peers: 3
[cl-3-lodestar-geth] Mar-04 18:21:34.514[chain]            [32minfo[39m: Publishing block slot=122, blockRoot=0xa8ad9d01a55a03b18b52e005acb8f86a7272ddc69d76e50cb8e0dc854c2c5ed9, bodyRoot=0x8f28fc44f3ac50b07baf21a961be20abc369f707e318d5b3d5a3c04dabfa0e5d, broadcastValidation=gossip, blockLocallyProduced=true
[cl-3-lodestar-geth] Mar-04 18:21:34.611[api]              [32minfo[39m: Produced execution payload envelope slot=122, blockRoot=0xa8ad9d01a55a03b18b52e005acb8f86a7272ddc69d76e50cb8e0dc854c2c5ed9, transactions=0, blockHash=0xc64226a76b3556aa019becda59c82b5c65998355ec2bc9458f3effbe190d3d85
[cl-3-lodestar-geth] Mar-04 18:21:34.626[chain]            [32minfo[39m: Publishing execution payload envelope slot=122, blockRoot=0xa8ad9d01a55a03b18b52e005acb8f86a7272ddc69d76e50cb8e0dc854c2c5ed9, builderIndex=Infinity, isSelfBuild=true, dataColumns=0
[cl-3-lodestar-geth] Mar-04 18:21:34.631[chain]            [32minfo[39m: Published execution payload envelope slot=122, blockRoot=0xa8ad9d01a55a03b18b52e005acb8f86a7272ddc69d76e50cb8e0dc854c2c5ed9, builderIndex=Infinity, isSelfBuild=true, dataColumns=0, delaySec=0.6189999580383301, sentPeers=3
[cl-3-lodestar-geth] Mar-04 18:21:37.000[]                 [32minfo[39m: Synced - slot: 122 - head: 0xa8ad…5ed9 - exec-block: valid/full(114 0xc642… bid:0xc642…) - finalized: 0x0000…0000:0 - peers: 3
[cl-3-lodestar-geth] Mar-04 18:21:43.001[]                 [32minfo[39m: Synced - slot: 123 - head: 0xc849…e87b - exec-block: valid/full(115 0xb0b5… bid:0xb0b5…) - finalized: 0x0000…0000:0 - peers: 3
[cl-3-lodestar-geth] Mar-04 18:21:46.514[chain]            [32minfo[39m: Publishing block slot=124, blockRoot=0x1afd5c8fa0bb0f958c3fa9ecf7a2cca18a64dc1f1cef4e414381fa7aa2a65ba8, bodyRoot=0x61828877a8809a9891292391720de6444a822fadc0e1f7da36d13519ae582d5f, broadcastValidation=gossip, blockLocallyProduced=true
[cl-3-lodestar-geth] Mar-04 18:21:46.607[api]              [32minfo[39m: Produced execution payload envelope slot=124, blockRoot=0x1afd5c8fa0bb0f958c3fa9ecf7a2cca18a64dc1f1cef4e414381fa7aa2a65ba8, transactions=0, blockHash=0x8437cf16c0dd12b6c1b6e6f498847991838f20ecdbcbc0f1ebf797fb384d01a3
[cl-3-lodestar-geth] Mar-04 18:21:46.619[chain]            [32minfo[39m: Publishing execution payload envelope slot=124, blockRoot=0x1afd5c8fa0bb0f958c3fa9ecf7a2cca18a64dc1f1cef4e414381fa7aa2a65ba8, builderIndex=Infinity, isSelfBuild=true, dataColumns=0
[cl-3-lodestar-geth] Mar-04 18:21:46.620[chain]            [32minfo[39m: Published execution payload envelope slot=124, blockRoot=0x1afd5c8fa0bb0f958c3fa9ecf7a2cca18a64dc1f1cef4e414381fa7aa2a65ba8, builderIndex=Infinity, isSelfBuild=true, dataColumns=0, delaySec=0.6099998950958252, sentPeers=3
[cl-3-lodestar-geth] Mar-04 18:21:49.000[]                 [32minfo[39m: Synced - slot: 124 - head: 0x1afd…5ba8 - exec-block: valid/full(116 0x8437… bid:0x8437…) - finalized: 0x0000…0000:0 - peers: 3
[cl-3-lodestar-geth] Mar-04 18:21:55.004[]                 [32minfo[39m: Synced - slot: 125 - head: 0x7fc6…2318 - exec-block: valid/full(117 0x8631… bid:0x8631…) - finalized: 0x0000…0000:0 - peers: 3
[cl-3-lodestar-geth] Mar-04 18:22:01.000[]                 [32minfo[39m: Synced - slot: 126 - head: 0xa541…d13c - exec-block: valid/full(118 0xf9d2… bid:0xf9d2…) - finalized: 0x0000…0000:0 - peers: 3
[cl-3-lodestar-geth] Mar-04 18:22:07.000[]                 [32minfo[39m: Synced - slot: 127 - head: (slot -1) 0xa541…d13c - exec-block: valid/full(118 0xf9d2… bid:0xf9d2…) - finalized: 0x0000…0000:0 - peers: 3
[cl-3-lodestar-geth] Mar-04 18:22:13.001[]                 [32minfo[39m: Synced - slot: 128 - head: 0xbccf…003a - exec-block: valid/full(119 0xb5ff… bid:0xb5ff…) - finalized: 0x363e…f0f6:2 - peers: 3
[cl-3-lodestar-geth] Mar-04 18:22:19.000[]                 [32minfo[39m: Synced - slot: 129 - head: (slot -1) 0xbccf…003a - exec-block: valid/full(119 0xb5ff… bid:0xb5ff…) - finalized: 0x363e…f0f6:2 - peers: 3
[cl-3-lodestar-geth] Mar-04 18:22:25.006[]                 [32minfo[39m: Synced - slot: 130 - head: 0xc16e…2ea6 - exec-block: valid/full(120 0xe403… bid:0xe403…) - finalized: 0x363e…f0f6:2 - peers: 3
[cl-3-lodestar-geth] Mar-04 18:22:31.000[]                 [32minfo[39m: Synced - slot: 131 - head: (slot -1) 0xc16e…2ea6 - exec-block: valid/full(120 0xe403… bid:0xe403…) - finalized: 0x363e…f0f6:2 - peers: 3
[cl-3-lodestar-geth] Mar-04 18:22:37.001[]                 [32minfo[39m: Synced - slot: 132 - head: 0xe5e2…1008 - exec-block: valid/full(121 0xa8e4… bid:0xa8e4…) - finalized: 0x363e…f0f6:2 - peers: 3
[cl-3-lodestar-geth] Mar-04 18:22:43.000[]                 [32minfo[39m: Synced - slot: 133 - head: (slot -1) 0xe5e2…1008 - exec-block: valid/full(121 0xa8e4… bid:0xa8e4…) - finalized: 0x363e…f0f6:2 - peers: 3
[cl-3-lodestar-geth] Mar-04 18:22:49.000[]                 [32minfo[39m: Synced - slot: 134 - head: 0xbb83…98ac - exec-block: valid/full(122 0xd424… bid:0xd424…) - finalized: 0x363e…f0f6:2 - peers: 3
[cl-3-lodestar-geth] Mar-04 18:22:55.002[]                 [32minfo[39m: Synced - slot: 135 - head: 0xf243…bca7 - exec-block: valid/full(123 0xf90f… bid:0xf90f…) - finalized: 0x363e…f0f6:2 - peers: 3
[cl-3-lodestar-geth] Mar-04 18:23:01.000[]                 [32minfo[39m: Synced - slot: 136 - head: 0x8bd5…8e4e - exec-block: valid/full(124 0x06c1… bid:0x06c1…) - finalized: 0x363e…f0f6:2 - peers: 3
[cl-3-lodestar-geth] Mar-04 18:23:07.000[]                 [32minfo[39m: Synced - slot: 137 - head: (slot -1) 0x8bd5…8e4e - exec-block: valid/full(124 0x06c1… bid:0x06c1…) - finalized: 0x363e…f0f6:2 - peers: 3
[cl-3-lodestar-geth] Mar-04 18:23:13.001[]                 [32minfo[39m: Synced - slot: 138 - head: (slot -2) 0x8bd5…8e4e - exec-block: valid/full(124 0x06c1… bid:0x06c1…) - finalized: 0x363e…f0f6:2 - peers: 3
[cl-3-lodestar-geth] Mar-04 18:23:19.001[]                 [32minfo[39m: Synced - slot: 139 - head: (slot -3) 0x8bd5…8e4e - exec-block: valid/full(124 0x06c1… bid:0x06c1…) - finalized: 0x363e…f0f6:2 - peers: 3
[cl-3-lodestar-geth] Mar-04 18:23:22.521[chain]            [32minfo[39m: Publishing block slot=140, blockRoot=0x0dc41ada7a4d1bceafc113a4892d5a65a6e4d48b656e31b0149dd49c182d8c82, bodyRoot=0x2ae92a322eb0adebcf9823145a10deabd52a743da39d56e613e19f6ee5b29373, broadcastValidation=gossip, blockLocallyProduced=true
[cl-3-lodestar-geth] Mar-04 18:23:22.619[api]              [32minfo[39m: Produced execution payload envelope slot=140, blockRoot=0x0dc41ada7a4d1bceafc113a4892d5a65a6e4d48b656e31b0149dd49c182d8c82, transactions=0, blockHash=0x4b01105461239be64f2e32303c06bbb1c11dcba327f4170c587d4ed6f760da7f
[cl-3-lodestar-geth] Mar-04 18:23:22.636[chain]            [32minfo[39m: Publishing execution payload envelope slot=140, blockRoot=0x0dc41ada7a4d1bceafc113a4892d5a65a6e4d48b656e31b0149dd49c182d8c82, builderIndex=Infinity, isSelfBuild=true, dataColumns=0
[cl-3-lodestar-geth] Mar-04 18:23:22.637[chain]            [32minfo[39m: Published execution payload envelope slot=140, blockRoot=0x0dc41ada7a4d1bceafc113a4892d5a65a6e4d48b656e31b0149dd49c182d8c82, builderIndex=Infinity, isSelfBuild=true, dataColumns=0, delaySec=0.621999979019165, sentPeers=3
[cl-3-lodestar-geth] Mar-04 18:23:25.000[]                 [32minfo[39m: Synced - slot: 140 - head: 0x0dc4…8c82 - exec-block: valid/full(125 0x4b01… bid:0x4b01…) - finalized: 0x363e…f0f6:2 - peers: 3
[cl-3-lodestar-geth] Mar-04 18:23:31.004[]                 [32minfo[39m: Synced - slot: 141 - head: 0x8698…0534 - exec-block: valid/full(126 0xf58b… bid:0xf58b…) - finalized: 0x363e…f0f6:2 - peers: 3
[cl-3-lodestar-geth] Mar-04 18:23:37.000[]                 [32minfo[39m: Synced - slot: 142 - head: (slot -1) 0x8698…0534 - exec-block: valid/full(126 0xf58b… bid:0xf58b…) - finalized: 0x363e…f0f6:2 - peers: 3
[cl-3-lodestar-geth] Mar-04 18:23:40.532[chain]            [32minfo[39m: Publishing block slot=143, blockRoot=0x5adb4298ba5fd3c34e5d65e25c34b79d906e62c0a84c5367d9947207bee675df, bodyRoot=0xbdecac1765633a28d05ff75ff17e3dd852844f3f04149fc42900a1ea8672af3c, broadcastValidation=gossip, blockLocallyProduced=true
[cl-3-lodestar-geth] Mar-04 18:23:40.645[api]              [32minfo[39m: Produced execution payload envelope slot=143, blockRoot=0x5adb4298ba5fd3c34e5d65e25c34b79d906e62c0a84c5367d9947207bee675df, transactions=0, blockHash=0x2a3c0d9a05f0d9da574f24ffd4d0c1a1454b7a5bfdcfe3688437fbb03ffb8891
[cl-3-lodestar-geth] Mar-04 18:23:40.665[chain]            [32minfo[39m: Publishing execution payload envelope slot=143, blockRoot=0x5adb4298ba5fd3c34e5d65e25c34b79d906e62c0a84c5367d9947207bee675df, builderIndex=Infinity, isSelfBuild=true, dataColumns=0
[cl-3-lodestar-geth] Mar-04 18:23:40.669[chain]            [32minfo[39m: Published execution payload envelope slot=143, blockRoot=0x5adb4298ba5fd3c34e5d65e25c34b79d906e62c0a84c5367d9947207bee675df, builderIndex=Infinity, isSelfBuild=true, dataColumns=0, delaySec=0.6500000953674316, sentPeers=3
[cl-3-lodestar-geth] Mar-04 18:23:43.000[]                 [32minfo[39m: Synced - slot: 143 - head: 0x5adb…75df - exec-block: valid/full(127 0x2a3c… bid:0x2a3c…) - finalized: 0x363e…f0f6:2 - peers: 3
[cl-3-lodestar-geth] Mar-04 18:23:49.000[]                 [32minfo[39m: Synced - slot: 144 - head: (slot -1) 0x5adb…75df - exec-block: valid/full(127 0x2a3c… bid:0x2a3c…) - finalized: 0x363e…f0f6:2 - peers: 3
[cl-3-lodestar-geth] Mar-04 18:23:52.597[chain]            [32minfo[39m: Publishing block slot=145, blockRoot=0xce3f023f422cf880a21b134c52d960002d4360211fb835ee447a18b3dde883a0, bodyRoot=0x52dcdf71a8712cfa2307046043aea7e8ecb3608425d2093a2b28eedc5cc69311, broadcastValidation=gossip, blockLocallyProduced=true
[cl-3-lodestar-geth] Mar-04 18:23:52.684[api]              [32minfo[39m: Produced execution payload envelope slot=145, blockRoot=0xce3f023f422cf880a21b134c52d960002d4360211fb835ee447a18b3dde883a0, transactions=0, blockHash=0xcab952a30989d9aa1109aea52adb3c7ff1b38b1ad5ea7f60bf322e7edb109bc0
[cl-3-lodestar-geth] Mar-04 18:23:52.695[chain]            [32minfo[39m: Publishing execution payload envelope slot=145, blockRoot=0xce3f023f422cf880a21b134c52d960002d4360211fb835ee447a18b3dde883a0, builderIndex=Infinity, isSelfBuild=true, dataColumns=0
[cl-3-lodestar-geth] Mar-04 18:23:52.697[chain]            [32minfo[39m: Published execution payload envelope slot=145, blockRoot=0xce3f023f422cf880a21b134c52d960002d4360211fb835ee447a18b3dde883a0, builderIndex=Infinity, isSelfBuild=true, dataColumns=0, delaySec=0.687000036239624, sentPeers=3
[cl-3-lodestar-geth] Mar-04 18:23:55.006[]                 [32minfo[39m: Synced - slot: 145 - head: 0xce3f…83a0 - exec-block: valid/full(128 0xcab9… bid:0xcab9…) - finalized: 0x363e…f0f6:2 - peers: 3
[cl-3-lodestar-geth] Mar-04 18:24:01.000[]                 [32minfo[39m: Synced - slot: 146 - head: 0xbfb1…5ce6 - exec-block: valid/full(129 0x3230… bid:0x3230…) - finalized: 0x363e…f0f6:2 - peers: 3
[cl-3-lodestar-geth] Mar-04 18:24:07.000[]                 [32minfo[39m: Synced - slot: 147 - head: 0x9c0b…0bd7 - exec-block: valid/full(130 0x7f27… bid:0x7f27…) - finalized: 0x363e…f0f6:2 - peers: 3
