
Container images used in this run:
> ethpandaops/ethereum-genesis-generator:5.3.0 - remotely downloaded
> protolambda/eth2-val-tools:latest - remotely downloaded
> ethpandaops/teku:StefanBratanov-devnet-0-changes - remotely downloaded
> badouralix/curl-jq - remotely downloaded
> lodestar:epbs-devnet-0-teku-ptc-fix - remotely downloaded
> ethpandaops/geth:epbs-devnet-0 - remotely downloaded
> ethpandaops/dora:gloas-support - remotely downloaded

Printing a message
Sanity check passed

Printing a message
Docker cache is disabled

Fetching cluster type 'docker'
Fetched cluster type 'docker'

Uploading file '/static_files/jwt/jwtsecret' to files artifact 'jwt_file'
Files with artifact name 'jwt_file' uploaded with artifact UUID 'c00c9b37799744f097a475e8f378c62a'

Uploading file '/static_files/keymanager/keymanager.txt' to files artifact 'keymanager_file'
Files with artifact name 'keymanager_file' uploaded with artifact UUID 'c8f04cd755984342976933bfeae24c51'

Printing a message
Read the prometheus, grafana templates

Printing a message
Launching participant network with 4 participants and the following network params struct(additional_mnemonics = [], additional_preloaded_contracts = {}, aggregate_due_bps_gloas = 5000, altair_fork_epoch = 0, attestation_due_bps_gloas = 2500, base_fee_update_fraction_electra = 5007716, bellatrix_fork_epoch = 0, bpo_1_base_fee_update_fraction = 8346193, bpo_1_epoch = 0, bpo_1_max_blobs = 15, bpo_1_target_blobs = 10, bpo_2_base_fee_update_fraction = 11684671, bpo_2_epoch = 18446744073709551615, bpo_2_max_blobs = 21, bpo_2_target_blobs = 14, bpo_3_base_fee_update_fraction = 0, bpo_3_epoch = 18446744073709551615, bpo_3_max_blobs = 0, bpo_3_target_blobs = 0, bpo_4_base_fee_update_fraction = 0, bpo_4_epoch = 18446744073709551615, bpo_4_max_blobs = 0, bpo_4_target_blobs = 0, bpo_5_base_fee_update_fraction = 0, bpo_5_epoch = 18446744073709551615, bpo_5_max_blobs = 0, bpo_5_target_blobs = 0, capella_fork_epoch = 0, churn_limit_quotient = 65536, contribution_due_bps_gloas = 5000, custody_requirement = 4, data_column_sidecar_subnet_count = 128, deneb_fork_epoch = 0, deposit_contract_address = "0x00000000219ab540356cBB839Cbe05303d7705Fa", devnet_repo = "ethpandaops", eip7441_fork_epoch = 18446744073709551615, ejection_balance = 16000000000, electra_fork_epoch = 0, eth1_follow_distance = 2048, force_snapshot_sync = False, fulu_fork_epoch = 0, gas_limit = 0, genesis_delay = 20, genesis_gaslimit = 60000000, genesis_time = 0, gloas_fork_epoch = 1, heze_fork_epoch = 18446744073709551615, inclusion_list_submission_due_bps = 6667, max_blobs_per_block_electra = 9, max_payload_size = 10485760, max_per_epoch_activation_churn_limit = 8, max_request_blob_sidecars_electra = 1152, max_request_blocks_deneb = 128, min_builder_withdrawability_delay = 4096, min_epochs_for_block_requests = 33024, min_epochs_for_data_column_sidecars_requests = 4096, min_validator_withdrawability_delay = 256, network = "kurtosis", network_id = "3151908", network_sync_base_url = "https://snapshots.ethpandaops.io/", num_validator_keys_per_node = 128, payload_attestation_due_bps = 7500, perfect_peerdas_enabled = False, prefunded_accounts = {}, preregistered_validator_count = 0, preregistered_validator_keys_mnemonic = "giant issue aisle success illegal bike spike question tent bar rely arctic volcano long crawl hungry vocal artwork sniff fantasy very lucky have athlete", preset = "mainnet", proposer_inclusion_list_cutoff_bps = 9167, samples_per_slot = 8, seconds_per_slot = 6, shadowfork_block_height = "latest", shard_committee_period = 256, slot_duration_ms = 6000, sync_message_due_bps_gloas = 2500, target_blobs_per_block_electra = 6, validator_balance = 32, view_freeze_cutoff_bps = 7500, withdrawal_address = "0x8943545177806ED17B9F23F0a21ee5948eCaa776", withdrawal_type = "0x00")

Printing a message
Generating cl validator key stores

Adding service with name 'validator-key-generation-cl-validator-keystore' and image 'protolambda/eth2-val-tools:latest'
Service 'validator-key-generation-cl-validator-keystore' added with service UUID '7916a64a55e84fc6a465de2489a60deb'

Generating keystores
Command returned with exit code '0' with no output

Verifying whether two values meet a certain condition '=='
Verification succeeded. Value is '0'.

Storing files from service 'validator-key-generation-cl-validator-keystore' at path '/node-0-keystores/' to files artifact with name '1-teku-geth-0-127'
Files with artifact name '1-teku-geth-0-127' uploaded with artifact UUID 'c409cfb25c47499f8431f20e2daf4a27'

Storing files from service 'validator-key-generation-cl-validator-keystore' at path '/node-1-keystores/' to files artifact with name '2-lodestar-geth-128-255'
Files with artifact name '2-lodestar-geth-128-255' uploaded with artifact UUID 'd019e548467e4c38a83257af5fb0dcf6'

Storing files from service 'validator-key-generation-cl-validator-keystore' at path '/node-2-keystores/' to files artifact with name '3-lodestar-geth-256-383'
Files with artifact name '3-lodestar-geth-256-383' uploaded with artifact UUID '6d94c93bd0fb41ed979a39b66646dafb'

Storing files from service 'validator-key-generation-cl-validator-keystore' at path '/node-3-keystores/' to files artifact with name '4-lodestar-geth-384-511'
Files with artifact name '4-lodestar-geth-384-511' uploaded with artifact UUID 'e99912a3167a49eda936361affa0a444'

Storing prysm password in a file
Command returned with exit code '0' with no output

Verifying whether two values meet a certain condition '=='
Verification succeeded. Value is '0'.

Storing files from service 'validator-key-generation-cl-validator-keystore' at path '/tmp/prysm-password.txt' to files artifact with name 'prysm-password'
Files with artifact name 'prysm-password' uploaded with artifact UUID '6d6983345e584301b330137bf498c9cb'

Printing a message
{
	"per_node_keystores": [
		{
			"files_artifact_uuid": "1-teku-geth-0-127",
			"nimbus_keys_relative_dirpath": "/nimbus-keys",
			"prysm_relative_dirpath": "/prysm",
			"raw_keys_relative_dirpath": "/keys",
			"raw_root_dirpath": "",
			"raw_secrets_relative_dirpath": "/secrets",
			"teku_keys_relative_dirpath": "/teku-keys",
			"teku_secrets_relative_dirpath": "/teku-secrets"
		},
		{
			"files_artifact_uuid": "2-lodestar-geth-128-255",
			"nimbus_keys_relative_dirpath": "/nimbus-keys",
			"prysm_relative_dirpath": "/prysm",
			"raw_keys_relative_dirpath": "/keys",
			"raw_root_dirpath": "",
			"raw_secrets_relative_dirpath": "/secrets",
			"teku_keys_relative_dirpath": "/teku-keys",
			"teku_secrets_relative_dirpath": "/teku-secrets"
		},
		{
			"files_artifact_uuid": "3-lodestar-geth-256-383",
			"nimbus_keys_relative_dirpath": "/nimbus-keys",
			"prysm_relative_dirpath": "/prysm",
			"raw_keys_relative_dirpath": "/keys",
			"raw_root_dirpath": "",
			"raw_secrets_relative_dirpath": "/secrets",
			"teku_keys_relative_dirpath": "/teku-keys",
			"teku_secrets_relative_dirpath": "/teku-secrets"
		},
		{
			"files_artifact_uuid": "4-lodestar-geth-384-511",
			"nimbus_keys_relative_dirpath": "/nimbus-keys",
			"prysm_relative_dirpath": "/prysm",
			"raw_keys_relative_dirpath": "/keys",
			"raw_root_dirpath": "",
			"raw_secrets_relative_dirpath": "/secrets",
			"teku_keys_relative_dirpath": "/teku-keys",
			"teku_secrets_relative_dirpath": "/teku-secrets"
		}
	],
	"prysm_password_artifact_uuid": "prysm-password",
	"prysm_password_relative_filepath": "prysm-password.txt"
}

Getting final genesis timestamp
Command returned with exit code '0' and the following output: 1772647762

Printing a message
Generating EL CL data

Rendering a template to a files artifact with name 'genesis-el-cl-env-file'
Templates artifact name 'genesis-el-cl-env-file' rendered with artifact UUID '2cabf1bc25f4409a91572284650a2058'

Creating genesis
Command returned with exit code '0' and the following output:
--------------------
+ '[' -f /data/metadata/genesis.json ']'
+ mkdir -p /data/metadata
+ source /apps/el-gen/generate_genesis.sh
+ generate_genesis /data/metadata
+ set +x
Adding bellatrix genesis properties
Adding capella genesis properties
Adding deneb genesis properties
Adding electra genesis properties
Adding fulu genesis properties
Adding blob schedule (BPOs and fork-based entries)
Adding BPO 1 at epoch 0 (target: 10, max: 15, fraction: 8346193)
Adding gloas genesis properties
Adding precompile allocations...
Adding system contracts
  deposit contract:	0x00000000219ab540356cBB839Cbe05303d7705Fa
  adding allocation for 0x00000000219ab540356cBB839Cbe05303d7705Fa
  EIP-4788 contract:	0x000F3df6D732807Ef1319fB7B8bB8522d0Beac02
  adding allocation for 0x000F3df6D732807Ef1319fB7B8bB8522d0Beac02
  EIP-2935 contract:	0x0000F90827F1C53a10cb7A02335B175320002935
  adding allocation for 0x0000F90827F1C53a10cb7A02335B175320002935
  EIP-7002 contract:	0x00000961Ef480Eb55e80D19ad83579A64c007002
  adding allocation for 0x00000961Ef480Eb55e80D19ad83579A64c007002
  EIP-7251 contract:	0x0000BBdDc7CE488642fb579F8B00f3a590007251
  adding allocation for 0x0000BBdDc7CE488642fb579F8B00f3a590007251
Generating 21 premine accounts...
Adding premine wallets from mnemonic...
  adding allocation for 0x8943545177806ED17B9F23F0a21ee5948eCaa776
  adding allocation for 0xE25583099BA105D9ec0A67f5Ae86D90e50036425
  adding allocation for 0x614561D2d143621E126e87831AEF287678B442b8
  adding allocation for 0xf93Ee4Cf8c6c40b329b0c0626F28333c132CF241
  adding allocation for 0x802dCbE1B1A97554B4F50DB5119E37E8e7336417
  adding allocation for 0xAe95d8DA9244C37CaC0a3e16BA966a8e852Bb6D6
  adding allocation for 0x2c57d1CFC6d5f8E4182a56b4cf75421472eBAEa4
  adding allocation for 0x741bFE4802cE1C4b5b00F9Df2F5f179A1C89171A
  adding allocation for 0xc3913d4D8bAb4914328651C2EAE817C8b78E1f4c
  adding allocation for 0x65D08a056c17Ae13370565B04cF77D2AfA1cB9FA
  adding allocation for 0x3e95dFbBaF6B348396E6674C7871546dCC568e56
  adding allocation for 0x5918b2e647464d4743601a865753e64C8059Dc4F
  adding allocation for 0x589A698b7b7dA0Bec545177D3963A2741105C7C9
  adding allocation for 0x4d1CB4eB7969f8806E2CaAc0cbbB71f88C8ec413
  adding allocation for 0xF5504cE2BcC52614F121aff9b93b2001d92715CA
  adding allocation for 0xF61E98E7D47aB884C244E39E031978E33162ff4b
  adding allocation for 0xf1424826861ffbbD25405F5145B5E50d0F1bFc90
  adding allocation for 0xfDCe42116f541fc8f7b0776e2B30832bD5621C85
  adding allocation for 0xD9211042f35968820A3407ac3d80C725f8F75c14
  adding allocation for 0xD8F3183DEF51A987222D845be228e0Bbb932C222
  adding allocation for 0xafF0CA253b97e54440965855cec0A8a2E2399896
Adding static premine wallets...
Additional contracts file: /opt/additional-contracts.json
Adding additional contracts...
Applying allocations to genesis files...
+ '[' -f /data/metadata/genesis.ssz ']'
++ mktemp -d -t ci-XXXXXXXXXX
+ tmp_dir=/tmp/ci-h9fpuIBYtQ
+ mkdir -p /data/metadata
+ mkdir -p /data/parsed
++ date -u -d @1772647762 '+%Y-%b-%d %I:%M:%S %p %Z'
+ HUMAN_READABLE_TIMESTAMP='2026-Mar-04 06:09:22 PM UTC'
+ COMMENT='# 2026-Mar-04 06:09:22 PM UTC'
+ export MAX_REQUEST_BLOB_SIDECARS_ELECTRA=1152
+ MAX_REQUEST_BLOB_SIDECARS_ELECTRA=1152
+ cat /config/cl/config.yaml
+ sed '/^BLOB_SCHEDULE:/,/^[a-zA-Z]/ d'
+ sed 's/#HUMAN_TIME_PLACEHOLDER/# 2026-Mar-04 06:09:22 PM UTC/'
+ envsubst
+ add_blob_schedule /data/metadata/config.yaml
+ local config_file=/data/metadata/config.yaml
+ INCLUDE_SCHEDULE=false
+ BLOB_SCHEDULE=
+ DEFAULT_BPO_EPOCH=18446744073709551615
+ for i in {1..5}
+ var_epoch=BPO_1_EPOCH
+ var_blobs=BPO_1_MAX_BLOBS
+ var_next_epoch=BPO_2_EPOCH
+ '[' -n 0 ']'
+ '[' 0 '!=' 18446744073709551615 ']'
+ '[' 18446744073709551615 == 0 ']'
+ '[' false = false ']'
+ BLOB_SCHEDULE='
BLOB_SCHEDULE:'
+ INCLUDE_SCHEDULE=true
+ BLOB_SCHEDULE='
BLOB_SCHEDULE:
  - EPOCH: 0
    MAX_BLOBS_PER_BLOCK: 15'
+ for i in {1..5}
+ var_epoch=BPO_2_EPOCH
+ var_blobs=BPO_2_MAX_BLOBS
+ var_next_epoch=BPO_3_EPOCH
+ '[' -n 18446744073709551615 ']'
+ '[' 18446744073709551615 '!=' 18446744073709551615 ']'
+ for i in {1..5}
+ var_epoch=BPO_3_EPOCH
+ var_blobs=BPO_3_MAX_BLOBS
+ var_next_epoch=BPO_4_EPOCH
+ '[' -n 18446744073709551615 ']'
+ '[' 18446744073709551615 '!=' 18446744073709551615 ']'
+ for i in {1..5}
+ var_epoch=BPO_4_EPOCH
+ var_blobs=BPO_4_MAX_BLOBS
+ var_next_epoch=BPO_5_EPOCH
+ '[' -n 18446744073709551615 ']'
+ '[' 18446744073709551615 '!=' 18446744073709551615 ']'
+ for i in {1..5}
+ var_epoch=BPO_5_EPOCH
+ var_blobs=BPO_5_MAX_BLOBS
+ var_next_epoch=BPO_6_EPOCH
+ '[' -n 18446744073709551615 ']'
+ '[' 18446744073709551615 '!=' 18446744073709551615 ']'
+ '[' true = true ']'
+ echo '
BLOB_SCHEDULE:
  - EPOCH: 0
    MAX_BLOBS_PER_BLOCK: 15'
+ '[' 0x00 == 0x00 ']'
+ export WITHDRAWAL_ADDRESS=null
+ WITHDRAWAL_ADDRESS=null
+ envsubst
+ '[' -n '[]' ']'
+ '[' '[]' '!=' '[]' ']'
+ [[ mainnet == \m\i\n\i\m\a\l ]]
+ cp /tmp/ci-h9fpuIBYtQ/mnemonics.yaml /data/metadata/mnemonics.yaml
+ grep DEPOSIT_CONTRACT_ADDRESS /data/metadata/config.yaml
+ cut -d ' ' -f2
+ echo 0
+ echo enr:-Iq4QJk4WqRkjsX5c2CXtOra6HnxN-BMXnWhmhEQO9Bn9iABTJGdjUOurM7Btj1ouKaFkvTRoju5vz2GPmVON2dffQKGAX53x8JigmlkgnY0gmlwhLKAlv6Jc2VjcDI1NmsxoQK6S-Cii_KmfFdUJL2TANL3ksaKUnNXvTCv1tLwXs0QgIN1ZHCCIyk
+ genesis_args+=(beaconchain --config /data/metadata/config.yaml --eth1-config /data/metadata/genesis.json --mnemonics $tmp_dir/mnemonics.yaml --state-output /data/metadata/genesis.ssz --json-output /data/parsed/parsedConsensusGenesis.json)
+ [[ '' != '' ]]
+ [[ '' != '' ]]
+ '[' -z '' ']'
+ /usr/local/bin/eth-genesis-state-generator beaconchain --config /data/metadata/config.yaml --eth1-config /data/metadata/genesis.json --mnemonics /tmp/ci-h9fpuIBYtQ/mnemonics.yaml --state-output /data/metadata/genesis.ssz --json-output /data/parsed/parsedConsensusGenesis.json
time="2026-03-04T18:08:40Z" level=info msg="eth-beacon-genesis version: git-201b86f"
time="2026-03-04T18:08:40Z" level=info msg="loaded execution genesis. chainid: 3151908"
time="2026-03-04T18:08:40Z" level=info msg="loaded consensus config. genesis fork version: 0x10000038"
time="2026-03-04T18:08:40Z" level=info msg="processing mnemonic 0, for 512 validators"
time="2026-03-04T18:08:40Z" level=info msg="...validator 100/512"
time="2026-03-04T18:08:40Z" level=info msg="...validator 200/512"
time="2026-03-04T18:08:40Z" level=info msg="...validator 300/512"
time="2026-03-04T18:08:40Z" level=info msg="...validator 400/512"
time="2026-03-04T18:08:40Z" level=info msg="...validator 500/512"
time="2026-03-04T18:08:40Z" level=info msg="loaded 512 validators. total balance: 16384 ETH"
time="2026-03-04T18:08:40Z" level=info msg="genesis version: fulu"
time="2026-03-04T18:08:40Z" level=info msg="genesis time: 1772647762"
time="2026-03-04T18:08:40Z" level=info msg="genesis validators root: 0x92d4b4030504d606f5151abcef1deca16d90d5a4d9249e2f3e70f5020e6cb526"
time="2026-03-04T18:08:40Z" level=info msg="successfully built genesis state."
time="2026-03-04T18:08:40Z" level=info msg="serialized genesis state to SSZ file: /data/metadata/genesis.ssz"
serialized genesis state to JSON file: /data/parsed/parsedConsensusGenesis.json
+ echo 'Genesis args: beaconchain' --config /data/metadata/config.yaml --eth1-config /data/metadata/genesis.json --mnemonics /tmp/ci-h9fpuIBYtQ/mnemonics.yaml --state-output /data/metadata/genesis.ssz --json-output /data/parsed/parsedConsensusGenesis.json
Genesis args: beaconchain --config /data/metadata/config.yaml --eth1-config /data/metadata/genesis.json --mnemonics /tmp/ci-h9fpuIBYtQ/mnemonics.yaml --state-output /data/metadata/genesis.ssz --json-output /data/parsed/parsedConsensusGenesis.json
++ jq -r .latest_execution_payload_header.block_number /data/parsed/parsedConsensusGenesis.json
Genesis block number: 0
+ echo 'Genesis block number: 0'
++ jq -r .latest_execution_payload_header.block_hash /data/parsed/parsedConsensusGenesis.json
+ echo 'Genesis block hash: 0x1168590ac9cc3574c0f5ca044ccfca0b655c4dc1761ffd8c208163ce45025d4e'
Genesis block hash: 0x1168590ac9cc3574c0f5ca044ccfca0b655c4dc1761ffd8c208163ce45025d4e
+ jq -r .eth1_data.block_hash /data/parsed/parsedConsensusGenesis.json
+ tr -d '\n'
+ jq -r .genesis_validators_root /data/parsed/parsedConsensusGenesis.json
+ tr -d '\n'
+ gen_shared_files
+ set -x
+ mkdir -p /data/metadata
+ '[' -f /data/jwt/jwtsecret ']'
+ mkdir -p /data/jwt
++ openssl rand -hex 32
++ tr -d '\n'
+ echo -n 0xf6d3828d513bec90f0908d481fa42e5d6282415d56e6fba839c57bbb621989c4
+ '[' -f /data/metadata/genesis.json ']'
++ cat /data/metadata/genesis.json
++ jq -r '.config.terminalTotalDifficulty | tostring'
+ terminalTotalDifficulty=0
+ sed -i 's/TERMINAL_TOTAL_DIFFICULTY:.*/TERMINAL_TOTAL_DIFFICULTY: 0/' /data/metadata/config.yaml
+ '[' false = true ']'

--------------------

Reading genesis validators root
Command returned with exit code '0' and the following output: 0x92d4b4030504d606f5151abcef1deca16d90d5a4d9249e2f3e70f5020e6cb526

Reading osaka time from genesis
Command returned with exit code '0' and the following output: 0

Adding service with name 'el-1-geth-teku' and image 'ethpandaops/geth:epbs-devnet-0'
Service 'el-1-geth-teku' added with service UUID 'de233ef874914c1784a9a0fc6924e2cd'

Waiting for at most '30m0s' for service 'el-1-geth-teku' to reach a certain state
Wait took 1 tries (8.219662ms in total). Assertion passed with following:
Request had response code '200' and body "{\"jsonrpc\":\"2.0\",\"id\":1,\"result\":{\"id\":\"1b58f5a1676550f37b7d5eeaba44c30c5571223221336ad9db1cafde0c1ffc98\",\"name\":\"Geth/v1.17.0-unstable-57c3ae1d-20260216/linux-amd64/go1.24.13\",\"enode\":\"enode://0c8e4c2d636cf76649be879663887cdad27542d128f2d98f4249425d0bf1a84f998a542f2922aca17135281e82f293dcb361fbd621f0b380ff0daa4f64f2f24a@172.16.4.10:39200\",\"enr\":\"enr:-Ke4QEIx4WvwwmPDo85_K1FcVS0IDLZPa5AUd9X1N3J-nJdFF2yWQFXC-Q2EawRY7MRcIVxOvcm-TgUSw2fS6jPkhteGAZy6CbX3g2V0aMvKhMVKfceEaah2EoJpZIJ2NIJpcISsEAQKiXNlY3AyNTZrMaECDI5MLWNs92ZJvoeWY4h82tJ1QtEo8tmPQklCXQvxqE-Ec25hcMCDdGNwgpkgg3VkcIKZIA\",\"ip\":\"172.16.4.10\",\"ports\":{\"discovery\":39200,\"listener\":39200},\"listenAddr\":\"[::]:39200\",\"protocols\":{\"eth\":{\"network\":3151908,\"genesis\":\"0x1168590ac9cc3574c0f5ca044ccfca0b655c4dc1761ffd8c208163ce45025d4e\",\"config\":{\"chainId\":3151908,\"homesteadBlock\":0,\"eip150Block\":0,\"eip155Block\":0,\"eip158Block\":0,\"byzantiumBlock\":0,\"constantinopleBlock\":0,\"petersburgBlock\":0,\"istanbulBlock\":0,\"berlinBlock\":0,\"londonBlock\":0,\"mergeNetsplitBlock\":0,\"shanghaiTime\":0,\"cancunTime\":0,\"pragueTime\":0,\"osakaTime\":0,\"bpo1Time\":0,\"amsterdamTime\":1772647954,\"terminalTotalDifficulty\":0,\"depositContractAddress\":\"0x00000000219ab540356cbb839cbe05303d7705fa\",\"blobSchedule\":{\"cancun\":{\"target\":3,\"max\":6,\"baseFeeUpdateFraction\":3338477},\"prague\":{\"target\":6,\"max\":9,\"baseFeeUpdateFraction\":5007716},\"osaka\":{\"target\":6,\"max\":9,\"baseFeeUpdateFraction\":5007716},\"bpo1\":{\"target\":10,\"max\":15,\"baseFeeUpdateFraction\":8346193},\"amsterdam\":{\"target\":10,\"max\":15,\"baseFeeUpdateFraction\":8346193}}},\"head\":\"0x1168590ac9cc3574c0f5ca044ccfca0b655c4dc1761ffd8c208163ce45025d4e\"},\"snap\":{}}}}\n", with extracted fields:
'extract.enr': "enr:-Ke4QEIx4WvwwmPDo85_K1FcVS0IDLZPa5AUd9X1N3J-nJdFF2yWQFXC-Q2EawRY7MRcIVxOvcm-TgUSw2fS6jPkhteGAZy6CbX3g2V0aMvKhMVKfceEaah2EoJpZIJ2NIJpcISsEAQKiXNlY3AyNTZrMaECDI5MLWNs92ZJvoeWY4h82tJ1QtEo8tmPQklCXQvxqE-Ec25hcMCDdGNwgpkgg3VkcIKZIA"
'extract.enode': "enode://0c8e4c2d636cf76649be879663887cdad27542d128f2d98f4249425d0bf1a84f998a542f2922aca17135281e82f293dcb361fbd621f0b380ff0daa4f64f2f24a@172.16.4.10:39200"

Adding '3' services with names 'el-4-geth-lodestar,el-2-geth-lodestar,el-3-geth-lodestar'
Successfully added the following '3' services:
  Service 'el-4-geth-lodestar' added with UUID '914e8f92b0c34f80aed3858121c33828'
  Service 'el-2-geth-lodestar' added with UUID 'af230e433fe344f7a201cebb75f0b39b'
  Service 'el-3-geth-lodestar' added with UUID '3bdc2f38502445ebbc516253f902dde9'

Waiting for at most '30m0s' for service 'el-2-geth-lodestar' to reach a certain state
Wait took 1 tries (16.290207ms in total). Assertion passed with following:
Request had response code '200' and body "{\"jsonrpc\":\"2.0\",\"id\":1,\"result\":{\"id\":\"72303a6b65e26f0cd3c4a5c62fc5a0afb61455537a93319792c52ed78b2efed3\",\"name\":\"Geth/v1.17.0-unstable-57c3ae1d-20260216/linux-amd64/go1.24.13\",\"enode\":\"enode://b1f115f9c38a1e5945cbd9ad893465da605d8a8fdf8515313aa1488723096496277924314e482613940d9abb8211d3732c90f66c9e591ccfcf589f999e9c5371@172.16.4.11:39207\",\"enr\":\"enr:-Ke4QIDyspNZGXWVoSUct81Vno3g8x_rRZW3CmvLd49E5iUJFC6vdEwvgareQsTD2Hqb131_9wN25URKQsFq0igwW0eGAZy6CcDxg2V0aMvKhMVKfceEaah2EoJpZIJ2NIJpcISsEAQLiXNlY3AyNTZrMaEDsfEV-cOKHllFy9mtiTRl2mBdio_fhRUxOqFIhyMJZJaEc25hcMCDdGNwgpkng3VkcIKZJw\",\"ip\":\"172.16.4.11\",\"ports\":{\"discovery\":39207,\"listener\":39207},\"listenAddr\":\"[::]:39207\",\"protocols\":{\"eth\":{\"network\":3151908,\"genesis\":\"0x1168590ac9cc3574c0f5ca044ccfca0b655c4dc1761ffd8c208163ce45025d4e\",\"config\":{\"chainId\":3151908,\"homesteadBlock\":0,\"eip150Block\":0,\"eip155Block\":0,\"eip158Block\":0,\"byzantiumBlock\":0,\"constantinopleBlock\":0,\"petersburgBlock\":0,\"istanbulBlock\":0,\"berlinBlock\":0,\"londonBlock\":0,\"mergeNetsplitBlock\":0,\"shanghaiTime\":0,\"cancunTime\":0,\"pragueTime\":0,\"osakaTime\":0,\"bpo1Time\":0,\"amsterdamTime\":1772647954,\"terminalTotalDifficulty\":0,\"depositContractAddress\":\"0x00000000219ab540356cbb839cbe05303d7705fa\",\"blobSchedule\":{\"cancun\":{\"target\":3,\"max\":6,\"baseFeeUpdateFraction\":3338477},\"prague\":{\"target\":6,\"max\":9,\"baseFeeUpdateFraction\":5007716},\"osaka\":{\"target\":6,\"max\":9,\"baseFeeUpdateFraction\":5007716},\"bpo1\":{\"target\":10,\"max\":15,\"baseFeeUpdateFraction\":8346193},\"amsterdam\":{\"target\":10,\"max\":15,\"baseFeeUpdateFraction\":8346193}}},\"head\":\"0x1168590ac9cc3574c0f5ca044ccfca0b655c4dc1761ffd8c208163ce45025d4e\"},\"snap\":{}}}}\n", with extracted fields:
'extract.enode': "enode://b1f115f9c38a1e5945cbd9ad893465da605d8a8fdf8515313aa1488723096496277924314e482613940d9abb8211d3732c90f66c9e591ccfcf589f999e9c5371@172.16.4.11:39207"
'extract.enr': "enr:-Ke4QIDyspNZGXWVoSUct81Vno3g8x_rRZW3CmvLd49E5iUJFC6vdEwvgareQsTD2Hqb131_9wN25URKQsFq0igwW0eGAZy6CcDxg2V0aMvKhMVKfceEaah2EoJpZIJ2NIJpcISsEAQLiXNlY3AyNTZrMaEDsfEV-cOKHllFy9mtiTRl2mBdio_fhRUxOqFIhyMJZJaEc25hcMCDdGNwgpkng3VkcIKZJw"

Waiting for at most '30m0s' for service 'el-3-geth-lodestar' to reach a certain state
Wait took 1 tries (18.62773ms in total). Assertion passed with following:
Request had response code '200' and body "{\"jsonrpc\":\"2.0\",\"id\":1,\"result\":{\"id\":\"3c20df6c9a51f1f7c3a2ea2e2d09555fe3c039a591df3e67398082d7f51d511c\",\"name\":\"Geth/v1.17.0-unstable-57c3ae1d-20260216/linux-amd64/go1.24.13\",\"enode\":\"enode://dbf491716b819505a86d4202deb86e7c6ca491c915b1b43e7a3c4516eaddc4c42e8c7ef2f97807d73e31de42848948517b91b2b12109da941522000386f7c630@172.16.4.12:39214\",\"enr\":\"enr:-Ke4QP5rRxp2dieEDB83EjllylugYCIzpVxxt7Y2zZYzm-m_BFMbSONgrg7UuynuKMAfpqP87UcqZPikJfJ1ZhLhkKqGAZy6CcCng2V0aMvKhMVKfceEaah2EoJpZIJ2NIJpcISsEAQMiXNlY3AyNTZrMaEC2_SRcWuBlQWobUIC3rhufGykkckVsbQ-ejxFFurdxMSEc25hcMCDdGNwgpkug3VkcIKZLg\",\"ip\":\"172.16.4.12\",\"ports\":{\"discovery\":39214,\"listener\":39214},\"listenAddr\":\"[::]:39214\",\"protocols\":{\"eth\":{\"network\":3151908,\"genesis\":\"0x1168590ac9cc3574c0f5ca044ccfca0b655c4dc1761ffd8c208163ce45025d4e\",\"config\":{\"chainId\":3151908,\"homesteadBlock\":0,\"eip150Block\":0,\"eip155Block\":0,\"eip158Block\":0,\"byzantiumBlock\":0,\"constantinopleBlock\":0,\"petersburgBlock\":0,\"istanbulBlock\":0,\"berlinBlock\":0,\"londonBlock\":0,\"mergeNetsplitBlock\":0,\"shanghaiTime\":0,\"cancunTime\":0,\"pragueTime\":0,\"osakaTime\":0,\"bpo1Time\":0,\"amsterdamTime\":1772647954,\"terminalTotalDifficulty\":0,\"depositContractAddress\":\"0x00000000219ab540356cbb839cbe05303d7705fa\",\"blobSchedule\":{\"cancun\":{\"target\":3,\"max\":6,\"baseFeeUpdateFraction\":3338477},\"prague\":{\"target\":6,\"max\":9,\"baseFeeUpdateFraction\":5007716},\"osaka\":{\"target\":6,\"max\":9,\"baseFeeUpdateFraction\":5007716},\"bpo1\":{\"target\":10,\"max\":15,\"baseFeeUpdateFraction\":8346193},\"amsterdam\":{\"target\":10,\"max\":15,\"baseFeeUpdateFraction\":8346193}}},\"head\":\"0x1168590ac9cc3574c0f5ca044ccfca0b655c4dc1761ffd8c208163ce45025d4e\"},\"snap\":{}}}}\n", with extracted fields:
'extract.enode': "enode://dbf491716b819505a86d4202deb86e7c6ca491c915b1b43e7a3c4516eaddc4c42e8c7ef2f97807d73e31de42848948517b91b2b12109da941522000386f7c630@172.16.4.12:39214"
'extract.enr': "enr:-Ke4QP5rRxp2dieEDB83EjllylugYCIzpVxxt7Y2zZYzm-m_BFMbSONgrg7UuynuKMAfpqP87UcqZPikJfJ1ZhLhkKqGAZy6CcCng2V0aMvKhMVKfceEaah2EoJpZIJ2NIJpcISsEAQMiXNlY3AyNTZrMaEC2_SRcWuBlQWobUIC3rhufGykkckVsbQ-ejxFFurdxMSEc25hcMCDdGNwgpkug3VkcIKZLg"

Waiting for at most '30m0s' for service 'el-4-geth-lodestar' to reach a certain state
Wait took 1 tries (21.801865ms in total). Assertion passed with following:
Request had response code '200' and body "{\"jsonrpc\":\"2.0\",\"id\":1,\"result\":{\"id\":\"da84b59a9ab9a9637c4cb0b72f1be7775f414c5e3a5f21c9cf7dd07a61e05bd4\",\"name\":\"Geth/v1.17.0-unstable-57c3ae1d-20260216/linux-amd64/go1.24.13\",\"enode\":\"enode://0408c7eb821ecb43ca778178165e6f07d1bc9ac9470d250ea4b3b359fbab852d21d95e889c71b9ba6ee70c8e429a29f975de64bd84b35c4b7913603477fe51bc@172.16.4.13:39221\",\"enr\":\"enr:-Ke4QJj4iawcMjgRG6DmrEEtYo-8tbOymCNcAcFOu8Lzp9dpGgNdzd-6Kdbgc3sTRpTfWqArA5WYRBvoxQFHS2bXuT-GAZy6CcAng2V0aMvKhMVKfceEaah2EoJpZIJ2NIJpcISsEAQNiXNlY3AyNTZrMaECBAjH64Iey0PKd4F4Fl5vB9G8mslHDSUOpLOzWfurhS2Ec25hcMCDdGNwgpk1g3VkcIKZNQ\",\"ip\":\"172.16.4.13\",\"ports\":{\"discovery\":39221,\"listener\":39221},\"listenAddr\":\"[::]:39221\",\"protocols\":{\"eth\":{\"network\":3151908,\"genesis\":\"0x1168590ac9cc3574c0f5ca044ccfca0b655c4dc1761ffd8c208163ce45025d4e\",\"config\":{\"chainId\":3151908,\"homesteadBlock\":0,\"eip150Block\":0,\"eip155Block\":0,\"eip158Block\":0,\"byzantiumBlock\":0,\"constantinopleBlock\":0,\"petersburgBlock\":0,\"istanbulBlock\":0,\"berlinBlock\":0,\"londonBlock\":0,\"mergeNetsplitBlock\":0,\"shanghaiTime\":0,\"cancunTime\":0,\"pragueTime\":0,\"osakaTime\":0,\"bpo1Time\":0,\"amsterdamTime\":1772647954,\"terminalTotalDifficulty\":0,\"depositContractAddress\":\"0x00000000219ab540356cbb839cbe05303d7705fa\",\"blobSchedule\":{\"cancun\":{\"target\":3,\"max\":6,\"baseFeeUpdateFraction\":3338477},\"prague\":{\"target\":6,\"max\":9,\"baseFeeUpdateFraction\":5007716},\"osaka\":{\"target\":6,\"max\":9,\"baseFeeUpdateFraction\":5007716},\"bpo1\":{\"target\":10,\"max\":15,\"baseFeeUpdateFraction\":8346193},\"amsterdam\":{\"target\":10,\"max\":15,\"baseFeeUpdateFraction\":8346193}}},\"head\":\"0x1168590ac9cc3574c0f5ca044ccfca0b655c4dc1761ffd8c208163ce45025d4e\"},\"snap\":{}}}}\n", with extracted fields:
'extract.enode': "enode://0408c7eb821ecb43ca778178165e6f07d1bc9ac9470d250ea4b3b359fbab852d21d95e889c71b9ba6ee70c8e429a29f975de64bd84b35c4b7913603477fe51bc@172.16.4.13:39221"
'extract.enr': "enr:-Ke4QJj4iawcMjgRG6DmrEEtYo-8tbOymCNcAcFOu8Lzp9dpGgNdzd-6Kdbgc3sTRpTfWqArA5WYRBvoxQFHS2bXuT-GAZy6CcAng2V0aMvKhMVKfceEaah2EoJpZIJ2NIJpcISsEAQNiXNlY3AyNTZrMaECBAjH64Iey0PKd4F4Fl5vB9G8mslHDSUOpLOzWfurhS2Ec25hcMCDdGNwgpk1g3VkcIKZNQ"

Printing a message
Successfully added 4 EL participants

Printing a message
Launching CL network

Adding service with name 'cl-1-teku-geth' and image 'ethpandaops/teku:StefanBratanov-devnet-0-changes'
Service 'cl-1-teku-geth' added with service UUID '17237cb167de482d878258d08ad39ff8'

Running 'GET' request on service 'cl-1-teku-geth'
Request had response code '200' and body "{\"data\":{\"peer_id\":\"16Uiu2HAmK9a4Gy3WNQsgqofmX8t9HfHWoscy7Ls3rUfAr7KXBfDQ\",\"enr\":\"enr:-MC4QDSy-0OWSe08EmhZ3ZoU-OMMiLWxAXTS0IYyOnGVDgEHTa0YNABxmXmWQkDLs67AAMoVzRKgFojdX1PrUMpmyk8Hh2F0dG5ldHOIGAAAAAAAAACDY2djBIRldGgykKZmZGmAAAA4AQAAAAAAAACCaWSCdjSCaXCErBAEDoNuZmSEIxfSw4lzZWNwMjU2azGhA2B4fxeLprWtU70LPHjf_2xrMkDTZEsGduD-NLqWjSnXg3RjcIKYvIN1ZHCCmLw\",\"p2p_addresses\":[\"/ip4/172.16.4.14/tcp/39100/p2p/16Uiu2HAmK9a4Gy3WNQsgqofmX8t9HfHWoscy7Ls3rUfAr7KXBfDQ\"],\"discovery_addresses\":[\"/ip4/172.16.4.14/udp/39100/p2p/16Uiu2HAmK9a4Gy3WNQsgqofmX8t9HfHWoscy7Ls3rUfAr7KXBfDQ\"],\"metadata\":{\"seq_number\":\"2\",\"attnets\":\"0x1800000000000000\",\"syncnets\":\"0x00\",\"custody_group_count\":\"4\"}}}", with extracted fields:
'extract.enr': "enr:-MC4QDSy-0OWSe08EmhZ3ZoU-OMMiLWxAXTS0IYyOnGVDgEHTa0YNABxmXmWQkDLs67AAMoVzRKgFojdX1PrUMpmyk8Hh2F0dG5ldHOIGAAAAAAAAACDY2djBIRldGgykKZmZGmAAAA4AQAAAAAAAACCaWSCdjSCaXCErBAEDoNuZmSEIxfSw4lzZWNwMjU2azGhA2B4fxeLprWtU70LPHjf_2xrMkDTZEsGduD-NLqWjSnXg3RjcIKYvIN1ZHCCmLw"
'extract.multiaddr': "/ip4/172.16.4.14/tcp/39100/p2p/16Uiu2HAmK9a4Gy3WNQsgqofmX8t9HfHWoscy7Ls3rUfAr7KXBfDQ"
'extract.peer_id': "16Uiu2HAmK9a4Gy3WNQsgqofmX8t9HfHWoscy7Ls3rUfAr7KXBfDQ"

Adding '3' services with names 'cl-2-lodestar-geth,cl-3-lodestar-geth,cl-4-lodestar-geth'
Successfully added the following '3' services:
  Service 'cl-2-lodestar-geth' added with UUID '97b3c5b58bae44639dcf087bd41d1c2f'
  Service 'cl-3-lodestar-geth' added with UUID '4851c5834e5c4221888e09afde2fa2ae'
  Service 'cl-4-lodestar-geth' added with UUID '1869c480d426480dbaa4a26052e95000'

Running 'GET' request on service 'cl-2-lodestar-geth'
Request had response code '200' and body "{\"data\":{\"peer_id\":\"16Uiu2HAmHq45iPKmW4kjCJUTjrhSUKUY7d9e7ge71pBBr3NJJaHY\",\"enr\":\"enr:-Nq4QKYMELbL-ynw_mErJOs3KN9Xpb3YDVnxyPkJy0CKCI8Ud7HaI91VPoPCoB-6mDVg7TvhuyBjl7m64ITnLuQlP9cGh2F0dG5ldHOIAAAAAAAAAAODY2djBIRldGgykKZmZGmAAAA4AQAAAAAAAACCaWSCdjSCaXCErBAED4NuZmSEIxfSw4lzZWNwMjU2azGhA0zedj6rL9NL7SQyw4lsbdOiL3or5mfN23NpZYtC1I87iHN5bmNuZXRzAIN0Y3CCmMOEdGNwNoKYw4N1ZHCCmMOEdWRwNoKYww\",\"p2p_addresses\":[\"/ip4/127.0.0.1/tcp/39107/p2p/16Uiu2HAmHq45iPKmW4kjCJUTjrhSUKUY7d9e7ge71pBBr3NJJaHY\",\"/ip4/172.16.4.15/tcp/39107/p2p/16Uiu2HAmHq45iPKmW4kjCJUTjrhSUKUY7d9e7ge71pBBr3NJJaHY\",\"/ip6/::1/tcp/39107/p2p/16Uiu2HAmHq45iPKmW4kjCJUTjrhSUKUY7d9e7ge71pBBr3NJJaHY\",\"/ip4/172.16.4.15/tcp/39107/p2p/16Uiu2HAmHq45iPKmW4kjCJUTjrhSUKUY7d9e7ge71pBBr3NJJaHY\"],\"discovery_addresses\":[\"/ip4/172.16.4.15/udp/39107/p2p/16Uiu2HAmHq45iPKmW4kjCJUTjrhSUKUY7d9e7ge71pBBr3NJJaHY\"],\"metadata\":{\"seq_number\":\"1\",\"attnets\":\"0x0000000000000003\",\"syncnets\":\"0x00\",\"custody_group_count\":\"4\"}}}", with extracted fields:
'extract.peer_id': "16Uiu2HAmHq45iPKmW4kjCJUTjrhSUKUY7d9e7ge71pBBr3NJJaHY"
'extract.enr': "enr:-Nq4QKYMELbL-ynw_mErJOs3KN9Xpb3YDVnxyPkJy0CKCI8Ud7HaI91VPoPCoB-6mDVg7TvhuyBjl7m64ITnLuQlP9cGh2F0dG5ldHOIAAAAAAAAAAODY2djBIRldGgykKZmZGmAAAA4AQAAAAAAAACCaWSCdjSCaXCErBAED4NuZmSEIxfSw4lzZWNwMjU2azGhA0zedj6rL9NL7SQyw4lsbdOiL3or5mfN23NpZYtC1I87iHN5bmNuZXRzAIN0Y3CCmMOEdGNwNoKYw4N1ZHCCmMOEdWRwNoKYww"
'extract.multiaddr': "/ip4/172.16.4.15/tcp/39107/p2p/16Uiu2HAmHq45iPKmW4kjCJUTjrhSUKUY7d9e7ge71pBBr3NJJaHY"

Running 'GET' request on service 'cl-3-lodestar-geth'
Request had response code '200' and body "{\"data\":{\"peer_id\":\"16Uiu2HAmQQJFfX5ZrXTKgBTiz3fjqbUxA4UngGn78gJsWdHTZFDh\",\"enr\":\"enr:-Nq4QHSGHmQqHDJCMKDjFo_xmeuBLkDUEL7X7XgFQgnu02qHA7t57ED9D2RCbn11FOwZZhRWBo2c5wJC1jBS4klHK_4Gh2F0dG5ldHOIAAAAAAAAAAyDY2djBIRldGgykKZmZGmAAAA4AQAAAAAAAACCaWSCdjSCaXCErBAEEINuZmSEIxfSw4lzZWNwMjU2azGhA66IxiQH7Mjgrj8ajonSipq0f0FqF3X8XKLeu5FiIv74iHN5bmNuZXRzAIN0Y3CCmMqEdGNwNoKYyoN1ZHCCmMqEdWRwNoKYyg\",\"p2p_addresses\":[\"/ip4/127.0.0.1/tcp/39114/p2p/16Uiu2HAmQQJFfX5ZrXTKgBTiz3fjqbUxA4UngGn78gJsWdHTZFDh\",\"/ip4/172.16.4.16/tcp/39114/p2p/16Uiu2HAmQQJFfX5ZrXTKgBTiz3fjqbUxA4UngGn78gJsWdHTZFDh\",\"/ip6/::1/tcp/39114/p2p/16Uiu2HAmQQJFfX5ZrXTKgBTiz3fjqbUxA4UngGn78gJsWdHTZFDh\",\"/ip4/172.16.4.16/tcp/39114/p2p/16Uiu2HAmQQJFfX5ZrXTKgBTiz3fjqbUxA4UngGn78gJsWdHTZFDh\"],\"discovery_addresses\":[\"/ip4/172.16.4.16/udp/39114/p2p/16Uiu2HAmQQJFfX5ZrXTKgBTiz3fjqbUxA4UngGn78gJsWdHTZFDh\"],\"metadata\":{\"seq_number\":\"1\",\"attnets\":\"0x000000000000000c\",\"syncnets\":\"0x00\",\"custody_group_count\":\"4\"}}}", with extracted fields:
'extract.multiaddr': "/ip4/172.16.4.16/tcp/39114/p2p/16Uiu2HAmQQJFfX5ZrXTKgBTiz3fjqbUxA4UngGn78gJsWdHTZFDh"
'extract.peer_id': "16Uiu2HAmQQJFfX5ZrXTKgBTiz3fjqbUxA4UngGn78gJsWdHTZFDh"
'extract.enr': "enr:-Nq4QHSGHmQqHDJCMKDjFo_xmeuBLkDUEL7X7XgFQgnu02qHA7t57ED9D2RCbn11FOwZZhRWBo2c5wJC1jBS4klHK_4Gh2F0dG5ldHOIAAAAAAAAAAyDY2djBIRldGgykKZmZGmAAAA4AQAAAAAAAACCaWSCdjSCaXCErBAEEINuZmSEIxfSw4lzZWNwMjU2azGhA66IxiQH7Mjgrj8ajonSipq0f0FqF3X8XKLeu5FiIv74iHN5bmNuZXRzAIN0Y3CCmMqEdGNwNoKYyoN1ZHCCmMqEdWRwNoKYyg"

Running 'GET' request on service 'cl-4-lodestar-geth'
Request had response code '200' and body "{\"data\":{\"peer_id\":\"16Uiu2HAmDNEYrzH6gQFkufciK1Gdhf5Lp9Pyjz1monHJmcJL3YVU\",\"enr\":\"enr:-Nq4QH1MnPKeVB0te2Qc4dazKBK41K3ELGfQMr4ZnUOYmgc9CiR4-O1ZMUca8TU7CiaMYgezUQcK_mRVCF4ni59z9HMGh2F0dG5ldHOIAAAAAAAMAACDY2djBIRldGgykKZmZGmAAAA4AQAAAAAAAACCaWSCdjSCaXCErBAEEYNuZmSEIxfSw4lzZWNwMjU2azGhAwqQ3l65vRrjZxZ4BHaPfHFPxM0LzCnhRNXbi2SOKNeviHN5bmNuZXRzAIN0Y3CCmNGEdGNwNoKY0YN1ZHCCmNGEdWRwNoKY0Q\",\"p2p_addresses\":[\"/ip4/127.0.0.1/tcp/39121/p2p/16Uiu2HAmDNEYrzH6gQFkufciK1Gdhf5Lp9Pyjz1monHJmcJL3YVU\",\"/ip4/172.16.4.17/tcp/39121/p2p/16Uiu2HAmDNEYrzH6gQFkufciK1Gdhf5Lp9Pyjz1monHJmcJL3YVU\",\"/ip6/::1/tcp/39121/p2p/16Uiu2HAmDNEYrzH6gQFkufciK1Gdhf5Lp9Pyjz1monHJmcJL3YVU\",\"/ip4/172.16.4.17/tcp/39121/p2p/16Uiu2HAmDNEYrzH6gQFkufciK1Gdhf5Lp9Pyjz1monHJmcJL3YVU\"],\"discovery_addresses\":[\"/ip4/172.16.4.17/udp/39121/p2p/16Uiu2HAmDNEYrzH6gQFkufciK1Gdhf5Lp9Pyjz1monHJmcJL3YVU\"],\"metadata\":{\"seq_number\":\"1\",\"attnets\":\"0x00000000000c0000\",\"syncnets\":\"0x00\",\"custody_group_count\":\"4\"}}}", with extracted fields:
'extract.peer_id': "16Uiu2HAmDNEYrzH6gQFkufciK1Gdhf5Lp9Pyjz1monHJmcJL3YVU"
'extract.enr': "enr:-Nq4QH1MnPKeVB0te2Qc4dazKBK41K3ELGfQMr4ZnUOYmgc9CiR4-O1ZMUca8TU7CiaMYgezUQcK_mRVCF4ni59z9HMGh2F0dG5ldHOIAAAAAAAMAACDY2djBIRldGgykKZmZGmAAAA4AQAAAAAAAACCaWSCdjSCaXCErBAEEYNuZmSEIxfSw4lzZWNwMjU2azGhAwqQ3l65vRrjZxZ4BHaPfHFPxM0LzCnhRNXbi2SOKNeviHN5bmNuZXRzAIN0Y3CCmNGEdGNwNoKY0YN1ZHCCmNGEdWRwNoKY0Q"
'extract.multiaddr': "/ip4/172.16.4.17/tcp/39121/p2p/16Uiu2HAmDNEYrzH6gQFkufciK1Gdhf5Lp9Pyjz1monHJmcJL3YVU"

Printing a message
Successfully added 4 CL participants

Printing a message
Start adding validators for participant #1

Printing a message
Successfully added 4 CL participants

Printing a message
Start adding validators for participant #2

Printing a message
Using separate validator client for participant #2

Printing a message
Successfully added 4 CL participants

Printing a message
Start adding validators for participant #3

Printing a message
Using separate validator client for participant #3

Printing a message
Successfully added 4 CL participants

Printing a message
Start adding validators for participant #4

Printing a message
Using separate validator client for participant #4

Adding '3' services with names 'vc-4-geth-lodestar,vc-2-geth-lodestar,vc-3-geth-lodestar'
Successfully added the following '3' services:
  Service 'vc-4-geth-lodestar' added with UUID '65349cb44c55449d9bf3d2f272dfc67b'
  Service 'vc-2-geth-lodestar' added with UUID 'c98a9525c9d7490e8e16abffe9552216'
  Service 'vc-3-geth-lodestar' added with UUID '97528f34eeea498784fa0023be15399d'

Printing a message
NODE JSON RPC URI: 'el-1-geth-teku:8545'

Rendering a template to a files artifact with name 'validator-ranges'
Templates artifact name 'validator-ranges' rendered with artifact UUID 'ddd14a5b920b41afa62373503f000196'

Printing a message
Launching dora

Rendering a template to a files artifact with name 'dora-config'
Templates artifact name 'dora-config' rendered with artifact UUID '91e7557e44be429da30024dba2d610bd'

Adding service with name 'dora' and image 'ethpandaops/dora:gloas-support'
Service 'dora' added with service UUID '4cf195bf5079410aa17621031b46d5a9'

Printing a message
Successfully launched dora

Starlark code successfully run. Output was:
{
	"all_participants": [
		{
			"cl_context": {
				"beacon_grpc_url": "",
				"beacon_http_url": "http://cl-1-teku-geth:4000",
				"beacon_service_name": "cl-1-teku-geth",
				"cl_nodes_metrics_info": [
					{
						"config": {
							"labels": null,
							"scrape_interval": "15s"
						},
						"name": "cl-1-teku-geth",
						"path": "/metrics",
						"url": "cl-1-teku-geth:8008"
					}
				],
				"client_name": "teku",
				"enr": "enr:-MC4QDSy-0OWSe08EmhZ3ZoU-OMMiLWxAXTS0IYyOnGVDgEHTa0YNABxmXmWQkDLs67AAMoVzRKgFojdX1PrUMpmyk8Hh2F0dG5ldHOIGAAAAAAAAACDY2djBIRldGgykKZmZGmAAAA4AQAAAAAAAACCaWSCdjSCaXCErBAEDoNuZmSEIxfSw4lzZWNwMjU2azGhA2B4fxeLprWtU70LPHjf_2xrMkDTZEsGduD-NLqWjSnXg3RjcIKYvIN1ZHCCmLw",
				"http_port": 4000,
				"ip_addr": "cl-1-teku-geth",
				"ip_address": "",
				"multiaddr": "/ip4/172.16.4.14/tcp/39100/p2p/16Uiu2HAmK9a4Gy3WNQsgqofmX8t9HfHWoscy7Ls3rUfAr7KXBfDQ",
				"peer_id": "16Uiu2HAmK9a4Gy3WNQsgqofmX8t9HfHWoscy7Ls3rUfAr7KXBfDQ",
				"snooper_el_engine_context": null,
				"snooper_enabled": false,
				"supernode": false,
				"validator_keystore_files_artifact_uuid": "1-teku-geth-0-127"
			},
			"cl_type": "teku",
			"el_context": {
				"client_name": "geth",
				"dns_name": "el-1-geth-teku",
				"el_metrics_info": [
					{
						"config": {
							"labels": null,
							"scrape_interval": "15s"
						},
						"name": "el-1-geth-teku",
						"path": "/debug/metrics/prometheus",
						"url": "el-1-geth-teku:9001"
					}
				],
				"engine_rpc_port_num": 8551,
				"enode": "enode://0c8e4c2d636cf76649be879663887cdad27542d128f2d98f4249425d0bf1a84f998a542f2922aca17135281e82f293dcb361fbd621f0b380ff0daa4f64f2f24a@172.16.4.10:39200",
				"enr": "enr:-Ke4QEIx4WvwwmPDo85_K1FcVS0IDLZPa5AUd9X1N3J-nJdFF2yWQFXC-Q2EawRY7MRcIVxOvcm-TgUSw2fS6jPkhteGAZy6CbX3g2V0aMvKhMVKfceEaah2EoJpZIJ2NIJpcISsEAQKiXNlY3AyNTZrMaECDI5MLWNs92ZJvoeWY4h82tJ1QtEo8tmPQklCXQvxqE-Ec25hcMCDdGNwgpkgg3VkcIKZIA",
				"ip_addr": "172.16.4.10",
				"rpc_http_url": "http://el-1-geth-teku:8545",
				"rpc_port_num": 8545,
				"service_name": "el-1-geth-teku",
				"ws_port_num": 8546,
				"ws_url": "ws://el-1-geth-teku:8546"
			},
			"el_type": "geth",
			"ethereum_metrics_exporter_context": null,
			"remote_signer_context": null,
			"remote_signer_type": "web3signer",
			"snooper_beacon_context": null,
			"snooper_el_engine_context": null,
			"snooper_el_rpc_context": null,
			"vc_context": null,
			"vc_type": "teku",
			"xatu_sentry_context": null
		},
		{
			"cl_context": {
				"beacon_grpc_url": "",
				"beacon_http_url": "http://cl-2-lodestar-geth:4000",
				"beacon_service_name": "cl-2-lodestar-geth",
				"cl_nodes_metrics_info": [
					{
						"config": {
							"labels": null,
							"scrape_interval": "15s"
						},
						"name": "cl-2-lodestar-geth",
						"path": "/metrics",
						"url": "cl-2-lodestar-geth:8008"
					}
				],
				"client_name": "lodestar",
				"enr": "enr:-Nq4QKYMELbL-ynw_mErJOs3KN9Xpb3YDVnxyPkJy0CKCI8Ud7HaI91VPoPCoB-6mDVg7TvhuyBjl7m64ITnLuQlP9cGh2F0dG5ldHOIAAAAAAAAAAODY2djBIRldGgykKZmZGmAAAA4AQAAAAAAAACCaWSCdjSCaXCErBAED4NuZmSEIxfSw4lzZWNwMjU2azGhA0zedj6rL9NL7SQyw4lsbdOiL3or5mfN23NpZYtC1I87iHN5bmNuZXRzAIN0Y3CCmMOEdGNwNoKYw4N1ZHCCmMOEdWRwNoKYww",
				"http_port": 4000,
				"ip_addr": "cl-2-lodestar-geth",
				"ip_address": "",
				"multiaddr": "/ip4/172.16.4.15/tcp/39107/p2p/16Uiu2HAmHq45iPKmW4kjCJUTjrhSUKUY7d9e7ge71pBBr3NJJaHY",
				"peer_id": "16Uiu2HAmHq45iPKmW4kjCJUTjrhSUKUY7d9e7ge71pBBr3NJJaHY",
				"snooper_el_engine_context": null,
				"snooper_enabled": false,
				"supernode": false,
				"validator_keystore_files_artifact_uuid": "2-lodestar-geth-128-255"
			},
			"cl_type": "lodestar",
			"el_context": {
				"client_name": "geth",
				"dns_name": "el-2-geth-lodestar",
				"el_metrics_info": [
					{
						"config": {
							"labels": null,
							"scrape_interval": "15s"
						},
						"name": "el-2-geth-lodestar",
						"path": "/debug/metrics/prometheus",
						"url": "el-2-geth-lodestar:9001"
					}
				],
				"engine_rpc_port_num": 8551,
				"enode": "enode://b1f115f9c38a1e5945cbd9ad893465da605d8a8fdf8515313aa1488723096496277924314e482613940d9abb8211d3732c90f66c9e591ccfcf589f999e9c5371@172.16.4.11:39207",
				"enr": "enr:-Ke4QIDyspNZGXWVoSUct81Vno3g8x_rRZW3CmvLd49E5iUJFC6vdEwvgareQsTD2Hqb131_9wN25URKQsFq0igwW0eGAZy6CcDxg2V0aMvKhMVKfceEaah2EoJpZIJ2NIJpcISsEAQLiXNlY3AyNTZrMaEDsfEV-cOKHllFy9mtiTRl2mBdio_fhRUxOqFIhyMJZJaEc25hcMCDdGNwgpkng3VkcIKZJw",
				"ip_addr": "172.16.4.11",
				"rpc_http_url": "http://el-2-geth-lodestar:8545",
				"rpc_port_num": 8545,
				"service_name": "el-2-geth-lodestar",
				"ws_port_num": 8546,
				"ws_url": "ws://el-2-geth-lodestar:8546"
			},
			"el_type": "geth",
			"ethereum_metrics_exporter_context": null,
			"remote_signer_context": null,
			"remote_signer_type": "web3signer",
			"snooper_beacon_context": null,
			"snooper_el_engine_context": null,
			"snooper_el_rpc_context": null,
			"vc_context": {
				"client_name": "lodestar",
				"metrics_info": {
					"config": {
						"labels": null,
						"scrape_interval": "15s"
					},
					"name": "vc-2-geth-lodestar",
					"path": "/metrics",
					"url": "vc-2-geth-lodestar:8080"
				},
				"service_name": "vc-2-geth-lodestar"
			},
			"vc_type": "lodestar",
			"xatu_sentry_context": null
		},
		{
			"cl_context": {
				"beacon_grpc_url": "",
				"beacon_http_url": "http://cl-3-lodestar-geth:4000",
				"beacon_service_name": "cl-3-lodestar-geth",
				"cl_nodes_metrics_info": [
					{
						"config": {
							"labels": null,
							"scrape_interval": "15s"
						},
						"name": "cl-3-lodestar-geth",
						"path": "/metrics",
						"url": "cl-3-lodestar-geth:8008"
					}
				],
				"client_name": "lodestar",
				"enr": "enr:-Nq4QHSGHmQqHDJCMKDjFo_xmeuBLkDUEL7X7XgFQgnu02qHA7t57ED9D2RCbn11FOwZZhRWBo2c5wJC1jBS4klHK_4Gh2F0dG5ldHOIAAAAAAAAAAyDY2djBIRldGgykKZmZGmAAAA4AQAAAAAAAACCaWSCdjSCaXCErBAEEINuZmSEIxfSw4lzZWNwMjU2azGhA66IxiQH7Mjgrj8ajonSipq0f0FqF3X8XKLeu5FiIv74iHN5bmNuZXRzAIN0Y3CCmMqEdGNwNoKYyoN1ZHCCmMqEdWRwNoKYyg",
				"http_port": 4000,
				"ip_addr": "cl-3-lodestar-geth",
				"ip_address": "",
				"multiaddr": "/ip4/172.16.4.16/tcp/39114/p2p/16Uiu2HAmQQJFfX5ZrXTKgBTiz3fjqbUxA4UngGn78gJsWdHTZFDh",
				"peer_id": "16Uiu2HAmQQJFfX5ZrXTKgBTiz3fjqbUxA4UngGn78gJsWdHTZFDh",
				"snooper_el_engine_context": null,
				"snooper_enabled": false,
				"supernode": false,
				"validator_keystore_files_artifact_uuid": "3-lodestar-geth-256-383"
			},
			"cl_type": "lodestar",
			"el_context": {
				"client_name": "geth",
				"dns_name": "el-3-geth-lodestar",
				"el_metrics_info": [
					{
						"config": {
							"labels": null,
							"scrape_interval": "15s"
						},
						"name": "el-3-geth-lodestar",
						"path": "/debug/metrics/prometheus",
						"url": "el-3-geth-lodestar:9001"
					}
				],
				"engine_rpc_port_num": 8551,
				"enode": "enode://dbf491716b819505a86d4202deb86e7c6ca491c915b1b43e7a3c4516eaddc4c42e8c7ef2f97807d73e31de42848948517b91b2b12109da941522000386f7c630@172.16.4.12:39214",
				"enr": "enr:-Ke4QP5rRxp2dieEDB83EjllylugYCIzpVxxt7Y2zZYzm-m_BFMbSONgrg7UuynuKMAfpqP87UcqZPikJfJ1ZhLhkKqGAZy6CcCng2V0aMvKhMVKfceEaah2EoJpZIJ2NIJpcISsEAQMiXNlY3AyNTZrMaEC2_SRcWuBlQWobUIC3rhufGykkckVsbQ-ejxFFurdxMSEc25hcMCDdGNwgpkug3VkcIKZLg",
				"ip_addr": "172.16.4.12",
				"rpc_http_url": "http://el-3-geth-lodestar:8545",
				"rpc_port_num": 8545,
				"service_name": "el-3-geth-lodestar",
				"ws_port_num": 8546,
				"ws_url": "ws://el-3-geth-lodestar:8546"
			},
			"el_type": "geth",
			"ethereum_metrics_exporter_context": null,
			"remote_signer_context": null,
			"remote_signer_type": "web3signer",
			"snooper_beacon_context": null,
			"snooper_el_engine_context": null,
			"snooper_el_rpc_context": null,
			"vc_context": {
				"client_name": "lodestar",
				"metrics_info": {
					"config": {
						"labels": null,
						"scrape_interval": "15s"
					},
					"name": "vc-3-geth-lodestar",
					"path": "/metrics",
					"url": "vc-3-geth-lodestar:8080"
				},
				"service_name": "vc-3-geth-lodestar"
			},
			"vc_type": "lodestar",
			"xatu_sentry_context": null
		},
		{
			"cl_context": {
				"beacon_grpc_url": "",
				"beacon_http_url": "http://cl-4-lodestar-geth:4000",
				"beacon_service_name": "cl-4-lodestar-geth",
				"cl_nodes_metrics_info": [
					{
						"config": {
							"labels": null,
							"scrape_interval": "15s"
						},
						"name": "cl-4-lodestar-geth",
						"path": "/metrics",
						"url": "cl-4-lodestar-geth:8008"
					}
				],
				"client_name": "lodestar",
				"enr": "enr:-Nq4QH1MnPKeVB0te2Qc4dazKBK41K3ELGfQMr4ZnUOYmgc9CiR4-O1ZMUca8TU7CiaMYgezUQcK_mRVCF4ni59z9HMGh2F0dG5ldHOIAAAAAAAMAACDY2djBIRldGgykKZmZGmAAAA4AQAAAAAAAACCaWSCdjSCaXCErBAEEYNuZmSEIxfSw4lzZWNwMjU2azGhAwqQ3l65vRrjZxZ4BHaPfHFPxM0LzCnhRNXbi2SOKNeviHN5bmNuZXRzAIN0Y3CCmNGEdGNwNoKY0YN1ZHCCmNGEdWRwNoKY0Q",
				"http_port": 4000,
				"ip_addr": "cl-4-lodestar-geth",
				"ip_address": "",
				"multiaddr": "/ip4/172.16.4.17/tcp/39121/p2p/16Uiu2HAmDNEYrzH6gQFkufciK1Gdhf5Lp9Pyjz1monHJmcJL3YVU",
				"peer_id": "16Uiu2HAmDNEYrzH6gQFkufciK1Gdhf5Lp9Pyjz1monHJmcJL3YVU",
				"snooper_el_engine_context": null,
				"snooper_enabled": false,
				"supernode": false,
				"validator_keystore_files_artifact_uuid": "4-lodestar-geth-384-511"
			},
			"cl_type": "lodestar",
			"el_context": {
				"client_name": "geth",
				"dns_name": "el-4-geth-lodestar",
				"el_metrics_info": [
					{
						"config": {
							"labels": null,
							"scrape_interval": "15s"
						},
						"name": "el-4-geth-lodestar",
						"path": "/debug/metrics/prometheus",
						"url": "el-4-geth-lodestar:9001"
					}
				],
				"engine_rpc_port_num": 8551,
				"enode": "enode://0408c7eb821ecb43ca778178165e6f07d1bc9ac9470d250ea4b3b359fbab852d21d95e889c71b9ba6ee70c8e429a29f975de64bd84b35c4b7913603477fe51bc@172.16.4.13:39221",
				"enr": "enr:-Ke4QJj4iawcMjgRG6DmrEEtYo-8tbOymCNcAcFOu8Lzp9dpGgNdzd-6Kdbgc3sTRpTfWqArA5WYRBvoxQFHS2bXuT-GAZy6CcAng2V0aMvKhMVKfceEaah2EoJpZIJ2NIJpcISsEAQNiXNlY3AyNTZrMaECBAjH64Iey0PKd4F4Fl5vB9G8mslHDSUOpLOzWfurhS2Ec25hcMCDdGNwgpk1g3VkcIKZNQ",
				"ip_addr": "172.16.4.13",
				"rpc_http_url": "http://el-4-geth-lodestar:8545",
				"rpc_port_num": 8545,
				"service_name": "el-4-geth-lodestar",
				"ws_port_num": 8546,
				"ws_url": "ws://el-4-geth-lodestar:8546"
			},
			"el_type": "geth",
			"ethereum_metrics_exporter_context": null,
			"remote_signer_context": null,
			"remote_signer_type": "web3signer",
			"snooper_beacon_context": null,
			"snooper_el_engine_context": null,
			"snooper_el_rpc_context": null,
			"vc_context": {
				"client_name": "lodestar",
				"metrics_info": {
					"config": {
						"labels": null,
						"scrape_interval": "15s"
					},
					"name": "vc-4-geth-lodestar",
					"path": "/metrics",
					"url": "vc-4-geth-lodestar:8080"
				},
				"service_name": "vc-4-geth-lodestar"
			},
			"vc_type": "lodestar",
			"xatu_sentry_context": null
		}
	],
	"blockscout_sc_verif_url": null,
	"final_genesis_timestamp": "1772647762",
	"genesis_validators_root": "0x92d4b4030504d606f5151abcef1deca16d90d5a4d9249e2f3e70f5020e6cb526",
	"grafana_info": {
		"dashboard_path": "/d/QdTOwy-nz/eth2-merge-kurtosis-module-dashboard?orgId=1",
		"password": "admin",
		"user": "admin"
	},
	"network_id": "3151908",
	"network_params": {
		"additional_mnemonics": [],
		"additional_preloaded_contracts": {},
		"aggregate_due_bps_gloas": 5000,
		"altair_fork_epoch": 0,
		"attestation_due_bps_gloas": 2500,
		"base_fee_update_fraction_electra": 5007716,
		"bellatrix_fork_epoch": 0,
		"bpo_1_base_fee_update_fraction": 8346193,
		"bpo_1_epoch": 0,
		"bpo_1_max_blobs": 15,
		"bpo_1_target_blobs": 10,
		"bpo_2_base_fee_update_fraction": 11684671,
		"bpo_2_epoch": 18446744073709551615,
		"bpo_2_max_blobs": 21,
		"bpo_2_target_blobs": 14,
		"bpo_3_base_fee_update_fraction": 0,
		"bpo_3_epoch": 18446744073709551615,
		"bpo_3_max_blobs": 0,
		"bpo_3_target_blobs": 0,
		"bpo_4_base_fee_update_fraction": 0,
		"bpo_4_epoch": 18446744073709551615,
		"bpo_4_max_blobs": 0,
		"bpo_4_target_blobs": 0,
		"bpo_5_base_fee_update_fraction": 0,
		"bpo_5_epoch": 18446744073709551615,
		"bpo_5_max_blobs": 0,
		"bpo_5_target_blobs": 0,
		"capella_fork_epoch": 0,
		"churn_limit_quotient": 65536,
		"contribution_due_bps_gloas": 5000,
		"custody_requirement": 4,
		"data_column_sidecar_subnet_count": 128,
		"deneb_fork_epoch": 0,
		"deposit_contract_address": "0x00000000219ab540356cBB839Cbe05303d7705Fa",
		"devnet_repo": "ethpandaops",
		"eip7441_fork_epoch": 18446744073709551615,
		"ejection_balance": 16000000000,
		"electra_fork_epoch": 0,
		"eth1_follow_distance": 2048,
		"force_snapshot_sync": false,
		"fulu_fork_epoch": 0,
		"gas_limit": 0,
		"genesis_delay": 20,
		"genesis_gaslimit": 60000000,
		"genesis_time": 0,
		"gloas_fork_epoch": 1,
		"heze_fork_epoch": 18446744073709551615,
		"inclusion_list_submission_due_bps": 6667,
		"max_blobs_per_block_electra": 9,
		"max_payload_size": 10485760,
		"max_per_epoch_activation_churn_limit": 8,
		"max_request_blob_sidecars_electra": 1152,
		"max_request_blocks_deneb": 128,
		"min_builder_withdrawability_delay": 4096,
		"min_epochs_for_block_requests": 33024,
		"min_epochs_for_data_column_sidecars_requests": 4096,
		"min_validator_withdrawability_delay": 256,
		"network": "kurtosis",
		"network_id": "3151908",
		"network_sync_base_url": "https://snapshots.ethpandaops.io/",
		"num_validator_keys_per_node": 128,
		"payload_attestation_due_bps": 7500,
		"perfect_peerdas_enabled": false,
		"prefunded_accounts": {},
		"preregistered_validator_count": 0,
		"preregistered_validator_keys_mnemonic": "giant issue aisle success illegal bike spike question tent bar rely arctic volcano long crawl hungry vocal artwork sniff fantasy very lucky have athlete",
		"preset": "mainnet",
		"proposer_inclusion_list_cutoff_bps": 9167,
		"samples_per_slot": 8,
		"seconds_per_slot": 6,
		"shadowfork_block_height": "latest",
		"shard_committee_period": 256,
		"slot_duration_ms": 6000,
		"sync_message_due_bps_gloas": 2500,
		"target_blobs_per_block_electra": 6,
		"validator_balance": 32,
		"view_freeze_cutoff_bps": 7500,
		"withdrawal_address": "0x8943545177806ED17B9F23F0a21ee5948eCaa776",
		"withdrawal_type": "0x00"
	},
	"pre_funded_accounts": [
		{
			"address": "0x8943545177806ED17B9F23F0a21ee5948eCaa776",
			"private_key": "bcdf20249abf0ed6d944c0288fad489e33f66b3960d9e6229c1cd214ed3bbe31"
		},
		{
			"address": "0xE25583099BA105D9ec0A67f5Ae86D90e50036425",
			"private_key": "39725efee3fb28614de3bacaffe4cc4bd8c436257e2c8bb887c4b5c4be45e76d"
		},
		{
			"address": "0x614561D2d143621E126e87831AEF287678B442b8",
			"private_key": "53321db7c1e331d93a11a41d16f004d7ff63972ec8ec7c25db329728ceeb1710"
		},
		{
			"address": "0xf93Ee4Cf8c6c40b329b0c0626F28333c132CF241",
			"private_key": "ab63b23eb7941c1251757e24b3d2350d2bc05c3c388d06f8fe6feafefb1e8c70"
		},
		{
			"address": "0x802dCbE1B1A97554B4F50DB5119E37E8e7336417",
			"private_key": "5d2344259f42259f82d2c140aa66102ba89b57b4883ee441a8b312622bd42491"
		},
		{
			"address": "0xAe95d8DA9244C37CaC0a3e16BA966a8e852Bb6D6",
			"private_key": "27515f805127bebad2fb9b183508bdacb8c763da16f54e0678b16e8f28ef3fff"
		},
		{
			"address": "0x2c57d1CFC6d5f8E4182a56b4cf75421472eBAEa4",
			"private_key": "7ff1a4c1d57e5e784d327c4c7651e952350bc271f156afb3d00d20f5ef924856"
		},
		{
			"address": "0x741bFE4802cE1C4b5b00F9Df2F5f179A1C89171A",
			"private_key": "3a91003acaf4c21b3953d94fa4a6db694fa69e5242b2e37be05dd82761058899"
		},
		{
			"address": "0xc3913d4D8bAb4914328651C2EAE817C8b78E1f4c",
			"private_key": "bb1d0f125b4fb2bb173c318cdead45468474ca71474e2247776b2b4c0fa2d3f5"
		},
		{
			"address": "0x65D08a056c17Ae13370565B04cF77D2AfA1cB9FA",
			"private_key": "850643a0224065ecce3882673c21f56bcf6eef86274cc21cadff15930b59fc8c"
		},
		{
			"address": "0x3e95dFbBaF6B348396E6674C7871546dCC568e56",
			"private_key": "94eb3102993b41ec55c241060f47daa0f6372e2e3ad7e91612ae36c364042e44"
		},
		{
			"address": "0x5918b2e647464d4743601a865753e64C8059Dc4F",
			"private_key": "daf15504c22a352648a71ef2926334fe040ac1d5005019e09f6c979808024dc7"
		},
		{
			"address": "0x589A698b7b7dA0Bec545177D3963A2741105C7C9",
			"private_key": "eaba42282ad33c8ef2524f07277c03a776d98ae19f581990ce75becb7cfa1c23"
		},
		{
			"address": "0x4d1CB4eB7969f8806E2CaAc0cbbB71f88C8ec413",
			"private_key": "3fd98b5187bf6526734efaa644ffbb4e3670d66f5d0268ce0323ec09124bff61"
		},
		{
			"address": "0xF5504cE2BcC52614F121aff9b93b2001d92715CA",
			"private_key": "5288e2f440c7f0cb61a9be8afdeb4295f786383f96f5e35eb0c94ef103996b64"
		},
		{
			"address": "0xF61E98E7D47aB884C244E39E031978E33162ff4b",
			"private_key": "f296c7802555da2a5a662be70e078cbd38b44f96f8615ae529da41122ce8db05"
		},
		{
			"address": "0xf1424826861ffbbD25405F5145B5E50d0F1bFc90",
			"private_key": "bf3beef3bd999ba9f2451e06936f0423cd62b815c9233dd3bc90f7e02a1e8673"
		},
		{
			"address": "0xfDCe42116f541fc8f7b0776e2B30832bD5621C85",
			"private_key": "6ecadc396415970e91293726c3f5775225440ea0844ae5616135fd10d66b5954"
		},
		{
			"address": "0xD9211042f35968820A3407ac3d80C725f8F75c14",
			"private_key": "a492823c3e193d6c595f37a18e3c06650cf4c74558cc818b16130b293716106f"
		},
		{
			"address": "0xD8F3183DEF51A987222D845be228e0Bbb932C222",
			"private_key": "c5114526e042343c6d1899cad05e1c00ba588314de9b96929914ee0df18d46b2"
		},
		{
			"address": "0xafF0CA253b97e54440965855cec0A8a2E2399896",
			"private_key": "04b9f63ecf84210c5366c66d68fa1f5da1fa4f634fad6dfc86178e4d79ff9e59"
		}
	]
}

⭐ us on GitHub - https://github.com/kurtosis-tech/kurtosis
Name:            epbs-mitigation2-teku1-ls3
UUID:            c853e8f72661
Status:          RUNNING
Creation Time:   Wed, 04 Mar 2026 18:08:25 UTC
Flags:           

========================================= Files Artifacts =========================================
UUID           Name
c409cfb25c47   1-teku-geth-0-127
d019e548467e   2-lodestar-geth-128-255
6d94c93bd0fb   3-lodestar-geth-256-383
e99912a3167a   4-lodestar-geth-384-511
91e7557e44be   dora-config
4a859c6a6abe   el_cl_genesis_data
8c0e6899ad0e   final-genesis-timestamp
2cabf1bc25f4   genesis-el-cl-env-file
9b22343a7695   genesis_validators_root
c00c9b377997   jwt_file
c8f04cd75598   keymanager_file
6d6983345e58   prysm-password
ddd14a5b920b   validator-ranges

========================================== User Services ==========================================
UUID           Name                                             Ports                                         Status
17237cb167de   cl-1-teku-geth                                   http: 4000/tcp -> http://127.0.0.1:39101      RUNNING
                                                                metrics: 8008/tcp -> http://127.0.0.1:39102   
                                                                tcp-discovery: 39100/tcp -> 127.0.0.1:39100   
                                                                udp-discovery: 39100/udp -> 127.0.0.1:39100   
97b3c5b58bae   cl-2-lodestar-geth                               http: 4000/tcp -> http://127.0.0.1:39108      RUNNING
                                                                metrics: 8008/tcp -> http://127.0.0.1:39109   
                                                                tcp-discovery: 39107/tcp -> 127.0.0.1:39107   
                                                                udp-discovery: 39107/udp -> 127.0.0.1:39107   
4851c5834e5c   cl-3-lodestar-geth                               http: 4000/tcp -> http://127.0.0.1:39115      RUNNING
                                                                metrics: 8008/tcp -> http://127.0.0.1:39116   
                                                                tcp-discovery: 39114/tcp -> 127.0.0.1:39114   
                                                                udp-discovery: 39114/udp -> 127.0.0.1:39114   
1869c480d426   cl-4-lodestar-geth                               http: 4000/tcp -> http://127.0.0.1:39122      RUNNING
                                                                metrics: 8008/tcp -> http://127.0.0.1:39123   
                                                                tcp-discovery: 39121/tcp -> 127.0.0.1:39121   
                                                                udp-discovery: 39121/udp -> 127.0.0.1:39121   
4cf195bf5079   dora                                             http: 8080/tcp -> http://127.0.0.1:36923      RUNNING
de233ef87491   el-1-geth-teku                                   engine-rpc: 8551/tcp -> 127.0.0.1:39201       RUNNING
                                                                metrics: 9001/tcp -> http://127.0.0.1:39202   
                                                                rpc: 8545/tcp -> 127.0.0.1:39203              
                                                                tcp-discovery: 39200/tcp -> 127.0.0.1:39200   
                                                                udp-discovery: 39200/udp -> 127.0.0.1:39200   
                                                                ws: 8546/tcp -> 127.0.0.1:39204               
af230e433fe3   el-2-geth-lodestar                               engine-rpc: 8551/tcp -> 127.0.0.1:39208       RUNNING
                                                                metrics: 9001/tcp -> http://127.0.0.1:39209   
                                                                rpc: 8545/tcp -> 127.0.0.1:39210              
                                                                tcp-discovery: 39207/tcp -> 127.0.0.1:39207   
                                                                udp-discovery: 39207/udp -> 127.0.0.1:39207   
                                                                ws: 8546/tcp -> 127.0.0.1:39211               
3bdc2f385024   el-3-geth-lodestar                               engine-rpc: 8551/tcp -> 127.0.0.1:39215       RUNNING
                                                                metrics: 9001/tcp -> http://127.0.0.1:39216   
                                                                rpc: 8545/tcp -> 127.0.0.1:39217              
                                                                tcp-discovery: 39214/tcp -> 127.0.0.1:39214   
                                                                udp-discovery: 39214/udp -> 127.0.0.1:39214   
                                                                ws: 8546/tcp -> 127.0.0.1:39218               
914e8f92b0c3   el-4-geth-lodestar                               engine-rpc: 8551/tcp -> 127.0.0.1:39222       RUNNING
                                                                metrics: 9001/tcp -> http://127.0.0.1:39223   
                                                                rpc: 8545/tcp -> 127.0.0.1:39224              
                                                                tcp-discovery: 39221/tcp -> 127.0.0.1:39221   
                                                                udp-discovery: 39221/udp -> 127.0.0.1:39221   
                                                                ws: 8546/tcp -> 127.0.0.1:39225               
7916a64a55e8   validator-key-generation-cl-validator-keystore   <none>                                        RUNNING
c98a9525c9d7   vc-2-geth-lodestar                               metrics: 8080/tcp -> http://127.0.0.1:36922   RUNNING
97528f34eeea   vc-3-geth-lodestar                               metrics: 8080/tcp -> http://127.0.0.1:36921   RUNNING
65349cb44c55   vc-4-geth-lodestar                               metrics: 8080/tcp -> http://127.0.0.1:36920   RUNNING

