[cl-1-lodestar-geth] Mar-04 17:38:25.536[api]              [32minfo[39m: Produced execution payload envelope slot=23, blockRoot=0x2d05f93562c6b41d0f6105b11280e4b7aeb1a6e103104f8c5b7af326a64d3573, transactions=0, blockHash=0x0422d4a813dc5da806dda33ecb9e15ed81ccacc5c5919dd7e5f79936e304e072
[cl-1-lodestar-geth] Mar-04 17:38:25.549[chain]            [32minfo[39m: Publishing execution payload envelope slot=23, blockRoot=0x2d05f93562c6b41d0f6105b11280e4b7aeb1a6e103104f8c5b7af326a64d3573, builderIndex=Infinity, isSelfBuild=true, dataColumns=0
[cl-1-lodestar-geth] Mar-04 17:38:25.550[chain]            [32minfo[39m: Published execution payload envelope slot=23, blockRoot=0x2d05f93562c6b41d0f6105b11280e4b7aeb1a6e103104f8c5b7af326a64d3573, builderIndex=Infinity, isSelfBuild=true, dataColumns=0, delaySec=0.5409998893737793, sentPeers=1
[cl-1-lodestar-geth] Mar-04 17:38:28.000[]                 [32minfo[39m: Synced - slot: 23 - head: 0x2d05…3573 - exec-block: valid/full(23 0x0422… bid:0x0422…) - finalized: 0x0000…0000:0 - peers: 1
[cl-1-lodestar-geth] Mar-04 17:38:31.001[network]          [32minfo[39m: Unsubscribing gossip topics of previous fork boundary fork=fulu, epoch=0
[cl-1-lodestar-geth] Mar-04 17:38:31.007[network]          [32minfo[39m: Unsubscribing from long lived attnets of previous fork boundary fork=fulu, epoch=0
[cl-1-lodestar-geth] Mar-04 17:38:31.009[network]          [32minfo[39m: Unsubscribing from random attnets of previous fork boundary fork=fulu, epoch=0
[cl-1-lodestar-geth] Mar-04 17:38:34.000[]                 [32minfo[39m: Synced - slot: 24 - head: 0xd0fc…291d - exec-block: valid/full(24 0x1119… bid:0x1119…) - finalized: 0x0000…0000:0 - peers: 1
[cl-1-lodestar-geth] Mar-04 17:38:37.513[chain]            [32minfo[39m: Publishing block slot=25, blockRoot=0x5f308a2591a768bbe0fe09433dc53f553c748c78933f7ce3d99835f525d935c6, bodyRoot=0x92ba9defae037bfcfeb22ee3e07cd853f45bed5123455292964e674961701f18, broadcastValidation=gossip, blockLocallyProduced=true
[cl-1-lodestar-geth] Mar-04 17:38:37.530[api]              [32minfo[39m: Produced execution payload envelope slot=25, blockRoot=0x5f308a2591a768bbe0fe09433dc53f553c748c78933f7ce3d99835f525d935c6, transactions=0, blockHash=0x04b1e03d4dc97ca93232d2fd043b0af8202e89799888df65c635adb5744d4a0b
[cl-1-lodestar-geth] Mar-04 17:38:37.536[chain]            [32minfo[39m: Publishing execution payload envelope slot=25, blockRoot=0x5f308a2591a768bbe0fe09433dc53f553c748c78933f7ce3d99835f525d935c6, builderIndex=Infinity, isSelfBuild=true, dataColumns=0
[cl-1-lodestar-geth] Mar-04 17:38:37.537[chain]            [32minfo[39m: Published execution payload envelope slot=25, blockRoot=0x5f308a2591a768bbe0fe09433dc53f553c748c78933f7ce3d99835f525d935c6, builderIndex=Infinity, isSelfBuild=true, dataColumns=0, delaySec=0.5320000648498535, sentPeers=1
[cl-1-lodestar-geth] Mar-04 17:38:40.000[]                 [32minfo[39m: Synced - slot: 25 - head: 0x5f30…35c6 - exec-block: valid/full(25 0x04b1… bid:0x04b1…) - finalized: 0x0000…0000:0 - peers: 1
[cl-1-lodestar-geth] Mar-04 17:38:43.533[chain]            [32minfo[39m: Publishing block slot=26, blockRoot=0x8c4ac27ea2376f3af671cfe21df8bdb39146a5d3f89f850e7f4d8344e2f06988, bodyRoot=0xe0009f2776203fb582bc4144db1fa911e0ac70facfbae928bf2f231c4af5de2b, broadcastValidation=gossip, blockLocallyProduced=true
[cl-1-lodestar-geth] Mar-04 17:38:43.551[api]              [32minfo[39m: Produced execution payload envelope slot=26, blockRoot=0x8c4ac27ea2376f3af671cfe21df8bdb39146a5d3f89f850e7f4d8344e2f06988, transactions=0, blockHash=0xfec430dd1a02a91d8d48b8c76d0acfe8b6195fb2a97859df67ae09b0d75535be
[cl-1-lodestar-geth] Mar-04 17:38:43.563[chain]            [32minfo[39m: Publishing execution payload envelope slot=26, blockRoot=0x8c4ac27ea2376f3af671cfe21df8bdb39146a5d3f89f850e7f4d8344e2f06988, builderIndex=Infinity, isSelfBuild=true, dataColumns=0
[cl-1-lodestar-geth] Mar-04 17:38:43.563[chain]            [32minfo[39m: Published execution payload envelope slot=26, blockRoot=0x8c4ac27ea2376f3af671cfe21df8bdb39146a5d3f89f850e7f4d8344e2f06988, builderIndex=Infinity, isSelfBuild=true, dataColumns=0, delaySec=0.5559999942779541, sentPeers=1
[cl-1-lodestar-geth] Mar-04 17:38:46.001[]                 [32minfo[39m: Synced - slot: 26 - head: 0x8c4a…6988 - exec-block: valid/full(26 0xfec4… bid:0xfec4…) - finalized: 0x0000…0000:0 - peers: 1
[cl-1-lodestar-geth] Mar-04 17:38:49.515[chain]            [32minfo[39m: Publishing block slot=27, blockRoot=0x0cf2578986be85b5fe5931f3bf00f1944527e7b20183ab43a57053b72d2cd516, bodyRoot=0x1d28bdc2c4d9630a5c23dfab40b74d6a197510e176b266028bbbd192b1e14e4d, broadcastValidation=gossip, blockLocallyProduced=true
[cl-1-lodestar-geth] Mar-04 17:38:49.543[api]              [32minfo[39m: Produced execution payload envelope slot=27, blockRoot=0x0cf2578986be85b5fe5931f3bf00f1944527e7b20183ab43a57053b72d2cd516, transactions=0, blockHash=0xca23880dd0adb9c898a4ede7b2351eb8ed6e5b6cf1656ddfe5f9b2944ba59137
[cl-1-lodestar-geth] Mar-04 17:38:49.560[chain]            [32minfo[39m: Publishing execution payload envelope slot=27, blockRoot=0x0cf2578986be85b5fe5931f3bf00f1944527e7b20183ab43a57053b72d2cd516, builderIndex=Infinity, isSelfBuild=true, dataColumns=0
[cl-1-lodestar-geth] Mar-04 17:38:49.560[chain]            [32minfo[39m: Published execution payload envelope slot=27, blockRoot=0x0cf2578986be85b5fe5931f3bf00f1944527e7b20183ab43a57053b72d2cd516, builderIndex=Infinity, isSelfBuild=true, dataColumns=0, delaySec=0.5510001182556152, sentPeers=1
[cl-1-lodestar-geth] Mar-04 17:38:52.000[]                 [32minfo[39m: Synced - slot: 27 - head: 0x0cf2…d516 - exec-block: valid/full(27 0xca23… bid:0xca23…) - finalized: 0x0000…0000:0 - peers: 1
[cl-1-lodestar-geth] Mar-04 17:38:58.000[]                 [32minfo[39m: Synced - slot: 28 - head: 0x7dbd…fb25 - exec-block: valid/full(28 0xd6c3… bid:0xd6c3…) - finalized: 0x0000…0000:0 - peers: 1
[cl-1-lodestar-geth] Mar-04 17:39:04.001[]                 [32minfo[39m: Synced - slot: 29 - head: 0x48a9…d2a2 - exec-block: valid/full(29 0x1ff4… bid:0x1ff4…) - finalized: 0x0000…0000:0 - peers: 1
[cl-1-lodestar-geth] Mar-04 17:39:10.000[]                 [32minfo[39m: Synced - slot: 30 - head: 0x38f6…9371 - exec-block: valid/full(30 0x6e03… bid:0x6e03…) - finalized: 0x0000…0000:0 - peers: 1
[cl-1-lodestar-geth] Mar-04 17:39:13.515[chain]            [32minfo[39m: Publishing block slot=31, blockRoot=0xdb151ce0da5de349221d409d63112fd5f921d8651e7c79f4d4f226eb35abd472, bodyRoot=0x9bf6fb6b85417732280c61a70ba0ccb5ba9b2f108f0b677df65d7f2c0961535d, broadcastValidation=gossip, blockLocallyProduced=true
[cl-1-lodestar-geth] Mar-04 17:39:13.532[api]              [32minfo[39m: Produced execution payload envelope slot=31, blockRoot=0xdb151ce0da5de349221d409d63112fd5f921d8651e7c79f4d4f226eb35abd472, transactions=0, blockHash=0x0cbba63d4f2ac23a5dc1a0cfb9ac7cbff9a0850ef8def0ef7b0decb07e067d27
[cl-1-lodestar-geth] Mar-04 17:39:13.540[chain]            [32minfo[39m: Publishing execution payload envelope slot=31, blockRoot=0xdb151ce0da5de349221d409d63112fd5f921d8651e7c79f4d4f226eb35abd472, builderIndex=Infinity, isSelfBuild=true, dataColumns=0
[cl-1-lodestar-geth] Mar-04 17:39:13.545[chain]            [32minfo[39m: Published execution payload envelope slot=31, blockRoot=0xdb151ce0da5de349221d409d63112fd5f921d8651e7c79f4d4f226eb35abd472, builderIndex=Infinity, isSelfBuild=true, dataColumns=0, delaySec=0.5339999198913574, sentPeers=1
[cl-1-lodestar-geth] Mar-04 17:39:16.000[]                 [32minfo[39m: Synced - slot: 31 - head: 0xdb15…d472 - exec-block: valid/full(31 0x0cbb… bid:0x0cbb…) - finalized: 0x0000…0000:0 - peers: 1
[cl-1-lodestar-geth] Mar-04 17:39:19.527[chain]            [32minfo[39m: Publishing block slot=32, blockRoot=0x25f6bc718440b91e10a17ab6b56ca84a7c857bf96530c8098830a4ff75aa5b07, bodyRoot=0x524050d01a6bd88e6aff608c24c8c4f65e7c8abe73bde5f808b3f4382b672804, broadcastValidation=gossip, blockLocallyProduced=true
[cl-1-lodestar-geth] Mar-04 17:39:19.543[api]              [32minfo[39m: Produced execution payload envelope slot=32, blockRoot=0x25f6bc718440b91e10a17ab6b56ca84a7c857bf96530c8098830a4ff75aa5b07, transactions=0, blockHash=0xcdfd7c7734b69786feadb83f34f06c9f68f6b73a16442137aa0d45a58bad6851
[cl-1-lodestar-geth] Mar-04 17:39:19.550[chain]            [32minfo[39m: Publishing execution payload envelope slot=32, blockRoot=0x25f6bc718440b91e10a17ab6b56ca84a7c857bf96530c8098830a4ff75aa5b07, builderIndex=Infinity, isSelfBuild=true, dataColumns=0
[cl-1-lodestar-geth] Mar-04 17:39:19.551[chain]            [32minfo[39m: Published execution payload envelope slot=32, blockRoot=0x25f6bc718440b91e10a17ab6b56ca84a7c857bf96530c8098830a4ff75aa5b07, builderIndex=Infinity, isSelfBuild=true, dataColumns=0, delaySec=0.5460000038146973, sentPeers=1
[cl-1-lodestar-geth] Mar-04 17:39:22.000[]                 [32minfo[39m: Synced - slot: 32 - head: 0x25f6…5b07 - exec-block: valid/full(32 0xcdfd… bid:0xcdfd…) - finalized: 0x0b93…eba0:2 - peers: 1
[cl-1-lodestar-geth] Mar-04 17:39:28.000[]                 [32minfo[39m: Synced - slot: 33 - head: 0x93c1…7a6f - exec-block: valid/full(33 0x4fb7… bid:0x4fb7…) - finalized: 0x0b93…eba0:2 - peers: 1
[cl-1-lodestar-geth] Mar-04 17:39:31.517[chain]            [32minfo[39m: Publishing block slot=34, blockRoot=0x0199ecc46971f9d3a8e19173a30e8a8b0c05399b3cce6a607eaa808e598e901b, bodyRoot=0x4eedda868647e98813b907aefe9b1f7735551abf08fc0d02da53f404354bd7c6, broadcastValidation=gossip, blockLocallyProduced=true
[cl-1-lodestar-geth] Mar-04 17:39:31.533[api]              [32minfo[39m: Produced execution payload envelope slot=34, blockRoot=0x0199ecc46971f9d3a8e19173a30e8a8b0c05399b3cce6a607eaa808e598e901b, transactions=0, blockHash=0x1cd8133a498a7819ea722fe7feff709b0b916451c1bcbe568996fcee1037d164
[cl-1-lodestar-geth] Mar-04 17:39:31.540[chain]            [32minfo[39m: Publishing execution payload envelope slot=34, blockRoot=0x0199ecc46971f9d3a8e19173a30e8a8b0c05399b3cce6a607eaa808e598e901b, builderIndex=Infinity, isSelfBuild=true, dataColumns=0
[cl-1-lodestar-geth] Mar-04 17:39:31.541[chain]            [32minfo[39m: Published execution payload envelope slot=34, blockRoot=0x0199ecc46971f9d3a8e19173a30e8a8b0c05399b3cce6a607eaa808e598e901b, builderIndex=Infinity, isSelfBuild=true, dataColumns=0, delaySec=0.5350000858306885, sentPeers=1
[cl-1-lodestar-geth] Mar-04 17:39:34.001[]                 [32minfo[39m: Synced - slot: 34 - head: 0x0199…901b - exec-block: valid/full(34 0x1cd8… bid:0x1cd8…) - finalized: 0x0b93…eba0:2 - peers: 1
[cl-1-lodestar-geth] Mar-04 17:39:40.000[]                 [32minfo[39m: Synced - slot: 35 - head: 0x03e7…1720 - exec-block: valid/full(35 0x5b94… bid:0x5b94…) - finalized: 0x0b93…eba0:2 - peers: 1
[cl-1-lodestar-geth] Mar-04 17:39:43.514[chain]            [32minfo[39m: Publishing block slot=36, blockRoot=0x24a08fff2a9308e2ff22f75c7b72d9a045752ed1c2d984c125b75138af7b3ef5, bodyRoot=0xc557975ce06a056acfdf86027e7b657389ecddb7441ebccbacc0455447f30a68, broadcastValidation=gossip, blockLocallyProduced=true
[cl-1-lodestar-geth] Mar-04 17:39:43.527[api]              [32minfo[39m: Produced execution payload envelope slot=36, blockRoot=0x24a08fff2a9308e2ff22f75c7b72d9a045752ed1c2d984c125b75138af7b3ef5, transactions=0, blockHash=0x00f49a3344e57ab5fa574a9546ddaf9584ec06db63e37485fef2a4eccd74e37a
[cl-1-lodestar-geth] Mar-04 17:39:43.533[chain]            [32minfo[39m: Publishing execution payload envelope slot=36, blockRoot=0x24a08fff2a9308e2ff22f75c7b72d9a045752ed1c2d984c125b75138af7b3ef5, builderIndex=Infinity, isSelfBuild=true, dataColumns=0
[cl-1-lodestar-geth] Mar-04 17:39:43.534[chain]            [32minfo[39m: Published execution payload envelope slot=36, blockRoot=0x24a08fff2a9308e2ff22f75c7b72d9a045752ed1c2d984c125b75138af7b3ef5, builderIndex=Infinity, isSelfBuild=true, dataColumns=0, delaySec=0.5290000438690186, sentPeers=1
[cl-1-lodestar-geth] Mar-04 17:39:46.000[]                 [32minfo[39m: Synced - slot: 36 - head: 0x24a0…3ef5 - exec-block: valid/full(36 0x00f4… bid:0x00f4…) - finalized: 0x0b93…eba0:2 - peers: 1
[cl-1-lodestar-geth] Mar-04 17:39:49.511[chain]            [32minfo[39m: Publishing block slot=37, blockRoot=0xe71e1ed36849c032389ff111ab7fe4586751747c348b33ad2533a4cc89d6234f, bodyRoot=0xc751f6c4d31f60657747976ae66a6efc2a4b4385595f1f492bdd82c4cff59525, broadcastValidation=gossip, blockLocallyProduced=true
[cl-1-lodestar-geth] Mar-04 17:39:49.527[api]              [32minfo[39m: Produced execution payload envelope slot=37, blockRoot=0xe71e1ed36849c032389ff111ab7fe4586751747c348b33ad2533a4cc89d6234f, transactions=0, blockHash=0xdf226d919ebbbde93f8091346bde17c6b61c6d1b1301f026cc571ac473df064a
[cl-1-lodestar-geth] Mar-04 17:39:49.535[chain]            [32minfo[39m: Publishing execution payload envelope slot=37, blockRoot=0xe71e1ed36849c032389ff111ab7fe4586751747c348b33ad2533a4cc89d6234f, builderIndex=Infinity, isSelfBuild=true, dataColumns=0
[cl-1-lodestar-geth] Mar-04 17:39:49.536[chain]            [32minfo[39m: Published execution payload envelope slot=37, blockRoot=0xe71e1ed36849c032389ff111ab7fe4586751747c348b33ad2533a4cc89d6234f, builderIndex=Infinity, isSelfBuild=true, dataColumns=0, delaySec=0.5299999713897705, sentPeers=1
[cl-1-lodestar-geth] Mar-04 17:39:52.000[]                 [32minfo[39m: Synced - slot: 37 - head: 0xe71e…234f - exec-block: valid/full(37 0xdf22… bid:0xdf22…) - finalized: 0x0b93…eba0:2 - peers: 1
[cl-1-lodestar-geth] Mar-04 17:39:58.001[]                 [32minfo[39m: Synced - slot: 38 - head: 0xf2f2…3d63 - exec-block: valid/full(38 0x2250… bid:0x2250…) - finalized: 0x0b93…eba0:2 - peers: 1
[cl-1-lodestar-geth] Mar-04 17:40:01.516[chain]            [32minfo[39m: Publishing block slot=39, blockRoot=0xa67231680d0dfb2afb60f3ade8d682364f1df5fc25af689f229c029258187c80, bodyRoot=0x482b4d5a08ae185f86f0229451e2fb4c34598eb43b201489a1e078239d3e63dc, broadcastValidation=gossip, blockLocallyProduced=true
[cl-1-lodestar-geth] Mar-04 17:40:01.534[api]              [32minfo[39m: Produced execution payload envelope slot=39, blockRoot=0xa67231680d0dfb2afb60f3ade8d682364f1df5fc25af689f229c029258187c80, transactions=0, blockHash=0x40f503568d1a0aaf698a5532840f77d6edf4109fad9ad4e8533541488129e7ba
[cl-1-lodestar-geth] Mar-04 17:40:01.541[chain]            [32minfo[39m: Publishing execution payload envelope slot=39, blockRoot=0xa67231680d0dfb2afb60f3ade8d682364f1df5fc25af689f229c029258187c80, builderIndex=Infinity, isSelfBuild=true, dataColumns=0
[cl-1-lodestar-geth] Mar-04 17:40:01.544[chain]            [32minfo[39m: Published execution payload envelope slot=39, blockRoot=0xa67231680d0dfb2afb60f3ade8d682364f1df5fc25af689f229c029258187c80, builderIndex=Infinity, isSelfBuild=true, dataColumns=0, delaySec=0.5369999408721924, sentPeers=1
[cl-1-lodestar-geth] Mar-04 17:40:04.000[]                 [32minfo[39m: Synced - slot: 39 - head: 0xa672…7c80 - exec-block: valid/full(39 0x40f5… bid:0x40f5…) - finalized: 0x0b93…eba0:2 - peers: 1
[cl-1-lodestar-geth] Mar-04 17:40:10.000[]                 [32minfo[39m: Synced - slot: 40 - head: 0xeca0…6def - exec-block: valid/full(40 0xc2b8… bid:0xc2b8…) - finalized: 0xd0fc…291d:3 - peers: 1
[cl-1-lodestar-geth] Mar-04 17:40:13.517[chain]            [32minfo[39m: Publishing block slot=41, blockRoot=0x6d6374eb1a8f5c298274832f41ddb47ef31248fb8f63b6949adefaddaa53a8ef, bodyRoot=0x36fdf5d7a02a0a9df32c11c67e6286f9a83d86fa8bbf872610292ac9b7a8a0b9, broadcastValidation=gossip, blockLocallyProduced=true
[cl-1-lodestar-geth] Mar-04 17:40:13.533[api]              [32minfo[39m: Produced execution payload envelope slot=41, blockRoot=0x6d6374eb1a8f5c298274832f41ddb47ef31248fb8f63b6949adefaddaa53a8ef, transactions=0, blockHash=0x04916a3577ad8cfece9f014ce094cceff5929565f110217703a3d757454cfa0a
[cl-1-lodestar-geth] Mar-04 17:40:13.540[chain]            [32minfo[39m: Publishing execution payload envelope slot=41, blockRoot=0x6d6374eb1a8f5c298274832f41ddb47ef31248fb8f63b6949adefaddaa53a8ef, builderIndex=Infinity, isSelfBuild=true, dataColumns=0
[cl-1-lodestar-geth] Mar-04 17:40:13.541[chain]            [32minfo[39m: Published execution payload envelope slot=41, blockRoot=0x6d6374eb1a8f5c298274832f41ddb47ef31248fb8f63b6949adefaddaa53a8ef, builderIndex=Infinity, isSelfBuild=true, dataColumns=0, delaySec=0.5350000858306885, sentPeers=1
[cl-1-lodestar-geth] Mar-04 17:40:16.001[]                 [32minfo[39m: Synced - slot: 41 - head: 0x6d63…a8ef - exec-block: valid/full(41 0x0491… bid:0x0491…) - finalized: 0xd0fc…291d:3 - peers: 1
[cl-1-lodestar-geth] Mar-04 17:40:19.515[chain]            [32minfo[39m: Publishing block slot=42, blockRoot=0xf7b542cfabce2a46e7d6b8796d3aa7b3681a88abe51dd6d496ba1f53522680bd, bodyRoot=0x15964afa813db2c2b4242402536e4642da82c3ddae42f9c7c066e457d6a2afd2, broadcastValidation=gossip, blockLocallyProduced=true
[cl-1-lodestar-geth] Mar-04 17:40:19.530[api]              [32minfo[39m: Produced execution payload envelope slot=42, blockRoot=0xf7b542cfabce2a46e7d6b8796d3aa7b3681a88abe51dd6d496ba1f53522680bd, transactions=0, blockHash=0x20420f25a22e15df8e651ec9c2269c7ae349045f690a231eb9bc58dc2196fa43
[cl-1-lodestar-geth] Mar-04 17:40:19.536[chain]            [32minfo[39m: Publishing execution payload envelope slot=42, blockRoot=0xf7b542cfabce2a46e7d6b8796d3aa7b3681a88abe51dd6d496ba1f53522680bd, builderIndex=Infinity, isSelfBuild=true, dataColumns=0
[cl-1-lodestar-geth] Mar-04 17:40:19.536[chain]            [32minfo[39m: Published execution payload envelope slot=42, blockRoot=0xf7b542cfabce2a46e7d6b8796d3aa7b3681a88abe51dd6d496ba1f53522680bd, builderIndex=Infinity, isSelfBuild=true, dataColumns=0, delaySec=0.5320000648498535, sentPeers=1
[cl-1-lodestar-geth] Mar-04 17:40:22.000[]                 [32minfo[39m: Synced - slot: 42 - head: 0xf7b5…80bd - exec-block: valid/full(42 0x2042… bid:0x2042…) - finalized: 0xd0fc…291d:3 - peers: 1
[cl-1-lodestar-geth] Mar-04 17:40:25.512[chain]            [32minfo[39m: Publishing block slot=43, blockRoot=0x1fb27509a58f4277e76964bced5b7024e001ac93f67f483dd657a20c28acb5c8, bodyRoot=0xd46cf9e16882d686a139085965c12383eb88f93afc01cdbce0c5dc051c0fdb21, broadcastValidation=gossip, blockLocallyProduced=true
[cl-1-lodestar-geth] Mar-04 17:40:25.526[api]              [32minfo[39m: Produced execution payload envelope slot=43, blockRoot=0x1fb27509a58f4277e76964bced5b7024e001ac93f67f483dd657a20c28acb5c8, transactions=0, blockHash=0x824e4171630d8a785a4b6e18d567585c69f30e7c519d7bdb47fe95b9d4cfad50
[cl-1-lodestar-geth] Mar-04 17:40:25.532[chain]            [32minfo[39m: Publishing execution payload envelope slot=43, blockRoot=0x1fb27509a58f4277e76964bced5b7024e001ac93f67f483dd657a20c28acb5c8, builderIndex=Infinity, isSelfBuild=true, dataColumns=0
[cl-1-lodestar-geth] Mar-04 17:40:25.533[chain]            [32minfo[39m: Published execution payload envelope slot=43, blockRoot=0x1fb27509a58f4277e76964bced5b7024e001ac93f67f483dd657a20c28acb5c8, builderIndex=Infinity, isSelfBuild=true, dataColumns=0, delaySec=0.5280001163482666, sentPeers=1
[cl-1-lodestar-geth] Mar-04 17:40:28.000[]                 [32minfo[39m: Synced - slot: 43 - head: 0x1fb2…b5c8 - exec-block: valid/full(43 0x824e… bid:0x824e…) - finalized: 0xd0fc…291d:3 - peers: 1
[cl-1-lodestar-geth] Mar-04 17:40:31.512[chain]            [32minfo[39m: Publishing block slot=44, blockRoot=0xbe98226be5a7a82f533bea939076a2bf6aa246ae13d7e099096f4ad6477a5fd9, bodyRoot=0x027baf2473b85e5fd757250ebb3cdc7a6dbff5ebc09d70b955152449f9a9f67c, broadcastValidation=gossip, blockLocallyProduced=true
[cl-1-lodestar-geth] Mar-04 17:40:31.529[api]              [32minfo[39m: Produced execution payload envelope slot=44, blockRoot=0xbe98226be5a7a82f533bea939076a2bf6aa246ae13d7e099096f4ad6477a5fd9, transactions=0, blockHash=0x05a39b38ca6ea9ee355c6676a9be3eb24b746bdb603508920a1b22da9c07421c
[cl-1-lodestar-geth] Mar-04 17:40:31.538[chain]            [32minfo[39m: Publishing execution payload envelope slot=44, blockRoot=0xbe98226be5a7a82f533bea939076a2bf6aa246ae13d7e099096f4ad6477a5fd9, builderIndex=Infinity, isSelfBuild=true, dataColumns=0
[cl-1-lodestar-geth] Mar-04 17:40:31.538[chain]            [32minfo[39m: Published execution payload envelope slot=44, blockRoot=0xbe98226be5a7a82f533bea939076a2bf6aa246ae13d7e099096f4ad6477a5fd9, builderIndex=Infinity, isSelfBuild=true, dataColumns=0, delaySec=0.5329999923706055, sentPeers=1
[cl-1-lodestar-geth] Mar-04 17:40:34.000[]                 [32minfo[39m: Synced - slot: 44 - head: 0xbe98…5fd9 - exec-block: valid/full(44 0x05a3… bid:0x05a3…) - finalized: 0xd0fc…291d:3 - peers: 1
[cl-1-lodestar-geth] Mar-04 17:40:40.000[]                 [32minfo[39m: Synced - slot: 45 - head: 0x09b4…606c - exec-block: valid/full(45 0x6656… bid:0x6656…) - finalized: 0xd0fc…291d:3 - peers: 1
[cl-1-lodestar-geth] Mar-04 17:40:46.001[]                 [32minfo[39m: Synced - slot: 46 - head: 0x53b1…54fb - exec-block: valid/full(46 0xbc56… bid:0xbc56…) - finalized: 0xd0fc…291d:3 - peers: 1
[cl-1-lodestar-geth] Mar-04 17:40:52.000[]                 [32minfo[39m: Synced - slot: 47 - head: 0x9641…1ae9 - exec-block: valid/full(47 0x708c… bid:0x708c…) - finalized: 0xd0fc…291d:3 - peers: 1
[cl-1-lodestar-geth] Mar-04 17:40:55.521[chain]            [32minfo[39m: Publishing block slot=48, blockRoot=0xcb80878408e48f5031eec73e781633661330f0df7be61dae9be9a4f07e5d0a53, bodyRoot=0x093ff891e3ebcb41e01522360da17fa4325197d419df190be87f6ed39fc6e7f8, broadcastValidation=gossip, blockLocallyProduced=true
[cl-1-lodestar-geth] Mar-04 17:40:55.536[api]              [32minfo[39m: Produced execution payload envelope slot=48, blockRoot=0xcb80878408e48f5031eec73e781633661330f0df7be61dae9be9a4f07e5d0a53, transactions=0, blockHash=0x89116ef3d8096b1b941d8bd372cd9d9a44ebf970b491af4d64f716cd89756895
[cl-1-lodestar-geth] Mar-04 17:40:55.542[chain]            [32minfo[39m: Publishing execution payload envelope slot=48, blockRoot=0xcb80878408e48f5031eec73e781633661330f0df7be61dae9be9a4f07e5d0a53, builderIndex=Infinity, isSelfBuild=true, dataColumns=0
[cl-1-lodestar-geth] Mar-04 17:40:55.543[chain]            [32minfo[39m: Published execution payload envelope slot=48, blockRoot=0xcb80878408e48f5031eec73e781633661330f0df7be61dae9be9a4f07e5d0a53, builderIndex=Infinity, isSelfBuild=true, dataColumns=0, delaySec=0.5390000343322754, sentPeers=1
[cl-1-lodestar-geth] Mar-04 17:40:58.000[]                 [32minfo[39m: Synced - slot: 48 - head: 0xcb80…0a53 - exec-block: valid/full(48 0x8911… bid:0x8911…) - finalized: 0x25f6…5b07:4 - peers: 1
[cl-1-lodestar-geth] Mar-04 17:41:04.000[]                 [32minfo[39m: Synced - slot: 49 - head: 0x2b32…a6f8 - exec-block: valid/full(49 0xd049… bid:0xd049…) - finalized: 0x25f6…5b07:4 - peers: 1
[cl-1-lodestar-geth] Mar-04 17:41:07.524[chain]            [32minfo[39m: Publishing block slot=50, blockRoot=0x2ddd4fb6c7e0672eaaef6448f34c2b20235749ddbc28df0a8783a1c1bd91fe31, bodyRoot=0x902830ad79f15b7b7ec5ee886942110e9deea73f2528ad5e374bdaeccafd0c17, broadcastValidation=gossip, blockLocallyProduced=true
[cl-1-lodestar-geth] Mar-04 17:41:07.539[api]              [32minfo[39m: Produced execution payload envelope slot=50, blockRoot=0x2ddd4fb6c7e0672eaaef6448f34c2b20235749ddbc28df0a8783a1c1bd91fe31, transactions=0, blockHash=0xe2af534fcde5efaa890d65fadff1a0e7c524f491587fa7ebb079b7cd6b9387fa
[cl-1-lodestar-geth] Mar-04 17:41:07.545[chain]            [32minfo[39m: Publishing execution payload envelope slot=50, blockRoot=0x2ddd4fb6c7e0672eaaef6448f34c2b20235749ddbc28df0a8783a1c1bd91fe31, builderIndex=Infinity, isSelfBuild=true, dataColumns=0
[cl-1-lodestar-geth] Mar-04 17:41:07.546[chain]            [32minfo[39m: Published execution payload envelope slot=50, blockRoot=0x2ddd4fb6c7e0672eaaef6448f34c2b20235749ddbc28df0a8783a1c1bd91fe31, builderIndex=Infinity, isSelfBuild=true, dataColumns=0, delaySec=0.5409998893737793, sentPeers=1
[cl-1-lodestar-geth] Mar-04 17:41:10.000[]                 [32minfo[39m: Synced - slot: 50 - head: 0x2ddd…fe31 - exec-block: valid/full(50 0xe2af… bid:0xe2af…) - finalized: 0x25f6…5b07:4 - peers: 1
[cl-1-lodestar-geth] Mar-04 17:41:13.512[chain]            [32minfo[39m: Publishing block slot=51, blockRoot=0x9436c289d5bff9ad47316437af5c4aa2e7aa5d2837192601d2ba29b026ec7fd0, bodyRoot=0x4cfb361713737267eabc7acc4ac669924ea69e089ac9a1fe2e69ffc456e5bc03, broadcastValidation=gossip, blockLocallyProduced=true
[cl-1-lodestar-geth] Mar-04 17:41:13.529[api]              [32minfo[39m: Produced execution payload envelope slot=51, blockRoot=0x9436c289d5bff9ad47316437af5c4aa2e7aa5d2837192601d2ba29b026ec7fd0, transactions=0, blockHash=0x4ac6ec1acbb29c884df9ed02eaace5759a943693c4155d820f2ff48195e4fdd7
[cl-1-lodestar-geth] Mar-04 17:41:13.537[chain]            [32minfo[39m: Publishing execution payload envelope slot=51, blockRoot=0x9436c289d5bff9ad47316437af5c4aa2e7aa5d2837192601d2ba29b026ec7fd0, builderIndex=Infinity, isSelfBuild=true, dataColumns=0
[cl-1-lodestar-geth] Mar-04 17:41:13.537[chain]            [32minfo[39m: Published execution payload envelope slot=51, blockRoot=0x9436c289d5bff9ad47316437af5c4aa2e7aa5d2837192601d2ba29b026ec7fd0, builderIndex=Infinity, isSelfBuild=true, dataColumns=0, delaySec=0.5309998989105225, sentPeers=1
[cl-1-lodestar-geth] Mar-04 17:41:16.000[]                 [32minfo[39m: Synced - slot: 51 - head: 0x9436…7fd0 - exec-block: valid/full(51 0x4ac6… bid:0x4ac6…) - finalized: 0x25f6…5b07:4 - peers: 1
[cl-1-lodestar-geth] Mar-04 17:41:19.514[chain]            [32minfo[39m: Publishing block slot=52, blockRoot=0xece83686e8086af8e30a6fbbcf9865db88cee7e3840bf6aac0ae50b6b846040f, bodyRoot=0xb7f47abd59a2b45c7dd0f901fc127dca6b975e868c4c82472c6e6ebbdbc0d9bb, broadcastValidation=gossip, blockLocallyProduced=true
[cl-1-lodestar-geth] Mar-04 17:41:19.530[api]              [32minfo[39m: Produced execution payload envelope slot=52, blockRoot=0xece83686e8086af8e30a6fbbcf9865db88cee7e3840bf6aac0ae50b6b846040f, transactions=0, blockHash=0x2ef5a8564ca8bbb73842e72d0c6781eb210e2f2e3ba45d7f84918c095c98550f
[cl-1-lodestar-geth] Mar-04 17:41:19.537[chain]            [32minfo[39m: Publishing execution payload envelope slot=52, blockRoot=0xece83686e8086af8e30a6fbbcf9865db88cee7e3840bf6aac0ae50b6b846040f, builderIndex=Infinity, isSelfBuild=true, dataColumns=0
[cl-1-lodestar-geth] Mar-04 17:41:19.537[chain]            [32minfo[39m: Published execution payload envelope slot=52, blockRoot=0xece83686e8086af8e30a6fbbcf9865db88cee7e3840bf6aac0ae50b6b846040f, builderIndex=Infinity, isSelfBuild=true, dataColumns=0, delaySec=0.5329999923706055, sentPeers=1
[cl-1-lodestar-geth] Mar-04 17:41:22.000[]                 [32minfo[39m: Synced - slot: 52 - head: 0xece8…040f - exec-block: valid/full(52 0x2ef5… bid:0x2ef5…) - finalized: 0x25f6…5b07:4 - peers: 1
[cl-1-lodestar-geth] Mar-04 17:41:25.515[chain]            [32minfo[39m: Publishing block slot=53, blockRoot=0xa340c2691f1b43a3a9c09f4dce7850f27c824310db26ef73931702436886ced9, bodyRoot=0xe1a89696b5347bfa86e54d0cfb5618fff22820a73c2dbe3af97882711f6cff15, broadcastValidation=gossip, blockLocallyProduced=true
[cl-1-lodestar-geth] Mar-04 17:41:25.532[api]              [32minfo[39m: Produced execution payload envelope slot=53, blockRoot=0xa340c2691f1b43a3a9c09f4dce7850f27c824310db26ef73931702436886ced9, transactions=0, blockHash=0x311f3df102a8221d58dc89a26818823aa8513eee1751827f3b76ed7d4ddf9081
[cl-1-lodestar-geth] Mar-04 17:41:25.542[chain]            [32minfo[39m: Publishing execution payload envelope slot=53, blockRoot=0xa340c2691f1b43a3a9c09f4dce7850f27c824310db26ef73931702436886ced9, builderIndex=Infinity, isSelfBuild=true, dataColumns=0
[cl-1-lodestar-geth] Mar-04 17:41:25.543[chain]            [32minfo[39m: Published execution payload envelope slot=53, blockRoot=0xa340c2691f1b43a3a9c09f4dce7850f27c824310db26ef73931702436886ced9, builderIndex=Infinity, isSelfBuild=true, dataColumns=0, delaySec=0.5360000133514404, sentPeers=1
[cl-1-lodestar-geth] Mar-04 17:41:28.001[]                 [32minfo[39m: Synced - slot: 53 - head: 0xa340…ced9 - exec-block: valid/full(53 0x311f… bid:0x311f…) - finalized: 0x25f6…5b07:4 - peers: 1
[cl-1-lodestar-geth] Mar-04 17:41:34.000[]                 [32minfo[39m: Synced - slot: 54 - head: 0x7868…34da - exec-block: valid/full(54 0xf731… bid:0xf731…) - finalized: 0x25f6…5b07:4 - peers: 1
[cl-1-lodestar-geth] Mar-04 17:41:40.000[]                 [32minfo[39m: Synced - slot: 55 - head: 0x00c5…08d3 - exec-block: valid/full(55 0xeca9… bid:0xeca9…) - finalized: 0x25f6…5b07:4 - peers: 1
[cl-1-lodestar-geth] Mar-04 17:41:43.527[chain]            [32minfo[39m: Publishing block slot=56, blockRoot=0x84a8a49f1866092467e46421bac1f6cf0a540e79acd160bb59075baa9448d24c, bodyRoot=0xd0d48af4e36f321734a2d9e5f80f4d1e4b476e46ad9ca127210a043d00e4910d, broadcastValidation=gossip, blockLocallyProduced=true
[cl-1-lodestar-geth] Mar-04 17:41:43.541[api]              [32minfo[39m: Produced execution payload envelope slot=56, blockRoot=0x84a8a49f1866092467e46421bac1f6cf0a540e79acd160bb59075baa9448d24c, transactions=0, blockHash=0xf4192d283d23d6d65956cff0adf57b5df51bf9f78a8544b2250438633f771e30
[cl-1-lodestar-geth] Mar-04 17:41:43.548[chain]            [32minfo[39m: Publishing execution payload envelope slot=56, blockRoot=0x84a8a49f1866092467e46421bac1f6cf0a540e79acd160bb59075baa9448d24c, builderIndex=Infinity, isSelfBuild=true, dataColumns=0
[cl-1-lodestar-geth] Mar-04 17:41:43.549[chain]            [32minfo[39m: Published execution payload envelope slot=56, blockRoot=0x84a8a49f1866092467e46421bac1f6cf0a540e79acd160bb59075baa9448d24c, builderIndex=Infinity, isSelfBuild=true, dataColumns=0, delaySec=0.5429999828338623, sentPeers=1
[cl-1-lodestar-geth] Mar-04 17:41:46.000[]                 [32minfo[39m: Synced - slot: 56 - head: 0x84a8…d24c - exec-block: valid/full(56 0xf419… bid:0xf419…) - finalized: 0xeca0…6def:5 - peers: 1
[cl-1-lodestar-geth] Mar-04 17:41:49.519[chain]            [32minfo[39m: Publishing block slot=57, blockRoot=0x86d1118571d36f439646388f4489295386f48b5b8c470d514ff49960c98bb71c, bodyRoot=0x0d5de5741575e89e0b1eb0fdb15ad01181b08008b63ab2dffd4db0ccd2eaf1dc, broadcastValidation=gossip, blockLocallyProduced=true
[cl-1-lodestar-geth] Mar-04 17:41:49.540[api]              [32minfo[39m: Produced execution payload envelope slot=57, blockRoot=0x86d1118571d36f439646388f4489295386f48b5b8c470d514ff49960c98bb71c, transactions=0, blockHash=0x363edfbb22f08170e22c0e27e2b2d1738302a4010b38ca02ea67ef13fadbce6c
[cl-1-lodestar-geth] Mar-04 17:41:49.546[chain]            [32minfo[39m: Publishing execution payload envelope slot=57, blockRoot=0x86d1118571d36f439646388f4489295386f48b5b8c470d514ff49960c98bb71c, builderIndex=Infinity, isSelfBuild=true, dataColumns=0
[cl-1-lodestar-geth] Mar-04 17:41:49.548[chain]            [32minfo[39m: Published execution payload envelope slot=57, blockRoot=0x86d1118571d36f439646388f4489295386f48b5b8c470d514ff49960c98bb71c, builderIndex=Infinity, isSelfBuild=true, dataColumns=0, delaySec=0.5420000553131104, sentPeers=1
[cl-1-lodestar-geth] Mar-04 17:41:52.000[]                 [32minfo[39m: Synced - slot: 57 - head: 0x86d1…b71c - exec-block: valid/full(57 0x363e… bid:0x363e…) - finalized: 0xeca0…6def:5 - peers: 1
[cl-1-lodestar-geth] Mar-04 17:41:55.522[chain]            [32minfo[39m: Publishing block slot=58, blockRoot=0xa3c6bd762f39dcc3df66cf14dde1e8a27f66c68ba71f135f3fbc7a0883af5a1e, bodyRoot=0x5c6b6e89694bab5dbef385431d8281e893671c414a77a8d70595c0ebcd82e000, broadcastValidation=gossip, blockLocallyProduced=true
[cl-1-lodestar-geth] Mar-04 17:41:55.537[api]              [32minfo[39m: Produced execution payload envelope slot=58, blockRoot=0xa3c6bd762f39dcc3df66cf14dde1e8a27f66c68ba71f135f3fbc7a0883af5a1e, transactions=0, blockHash=0x483bb60f997206eeb6fae79db7f8a491645503547169e75e40473f43bee176f2
[cl-1-lodestar-geth] Mar-04 17:41:55.543[chain]            [32minfo[39m: Publishing execution payload envelope slot=58, blockRoot=0xa3c6bd762f39dcc3df66cf14dde1e8a27f66c68ba71f135f3fbc7a0883af5a1e, builderIndex=Infinity, isSelfBuild=true, dataColumns=0
[cl-1-lodestar-geth] Mar-04 17:41:55.544[chain]            [32minfo[39m: Published execution payload envelope slot=58, blockRoot=0xa3c6bd762f39dcc3df66cf14dde1e8a27f66c68ba71f135f3fbc7a0883af5a1e, builderIndex=Infinity, isSelfBuild=true, dataColumns=0, delaySec=0.5390000343322754, sentPeers=1
[cl-1-lodestar-geth] Mar-04 17:41:58.001[]                 [32minfo[39m: Synced - slot: 58 - head: 0xa3c6…5a1e - exec-block: valid/full(58 0x483b… bid:0x483b…) - finalized: 0xeca0…6def:5 - peers: 1
[cl-1-lodestar-geth] Mar-04 17:42:04.000[]                 [32minfo[39m: Synced - slot: 59 - head: 0x1e22…4f97 - exec-block: valid/full(59 0x675e… bid:0x675e…) - finalized: 0xeca0…6def:5 - peers: 1
[cl-1-lodestar-geth] Mar-04 17:42:10.000[]                 [32minfo[39m: Synced - slot: 60 - head: 0xf7af…29e0 - exec-block: valid/full(60 0x8d9e… bid:0x8d9e…) - finalized: 0xeca0…6def:5 - peers: 1
[cl-1-lodestar-geth] Mar-04 17:42:13.512[chain]            [32minfo[39m: Publishing block slot=61, blockRoot=0x0aa4a9789b1bda4f3392a959618d5e7b72b11919b18279367524544bffdeee49, bodyRoot=0x9728873ed399ea87bb88d7fae7f71a87fc317dcd2bfd26cd901fe31af8b35cfd, broadcastValidation=gossip, blockLocallyProduced=true
[cl-1-lodestar-geth] Mar-04 17:42:13.528[api]              [32minfo[39m: Produced execution payload envelope slot=61, blockRoot=0x0aa4a9789b1bda4f3392a959618d5e7b72b11919b18279367524544bffdeee49, transactions=0, blockHash=0xa6e9f8fd6432b00738a4af1dbc63e56414fbab7199e5d8430423da5fb38f4df7
[cl-1-lodestar-geth] Mar-04 17:42:13.536[chain]            [32minfo[39m: Publishing execution payload envelope slot=61, blockRoot=0x0aa4a9789b1bda4f3392a959618d5e7b72b11919b18279367524544bffdeee49, builderIndex=Infinity, isSelfBuild=true, dataColumns=0
[cl-1-lodestar-geth] Mar-04 17:42:13.536[chain]            [32minfo[39m: Published execution payload envelope slot=61, blockRoot=0x0aa4a9789b1bda4f3392a959618d5e7b72b11919b18279367524544bffdeee49, builderIndex=Infinity, isSelfBuild=true, dataColumns=0, delaySec=0.5299999713897705, sentPeers=1
[cl-1-lodestar-geth] Mar-04 17:42:16.001[]                 [32minfo[39m: Synced - slot: 61 - head: 0x0aa4…ee49 - exec-block: valid/full(61 0xa6e9… bid:0xa6e9…) - finalized: 0xeca0…6def:5 - peers: 1
[cl-1-lodestar-geth] Mar-04 17:42:22.000[]                 [32minfo[39m: Synced - slot: 62 - head: 0xf4d4…c86e - exec-block: valid/full(62 0xccb6… bid:0xccb6…) - finalized: 0xeca0…6def:5 - peers: 1
[cl-1-lodestar-geth] Mar-04 17:42:28.003[]                 [32minfo[39m: Synced - slot: 63 - head: 0x4a77…5680 - exec-block: valid/full(63 0xff86… bid:0xff86…) - finalized: 0xeca0…6def:5 - peers: 1
[cl-1-lodestar-geth] Mar-04 17:42:34.001[]                 [32minfo[39m: Synced - slot: 64 - head: 0x1c32…4462 - exec-block: valid/full(64 0x8417… bid:0x8417…) - finalized: 0xcb80…0a53:6 - peers: 1
[cl-1-lodestar-geth] Mar-04 17:42:34.001[]                 [32minfo[39m: New sync committee period 1
[cl-1-lodestar-geth] Mar-04 17:42:40.001[]                 [32minfo[39m: Synced - slot: 65 - head: 0xc2b8…843a - exec-block: valid/full(65 0x804d… bid:0x804d…) - finalized: 0xcb80…0a53:6 - peers: 1
[cl-1-lodestar-geth] Mar-04 17:42:43.512[chain]            [32minfo[39m: Publishing block slot=66, blockRoot=0x330c82a913005bfd6ec47c726c2cc79d64d7a61e72197618d4c07948a6bef585, bodyRoot=0xccd0485716e1b0b2a8f791850d5bee24f7bb1db187d78e3109ca2cee69f50cd1, broadcastValidation=gossip, blockLocallyProduced=true
[cl-1-lodestar-geth] Mar-04 17:42:43.527[api]              [32minfo[39m: Produced execution payload envelope slot=66, blockRoot=0x330c82a913005bfd6ec47c726c2cc79d64d7a61e72197618d4c07948a6bef585, transactions=0, blockHash=0xd185d5fbad73e09566565de839bfbbc89d6c32846af6867ec3220b3cd0e9a826
[cl-1-lodestar-geth] Mar-04 17:42:43.538[chain]            [32minfo[39m: Publishing execution payload envelope slot=66, blockRoot=0x330c82a913005bfd6ec47c726c2cc79d64d7a61e72197618d4c07948a6bef585, builderIndex=Infinity, isSelfBuild=true, dataColumns=0
[cl-1-lodestar-geth] Mar-04 17:42:43.538[chain]            [32minfo[39m: Published execution payload envelope slot=66, blockRoot=0x330c82a913005bfd6ec47c726c2cc79d64d7a61e72197618d4c07948a6bef585, builderIndex=Infinity, isSelfBuild=true, dataColumns=0, delaySec=0.5299999713897705, sentPeers=1
[cl-1-lodestar-geth] Mar-04 17:42:46.000[]                 [32minfo[39m: Synced - slot: 66 - head: 0x330c…f585 - exec-block: valid/full(66 0xd185… bid:0xd185…) - finalized: 0xcb80…0a53:6 - peers: 1
[cl-1-lodestar-geth] Mar-04 17:42:49.514[chain]            [32minfo[39m: Publishing block slot=67, blockRoot=0x565fa6ab39d6b5b87f620c9197968118f4a5d09320b7334edc528a2196acef27, bodyRoot=0x8d4d97926365e34bfb98effe41fb0f96d268d79252fbe05309b5a0d934d2fd17, broadcastValidation=gossip, blockLocallyProduced=true
[cl-1-lodestar-geth] Mar-04 17:42:49.537[api]              [32minfo[39m: Produced execution payload envelope slot=67, blockRoot=0x565fa6ab39d6b5b87f620c9197968118f4a5d09320b7334edc528a2196acef27, transactions=0, blockHash=0xeebb86d4660a6ff2156b36e8176483931a3227d5be9e125447decb32a53d89c6
[cl-1-lodestar-geth] Mar-04 17:42:49.547[chain]            [32minfo[39m: Publishing execution payload envelope slot=67, blockRoot=0x565fa6ab39d6b5b87f620c9197968118f4a5d09320b7334edc528a2196acef27, builderIndex=Infinity, isSelfBuild=true, dataColumns=0
[cl-1-lodestar-geth] Mar-04 17:42:49.548[chain]            [32minfo[39m: Published execution payload envelope slot=67, blockRoot=0x565fa6ab39d6b5b87f620c9197968118f4a5d09320b7334edc528a2196acef27, builderIndex=Infinity, isSelfBuild=true, dataColumns=0, delaySec=0.5399999618530273, sentPeers=1
[cl-1-lodestar-geth] Mar-04 17:42:52.000[]                 [32minfo[39m: Synced - slot: 67 - head: 0x565f…ef27 - exec-block: valid/full(67 0xeebb… bid:0xeebb…) - finalized: 0xcb80…0a53:6 - peers: 1
[cl-1-lodestar-geth] Mar-04 17:42:58.001[]                 [32minfo[39m: Synced - slot: 68 - head: 0x9f63…ae1a - exec-block: valid/full(68 0x3fc1… bid:0x3fc1…) - finalized: 0xcb80…0a53:6 - peers: 1
[cl-1-lodestar-geth] Mar-04 17:43:01.515[chain]            [32minfo[39m: Publishing block slot=69, blockRoot=0xc7e8070068e98f59f74a1107a069c5e003db60d93ab1fc37b854c8e19b82ece3, bodyRoot=0x1a9d4b48146007ae6704d884def539f702ccfb3680646372a129773f81958fc4, broadcastValidation=gossip, blockLocallyProduced=true
[cl-1-lodestar-geth] Mar-04 17:43:01.533[api]              [32minfo[39m: Produced execution payload envelope slot=69, blockRoot=0xc7e8070068e98f59f74a1107a069c5e003db60d93ab1fc37b854c8e19b82ece3, transactions=0, blockHash=0x93396d0b688b4a7ee46234c4289e4878d82a5e3d63ba83fb4e25a6b1a7851185
[cl-1-lodestar-geth] Mar-04 17:43:01.541[chain]            [32minfo[39m: Publishing execution payload envelope slot=69, blockRoot=0xc7e8070068e98f59f74a1107a069c5e003db60d93ab1fc37b854c8e19b82ece3, builderIndex=Infinity, isSelfBuild=true, dataColumns=0
[cl-1-lodestar-geth] Mar-04 17:43:01.541[chain]            [32minfo[39m: Published execution payload envelope slot=69, blockRoot=0xc7e8070068e98f59f74a1107a069c5e003db60d93ab1fc37b854c8e19b82ece3, builderIndex=Infinity, isSelfBuild=true, dataColumns=0, delaySec=0.5360000133514404, sentPeers=1
[cl-1-lodestar-geth] Mar-04 17:43:04.001[]                 [32minfo[39m: Synced - slot: 69 - head: 0xc7e8…ece3 - exec-block: valid/full(69 0x9339… bid:0x9339…) - finalized: 0xcb80…0a53:6 - peers: 1
[cl-1-lodestar-geth] Mar-04 17:43:07.514[chain]            [32minfo[39m: Publishing block slot=70, blockRoot=0x8f3402117492b624f6eaba10d8eb54990c0a19fad2f49b586072af99d1901c2f, bodyRoot=0x7e56b45e8e8b13473f4b6903241c79c64301ab078daf4418efc29d5049708165, broadcastValidation=gossip, blockLocallyProduced=true
[cl-1-lodestar-geth] Mar-04 17:43:07.530[api]              [32minfo[39m: Produced execution payload envelope slot=70, blockRoot=0x8f3402117492b624f6eaba10d8eb54990c0a19fad2f49b586072af99d1901c2f, transactions=0, blockHash=0xb9085671500e1756846bbaf64d6c30fc56fb0b8469b16636ce6387078d1d741a
[cl-1-lodestar-geth] Mar-04 17:43:07.538[chain]            [32minfo[39m: Publishing execution payload envelope slot=70, blockRoot=0x8f3402117492b624f6eaba10d8eb54990c0a19fad2f49b586072af99d1901c2f, builderIndex=Infinity, isSelfBuild=true, dataColumns=0
[cl-1-lodestar-geth] Mar-04 17:43:07.539[chain]            [32minfo[39m: Published execution payload envelope slot=70, blockRoot=0x8f3402117492b624f6eaba10d8eb54990c0a19fad2f49b586072af99d1901c2f, builderIndex=Infinity, isSelfBuild=true, dataColumns=0, delaySec=0.5339999198913574, sentPeers=1
[cl-1-lodestar-geth] Mar-04 17:43:10.000[]                 [32minfo[39m: Synced - slot: 70 - head: 0x8f34…1c2f - exec-block: valid/full(70 0xb908… bid:0xb908…) - finalized: 0xcb80…0a53:6 - peers: 1
[cl-1-lodestar-geth] Mar-04 17:43:13.513[chain]            [32minfo[39m: Publishing block slot=71, blockRoot=0x81b31b5c416be7a79ea35bd87942b160d09fa4583507f362109eb2689df838c4, bodyRoot=0x6e42413224929415e7bdfbc33a64cf44d4dc2f0017631a9339e7a607bc387a56, broadcastValidation=gossip, blockLocallyProduced=true
[cl-1-lodestar-geth] Mar-04 17:43:13.530[api]              [32minfo[39m: Produced execution payload envelope slot=71, blockRoot=0x81b31b5c416be7a79ea35bd87942b160d09fa4583507f362109eb2689df838c4, transactions=0, blockHash=0x6a62f6023d7d1b1873917594cb27f86a05b16698b8e56a7885fe8ff8e661e337
[cl-1-lodestar-geth] Mar-04 17:43:13.537[chain]            [32minfo[39m: Publishing execution payload envelope slot=71, blockRoot=0x81b31b5c416be7a79ea35bd87942b160d09fa4583507f362109eb2689df838c4, builderIndex=Infinity, isSelfBuild=true, dataColumns=0
[cl-1-lodestar-geth] Mar-04 17:43:13.538[chain]            [32minfo[39m: Published execution payload envelope slot=71, blockRoot=0x81b31b5c416be7a79ea35bd87942b160d09fa4583507f362109eb2689df838c4, builderIndex=Infinity, isSelfBuild=true, dataColumns=0, delaySec=0.5320000648498535, sentPeers=1
[cl-1-lodestar-geth] Mar-04 17:43:16.001[]                 [32minfo[39m: Synced - slot: 71 - head: 0x81b3…38c4 - exec-block: valid/full(71 0x6a62… bid:0x6a62…) - finalized: 0xcb80…0a53:6 - peers: 1
[cl-1-lodestar-geth] Mar-04 17:43:19.516[chain]            [32minfo[39m: Publishing block slot=72, blockRoot=0x427ccbb5dc0158fdfb4ba9e565f59dad2f94eeec636a565c61f9ff171c15240d, bodyRoot=0x29492d7c4215af2e977e1604b39e704ab4e07000e871f2fb8cbea7f92939f480, broadcastValidation=gossip, blockLocallyProduced=true
[cl-1-lodestar-geth] Mar-04 17:43:19.531[api]              [32minfo[39m: Produced execution payload envelope slot=72, blockRoot=0x427ccbb5dc0158fdfb4ba9e565f59dad2f94eeec636a565c61f9ff171c15240d, transactions=0, blockHash=0x1c6b101a18b0f5a623c4bdb6e752a20883fcbaf2c1a3996b519f9e7bd973d08d
[cl-1-lodestar-geth] Mar-04 17:43:19.537[chain]            [32minfo[39m: Publishing execution payload envelope slot=72, blockRoot=0x427ccbb5dc0158fdfb4ba9e565f59dad2f94eeec636a565c61f9ff171c15240d, builderIndex=Infinity, isSelfBuild=true, dataColumns=0
[cl-1-lodestar-geth] Mar-04 17:43:19.537[chain]            [32minfo[39m: Published execution payload envelope slot=72, blockRoot=0x427ccbb5dc0158fdfb4ba9e565f59dad2f94eeec636a565c61f9ff171c15240d, builderIndex=Infinity, isSelfBuild=true, dataColumns=0, delaySec=0.5329999923706055, sentPeers=1
[cl-1-lodestar-geth] Mar-04 17:43:22.000[]                 [32minfo[39m: Synced - slot: 72 - head: 0x427c…240d - exec-block: valid/full(72 0x1c6b… bid:0x1c6b…) - finalized: 0x84a8…d24c:7 - peers: 1
[cl-1-lodestar-geth] Mar-04 17:43:28.000[]                 [32minfo[39m: Synced - slot: 73 - head: 0x1aad…a0b0 - exec-block: valid/full(73 0xb2f9… bid:0xb2f9…) - finalized: 0x84a8…d24c:7 - peers: 1
[cl-1-lodestar-geth] Mar-04 17:43:31.512[chain]            [32minfo[39m: Publishing block slot=74, blockRoot=0x53fb472637d64c751e787c7784108b20c8011fc772b0d530bf98c4183e5f2efc, bodyRoot=0x55a4dc7afe7628ddf92cc711053e2a387b833b36dc87ee60b7c007096fda10ba, broadcastValidation=gossip, blockLocallyProduced=true
[cl-1-lodestar-geth] Mar-04 17:43:31.528[api]              [32minfo[39m: Produced execution payload envelope slot=74, blockRoot=0x53fb472637d64c751e787c7784108b20c8011fc772b0d530bf98c4183e5f2efc, transactions=0, blockHash=0x5e15503bbb2570df363ba77d1273871fe6d8b32f836f5efe949a90424a4c1b65
[cl-1-lodestar-geth] Mar-04 17:43:31.536[chain]            [32minfo[39m: Publishing execution payload envelope slot=74, blockRoot=0x53fb472637d64c751e787c7784108b20c8011fc772b0d530bf98c4183e5f2efc, builderIndex=Infinity, isSelfBuild=true, dataColumns=0
[cl-1-lodestar-geth] Mar-04 17:43:31.537[chain]            [32minfo[39m: Published execution payload envelope slot=74, blockRoot=0x53fb472637d64c751e787c7784108b20c8011fc772b0d530bf98c4183e5f2efc, builderIndex=Infinity, isSelfBuild=true, dataColumns=0, delaySec=0.5320000648498535, sentPeers=1
[cl-1-lodestar-geth] Mar-04 17:43:34.001[]                 [32minfo[39m: Synced - slot: 74 - head: 0x53fb…2efc - exec-block: valid/full(74 0x5e15… bid:0x5e15…) - finalized: 0x84a8…d24c:7 - peers: 1
[cl-1-lodestar-geth] Mar-04 17:43:40.001[]                 [32minfo[39m: Synced - slot: 75 - head: 0xfa6f…aaa7 - exec-block: valid/full(75 0x3136… bid:0x3136…) - finalized: 0x84a8…d24c:7 - peers: 1
[cl-1-lodestar-geth] Mar-04 17:43:43.513[chain]            [32minfo[39m: Publishing block slot=76, blockRoot=0x90bf4a858ec5e81c25b0732741fcb386a680a9bd5956cbe70c97c41515dcd5db, bodyRoot=0x83c7eec283c288298f59ba1637a631f8b83f1c281224862f2447215837bfe3f3, broadcastValidation=gossip, blockLocallyProduced=true
[cl-1-lodestar-geth] Mar-04 17:43:43.529[api]              [32minfo[39m: Produced execution payload envelope slot=76, blockRoot=0x90bf4a858ec5e81c25b0732741fcb386a680a9bd5956cbe70c97c41515dcd5db, transactions=0, blockHash=0xf5c84eb3941d5b5bf71f1a14bd80ae67601ec85159bf37e91a19b836604f67d8
[cl-1-lodestar-geth] Mar-04 17:43:43.537[chain]            [32minfo[39m: Publishing execution payload envelope slot=76, blockRoot=0x90bf4a858ec5e81c25b0732741fcb386a680a9bd5956cbe70c97c41515dcd5db, builderIndex=Infinity, isSelfBuild=true, dataColumns=0
[cl-1-lodestar-geth] Mar-04 17:43:43.543[chain]            [32minfo[39m: Published execution payload envelope slot=76, blockRoot=0x90bf4a858ec5e81c25b0732741fcb386a680a9bd5956cbe70c97c41515dcd5db, builderIndex=Infinity, isSelfBuild=true, dataColumns=0, delaySec=0.5309998989105225, sentPeers=1
[cl-1-lodestar-geth] Mar-04 17:43:46.000[]                 [32minfo[39m: Synced - slot: 76 - head: 0x90bf…d5db - exec-block: valid/full(76 0xf5c8… bid:0xf5c8…) - finalized: 0x84a8…d24c:7 - peers: 1
[cl-1-lodestar-geth] Mar-04 17:43:49.518[chain]            [32minfo[39m: Publishing block slot=77, blockRoot=0xfada2b1facfccc3ded602c5a95a5c92e76ae6b01a37cbf7c2d98a23fe63cf993, bodyRoot=0x27dcdf1dafbb472a002e92769efe4915e20d4ba02687c5b0069483783c204e77, broadcastValidation=gossip, blockLocallyProduced=true
[cl-1-lodestar-geth] Mar-04 17:43:49.534[api]              [32minfo[39m: Produced execution payload envelope slot=77, blockRoot=0xfada2b1facfccc3ded602c5a95a5c92e76ae6b01a37cbf7c2d98a23fe63cf993, transactions=0, blockHash=0x57e33ea84c93170e33bf24c4c0afecbd3066858e2460055f5a6f60c6ad84c56f
[cl-1-lodestar-geth] Mar-04 17:43:49.540[chain]            [32minfo[39m: Publishing execution payload envelope slot=77, blockRoot=0xfada2b1facfccc3ded602c5a95a5c92e76ae6b01a37cbf7c2d98a23fe63cf993, builderIndex=Infinity, isSelfBuild=true, dataColumns=0
[cl-1-lodestar-geth] Mar-04 17:43:49.542[chain]            [32minfo[39m: Published execution payload envelope slot=77, blockRoot=0xfada2b1facfccc3ded602c5a95a5c92e76ae6b01a37cbf7c2d98a23fe63cf993, builderIndex=Infinity, isSelfBuild=true, dataColumns=0, delaySec=0.5360000133514404, sentPeers=1
[cl-1-lodestar-geth] Mar-04 17:43:52.000[]                 [32minfo[39m: Synced - slot: 77 - head: 0xfada…f993 - exec-block: valid/full(77 0x57e3… bid:0x57e3…) - finalized: 0x84a8…d24c:7 - peers: 1
[cl-1-lodestar-geth] Mar-04 17:43:58.000[]                 [32minfo[39m: Synced - slot: 78 - head: 0x662c…7361 - exec-block: valid/full(78 0x126c… bid:0x126c…) - finalized: 0x84a8…d24c:7 - peers: 1
[cl-1-lodestar-geth] Mar-04 17:44:01.514[chain]            [32minfo[39m: Publishing block slot=79, blockRoot=0x41315df2b0ca9cbdad61efb58009aa52646f0a6b7d2d92de2862b5398d19757e, bodyRoot=0x127c2ec1fd7783c89ea492a78df458b92b3c226ceb83a035bc82678a22d2f457, broadcastValidation=gossip, blockLocallyProduced=true
[cl-1-lodestar-geth] Mar-04 17:44:01.531[api]              [32minfo[39m: Produced execution payload envelope slot=79, blockRoot=0x41315df2b0ca9cbdad61efb58009aa52646f0a6b7d2d92de2862b5398d19757e, transactions=0, blockHash=0x0c091fea2ff25004ab5c70b244ee01c169c9f4e6a3b26bb264d90644fbf305c3
[cl-1-lodestar-geth] Mar-04 17:44:01.539[chain]            [32minfo[39m: Publishing execution payload envelope slot=79, blockRoot=0x41315df2b0ca9cbdad61efb58009aa52646f0a6b7d2d92de2862b5398d19757e, builderIndex=Infinity, isSelfBuild=true, dataColumns=0
[cl-1-lodestar-geth] Mar-04 17:44:01.540[chain]            [32minfo[39m: Published execution payload envelope slot=79, blockRoot=0x41315df2b0ca9cbdad61efb58009aa52646f0a6b7d2d92de2862b5398d19757e, builderIndex=Infinity, isSelfBuild=true, dataColumns=0, delaySec=0.5339999198913574, sentPeers=1
[cl-1-lodestar-geth] Mar-04 17:44:04.003[]                 [32minfo[39m: Synced - slot: 79 - head: 0x4131…757e - exec-block: valid/full(79 0x0c09… bid:0x0c09…) - finalized: 0x84a8…d24c:7 - peers: 1
[cl-1-lodestar-geth] Mar-04 17:44:10.002[]                 [32minfo[39m: Synced - slot: 80 - head: 0xd33d…f478 - exec-block: valid/full(80 0x2ea9… bid:0x2ea9…) - finalized: 0x1c32…4462:8 - peers: 1
[cl-1-lodestar-geth] Mar-04 17:44:13.514[chain]            [32minfo[39m: Publishing block slot=81, blockRoot=0xa651904e632f0f59f1d9baa6231288f960c914c467196f5c771d3093fc3dc788, bodyRoot=0x2e58e81a92ea3454993fd311dd1c3f7d7d690af2ad68253e0818c2c0de552413, broadcastValidation=gossip, blockLocallyProduced=true
[cl-1-lodestar-geth] Mar-04 17:44:13.532[api]              [32minfo[39m: Produced execution payload envelope slot=81, blockRoot=0xa651904e632f0f59f1d9baa6231288f960c914c467196f5c771d3093fc3dc788, transactions=0, blockHash=0xe6aacf4d1e6829137a39f4618222b1c5112cf213faa1b90aed3d9dbb05d01e9a
[cl-1-lodestar-geth] Mar-04 17:44:13.540[chain]            [32minfo[39m: Publishing execution payload envelope slot=81, blockRoot=0xa651904e632f0f59f1d9baa6231288f960c914c467196f5c771d3093fc3dc788, builderIndex=Infinity, isSelfBuild=true, dataColumns=0
[cl-1-lodestar-geth] Mar-04 17:44:13.543[chain]            [32minfo[39m: Published execution payload envelope slot=81, blockRoot=0xa651904e632f0f59f1d9baa6231288f960c914c467196f5c771d3093fc3dc788, builderIndex=Infinity, isSelfBuild=true, dataColumns=0, delaySec=0.5339999198913574, sentPeers=1
[cl-1-lodestar-geth] Mar-04 17:44:16.000[]                 [32minfo[39m: Synced - slot: 81 - head: 0xa651…c788 - exec-block: valid/full(81 0xe6aa… bid:0xe6aa…) - finalized: 0x1c32…4462:8 - peers: 1
[cl-1-lodestar-geth] Mar-04 17:44:22.001[]                 [32minfo[39m: Synced - slot: 82 - head: 0x6591…0d86 - exec-block: valid/full(82 0x6ce6… bid:0x6ce6…) - finalized: 0x1c32…4462:8 - peers: 1
[cl-1-lodestar-geth] Mar-04 17:44:28.000[]                 [32minfo[39m: Synced - slot: 83 - head: 0xa268…9c33 - exec-block: valid/full(83 0xa0d1… bid:0xa0d1…) - finalized: 0x1c32…4462:8 - peers: 1
