[cl-2-lodestar-geth] Mar-04 17:37:37.536[api]              [32minfo[39m: Produced execution payload envelope slot=15, blockRoot=0xbd4d312b1f8adb0e9c0150206dc80d6f064f8f7b3eb0020ab42b1a90c44def95, transactions=0, blockHash=0xb55b69eb7e813983c98fe487bac07f918b1d6ecff01df75ba17e38650b7d797f
[cl-2-lodestar-geth] Mar-04 17:37:37.545[chain]            [32minfo[39m: Publishing execution payload envelope slot=15, blockRoot=0xbd4d312b1f8adb0e9c0150206dc80d6f064f8f7b3eb0020ab42b1a90c44def95, builderIndex=Infinity, isSelfBuild=true, dataColumns=0
[cl-2-lodestar-geth] Mar-04 17:37:37.546[chain]            [32minfo[39m: Published execution payload envelope slot=15, blockRoot=0xbd4d312b1f8adb0e9c0150206dc80d6f064f8f7b3eb0020ab42b1a90c44def95, builderIndex=Infinity, isSelfBuild=true, dataColumns=0, delaySec=0.5390000343322754, sentPeers=1
[cl-2-lodestar-geth] Mar-04 17:37:40.003[]                 [32minfo[39m: Synced - slot: 15 - head: 0xbd4d…ef95 - exec-block: valid/full(15 0xb55b… bid:0xb55b…) - finalized: 0x0000…0000:0 - peers: 1
[cl-2-lodestar-geth] Mar-04 17:37:46.000[]                 [32minfo[39m: Synced - slot: 16 - head: 0x0b93…eba0 - exec-block: valid/full(16 0x5a1e… bid:0x5a1e…) - finalized: 0x0000…0000:0 - peers: 1
[cl-2-lodestar-geth] Mar-04 17:37:52.000[]                 [32minfo[39m: Synced - slot: 17 - head: 0xc739…a20b - exec-block: valid/full(17 0x817a… bid:0x817a…) - finalized: 0x0000…0000:0 - peers: 1
[cl-2-lodestar-geth] Mar-04 17:37:55.514[chain]            [32minfo[39m: Publishing block slot=18, blockRoot=0x0f479e5c88c781701a463514cc8b0867b368814609d7c33a4bc8654acf66ce5d, bodyRoot=0x1436674cf71b95a47ad763672a4ca6f91e8775191760eab073c032ff5374195d, broadcastValidation=gossip, blockLocallyProduced=true
[cl-2-lodestar-geth] Mar-04 17:37:55.533[api]              [32minfo[39m: Produced execution payload envelope slot=18, blockRoot=0x0f479e5c88c781701a463514cc8b0867b368814609d7c33a4bc8654acf66ce5d, transactions=0, blockHash=0x56b4687dd6397cd647ce8321e76af1b4177fb94283046ec4d9c6df89dbf927f7
[cl-2-lodestar-geth] Mar-04 17:37:55.540[chain]            [32minfo[39m: Publishing execution payload envelope slot=18, blockRoot=0x0f479e5c88c781701a463514cc8b0867b368814609d7c33a4bc8654acf66ce5d, builderIndex=Infinity, isSelfBuild=true, dataColumns=0
[cl-2-lodestar-geth] Mar-04 17:37:55.541[chain]            [32minfo[39m: Published execution payload envelope slot=18, blockRoot=0x0f479e5c88c781701a463514cc8b0867b368814609d7c33a4bc8654acf66ce5d, builderIndex=Infinity, isSelfBuild=true, dataColumns=0, delaySec=0.5360000133514404, sentPeers=1
[cl-2-lodestar-geth] Mar-04 17:37:58.000[]                 [32minfo[39m: Synced - slot: 18 - head: 0x0f47…ce5d - exec-block: valid/full(18 0x56b4… bid:0x56b4…) - finalized: 0x0000…0000:0 - peers: 1
[cl-2-lodestar-geth] Mar-04 17:38:04.000[]                 [32minfo[39m: Synced - slot: 19 - head: 0xc8e8…0468 - exec-block: valid/full(19 0x173f… bid:0x173f…) - finalized: 0x0000…0000:0 - peers: 1
[cl-2-lodestar-geth] Mar-04 17:38:07.516[chain]            [32minfo[39m: Publishing block slot=20, blockRoot=0xc35df6da8db8b8367496f0f463cca974c57acdfa5d94f2036763df768f74b6f8, bodyRoot=0x1c18e4be982e12836d0d9740d5a2b9923608ef466c850fe0bc62ec1c32aac7d5, broadcastValidation=gossip, blockLocallyProduced=true
[cl-2-lodestar-geth] Mar-04 17:38:07.533[api]              [32minfo[39m: Produced execution payload envelope slot=20, blockRoot=0xc35df6da8db8b8367496f0f463cca974c57acdfa5d94f2036763df768f74b6f8, transactions=0, blockHash=0x9d08d837c73f6540624a8c3434e602aa671dbf2603063c7422dfdb2aa421e1f9
[cl-2-lodestar-geth] Mar-04 17:38:07.541[chain]            [32minfo[39m: Publishing execution payload envelope slot=20, blockRoot=0xc35df6da8db8b8367496f0f463cca974c57acdfa5d94f2036763df768f74b6f8, builderIndex=Infinity, isSelfBuild=true, dataColumns=0
[cl-2-lodestar-geth] Mar-04 17:38:07.542[chain]            [32minfo[39m: Published execution payload envelope slot=20, blockRoot=0xc35df6da8db8b8367496f0f463cca974c57acdfa5d94f2036763df768f74b6f8, builderIndex=Infinity, isSelfBuild=true, dataColumns=0, delaySec=0.5360000133514404, sentPeers=1
[cl-2-lodestar-geth] Mar-04 17:38:10.000[]                 [32minfo[39m: Synced - slot: 20 - head: 0xc35d…b6f8 - exec-block: valid/full(20 0x9d08… bid:0x9d08…) - finalized: 0x0000…0000:0 - peers: 1
[cl-2-lodestar-geth] Mar-04 17:38:13.513[chain]            [32minfo[39m: Publishing block slot=21, blockRoot=0x97c809aa0bfdf1ecac7bec066edd5483ba3e8fd4d6165d9577aa3c49aadee90a, bodyRoot=0x67c69b49da3fca5355f7e528631d4252e8143502b1b58e87ce8f6b793fbba591, broadcastValidation=gossip, blockLocallyProduced=true
[cl-2-lodestar-geth] Mar-04 17:38:13.531[api]              [32minfo[39m: Produced execution payload envelope slot=21, blockRoot=0x97c809aa0bfdf1ecac7bec066edd5483ba3e8fd4d6165d9577aa3c49aadee90a, transactions=0, blockHash=0xf14369d8b39ca99f83ea27f2a45144fb0b306b9cfc9a60a742b31cc1c81013d3
[cl-2-lodestar-geth] Mar-04 17:38:13.539[chain]            [32minfo[39m: Publishing execution payload envelope slot=21, blockRoot=0x97c809aa0bfdf1ecac7bec066edd5483ba3e8fd4d6165d9577aa3c49aadee90a, builderIndex=Infinity, isSelfBuild=true, dataColumns=0
[cl-2-lodestar-geth] Mar-04 17:38:13.540[chain]            [32minfo[39m: Published execution payload envelope slot=21, blockRoot=0x97c809aa0bfdf1ecac7bec066edd5483ba3e8fd4d6165d9577aa3c49aadee90a, builderIndex=Infinity, isSelfBuild=true, dataColumns=0, delaySec=0.5339999198913574, sentPeers=1
[cl-2-lodestar-geth] Mar-04 17:38:16.000[]                 [32minfo[39m: Synced - slot: 21 - head: 0x97c8…e90a - exec-block: valid/full(21 0xf143… bid:0xf143…) - finalized: 0x0000…0000:0 - peers: 1
[cl-2-lodestar-geth] Mar-04 17:38:19.514[chain]            [32minfo[39m: Publishing block slot=22, blockRoot=0x980621f5bd3bf66da4b936ced25b21f8b6af5397e9ed736e966168be11542cf6, bodyRoot=0x655af2b2c537a409c021434660f68f7bc322f536b034deff33f4b7e076a1f57a, broadcastValidation=gossip, blockLocallyProduced=true
[cl-2-lodestar-geth] Mar-04 17:38:19.532[api]              [32minfo[39m: Produced execution payload envelope slot=22, blockRoot=0x980621f5bd3bf66da4b936ced25b21f8b6af5397e9ed736e966168be11542cf6, transactions=0, blockHash=0xad317df793a6ae34c88abde1b680a2c2594fa754d85309bbbcd900212d411beb
[cl-2-lodestar-geth] Mar-04 17:38:19.541[chain]            [32minfo[39m: Publishing execution payload envelope slot=22, blockRoot=0x980621f5bd3bf66da4b936ced25b21f8b6af5397e9ed736e966168be11542cf6, builderIndex=Infinity, isSelfBuild=true, dataColumns=0
[cl-2-lodestar-geth] Mar-04 17:38:19.541[chain]            [32minfo[39m: Published execution payload envelope slot=22, blockRoot=0x980621f5bd3bf66da4b936ced25b21f8b6af5397e9ed736e966168be11542cf6, builderIndex=Infinity, isSelfBuild=true, dataColumns=0, delaySec=0.5360000133514404, sentPeers=1
[cl-2-lodestar-geth] Mar-04 17:38:22.001[]                 [32minfo[39m: Synced - slot: 22 - head: 0x9806…2cf6 - exec-block: valid/full(22 0xad31… bid:0xad31…) - finalized: 0x0000…0000:0 - peers: 1
[cl-2-lodestar-geth] Mar-04 17:38:28.000[]                 [32minfo[39m: Synced - slot: 23 - head: 0x2d05…3573 - exec-block: valid/full(23 0x0422… bid:0x0422…) - finalized: 0x0000…0000:0 - peers: 1
[cl-2-lodestar-geth] Mar-04 17:38:31.000[network]          [32minfo[39m: Unsubscribing gossip topics of previous fork boundary fork=fulu, epoch=0
[cl-2-lodestar-geth] Mar-04 17:38:31.006[network]          [32minfo[39m: Unsubscribing from long lived attnets of previous fork boundary fork=fulu, epoch=0
[cl-2-lodestar-geth] Mar-04 17:38:31.008[network]          [32minfo[39m: Unsubscribing from random attnets of previous fork boundary fork=fulu, epoch=0
[cl-2-lodestar-geth] Mar-04 17:38:31.517[chain]            [32minfo[39m: Publishing block slot=24, blockRoot=0xd0fc99e331d39cdde85781649d16ae09fb1162ae93316bf25e58837c08c5291d, bodyRoot=0xed9eb6e2dac4af50835c604418d19982f2934a5ca9990e2e9024c2e183c1ae51, broadcastValidation=gossip, blockLocallyProduced=true
[cl-2-lodestar-geth] Mar-04 17:38:31.536[api]              [32minfo[39m: Produced execution payload envelope slot=24, blockRoot=0xd0fc99e331d39cdde85781649d16ae09fb1162ae93316bf25e58837c08c5291d, transactions=0, blockHash=0x11196c558a1c72fc52940f83138eb34e0d6aa59c816812f3eb738283b92a8520
[cl-2-lodestar-geth] Mar-04 17:38:31.544[chain]            [32minfo[39m: Publishing execution payload envelope slot=24, blockRoot=0xd0fc99e331d39cdde85781649d16ae09fb1162ae93316bf25e58837c08c5291d, builderIndex=Infinity, isSelfBuild=true, dataColumns=0
[cl-2-lodestar-geth] Mar-04 17:38:31.544[chain]            [32minfo[39m: Published execution payload envelope slot=24, blockRoot=0xd0fc99e331d39cdde85781649d16ae09fb1162ae93316bf25e58837c08c5291d, builderIndex=Infinity, isSelfBuild=true, dataColumns=0, delaySec=0.5390000343322754, sentPeers=1
[cl-2-lodestar-geth] Mar-04 17:38:34.000[]                 [32minfo[39m: Synced - slot: 24 - head: 0xd0fc…291d - exec-block: valid/full(24 0x1119… bid:0x1119…) - finalized: 0x0000…0000:0 - peers: 1
[cl-2-lodestar-geth] Mar-04 17:38:40.000[]                 [32minfo[39m: Synced - slot: 25 - head: 0x5f30…35c6 - exec-block: valid/full(25 0x04b1… bid:0x04b1…) - finalized: 0x0000…0000:0 - peers: 1
[cl-2-lodestar-geth] Mar-04 17:38:46.000[]                 [32minfo[39m: Synced - slot: 26 - head: 0x8c4a…6988 - exec-block: valid/full(26 0xfec4… bid:0xfec4…) - finalized: 0x0000…0000:0 - peers: 1
[cl-2-lodestar-geth] Mar-04 17:38:52.000[]                 [32minfo[39m: Synced - slot: 27 - head: 0x0cf2…d516 - exec-block: valid/full(27 0xca23… bid:0xca23…) - finalized: 0x0000…0000:0 - peers: 1
[cl-2-lodestar-geth] Mar-04 17:38:55.515[chain]            [32minfo[39m: Publishing block slot=28, blockRoot=0x7dbd55341c4218370a61f81f78ab6ac7f09f006227ceb40c01c18be67e23fb25, bodyRoot=0xcd9d72584c194a9b406bb17b75a0a372278c8be32a0642b1cf74438a8be33632, broadcastValidation=gossip, blockLocallyProduced=true
[cl-2-lodestar-geth] Mar-04 17:38:55.530[api]              [32minfo[39m: Produced execution payload envelope slot=28, blockRoot=0x7dbd55341c4218370a61f81f78ab6ac7f09f006227ceb40c01c18be67e23fb25, transactions=0, blockHash=0xd6c30b3a7ce8f6853d18192435393ccb594c2c0beb56fad9065d62ee5dcadfa2
[cl-2-lodestar-geth] Mar-04 17:38:55.538[chain]            [32minfo[39m: Publishing execution payload envelope slot=28, blockRoot=0x7dbd55341c4218370a61f81f78ab6ac7f09f006227ceb40c01c18be67e23fb25, builderIndex=Infinity, isSelfBuild=true, dataColumns=0
[cl-2-lodestar-geth] Mar-04 17:38:55.538[chain]            [32minfo[39m: Published execution payload envelope slot=28, blockRoot=0x7dbd55341c4218370a61f81f78ab6ac7f09f006227ceb40c01c18be67e23fb25, builderIndex=Infinity, isSelfBuild=true, dataColumns=0, delaySec=0.5320000648498535, sentPeers=1
[cl-2-lodestar-geth] Mar-04 17:38:58.000[]                 [32minfo[39m: Synced - slot: 28 - head: 0x7dbd…fb25 - exec-block: valid/full(28 0xd6c3… bid:0xd6c3…) - finalized: 0x0000…0000:0 - peers: 1
[cl-2-lodestar-geth] Mar-04 17:39:01.514[chain]            [32minfo[39m: Publishing block slot=29, blockRoot=0x48a9b688dc1803a71239e516df4ed9a743d7df60143658473c5de67400e0d2a2, bodyRoot=0xd89bfa03827cd6a7b66707acf30e96a06be9db31b486bfc67c632b5f535735cf, broadcastValidation=gossip, blockLocallyProduced=true
[cl-2-lodestar-geth] Mar-04 17:39:01.532[api]              [32minfo[39m: Produced execution payload envelope slot=29, blockRoot=0x48a9b688dc1803a71239e516df4ed9a743d7df60143658473c5de67400e0d2a2, transactions=0, blockHash=0x1ff44ea6b42034862ad1e99920eb2ad461e9c9144a3266c332aff828c96baf70
[cl-2-lodestar-geth] Mar-04 17:39:01.540[chain]            [32minfo[39m: Publishing execution payload envelope slot=29, blockRoot=0x48a9b688dc1803a71239e516df4ed9a743d7df60143658473c5de67400e0d2a2, builderIndex=Infinity, isSelfBuild=true, dataColumns=0
[cl-2-lodestar-geth] Mar-04 17:39:01.542[chain]            [32minfo[39m: Published execution payload envelope slot=29, blockRoot=0x48a9b688dc1803a71239e516df4ed9a743d7df60143658473c5de67400e0d2a2, builderIndex=Infinity, isSelfBuild=true, dataColumns=0, delaySec=0.5350000858306885, sentPeers=1
[cl-2-lodestar-geth] Mar-04 17:39:04.000[]                 [32minfo[39m: Synced - slot: 29 - head: 0x48a9…d2a2 - exec-block: valid/full(29 0x1ff4… bid:0x1ff4…) - finalized: 0x0000…0000:0 - peers: 1
[cl-2-lodestar-geth] Mar-04 17:39:07.512[chain]            [32minfo[39m: Publishing block slot=30, blockRoot=0x38f6aeb1694b634c777bd5379d7b4e7ccf7f59392f362c9f89e4b7c36a939371, bodyRoot=0xcbc8a93ab3120855a44f3384b37bed81c0707742ce65e77f417233b2ec5c4033, broadcastValidation=gossip, blockLocallyProduced=true
[cl-2-lodestar-geth] Mar-04 17:39:07.530[api]              [32minfo[39m: Produced execution payload envelope slot=30, blockRoot=0x38f6aeb1694b634c777bd5379d7b4e7ccf7f59392f362c9f89e4b7c36a939371, transactions=0, blockHash=0x6e03d6cde52bb6dbf7d5aff6d03f9f12c923e76c1f26e72dba8334cb0423c125
[cl-2-lodestar-geth] Mar-04 17:39:07.537[chain]            [32minfo[39m: Publishing execution payload envelope slot=30, blockRoot=0x38f6aeb1694b634c777bd5379d7b4e7ccf7f59392f362c9f89e4b7c36a939371, builderIndex=Infinity, isSelfBuild=true, dataColumns=0
[cl-2-lodestar-geth] Mar-04 17:39:07.537[chain]            [32minfo[39m: Published execution payload envelope slot=30, blockRoot=0x38f6aeb1694b634c777bd5379d7b4e7ccf7f59392f362c9f89e4b7c36a939371, builderIndex=Infinity, isSelfBuild=true, dataColumns=0, delaySec=0.5329999923706055, sentPeers=1
[cl-2-lodestar-geth] Mar-04 17:39:10.000[]                 [32minfo[39m: Synced - slot: 30 - head: 0x38f6…9371 - exec-block: valid/full(30 0x6e03… bid:0x6e03…) - finalized: 0x0000…0000:0 - peers: 1
[cl-2-lodestar-geth] Mar-04 17:39:16.000[]                 [32minfo[39m: Synced - slot: 31 - head: 0xdb15…d472 - exec-block: valid/full(31 0x0cbb… bid:0x0cbb…) - finalized: 0x0000…0000:0 - peers: 1
[cl-2-lodestar-geth] Mar-04 17:39:22.000[]                 [32minfo[39m: Synced - slot: 32 - head: 0x25f6…5b07 - exec-block: valid/full(32 0xcdfd… bid:0xcdfd…) - finalized: 0x0b93…eba0:2 - peers: 1
[cl-2-lodestar-geth] Mar-04 17:39:25.513[chain]            [32minfo[39m: Publishing block slot=33, blockRoot=0x93c1abf56f9a9d5cb82747fafe1d1c5e043b390a865260c51986b6f8dda67a6f, bodyRoot=0x0b329b0d5d641cc7078ec4c9bb8f41f1efcfc71784f90003c3ec129a4620448e, broadcastValidation=gossip, blockLocallyProduced=true
[cl-2-lodestar-geth] Mar-04 17:39:25.530[api]              [32minfo[39m: Produced execution payload envelope slot=33, blockRoot=0x93c1abf56f9a9d5cb82747fafe1d1c5e043b390a865260c51986b6f8dda67a6f, transactions=0, blockHash=0x4fb756c642323c8439131cd39c7d6e4921b013eea72464299db1e5325a40e611
[cl-2-lodestar-geth] Mar-04 17:39:25.536[chain]            [32minfo[39m: Publishing execution payload envelope slot=33, blockRoot=0x93c1abf56f9a9d5cb82747fafe1d1c5e043b390a865260c51986b6f8dda67a6f, builderIndex=Infinity, isSelfBuild=true, dataColumns=0
[cl-2-lodestar-geth] Mar-04 17:39:25.537[chain]            [32minfo[39m: Published execution payload envelope slot=33, blockRoot=0x93c1abf56f9a9d5cb82747fafe1d1c5e043b390a865260c51986b6f8dda67a6f, builderIndex=Infinity, isSelfBuild=true, dataColumns=0, delaySec=0.5320000648498535, sentPeers=1
[cl-2-lodestar-geth] Mar-04 17:39:28.000[]                 [32minfo[39m: Synced - slot: 33 - head: 0x93c1…7a6f - exec-block: valid/full(33 0x4fb7… bid:0x4fb7…) - finalized: 0x0b93…eba0:2 - peers: 1
[cl-2-lodestar-geth] Mar-04 17:39:34.000[]                 [32minfo[39m: Synced - slot: 34 - head: 0x0199…901b - exec-block: valid/full(34 0x1cd8… bid:0x1cd8…) - finalized: 0x0b93…eba0:2 - peers: 1
[cl-2-lodestar-geth] Mar-04 17:39:37.521[chain]            [32minfo[39m: Publishing block slot=35, blockRoot=0x03e72fa2c77e674fdb07f8a4949e79d5a11e3f4c4851ce90ffe0f53ca7e61720, bodyRoot=0x682e652f9335a9051599c0d1c0ad414a99f65fc7caf69b3dcaa67adc862f9a48, broadcastValidation=gossip, blockLocallyProduced=true
[cl-2-lodestar-geth] Mar-04 17:39:37.545[api]              [32minfo[39m: Produced execution payload envelope slot=35, blockRoot=0x03e72fa2c77e674fdb07f8a4949e79d5a11e3f4c4851ce90ffe0f53ca7e61720, transactions=0, blockHash=0x5b940f7c00756b9106ff85372f2dc1b08e8903cfcc549837e2d2559039458e81
[cl-2-lodestar-geth] Mar-04 17:39:37.566[chain]            [32minfo[39m: Publishing execution payload envelope slot=35, blockRoot=0x03e72fa2c77e674fdb07f8a4949e79d5a11e3f4c4851ce90ffe0f53ca7e61720, builderIndex=Infinity, isSelfBuild=true, dataColumns=0
[cl-2-lodestar-geth] Mar-04 17:39:37.570[chain]            [32minfo[39m: Published execution payload envelope slot=35, blockRoot=0x03e72fa2c77e674fdb07f8a4949e79d5a11e3f4c4851ce90ffe0f53ca7e61720, builderIndex=Infinity, isSelfBuild=true, dataColumns=0, delaySec=0.5499999523162842, sentPeers=1
[cl-2-lodestar-geth] Mar-04 17:39:40.000[]                 [32minfo[39m: Synced - slot: 35 - head: 0x03e7…1720 - exec-block: valid/full(35 0x5b94… bid:0x5b94…) - finalized: 0x0b93…eba0:2 - peers: 1
[cl-2-lodestar-geth] Mar-04 17:39:46.000[]                 [32minfo[39m: Synced - slot: 36 - head: 0x24a0…3ef5 - exec-block: valid/full(36 0x00f4… bid:0x00f4…) - finalized: 0x0b93…eba0:2 - peers: 1
[cl-2-lodestar-geth] Mar-04 17:39:52.001[]                 [32minfo[39m: Synced - slot: 37 - head: 0xe71e…234f - exec-block: valid/full(37 0xdf22… bid:0xdf22…) - finalized: 0x0b93…eba0:2 - peers: 1
[cl-2-lodestar-geth] Mar-04 17:39:55.516[chain]            [32minfo[39m: Publishing block slot=38, blockRoot=0xf2f2334322715d46c6eee41a069364cdd24f06bd196f1cf7912ade03e9a83d63, bodyRoot=0x3841c83beb75d2b91147170336ad91ab72d669869ce665fa3be97be579e5cd06, broadcastValidation=gossip, blockLocallyProduced=true
[cl-2-lodestar-geth] Mar-04 17:39:55.531[api]              [32minfo[39m: Produced execution payload envelope slot=38, blockRoot=0xf2f2334322715d46c6eee41a069364cdd24f06bd196f1cf7912ade03e9a83d63, transactions=0, blockHash=0x2250a12ef600a9e5ff3505813ea45e2b0501f0c1d3916f24bed1e3bd623f405c
[cl-2-lodestar-geth] Mar-04 17:39:55.538[chain]            [32minfo[39m: Publishing execution payload envelope slot=38, blockRoot=0xf2f2334322715d46c6eee41a069364cdd24f06bd196f1cf7912ade03e9a83d63, builderIndex=Infinity, isSelfBuild=true, dataColumns=0
[cl-2-lodestar-geth] Mar-04 17:39:55.539[chain]            [32minfo[39m: Published execution payload envelope slot=38, blockRoot=0xf2f2334322715d46c6eee41a069364cdd24f06bd196f1cf7912ade03e9a83d63, builderIndex=Infinity, isSelfBuild=true, dataColumns=0, delaySec=0.5329999923706055, sentPeers=1
[cl-2-lodestar-geth] Mar-04 17:39:58.000[]                 [32minfo[39m: Synced - slot: 38 - head: 0xf2f2…3d63 - exec-block: valid/full(38 0x2250… bid:0x2250…) - finalized: 0x0b93…eba0:2 - peers: 1
[cl-2-lodestar-geth] Mar-04 17:40:04.002[]                 [32minfo[39m: Synced - slot: 39 - head: 0xa672…7c80 - exec-block: valid/full(39 0x40f5… bid:0x40f5…) - finalized: 0x0b93…eba0:2 - peers: 1
[cl-2-lodestar-geth] Mar-04 17:40:07.519[chain]            [32minfo[39m: Publishing block slot=40, blockRoot=0xeca0fb0100a65230f283090a1dc6297fa962d2dba732b89117302cd325cf6def, bodyRoot=0x439281af1153c84de4fa7b9e5d8b49f29636fea23db3dff1ee03d4dec39321c2, broadcastValidation=gossip, blockLocallyProduced=true
[cl-2-lodestar-geth] Mar-04 17:40:07.535[api]              [32minfo[39m: Produced execution payload envelope slot=40, blockRoot=0xeca0fb0100a65230f283090a1dc6297fa962d2dba732b89117302cd325cf6def, transactions=0, blockHash=0xc2b820f2f82bf308a815af5234939b9eeabd8cdbf37e8c6d4a7454c693d5ea33
[cl-2-lodestar-geth] Mar-04 17:40:07.541[chain]            [32minfo[39m: Publishing execution payload envelope slot=40, blockRoot=0xeca0fb0100a65230f283090a1dc6297fa962d2dba732b89117302cd325cf6def, builderIndex=Infinity, isSelfBuild=true, dataColumns=0
[cl-2-lodestar-geth] Mar-04 17:40:07.542[chain]            [32minfo[39m: Published execution payload envelope slot=40, blockRoot=0xeca0fb0100a65230f283090a1dc6297fa962d2dba732b89117302cd325cf6def, builderIndex=Infinity, isSelfBuild=true, dataColumns=0, delaySec=0.5369999408721924, sentPeers=1
[cl-2-lodestar-geth] Mar-04 17:40:10.000[]                 [32minfo[39m: Synced - slot: 40 - head: 0xeca0…6def - exec-block: valid/full(40 0xc2b8… bid:0xc2b8…) - finalized: 0xd0fc…291d:3 - peers: 1
[cl-2-lodestar-geth] Mar-04 17:40:16.000[]                 [32minfo[39m: Synced - slot: 41 - head: 0x6d63…a8ef - exec-block: valid/full(41 0x0491… bid:0x0491…) - finalized: 0xd0fc…291d:3 - peers: 1
[cl-2-lodestar-geth] Mar-04 17:40:22.000[]                 [32minfo[39m: Synced - slot: 42 - head: 0xf7b5…80bd - exec-block: valid/full(42 0x2042… bid:0x2042…) - finalized: 0xd0fc…291d:3 - peers: 1
[cl-2-lodestar-geth] Mar-04 17:40:28.000[]                 [32minfo[39m: Synced - slot: 43 - head: 0x1fb2…b5c8 - exec-block: valid/full(43 0x824e… bid:0x824e…) - finalized: 0xd0fc…291d:3 - peers: 1
[cl-2-lodestar-geth] Mar-04 17:40:34.000[]                 [32minfo[39m: Synced - slot: 44 - head: 0xbe98…5fd9 - exec-block: valid/full(44 0x05a3… bid:0x05a3…) - finalized: 0xd0fc…291d:3 - peers: 1
[cl-2-lodestar-geth] Mar-04 17:40:37.515[chain]            [32minfo[39m: Publishing block slot=45, blockRoot=0x09b40b5ee3533b6d965d2f6d554731d6053e8fd15eb4f6f4b981a4d97e7a606c, bodyRoot=0x2abb793ba539377e29575c226ab6f8083778de36277d4595738ef0ede4cfb218, broadcastValidation=gossip, blockLocallyProduced=true
[cl-2-lodestar-geth] Mar-04 17:40:37.531[api]              [32minfo[39m: Produced execution payload envelope slot=45, blockRoot=0x09b40b5ee3533b6d965d2f6d554731d6053e8fd15eb4f6f4b981a4d97e7a606c, transactions=0, blockHash=0x6656b3e28bfa2f8b7b49db43aa7e7d6c1effe44f6fd060f31b975953e873db0d
[cl-2-lodestar-geth] Mar-04 17:40:37.538[chain]            [32minfo[39m: Publishing execution payload envelope slot=45, blockRoot=0x09b40b5ee3533b6d965d2f6d554731d6053e8fd15eb4f6f4b981a4d97e7a606c, builderIndex=Infinity, isSelfBuild=true, dataColumns=0
[cl-2-lodestar-geth] Mar-04 17:40:37.538[chain]            [32minfo[39m: Published execution payload envelope slot=45, blockRoot=0x09b40b5ee3533b6d965d2f6d554731d6053e8fd15eb4f6f4b981a4d97e7a606c, builderIndex=Infinity, isSelfBuild=true, dataColumns=0, delaySec=0.5329999923706055, sentPeers=1
[cl-2-lodestar-geth] Mar-04 17:40:40.000[]                 [32minfo[39m: Synced - slot: 45 - head: 0x09b4…606c - exec-block: valid/full(45 0x6656… bid:0x6656…) - finalized: 0xd0fc…291d:3 - peers: 1
[cl-2-lodestar-geth] Mar-04 17:40:43.520[chain]            [32minfo[39m: Publishing block slot=46, blockRoot=0x53b1c179c9c59bdaae298440f6227392fa6bb061e477ddf662e327b4229654fb, bodyRoot=0x8b17c5d989ce5cb88d247a1a9ee97ed0ad3bf2000bd953387cf2dfb8388de3dd, broadcastValidation=gossip, blockLocallyProduced=true
[cl-2-lodestar-geth] Mar-04 17:40:43.543[api]              [32minfo[39m: Produced execution payload envelope slot=46, blockRoot=0x53b1c179c9c59bdaae298440f6227392fa6bb061e477ddf662e327b4229654fb, transactions=0, blockHash=0xbc56c3de19a42e85390e2f044004846a6b232ce7b3deedf0187ff8ae2004e0bd
[cl-2-lodestar-geth] Mar-04 17:40:43.553[chain]            [32minfo[39m: Publishing execution payload envelope slot=46, blockRoot=0x53b1c179c9c59bdaae298440f6227392fa6bb061e477ddf662e327b4229654fb, builderIndex=Infinity, isSelfBuild=true, dataColumns=0
[cl-2-lodestar-geth] Mar-04 17:40:43.553[chain]            [32minfo[39m: Published execution payload envelope slot=46, blockRoot=0x53b1c179c9c59bdaae298440f6227392fa6bb061e477ddf662e327b4229654fb, builderIndex=Infinity, isSelfBuild=true, dataColumns=0, delaySec=0.5469999313354492, sentPeers=1
[cl-2-lodestar-geth] Mar-04 17:40:46.000[]                 [32minfo[39m: Synced - slot: 46 - head: 0x53b1…54fb - exec-block: valid/full(46 0xbc56… bid:0xbc56…) - finalized: 0xd0fc…291d:3 - peers: 1
[cl-2-lodestar-geth] Mar-04 17:40:49.513[chain]            [32minfo[39m: Publishing block slot=47, blockRoot=0x9641cc317355e42cae18f3c602f520d05004671725eba3b768b5e148a4c91ae9, bodyRoot=0x0545dea5bbb23a7b6d32a34a7ec36da0cab84a69d18c667ef42b7b847b9f762d, broadcastValidation=gossip, blockLocallyProduced=true
[cl-2-lodestar-geth] Mar-04 17:40:49.530[api]              [32minfo[39m: Produced execution payload envelope slot=47, blockRoot=0x9641cc317355e42cae18f3c602f520d05004671725eba3b768b5e148a4c91ae9, transactions=0, blockHash=0x708ca68ed937a486e1cfd8c7711571c1a962e9819be7077008b7b52a06e5bae8
[cl-2-lodestar-geth] Mar-04 17:40:49.536[chain]            [32minfo[39m: Publishing execution payload envelope slot=47, blockRoot=0x9641cc317355e42cae18f3c602f520d05004671725eba3b768b5e148a4c91ae9, builderIndex=Infinity, isSelfBuild=true, dataColumns=0
[cl-2-lodestar-geth] Mar-04 17:40:49.537[chain]            [32minfo[39m: Published execution payload envelope slot=47, blockRoot=0x9641cc317355e42cae18f3c602f520d05004671725eba3b768b5e148a4c91ae9, builderIndex=Infinity, isSelfBuild=true, dataColumns=0, delaySec=0.5329999923706055, sentPeers=1
[cl-2-lodestar-geth] Mar-04 17:40:52.002[]                 [32minfo[39m: Synced - slot: 47 - head: 0x9641…1ae9 - exec-block: valid/full(47 0x708c… bid:0x708c…) - finalized: 0xd0fc…291d:3 - peers: 1
[cl-2-lodestar-geth] Mar-04 17:40:58.000[]                 [32minfo[39m: Synced - slot: 48 - head: 0xcb80…0a53 - exec-block: valid/full(48 0x8911… bid:0x8911…) - finalized: 0x25f6…5b07:4 - peers: 1
[cl-2-lodestar-geth] Mar-04 17:41:01.517[chain]            [32minfo[39m: Publishing block slot=49, blockRoot=0x2b3212d52f2aa208418a057c2fe1fc6bc94d98fd8cb41c66c92163d501d5a6f8, bodyRoot=0x2c2f41f7a0f2310fc4cb9b9127d06e30dbd5309faa4996e7c42ee089e4eac4bb, broadcastValidation=gossip, blockLocallyProduced=true
[cl-2-lodestar-geth] Mar-04 17:41:01.535[api]              [32minfo[39m: Produced execution payload envelope slot=49, blockRoot=0x2b3212d52f2aa208418a057c2fe1fc6bc94d98fd8cb41c66c92163d501d5a6f8, transactions=0, blockHash=0xd04948e8672a3fabbf484cbbb2606f92e9c70f09ea9675f8de28c448bdb7ac62
[cl-2-lodestar-geth] Mar-04 17:41:01.542[chain]            [32minfo[39m: Publishing execution payload envelope slot=49, blockRoot=0x2b3212d52f2aa208418a057c2fe1fc6bc94d98fd8cb41c66c92163d501d5a6f8, builderIndex=Infinity, isSelfBuild=true, dataColumns=0
[cl-2-lodestar-geth] Mar-04 17:41:01.543[chain]            [32minfo[39m: Published execution payload envelope slot=49, blockRoot=0x2b3212d52f2aa208418a057c2fe1fc6bc94d98fd8cb41c66c92163d501d5a6f8, builderIndex=Infinity, isSelfBuild=true, dataColumns=0, delaySec=0.5369999408721924, sentPeers=1
[cl-2-lodestar-geth] Mar-04 17:41:04.001[]                 [32minfo[39m: Synced - slot: 49 - head: 0x2b32…a6f8 - exec-block: valid/full(49 0xd049… bid:0xd049…) - finalized: 0x25f6…5b07:4 - peers: 1
[cl-2-lodestar-geth] Mar-04 17:41:10.000[]                 [32minfo[39m: Synced - slot: 50 - head: 0x2ddd…fe31 - exec-block: valid/full(50 0xe2af… bid:0xe2af…) - finalized: 0x25f6…5b07:4 - peers: 1
[cl-2-lodestar-geth] Mar-04 17:41:16.000[]                 [32minfo[39m: Synced - slot: 51 - head: 0x9436…7fd0 - exec-block: valid/full(51 0x4ac6… bid:0x4ac6…) - finalized: 0x25f6…5b07:4 - peers: 1
[cl-2-lodestar-geth] Mar-04 17:41:22.000[]                 [32minfo[39m: Synced - slot: 52 - head: 0xece8…040f - exec-block: valid/full(52 0x2ef5… bid:0x2ef5…) - finalized: 0x25f6…5b07:4 - peers: 1
[cl-2-lodestar-geth] Mar-04 17:41:28.000[]                 [32minfo[39m: Synced - slot: 53 - head: 0xa340…ced9 - exec-block: valid/full(53 0x311f… bid:0x311f…) - finalized: 0x25f6…5b07:4 - peers: 1
[cl-2-lodestar-geth] Mar-04 17:41:31.514[chain]            [32minfo[39m: Publishing block slot=54, blockRoot=0x7868f4ccfb983d5b6c28709997742fffa78be6f56512917255d0a9fae23834da, bodyRoot=0xa160d458f8d7cb88289a06394ff9251f4f3924eff55e083b6eef3328d5feb271, broadcastValidation=gossip, blockLocallyProduced=true
[cl-2-lodestar-geth] Mar-04 17:41:31.530[api]              [32minfo[39m: Produced execution payload envelope slot=54, blockRoot=0x7868f4ccfb983d5b6c28709997742fffa78be6f56512917255d0a9fae23834da, transactions=0, blockHash=0xf7313f9ddae86dbe7a7c3c2893b20053fecb557efd81557d9437b9256833e863
[cl-2-lodestar-geth] Mar-04 17:41:31.537[chain]            [32minfo[39m: Publishing execution payload envelope slot=54, blockRoot=0x7868f4ccfb983d5b6c28709997742fffa78be6f56512917255d0a9fae23834da, builderIndex=Infinity, isSelfBuild=true, dataColumns=0
[cl-2-lodestar-geth] Mar-04 17:41:31.537[chain]            [32minfo[39m: Published execution payload envelope slot=54, blockRoot=0x7868f4ccfb983d5b6c28709997742fffa78be6f56512917255d0a9fae23834da, builderIndex=Infinity, isSelfBuild=true, dataColumns=0, delaySec=0.5320000648498535, sentPeers=1
[cl-2-lodestar-geth] Mar-04 17:41:34.000[]                 [32minfo[39m: Synced - slot: 54 - head: 0x7868…34da - exec-block: valid/full(54 0xf731… bid:0xf731…) - finalized: 0x25f6…5b07:4 - peers: 1
[cl-2-lodestar-geth] Mar-04 17:41:37.514[chain]            [32minfo[39m: Publishing block slot=55, blockRoot=0x00c50ce2525b16b857d851328e626fa7333a98789181ab42e756846db8b108d3, bodyRoot=0x654575ce7f8458807e4e027d8c9dd32759632ff1857a099982f78c3ab6cbca5b, broadcastValidation=gossip, blockLocallyProduced=true
[cl-2-lodestar-geth] Mar-04 17:41:37.533[api]              [32minfo[39m: Produced execution payload envelope slot=55, blockRoot=0x00c50ce2525b16b857d851328e626fa7333a98789181ab42e756846db8b108d3, transactions=0, blockHash=0xeca901d940026a281f9c79a94b9f89ab990d704e62d40faef94ab56b5bcb5dbf
[cl-2-lodestar-geth] Mar-04 17:41:37.540[chain]            [32minfo[39m: Publishing execution payload envelope slot=55, blockRoot=0x00c50ce2525b16b857d851328e626fa7333a98789181ab42e756846db8b108d3, builderIndex=Infinity, isSelfBuild=true, dataColumns=0
[cl-2-lodestar-geth] Mar-04 17:41:37.541[chain]            [32minfo[39m: Published execution payload envelope slot=55, blockRoot=0x00c50ce2525b16b857d851328e626fa7333a98789181ab42e756846db8b108d3, builderIndex=Infinity, isSelfBuild=true, dataColumns=0, delaySec=0.5350000858306885, sentPeers=1
[cl-2-lodestar-geth] Mar-04 17:41:40.007[]                 [32minfo[39m: Synced - slot: 55 - head: 0x00c5…08d3 - exec-block: valid/full(55 0xeca9… bid:0xeca9…) - finalized: 0x25f6…5b07:4 - peers: 1
[cl-2-lodestar-geth] Mar-04 17:41:46.000[]                 [32minfo[39m: Synced - slot: 56 - head: 0x84a8…d24c - exec-block: valid/full(56 0xf419… bid:0xf419…) - finalized: 0xeca0…6def:5 - peers: 1
[cl-2-lodestar-geth] Mar-04 17:41:52.000[]                 [32minfo[39m: Synced - slot: 57 - head: 0x86d1…b71c - exec-block: valid/full(57 0x363e… bid:0x363e…) - finalized: 0xeca0…6def:5 - peers: 1
[cl-2-lodestar-geth] Mar-04 17:41:58.002[]                 [32minfo[39m: Synced - slot: 58 - head: 0xa3c6…5a1e - exec-block: valid/full(58 0x483b… bid:0x483b…) - finalized: 0xeca0…6def:5 - peers: 1
[cl-2-lodestar-geth] Mar-04 17:42:01.513[chain]            [32minfo[39m: Publishing block slot=59, blockRoot=0x1e224c0b7080275ed9496da6dc905cef71dbfd479a5c5e723797a6ae61794f97, bodyRoot=0xa949375de80045dba273b7ebc58bfe84bde1e98d74986cfd645b51639f3839eb, broadcastValidation=gossip, blockLocallyProduced=true
[cl-2-lodestar-geth] Mar-04 17:42:01.528[api]              [32minfo[39m: Produced execution payload envelope slot=59, blockRoot=0x1e224c0b7080275ed9496da6dc905cef71dbfd479a5c5e723797a6ae61794f97, transactions=0, blockHash=0x675e2b55eb30731932a94cbdff3117810bca58a8289362c7eb5292f51faafe71
[cl-2-lodestar-geth] Mar-04 17:42:01.536[chain]            [32minfo[39m: Publishing execution payload envelope slot=59, blockRoot=0x1e224c0b7080275ed9496da6dc905cef71dbfd479a5c5e723797a6ae61794f97, builderIndex=Infinity, isSelfBuild=true, dataColumns=0
[cl-2-lodestar-geth] Mar-04 17:42:01.536[chain]            [32minfo[39m: Published execution payload envelope slot=59, blockRoot=0x1e224c0b7080275ed9496da6dc905cef71dbfd479a5c5e723797a6ae61794f97, builderIndex=Infinity, isSelfBuild=true, dataColumns=0, delaySec=0.5299999713897705, sentPeers=1
[cl-2-lodestar-geth] Mar-04 17:42:04.000[]                 [32minfo[39m: Synced - slot: 59 - head: 0x1e22…4f97 - exec-block: valid/full(59 0x675e… bid:0x675e…) - finalized: 0xeca0…6def:5 - peers: 1
[cl-2-lodestar-geth] Mar-04 17:42:07.537[chain]            [32minfo[39m: Publishing block slot=60, blockRoot=0xf7af415445088d154684b2edcdec8a3f39088c2aaf91b03f1ebf3f0abbe829e0, bodyRoot=0x51e981550791cb063aac639540fbb85429734f4157d428d987ea480a3948bec6, broadcastValidation=gossip, blockLocallyProduced=true
[cl-2-lodestar-geth] Mar-04 17:42:07.556[api]              [32minfo[39m: Produced execution payload envelope slot=60, blockRoot=0xf7af415445088d154684b2edcdec8a3f39088c2aaf91b03f1ebf3f0abbe829e0, transactions=0, blockHash=0x8d9e16663c1338d78b764e425ca314c67aeb9c9ee859a1bf8fb44f695346db8a
[cl-2-lodestar-geth] Mar-04 17:42:07.562[chain]            [32minfo[39m: Publishing execution payload envelope slot=60, blockRoot=0xf7af415445088d154684b2edcdec8a3f39088c2aaf91b03f1ebf3f0abbe829e0, builderIndex=Infinity, isSelfBuild=true, dataColumns=0
[cl-2-lodestar-geth] Mar-04 17:42:07.563[chain]            [32minfo[39m: Published execution payload envelope slot=60, blockRoot=0xf7af415445088d154684b2edcdec8a3f39088c2aaf91b03f1ebf3f0abbe829e0, builderIndex=Infinity, isSelfBuild=true, dataColumns=0, delaySec=0.5580000877380371, sentPeers=1
[cl-2-lodestar-geth] Mar-04 17:42:10.000[]                 [32minfo[39m: Synced - slot: 60 - head: 0xf7af…29e0 - exec-block: valid/full(60 0x8d9e… bid:0x8d9e…) - finalized: 0xeca0…6def:5 - peers: 1
[cl-2-lodestar-geth] Mar-04 17:42:16.000[]                 [32minfo[39m: Synced - slot: 61 - head: 0x0aa4…ee49 - exec-block: valid/full(61 0xa6e9… bid:0xa6e9…) - finalized: 0xeca0…6def:5 - peers: 1
[cl-2-lodestar-geth] Mar-04 17:42:19.514[chain]            [32minfo[39m: Publishing block slot=62, blockRoot=0xf4d4dc6e711619247d26953246ce43dd64fc55b1827a992322d4788580e9c86e, bodyRoot=0x201ef68087c3576882441ebbc02890af8c2c06e5d48c0c033a73c07dfa53e335, broadcastValidation=gossip, blockLocallyProduced=true
[cl-2-lodestar-geth] Mar-04 17:42:19.531[api]              [32minfo[39m: Produced execution payload envelope slot=62, blockRoot=0xf4d4dc6e711619247d26953246ce43dd64fc55b1827a992322d4788580e9c86e, transactions=0, blockHash=0xccb680638160385994527b41e03f622ef40131560be0c40239b3761b3c4c2731
[cl-2-lodestar-geth] Mar-04 17:42:19.539[chain]            [32minfo[39m: Publishing execution payload envelope slot=62, blockRoot=0xf4d4dc6e711619247d26953246ce43dd64fc55b1827a992322d4788580e9c86e, builderIndex=Infinity, isSelfBuild=true, dataColumns=0
[cl-2-lodestar-geth] Mar-04 17:42:19.539[chain]            [32minfo[39m: Published execution payload envelope slot=62, blockRoot=0xf4d4dc6e711619247d26953246ce43dd64fc55b1827a992322d4788580e9c86e, builderIndex=Infinity, isSelfBuild=true, dataColumns=0, delaySec=0.5329999923706055, sentPeers=1
[cl-2-lodestar-geth] Mar-04 17:42:22.000[]                 [32minfo[39m: Synced - slot: 62 - head: 0xf4d4…c86e - exec-block: valid/full(62 0xccb6… bid:0xccb6…) - finalized: 0xeca0…6def:5 - peers: 1
[cl-2-lodestar-geth] Mar-04 17:42:25.515[chain]            [32minfo[39m: Publishing block slot=63, blockRoot=0x4a77d77371785f8ce0d2bb5a337820c65c1ddd1e8db0e27aa178eeb75f495680, bodyRoot=0x299d6b4b4b6310b178abead6d00f0297e301556d9d8a841365e4a587e753d491, broadcastValidation=gossip, blockLocallyProduced=true
[cl-2-lodestar-geth] Mar-04 17:42:25.533[api]              [32minfo[39m: Produced execution payload envelope slot=63, blockRoot=0x4a77d77371785f8ce0d2bb5a337820c65c1ddd1e8db0e27aa178eeb75f495680, transactions=0, blockHash=0xff86965eed1946af7d4257efddbe56f0e38d1f2290622b90c2c6cc256819ed98
[cl-2-lodestar-geth] Mar-04 17:42:25.541[chain]            [32minfo[39m: Publishing execution payload envelope slot=63, blockRoot=0x4a77d77371785f8ce0d2bb5a337820c65c1ddd1e8db0e27aa178eeb75f495680, builderIndex=Infinity, isSelfBuild=true, dataColumns=0
[cl-2-lodestar-geth] Mar-04 17:42:25.541[chain]            [32minfo[39m: Published execution payload envelope slot=63, blockRoot=0x4a77d77371785f8ce0d2bb5a337820c65c1ddd1e8db0e27aa178eeb75f495680, builderIndex=Infinity, isSelfBuild=true, dataColumns=0, delaySec=0.5360000133514404, sentPeers=1
[cl-2-lodestar-geth] Mar-04 17:42:28.003[]                 [32minfo[39m: Synced - slot: 63 - head: 0x4a77…5680 - exec-block: valid/full(63 0xff86… bid:0xff86…) - finalized: 0xeca0…6def:5 - peers: 1
[cl-2-lodestar-geth] Mar-04 17:42:31.517[chain]            [32minfo[39m: Publishing block slot=64, blockRoot=0x1c32687557aeb5d6b3d3ceeeb2bbe1a01ed440cd9d53a23eff82571a289e4462, bodyRoot=0xfbe7df0b28aa55acac17f0604efdb846a76c292eb2898243c660c0122399f2c0, broadcastValidation=gossip, blockLocallyProduced=true
[cl-2-lodestar-geth] Mar-04 17:42:31.535[api]              [32minfo[39m: Produced execution payload envelope slot=64, blockRoot=0x1c32687557aeb5d6b3d3ceeeb2bbe1a01ed440cd9d53a23eff82571a289e4462, transactions=0, blockHash=0x8417886660b6ecf67a20f510b23c5d7f7d9fb7dbf06e7ba4c110106031f62f75
[cl-2-lodestar-geth] Mar-04 17:42:31.541[chain]            [32minfo[39m: Publishing execution payload envelope slot=64, blockRoot=0x1c32687557aeb5d6b3d3ceeeb2bbe1a01ed440cd9d53a23eff82571a289e4462, builderIndex=Infinity, isSelfBuild=true, dataColumns=0
[cl-2-lodestar-geth] Mar-04 17:42:31.542[chain]            [32minfo[39m: Published execution payload envelope slot=64, blockRoot=0x1c32687557aeb5d6b3d3ceeeb2bbe1a01ed440cd9d53a23eff82571a289e4462, builderIndex=Infinity, isSelfBuild=true, dataColumns=0, delaySec=0.5369999408721924, sentPeers=1
[cl-2-lodestar-geth] Mar-04 17:42:34.000[]                 [32minfo[39m: Synced - slot: 64 - head: 0x1c32…4462 - exec-block: valid/full(64 0x8417… bid:0x8417…) - finalized: 0xcb80…0a53:6 - peers: 1
[cl-2-lodestar-geth] Mar-04 17:42:34.000[]                 [32minfo[39m: New sync committee period 1
[cl-2-lodestar-geth] Mar-04 17:42:37.515[chain]            [32minfo[39m: Publishing block slot=65, blockRoot=0xc2b832fc8de9225421fd41f2a0e64ad90b604150374991011f20baffe5ae843a, bodyRoot=0x377ac8184664f425107325570803fce6bec46801cf4af4d8074d89e8deae4949, broadcastValidation=gossip, blockLocallyProduced=true
[cl-2-lodestar-geth] Mar-04 17:42:37.536[api]              [32minfo[39m: Produced execution payload envelope slot=65, blockRoot=0xc2b832fc8de9225421fd41f2a0e64ad90b604150374991011f20baffe5ae843a, transactions=0, blockHash=0x804d423197c3fab2ee4a5bc359dcb65514670c2ad7a04f19bbbe2255db63c17f
[cl-2-lodestar-geth] Mar-04 17:42:37.544[chain]            [32minfo[39m: Publishing execution payload envelope slot=65, blockRoot=0xc2b832fc8de9225421fd41f2a0e64ad90b604150374991011f20baffe5ae843a, builderIndex=Infinity, isSelfBuild=true, dataColumns=0
[cl-2-lodestar-geth] Mar-04 17:42:37.546[chain]            [32minfo[39m: Published execution payload envelope slot=65, blockRoot=0xc2b832fc8de9225421fd41f2a0e64ad90b604150374991011f20baffe5ae843a, builderIndex=Infinity, isSelfBuild=true, dataColumns=0, delaySec=0.5390000343322754, sentPeers=1
[cl-2-lodestar-geth] Mar-04 17:42:40.001[]                 [32minfo[39m: Synced - slot: 65 - head: 0xc2b8…843a - exec-block: valid/full(65 0x804d… bid:0x804d…) - finalized: 0xcb80…0a53:6 - peers: 1
[cl-2-lodestar-geth] Mar-04 17:42:46.001[]                 [32minfo[39m: Synced - slot: 66 - head: 0x330c…f585 - exec-block: valid/full(66 0xd185… bid:0xd185…) - finalized: 0xcb80…0a53:6 - peers: 1
[cl-2-lodestar-geth] Mar-04 17:42:52.000[]                 [32minfo[39m: Synced - slot: 67 - head: 0x565f…ef27 - exec-block: valid/full(67 0xeebb… bid:0xeebb…) - finalized: 0xcb80…0a53:6 - peers: 1
[cl-2-lodestar-geth] Mar-04 17:42:55.513[chain]            [32minfo[39m: Publishing block slot=68, blockRoot=0x9f63cb2a61fefa19ba3b4c9e18fe7e84fed7cd4799208f5a3ce948eb989fae1a, bodyRoot=0x9fb156f999c2dda3bf978288f6adf107a369e800b33f94fef4d1d0e18d35c4f4, broadcastValidation=gossip, blockLocallyProduced=true
[cl-2-lodestar-geth] Mar-04 17:42:55.532[api]              [32minfo[39m: Produced execution payload envelope slot=68, blockRoot=0x9f63cb2a61fefa19ba3b4c9e18fe7e84fed7cd4799208f5a3ce948eb989fae1a, transactions=0, blockHash=0x3fc17b56ae7797efe7346d86b447e2f364ab658886c378681be92a73b17ef5a7
[cl-2-lodestar-geth] Mar-04 17:42:55.538[chain]            [32minfo[39m: Publishing execution payload envelope slot=68, blockRoot=0x9f63cb2a61fefa19ba3b4c9e18fe7e84fed7cd4799208f5a3ce948eb989fae1a, builderIndex=Infinity, isSelfBuild=true, dataColumns=0
[cl-2-lodestar-geth] Mar-04 17:42:55.539[chain]            [32minfo[39m: Published execution payload envelope slot=68, blockRoot=0x9f63cb2a61fefa19ba3b4c9e18fe7e84fed7cd4799208f5a3ce948eb989fae1a, builderIndex=Infinity, isSelfBuild=true, dataColumns=0, delaySec=0.5339999198913574, sentPeers=1
[cl-2-lodestar-geth] Mar-04 17:42:58.000[]                 [32minfo[39m: Synced - slot: 68 - head: 0x9f63…ae1a - exec-block: valid/full(68 0x3fc1… bid:0x3fc1…) - finalized: 0xcb80…0a53:6 - peers: 1
[cl-2-lodestar-geth] Mar-04 17:43:04.000[]                 [32minfo[39m: Synced - slot: 69 - head: 0xc7e8…ece3 - exec-block: valid/full(69 0x9339… bid:0x9339…) - finalized: 0xcb80…0a53:6 - peers: 1
[cl-2-lodestar-geth] Mar-04 17:43:10.001[]                 [32minfo[39m: Synced - slot: 70 - head: 0x8f34…1c2f - exec-block: valid/full(70 0xb908… bid:0xb908…) - finalized: 0xcb80…0a53:6 - peers: 1
[cl-2-lodestar-geth] Mar-04 17:43:16.000[]                 [32minfo[39m: Synced - slot: 71 - head: 0x81b3…38c4 - exec-block: valid/full(71 0x6a62… bid:0x6a62…) - finalized: 0xcb80…0a53:6 - peers: 1
[cl-2-lodestar-geth] Mar-04 17:43:22.000[]                 [32minfo[39m: Synced - slot: 72 - head: 0x427c…240d - exec-block: valid/full(72 0x1c6b… bid:0x1c6b…) - finalized: 0x84a8…d24c:7 - peers: 1
[cl-2-lodestar-geth] Mar-04 17:43:25.514[chain]            [32minfo[39m: Publishing block slot=73, blockRoot=0x1aadc8f669e086aa24da76af317e3991abe144a0b76cc528e8c6e7c70db5a0b0, bodyRoot=0xaa605f6cf91ee6aa2f6bc5692d1f3ff417395fe180449d5d3d1301b75107dbda, broadcastValidation=gossip, blockLocallyProduced=true
[cl-2-lodestar-geth] Mar-04 17:43:25.532[api]              [32minfo[39m: Produced execution payload envelope slot=73, blockRoot=0x1aadc8f669e086aa24da76af317e3991abe144a0b76cc528e8c6e7c70db5a0b0, transactions=0, blockHash=0xb2f91ee08be3d42e35e10fb17573cdedcad337bba0bb52177ce9ed3a61c4cb72
[cl-2-lodestar-geth] Mar-04 17:43:25.540[chain]            [32minfo[39m: Publishing execution payload envelope slot=73, blockRoot=0x1aadc8f669e086aa24da76af317e3991abe144a0b76cc528e8c6e7c70db5a0b0, builderIndex=Infinity, isSelfBuild=true, dataColumns=0
[cl-2-lodestar-geth] Mar-04 17:43:25.541[chain]            [32minfo[39m: Published execution payload envelope slot=73, blockRoot=0x1aadc8f669e086aa24da76af317e3991abe144a0b76cc528e8c6e7c70db5a0b0, builderIndex=Infinity, isSelfBuild=true, dataColumns=0, delaySec=0.5350000858306885, sentPeers=1
[cl-2-lodestar-geth] Mar-04 17:43:28.000[]                 [32minfo[39m: Synced - slot: 73 - head: 0x1aad…a0b0 - exec-block: valid/full(73 0xb2f9… bid:0xb2f9…) - finalized: 0x84a8…d24c:7 - peers: 1
[cl-2-lodestar-geth] Mar-04 17:43:34.000[]                 [32minfo[39m: Synced - slot: 74 - head: 0x53fb…2efc - exec-block: valid/full(74 0x5e15… bid:0x5e15…) - finalized: 0x84a8…d24c:7 - peers: 1
[cl-2-lodestar-geth] Mar-04 17:43:37.515[chain]            [32minfo[39m: Publishing block slot=75, blockRoot=0xfa6f03d8d8900ef3d729ea73cc4830dddaeafc722b3832924e06cce9bfb1aaa7, bodyRoot=0x0b1dc71dabfa0d5c0fbaae351a90445cf976cf2e2fd9a9278550b0f9a5b4c6a2, broadcastValidation=gossip, blockLocallyProduced=true
[cl-2-lodestar-geth] Mar-04 17:43:37.534[api]              [32minfo[39m: Produced execution payload envelope slot=75, blockRoot=0xfa6f03d8d8900ef3d729ea73cc4830dddaeafc722b3832924e06cce9bfb1aaa7, transactions=0, blockHash=0x3136e4b614501c43d6b85754751e1c45bc1917bb2c9e374dbdb0ecb73e1d518d
[cl-2-lodestar-geth] Mar-04 17:43:37.543[chain]            [32minfo[39m: Publishing execution payload envelope slot=75, blockRoot=0xfa6f03d8d8900ef3d729ea73cc4830dddaeafc722b3832924e06cce9bfb1aaa7, builderIndex=Infinity, isSelfBuild=true, dataColumns=0
[cl-2-lodestar-geth] Mar-04 17:43:37.544[chain]            [32minfo[39m: Published execution payload envelope slot=75, blockRoot=0xfa6f03d8d8900ef3d729ea73cc4830dddaeafc722b3832924e06cce9bfb1aaa7, builderIndex=Infinity, isSelfBuild=true, dataColumns=0, delaySec=0.5369999408721924, sentPeers=1
[cl-2-lodestar-geth] Mar-04 17:43:40.000[]                 [32minfo[39m: Synced - slot: 75 - head: 0xfa6f…aaa7 - exec-block: valid/full(75 0x3136… bid:0x3136…) - finalized: 0x84a8…d24c:7 - peers: 1
[cl-2-lodestar-geth] Mar-04 17:43:46.000[]                 [32minfo[39m: Synced - slot: 76 - head: 0x90bf…d5db - exec-block: valid/full(76 0xf5c8… bid:0xf5c8…) - finalized: 0x84a8…d24c:7 - peers: 1
[cl-2-lodestar-geth] Mar-04 17:43:52.000[]                 [32minfo[39m: Synced - slot: 77 - head: 0xfada…f993 - exec-block: valid/full(77 0x57e3… bid:0x57e3…) - finalized: 0x84a8…d24c:7 - peers: 1
[cl-2-lodestar-geth] Mar-04 17:43:55.512[chain]            [32minfo[39m: Publishing block slot=78, blockRoot=0x662c6679435796988b4e2a4ccc9eddf4e7e11260cbbf18841ac7fb13ed5a7361, bodyRoot=0x76402f0c48b168c3561d2600b9dcf7d2e4470be248d2179baf63748c80a19a2c, broadcastValidation=gossip, blockLocallyProduced=true
[cl-2-lodestar-geth] Mar-04 17:43:55.529[api]              [32minfo[39m: Produced execution payload envelope slot=78, blockRoot=0x662c6679435796988b4e2a4ccc9eddf4e7e11260cbbf18841ac7fb13ed5a7361, transactions=0, blockHash=0x126c3b4940f40292f91b1f5975439a390e6153c5bf3ab8ed54c35fb266f4435d
[cl-2-lodestar-geth] Mar-04 17:43:55.535[chain]            [32minfo[39m: Publishing execution payload envelope slot=78, blockRoot=0x662c6679435796988b4e2a4ccc9eddf4e7e11260cbbf18841ac7fb13ed5a7361, builderIndex=Infinity, isSelfBuild=true, dataColumns=0
[cl-2-lodestar-geth] Mar-04 17:43:55.536[chain]            [32minfo[39m: Published execution payload envelope slot=78, blockRoot=0x662c6679435796988b4e2a4ccc9eddf4e7e11260cbbf18841ac7fb13ed5a7361, builderIndex=Infinity, isSelfBuild=true, dataColumns=0, delaySec=0.5309998989105225, sentPeers=1
[cl-2-lodestar-geth] Mar-04 17:43:58.000[]                 [32minfo[39m: Synced - slot: 78 - head: 0x662c…7361 - exec-block: valid/full(78 0x126c… bid:0x126c…) - finalized: 0x84a8…d24c:7 - peers: 1
[cl-2-lodestar-geth] Mar-04 17:44:04.002[]                 [32minfo[39m: Synced - slot: 79 - head: 0x4131…757e - exec-block: valid/full(79 0x0c09… bid:0x0c09…) - finalized: 0x84a8…d24c:7 - peers: 1
[cl-2-lodestar-geth] Mar-04 17:44:07.519[chain]            [32minfo[39m: Publishing block slot=80, blockRoot=0xd33d4fc7106d969af7cdf912a21b4259668912e8d444f4ed46918ba908a3f478, bodyRoot=0x41e6b76446152793588ff7769f26564fa4436497449fdef909b03b655f09f497, broadcastValidation=gossip, blockLocallyProduced=true
[cl-2-lodestar-geth] Mar-04 17:44:07.537[api]              [32minfo[39m: Produced execution payload envelope slot=80, blockRoot=0xd33d4fc7106d969af7cdf912a21b4259668912e8d444f4ed46918ba908a3f478, transactions=0, blockHash=0x2ea9735e45c26e9beeccbc4ae58334538b30836840663552a06263e957b529ea
[cl-2-lodestar-geth] Mar-04 17:44:07.544[chain]            [32minfo[39m: Publishing execution payload envelope slot=80, blockRoot=0xd33d4fc7106d969af7cdf912a21b4259668912e8d444f4ed46918ba908a3f478, builderIndex=Infinity, isSelfBuild=true, dataColumns=0
[cl-2-lodestar-geth] Mar-04 17:44:07.545[chain]            [32minfo[39m: Published execution payload envelope slot=80, blockRoot=0xd33d4fc7106d969af7cdf912a21b4259668912e8d444f4ed46918ba908a3f478, builderIndex=Infinity, isSelfBuild=true, dataColumns=0, delaySec=0.5390000343322754, sentPeers=1
[cl-2-lodestar-geth] Mar-04 17:44:10.000[]                 [32minfo[39m: Synced - slot: 80 - head: 0xd33d…f478 - exec-block: valid/full(80 0x2ea9… bid:0x2ea9…) - finalized: 0x1c32…4462:8 - peers: 1
[cl-2-lodestar-geth] Mar-04 17:44:16.002[]                 [32minfo[39m: Synced - slot: 81 - head: 0xa651…c788 - exec-block: valid/full(81 0xe6aa… bid:0xe6aa…) - finalized: 0x1c32…4462:8 - peers: 1
[cl-2-lodestar-geth] Mar-04 17:44:19.511[chain]            [32minfo[39m: Publishing block slot=82, blockRoot=0x6591ec5e7caf901dca72699e7d54a9571336be36636b91088a912f86202c0d86, bodyRoot=0x8d070f8dc64e14b6cf090f0e18a707d03a5f2c5339987655ccf4fbbd9312be84, broadcastValidation=gossip, blockLocallyProduced=true
[cl-2-lodestar-geth] Mar-04 17:44:19.526[api]              [32minfo[39m: Produced execution payload envelope slot=82, blockRoot=0x6591ec5e7caf901dca72699e7d54a9571336be36636b91088a912f86202c0d86, transactions=0, blockHash=0x6ce67d7f01bd140716d2f0698b59b2bfdf9f10f36e4efd3376f29b3a4ab232c2
[cl-2-lodestar-geth] Mar-04 17:44:19.533[chain]            [32minfo[39m: Publishing execution payload envelope slot=82, blockRoot=0x6591ec5e7caf901dca72699e7d54a9571336be36636b91088a912f86202c0d86, builderIndex=Infinity, isSelfBuild=true, dataColumns=0
[cl-2-lodestar-geth] Mar-04 17:44:19.534[chain]            [32minfo[39m: Published execution payload envelope slot=82, blockRoot=0x6591ec5e7caf901dca72699e7d54a9571336be36636b91088a912f86202c0d86, builderIndex=Infinity, isSelfBuild=true, dataColumns=0, delaySec=0.5280001163482666, sentPeers=1
[cl-2-lodestar-geth] Mar-04 17:44:22.000[]                 [32minfo[39m: Synced - slot: 82 - head: 0x6591…0d86 - exec-block: valid/full(82 0x6ce6… bid:0x6ce6…) - finalized: 0x1c32…4462:8 - peers: 1
[cl-2-lodestar-geth] Mar-04 17:44:25.539[chain]            [32minfo[39m: Publishing block slot=83, blockRoot=0xa268ce119f8f362be112e4385f0b621f9d4b376e22b5eebdbea2d47670d29c33, bodyRoot=0xc8ccb63cb60d53572c5f3452e3ef2fb1e1f8dd2fd238240ac14060c398064c6f, broadcastValidation=gossip, blockLocallyProduced=true
[cl-2-lodestar-geth] Mar-04 17:44:25.565[api]              [32minfo[39m: Produced execution payload envelope slot=83, blockRoot=0xa268ce119f8f362be112e4385f0b621f9d4b376e22b5eebdbea2d47670d29c33, transactions=0, blockHash=0xa0d17e035b2baea99fa381eb1628a493c917d0ed651b4b7c8e7a542c473e6b2c
[cl-2-lodestar-geth] Mar-04 17:44:25.573[chain]            [32minfo[39m: Publishing execution payload envelope slot=83, blockRoot=0xa268ce119f8f362be112e4385f0b621f9d4b376e22b5eebdbea2d47670d29c33, builderIndex=Infinity, isSelfBuild=true, dataColumns=0
[cl-2-lodestar-geth] Mar-04 17:44:25.573[chain]            [32minfo[39m: Published execution payload envelope slot=83, blockRoot=0xa268ce119f8f362be112e4385f0b621f9d4b376e22b5eebdbea2d47670d29c33, builderIndex=Infinity, isSelfBuild=true, dataColumns=0, delaySec=0.568000078201294, sentPeers=1
[cl-2-lodestar-geth] Mar-04 17:44:28.000[]                 [32minfo[39m: Synced - slot: 83 - head: 0xa268…9c33 - exec-block: valid/full(83 0xa0d1… bid:0xa0d1…) - finalized: 0x1c32…4462:8 - peers: 1
